<?xml version="1.0" encoding="UTF-8"?>
<coverage generated="1755267052336" clover="3.2.0">
  <project timestamp="1755267052336" name="All files">
    <metrics statements="3545" coveredstatements="238" conditionals="2528" coveredconditionals="74" methods="838" coveredmethods="34" elements="6911" coveredelements="346" complexity="0" loc="3545" ncloc="3545" packages="8" files="62" classes="62"/>
    <package name="components">
      <metrics statements="693" coveredstatements="71" conditionals="532" coveredconditionals="21" methods="167" coveredmethods="16"/>
      <file name="ActionButton.tsx" path="C:\Moje\Programming\Apps\DailyFlow\src\components\ActionButton.tsx">
        <metrics statements="21" coveredstatements="2" conditionals="36" coveredconditionals="3" methods="7" coveredmethods="1"/>
        <line num="22" count="2" type="cond" truecount="3" falsecount="1"/>
        <line num="23" count="14" type="stmt"/>
        <line num="24" count="0" type="stmt"/>
        <line num="25" count="0" type="cond" truecount="0" falsecount="2"/>
        <line num="26" count="0" type="stmt"/>
        <line num="27" count="0" type="cond" truecount="0" falsecount="2"/>
        <line num="28" count="0" type="cond" truecount="0" falsecount="2"/>
        <line num="30" count="0" type="stmt"/>
        <line num="32" count="0" type="cond" truecount="0" falsecount="2"/>
        <line num="33" count="0" type="stmt"/>
        <line num="35" count="0" type="cond" truecount="0" falsecount="2"/>
        <line num="36" count="0" type="stmt"/>
        <line num="37" count="0" type="cond" truecount="0" falsecount="2"/>
        <line num="38" count="0" type="stmt"/>
        <line num="39" count="0" type="stmt"/>
        <line num="40" count="0" type="stmt"/>
        <line num="41" count="0" type="cond" truecount="0" falsecount="2"/>
        <line num="42" count="0" type="cond" truecount="0" falsecount="2"/>
        <line num="43" count="0" type="cond" truecount="0" falsecount="2"/>
        <line num="45" count="0" type="stmt"/>
        <line num="51" count="0" type="stmt"/>
      </file>
      <file name="ActionModal.tsx" path="C:\Moje\Programming\Apps\DailyFlow\src\components\ActionModal.tsx">
        <metrics statements="5" coveredstatements="5" conditionals="14" coveredconditionals="10" methods="2" coveredmethods="2"/>
        <line num="23" count="1" type="cond" truecount="1" falsecount="0"/>
        <line num="24" count="26" type="stmt"/>
        <line num="25" count="26" type="stmt"/>
        <line num="41" count="52" type="stmt"/>
        <line num="62" count="1" type="stmt"/>
      </file>
      <file name="AnimatedCollapsible.tsx" path="C:\Moje\Programming\Apps\DailyFlow\src\components\AnimatedCollapsible.tsx">
        <metrics statements="11" coveredstatements="0" conditionals="11" coveredconditionals="0" methods="3" coveredmethods="0"/>
        <line num="14" count="0" type="cond" truecount="0" falsecount="1"/>
        <line num="15" count="0" type="stmt"/>
        <line num="16" count="0" type="stmt"/>
        <line num="17" count="0" type="cond" truecount="0" falsecount="2"/>
        <line num="19" count="0" type="stmt"/>
        <line num="20" count="0" type="stmt"/>
        <line num="21" count="0" type="stmt"/>
        <line num="22" count="0" type="cond" truecount="0" falsecount="2"/>
        <line num="25" count="0" type="stmt"/>
        <line num="30" count="0" type="stmt"/>
        <line num="43" count="0" type="stmt"/>
      </file>
      <file name="AnimatedIconButton.tsx" path="C:\Moje\Programming\Apps\DailyFlow\src\components\AnimatedIconButton.tsx">
        <metrics statements="10" coveredstatements="1" conditionals="17" coveredconditionals="0" methods="6" coveredmethods="0"/>
        <line num="19" count="1" type="cond" truecount="0" falsecount="2"/>
        <line num="20" count="0" type="stmt"/>
        <line num="21" count="0" type="stmt"/>
        <line num="22" count="0" type="cond" truecount="0" falsecount="2"/>
        <line num="23" count="0" type="stmt"/>
        <line num="24" count="0" type="stmt"/>
        <line num="36" count="0" type="cond" truecount="0" falsecount="2"/>
        <line num="37" count="0" type="stmt"/>
        <line num="38" count="0" type="cond" truecount="0" falsecount="2"/>
        <line num="40" count="0" type="cond" truecount="0" falsecount="2"/>
      </file>
      <file name="AppHeader.tsx" path="C:\Moje\Programming\Apps\DailyFlow\src\components\AppHeader.tsx">
        <metrics statements="22" coveredstatements="21" conditionals="13" coveredconditionals="5" methods="10" coveredmethods="6"/>
        <line num="18" count="1" type="cond" truecount="0" falsecount="1"/>
        <line num="19" count="26" type="stmt"/>
        <line num="20" count="26" type="stmt"/>
        <line num="21" count="26" type="stmt"/>
        <line num="27" count="26" type="stmt"/>
        <line num="33" count="26" type="cond" truecount="1" falsecount="1"/>
        <line num="35" count="26" type="stmt"/>
        <line num="36" count="52" type="stmt"/>
        <line num="37" count="52" type="stmt"/>
        <line num="38" count="52" type="stmt"/>
        <line num="39" count="52" type="stmt"/>
        <line num="40" count="52" type="stmt"/>
        <line num="43" count="26" type="stmt"/>
        <line num="44" count="26" type="stmt"/>
        <line num="46" count="26" type="stmt"/>
        <line num="68" count="130" type="stmt"/>
        <line num="86" count="1" type="stmt"/>
        <line num="87" count="130" type="stmt"/>
        <line num="88" count="130" type="stmt"/>
        <line num="89" count="130" type="stmt"/>
        <line num="91" count="0" type="stmt"/>
        <line num="98" count="1" type="stmt"/>
      </file>
      <file name="BottomQuickAdd.tsx" path="C:\Moje\Programming\Apps\DailyFlow\src\components\BottomQuickAdd.tsx">
        <metrics statements="8" coveredstatements="6" conditionals="4" coveredconditionals="0" methods="4" coveredmethods="2"/>
        <line num="17" count="1" type="stmt"/>
        <line num="18" count="26" type="stmt"/>
        <line num="19" count="26" type="stmt"/>
        <line num="20" count="26" type="stmt"/>
        <line num="21" count="26" type="stmt"/>
        <line num="22" count="0" type="stmt"/>
        <line num="41" count="0" type="cond" truecount="0" falsecount="4"/>
        <line num="49" count="1" type="stmt"/>
      </file>
      <file name="Card.tsx" path="C:\Moje\Programming\Apps\DailyFlow\src\components\Card.tsx">
        <metrics statements="6" coveredstatements="0" conditionals="2" coveredconditionals="0" methods="1" coveredmethods="0"/>
        <line num="11" count="0" type="stmt"/>
        <line num="12" count="0" type="stmt"/>
        <line num="13" count="0" type="stmt"/>
        <line num="14" count="0" type="stmt"/>
        <line num="15" count="0" type="stmt"/>
        <line num="30" count="0" type="stmt"/>
      </file>
      <file name="CategoryFilter.tsx" path="C:\Moje\Programming\Apps\DailyFlow\src\components\CategoryFilter.tsx">
        <metrics statements="19" coveredstatements="3" conditionals="12" coveredconditionals="0" methods="10" coveredmethods="0"/>
        <line num="15" count="1" type="stmt"/>
        <line num="16" count="0" type="stmt"/>
        <line num="17" count="0" type="stmt"/>
        <line num="19" count="0" type="cond" truecount="0" falsecount="2"/>
        <line num="20" count="0" type="stmt"/>
        <line num="27" count="0" type="stmt"/>
        <line num="35" count="0" type="stmt"/>
        <line num="44" count="0" type="stmt"/>
        <line num="46" count="0" type="stmt"/>
        <line num="59" count="1" type="stmt"/>
        <line num="60" count="0" type="stmt"/>
        <line num="61" count="0" type="stmt"/>
        <line num="62" count="0" type="stmt"/>
        <line num="64" count="0" type="stmt"/>
        <line num="65" count="0" type="stmt"/>
        <line num="67" count="0" type="stmt"/>
        <line num="68" count="0" type="stmt"/>
        <line num="72" count="0" type="stmt"/>
        <line num="86" count="1" type="stmt"/>
      </file>
      <file name="DateRangeFilter.tsx" path="C:\Moje\Programming\Apps\DailyFlow\src\components\DateRangeFilter.tsx">
        <metrics statements="84" coveredstatements="2" conditionals="73" coveredconditionals="0" methods="11" coveredmethods="0"/>
        <line num="20" count="1" type="stmt"/>
        <line num="28" count="0" type="stmt"/>
        <line num="29" count="0" type="stmt"/>
        <line num="30" count="0" type="stmt"/>
        <line num="31" count="0" type="stmt"/>
        <line num="33" count="0" type="stmt"/>
        <line num="34" count="0" type="stmt"/>
        <line num="35" count="0" type="stmt"/>
        <line num="36" count="0" type="stmt"/>
        <line num="37" count="0" type="stmt"/>
        <line num="39" count="0" type="cond" truecount="0" falsecount="10"/>
        <line num="41" count="0" type="stmt"/>
        <line num="42" count="0" type="stmt"/>
        <line num="43" count="0" type="stmt"/>
        <line num="45" count="0" type="stmt"/>
        <line num="46" count="0" type="stmt"/>
        <line num="47" count="0" type="stmt"/>
        <line num="48" count="0" type="stmt"/>
        <line num="50" count="0" type="stmt"/>
        <line num="51" count="0" type="stmt"/>
        <line num="52" count="0" type="stmt"/>
        <line num="53" count="0" type="stmt"/>
        <line num="56" count="0" type="stmt"/>
        <line num="57" count="0" type="stmt"/>
        <line num="58" count="0" type="stmt"/>
        <line num="59" count="0" type="stmt"/>
        <line num="61" count="0" type="stmt"/>
        <line num="62" count="0" type="stmt"/>
        <line num="63" count="0" type="stmt"/>
        <line num="64" count="0" type="stmt"/>
        <line num="66" count="0" type="stmt"/>
        <line num="67" count="0" type="stmt"/>
        <line num="68" count="0" type="stmt"/>
        <line num="69" count="0" type="stmt"/>
        <line num="71" count="0" type="stmt"/>
        <line num="72" count="0" type="stmt"/>
        <line num="73" count="0" type="stmt"/>
        <line num="74" count="0" type="stmt"/>
        <line num="76" count="0" type="stmt"/>
        <line num="77" count="0" type="stmt"/>
        <line num="78" count="0" type="stmt"/>
        <line num="80" count="0" type="stmt"/>
        <line num="82" count="0" type="stmt"/>
        <line num="83" count="0" type="stmt"/>
        <line num="86" count="0" type="stmt"/>
        <line num="88" count="0" type="cond" truecount="0" falsecount="2"/>
        <line num="89" count="0" type="cond" truecount="0" falsecount="4"/>
        <line num="90" count="0" type="stmt"/>
        <line num="91" count="0" type="stmt"/>
        <line num="93" count="0" type="cond" truecount="0" falsecount="2"/>
        <line num="94" count="0" type="cond" truecount="0" falsecount="2"/>
        <line num="95" count="0" type="stmt"/>
        <line num="96" count="0" type="stmt"/>
        <line num="100" count="0" type="stmt"/>
        <line num="102" count="0" type="cond" truecount="0" falsecount="6"/>
        <line num="103" count="0" type="stmt"/>
        <line num="106" count="0" type="stmt"/>
        <line num="108" count="0" type="cond" truecount="0" falsecount="4"/>
        <line num="109" count="0" type="cond" truecount="0" falsecount="2"/>
        <line num="110" count="0" type="stmt"/>
        <line num="111" count="0" type="cond" truecount="0" falsecount="4"/>
        <line num="112" count="0" type="stmt"/>
        <line num="113" count="0" type="stmt"/>
        <line num="115" count="0" type="stmt"/>
        <line num="116" count="0" type="cond" truecount="0" falsecount="2"/>
        <line num="117" count="0" type="stmt"/>
        <line num="118" count="0" type="cond" truecount="0" falsecount="4"/>
        <line num="119" count="0" type="stmt"/>
        <line num="120" count="0" type="stmt"/>
        <line num="122" count="0" type="stmt"/>
        <line num="127" count="0" type="cond" truecount="0" falsecount="2"/>
        <line num="129" count="0" type="stmt"/>
        <line num="130" count="0" type="cond" truecount="0" falsecount="2"/>
        <line num="131" count="0" type="stmt"/>
        <line num="142" count="0" type="stmt"/>
        <line num="145" count="0" type="stmt"/>
        <line num="148" count="0" type="stmt"/>
        <line num="159" count="0" type="stmt"/>
        <line num="161" count="0" type="stmt"/>
        <line num="175" count="0" type="stmt"/>
        <line num="183" count="0" type="stmt"/>
        <line num="202" count="0" type="stmt"/>
        <line num="210" count="0" type="stmt"/>
        <line num="222" count="1" type="stmt"/>
      </file>
      <file name="EmptyState.tsx" path="C:\Moje\Programming\Apps\DailyFlow\src\components\EmptyState.tsx">
        <metrics statements="5" coveredstatements="2" conditionals="11" coveredconditionals="0" methods="2" coveredmethods="0"/>
        <line num="24" count="1" type="stmt"/>
        <line num="25" count="0" type="stmt"/>
        <line num="26" count="0" type="stmt"/>
        <line num="45" count="0" type="stmt"/>
        <line num="58" count="1" type="stmt"/>
      </file>
      <file name="ErrorBoundary.tsx" path="C:\Moje\Programming\Apps\DailyFlow\src\components\ErrorBoundary.tsx">
        <metrics statements="14" coveredstatements="0" conditionals="20" coveredconditionals="0" methods="6" coveredmethods="0"/>
        <line num="12" count="0" type="stmt"/>
        <line num="13" count="0" type="stmt"/>
        <line num="17" count="0" type="stmt"/>
        <line num="21" count="0" type="stmt"/>
        <line num="25" count="0" type="stmt"/>
        <line num="26" count="0" type="stmt"/>
        <line num="28" count="0" type="stmt"/>
        <line num="33" count="0" type="cond" truecount="0" falsecount="2"/>
        <line num="34" count="0" type="stmt"/>
        <line num="35" count="0" type="cond" truecount="0" falsecount="4"/>
        <line num="36" count="0" type="stmt"/>
        <line num="44" count="0" type="cond" truecount="0" falsecount="2"/>
        <line num="53" count="0" type="stmt"/>
        <line num="55" count="0" type="stmt"/>
      </file>
      <file name="FilterPresets.tsx" path="C:\Moje\Programming\Apps\DailyFlow\src\components\FilterPresets.tsx">
        <metrics statements="38" coveredstatements="13" conditionals="11" coveredconditionals="1" methods="16" coveredmethods="2"/>
        <line num="24" count="0" type="stmt"/>
        <line num="27" count="1" type="stmt"/>
        <line num="34" count="26" type="stmt"/>
        <line num="35" count="26" type="stmt"/>
        <line num="36" count="26" type="stmt"/>
        <line num="37" count="26" type="stmt"/>
        <line num="39" count="26" type="cond" truecount="1" falsecount="1"/>
        <line num="41" count="26" type="stmt"/>
        <line num="42" count="0" type="cond" truecount="0" falsecount="2"/>
        <line num="43" count="0" type="stmt"/>
        <line num="44" count="0" type="stmt"/>
        <line num="45" count="0" type="stmt"/>
        <line num="46" count="0" type="cond" truecount="0" falsecount="2"/>
        <line num="51" count="26" type="stmt"/>
        <line num="52" count="0" type="stmt"/>
        <line num="53" count="0" type="cond" truecount="0" falsecount="2"/>
        <line num="54" count="0" type="stmt"/>
        <line num="57" count="26" type="stmt"/>
        <line num="58" count="0" type="stmt"/>
        <line num="59" count="0" type="cond" truecount="0" falsecount="2"/>
        <line num="60" count="0" type="stmt"/>
        <line num="61" count="0" type="stmt"/>
        <line num="62" count="0" type="stmt"/>
        <line num="63" count="0" type="stmt"/>
        <line num="64" count="0" type="stmt"/>
        <line num="67" count="26" type="stmt"/>
        <line num="68" count="0" type="stmt"/>
        <line num="71" count="26" type="stmt"/>
        <line num="72" count="0" type="stmt"/>
        <line num="73" count="0" type="stmt"/>
        <line num="76" count="26" type="stmt"/>
        <line num="80" count="0" type="stmt"/>
        <line num="87" count="0" type="stmt"/>
        <line num="88" count="0" type="stmt"/>
        <line num="91" count="0" type="stmt"/>
        <line num="101" count="0" type="stmt"/>
        <line num="103" count="0" type="stmt"/>
        <line num="119" count="1" type="stmt"/>
      </file>
      <file name="ForgotPasswordModal.tsx" path="C:\Moje\Programming\Apps\DailyFlow\src\components\ForgotPasswordModal.tsx">
        <metrics statements="36" coveredstatements="0" conditionals="8" coveredconditionals="0" methods="8" coveredmethods="0"/>
        <line num="17" count="0" type="stmt"/>
        <line num="18" count="0" type="stmt"/>
        <line num="19" count="0" type="stmt"/>
        <line num="20" count="0" type="stmt"/>
        <line num="21" count="0" type="stmt"/>
        <line num="22" count="0" type="stmt"/>
        <line num="24" count="0" type="stmt"/>
        <line num="25" count="0" type="cond" truecount="0" falsecount="2"/>
        <line num="26" count="0" type="stmt"/>
        <line num="27" count="0" type="stmt"/>
        <line num="30" count="0" type="stmt"/>
        <line num="31" count="0" type="stmt"/>
        <line num="33" count="0" type="stmt"/>
        <line num="35" count="0" type="cond" truecount="0" falsecount="2"/>
        <line num="36" count="0" type="stmt"/>
        <line num="37" count="0" type="stmt"/>
        <line num="38" count="0" type="stmt"/>
        <line num="41" count="0" type="stmt"/>
        <line num="42" count="0" type="stmt"/>
        <line num="43" count="0" type="stmt"/>
        <line num="44" count="0" type="stmt"/>
        <line num="47" count="0" type="cond" truecount="0" falsecount="2"/>
        <line num="48" count="0" type="stmt"/>
        <line num="49" count="0" type="stmt"/>
        <line num="51" count="0" type="stmt"/>
        <line num="55" count="0" type="stmt"/>
        <line num="56" count="0" type="stmt"/>
        <line num="57" count="0" type="stmt"/>
        <line num="58" count="0" type="stmt"/>
        <line num="63" count="0" type="stmt"/>
        <line num="84" count="0" type="stmt"/>
        <line num="98" count="0" type="stmt"/>
        <line num="115" count="0" type="stmt"/>
        <line num="118" count="0" type="stmt"/>
        <line num="119" count="0" type="stmt"/>
        <line num="126" count="0" type="stmt"/>
      </file>
      <file name="FormActionBar.tsx" path="C:\Moje\Programming\Apps\DailyFlow\src\components\FormActionBar.tsx">
        <metrics statements="4" coveredstatements="0" conditionals="20" coveredconditionals="0" methods="1" coveredmethods="0"/>
        <line num="24" count="0" type="stmt"/>
        <line num="25" count="0" type="stmt"/>
        <line num="26" count="0" type="stmt"/>
        <line num="60" count="0" type="stmt"/>
      </file>
      <file name="LabeledInput.tsx" path="C:\Moje\Programming\Apps\DailyFlow\src\components\LabeledInput.tsx">
        <metrics statements="4" coveredstatements="2" conditionals="3" coveredconditionals="0" methods="1" coveredmethods="0"/>
        <line num="15" count="2" type="stmt"/>
        <line num="26" count="0" type="stmt"/>
        <line num="27" count="0" type="stmt"/>
        <line num="45" count="2" type="stmt"/>
      </file>
      <file name="LinkAccountsModal.tsx" path="C:\Moje\Programming\Apps\DailyFlow\src\components\LinkAccountsModal.tsx">
        <metrics statements="14" coveredstatements="0" conditionals="4" coveredconditionals="0" methods="4" coveredmethods="0"/>
        <line num="13" count="0" type="stmt"/>
        <line num="14" count="0" type="stmt"/>
        <line num="15" count="0" type="stmt"/>
        <line num="17" count="0" type="stmt"/>
        <line num="18" count="0" type="cond" truecount="0" falsecount="4"/>
        <line num="19" count="0" type="stmt"/>
        <line num="20" count="0" type="stmt"/>
        <line num="21" count="0" type="stmt"/>
        <line num="23" count="0" type="stmt"/>
        <line num="27" count="0" type="stmt"/>
        <line num="45" count="0" type="stmt"/>
        <line num="46" count="0" type="stmt"/>
        <line num="54" count="0" type="stmt"/>
        <line num="55" count="0" type="stmt"/>
      </file>
      <file name="NicknameModal.tsx" path="C:\Moje\Programming\Apps\DailyFlow\src\components\NicknameModal.tsx">
        <metrics statements="17" coveredstatements="0" conditionals="8" coveredconditionals="0" methods="2" coveredmethods="0"/>
        <line num="18" count="0" type="stmt"/>
        <line num="19" count="0" type="stmt"/>
        <line num="20" count="0" type="cond" truecount="0" falsecount="2"/>
        <line num="21" count="0" type="stmt"/>
        <line num="23" count="0" type="stmt"/>
        <line num="24" count="0" type="cond" truecount="0" falsecount="4"/>
        <line num="25" count="0" type="stmt"/>
        <line num="26" count="0" type="stmt"/>
        <line num="28" count="0" type="stmt"/>
        <line num="29" count="0" type="stmt"/>
        <line num="30" count="0" type="stmt"/>
        <line num="31" count="0" type="stmt"/>
        <line num="32" count="0" type="stmt"/>
        <line num="34" count="0" type="stmt"/>
        <line num="36" count="0" type="stmt"/>
        <line num="40" count="0" type="stmt"/>
        <line num="54" count="0" type="stmt"/>
      </file>
      <file name="PasswordInput.tsx" path="C:\Moje\Programming\Apps\DailyFlow\src\components\PasswordInput.tsx">
        <metrics statements="6" coveredstatements="0" conditionals="3" coveredconditionals="0" methods="2" coveredmethods="0"/>
        <line num="14" count="0" type="cond" truecount="0" falsecount="1"/>
        <line num="15" count="0" type="stmt"/>
        <line num="16" count="0" type="stmt"/>
        <line num="18" count="0" type="stmt"/>
        <line num="33" count="0" type="stmt"/>
        <line num="40" count="0" type="stmt"/>
      </file>
      <file name="PhoneAuthModal.tsx" path="C:\Moje\Programming\Apps\DailyFlow\src\components\PhoneAuthModal.tsx">
        <metrics statements="180" coveredstatements="0" conditionals="139" coveredconditionals="0" methods="29" coveredmethods="0"/>
        <line num="24" count="0" type="stmt"/>
        <line num="25" count="0" type="stmt"/>
        <line num="26" count="0" type="stmt"/>
        <line num="27" count="0" type="stmt"/>
        <line num="28" count="0" type="stmt"/>
        <line num="30" count="0" type="stmt"/>
        <line num="39" count="0" type="stmt"/>
        <line num="40" count="0" type="stmt"/>
        <line num="41" count="0" type="stmt"/>
        <line num="43" count="0" type="stmt"/>
        <line num="44" count="0" type="stmt"/>
        <line num="45" count="0" type="stmt"/>
        <line num="46" count="0" type="stmt"/>
        <line num="47" count="0" type="stmt"/>
        <line num="48" count="0" type="stmt"/>
        <line num="49" count="0" type="stmt"/>
        <line num="50" count="0" type="stmt"/>
        <line num="54" count="0" type="stmt"/>
        <line num="55" count="0" type="stmt"/>
        <line num="56" count="0" type="stmt"/>
        <line num="57" count="0" type="stmt"/>
        <line num="58" count="0" type="stmt"/>
        <line num="59" count="0" type="stmt"/>
        <line num="60" count="0" type="stmt"/>
        <line num="61" count="0" type="stmt"/>
        <line num="62" count="0" type="stmt"/>
        <line num="63" count="0" type="stmt"/>
        <line num="66" count="0" type="stmt"/>
        <line num="67" count="0" type="stmt"/>
        <line num="68" count="0" type="stmt"/>
        <line num="71" count="0" type="stmt"/>
        <line num="72" count="0" type="stmt"/>
        <line num="73" count="0" type="stmt"/>
        <line num="74" count="0" type="stmt"/>
        <line num="77" count="0" type="stmt"/>
        <line num="78" count="0" type="cond" truecount="0" falsecount="4"/>
        <line num="79" count="0" type="stmt"/>
        <line num="80" count="0" type="stmt"/>
        <line num="82" count="0" type="stmt"/>
        <line num="83" count="0" type="stmt"/>
        <line num="86" count="0" type="cond" truecount="0" falsecount="2"/>
        <line num="87" count="0" type="stmt"/>
        <line num="88" count="0" type="cond" truecount="0" falsecount="4"/>
        <line num="89" count="0" type="stmt"/>
        <line num="90" count="0" type="stmt"/>
        <line num="94" count="0" type="cond" truecount="0" falsecount="1"/>
        <line num="95" count="0" type="cond" truecount="0" falsecount="4"/>
        <line num="96" count="0" type="stmt"/>
        <line num="98" count="0" type="cond" truecount="0" falsecount="2"/>
        <line num="99" count="0" type="stmt"/>
        <line num="100" count="0" type="stmt"/>
        <line num="103" count="0" type="cond" truecount="0" falsecount="2"/>
        <line num="104" count="0" type="stmt"/>
        <line num="106" count="0" type="stmt"/>
        <line num="108" count="0" type="cond" truecount="0" falsecount="2"/>
        <line num="109" count="0" type="stmt"/>
        <line num="110" count="0" type="cond" truecount="0" falsecount="2"/>
        <line num="111" count="0" type="stmt"/>
        <line num="112" count="0" type="stmt"/>
        <line num="117" count="0" type="stmt"/>
        <line num="118" count="0" type="stmt"/>
        <line num="119" count="0" type="stmt"/>
        <line num="120" count="0" type="stmt"/>
        <line num="121" count="0" type="stmt"/>
        <line num="122" count="0" type="cond" truecount="0" falsecount="4"/>
        <line num="123" count="0" type="stmt"/>
        <line num="124" count="0" type="cond" truecount="0" falsecount="2"/>
        <line num="125" count="0" type="stmt"/>
        <line num="126" count="0" type="stmt"/>
        <line num="127" count="0" type="cond" truecount="0" falsecount="4"/>
        <line num="128" count="0" type="stmt"/>
        <line num="129" count="0" type="cond" truecount="0" falsecount="2"/>
        <line num="132" count="0" type="stmt"/>
        <line num="133" count="0" type="stmt"/>
        <line num="135" count="0" type="stmt"/>
        <line num="136" count="0" type="cond" truecount="0" falsecount="2"/>
        <line num="137" count="0" type="cond" truecount="0" falsecount="2"/>
        <line num="138" count="0" type="stmt"/>
        <line num="139" count="0" type="stmt"/>
        <line num="140" count="0" type="stmt"/>
        <line num="142" count="0" type="cond" truecount="0" falsecount="2"/>
        <line num="143" count="0" type="stmt"/>
        <line num="145" count="0" type="cond" truecount="0" falsecount="2"/>
        <line num="146" count="0" type="stmt"/>
        <line num="149" count="0" type="cond" truecount="0" falsecount="2"/>
        <line num="153" count="0" type="stmt"/>
        <line num="154" count="0" type="cond" truecount="0" falsecount="4"/>
        <line num="155" count="0" type="stmt"/>
        <line num="156" count="0" type="stmt"/>
        <line num="157" count="0" type="stmt"/>
        <line num="158" count="0" type="cond" truecount="0" falsecount="2"/>
        <line num="159" count="0" type="stmt"/>
        <line num="160" count="0" type="stmt"/>
        <line num="161" count="0" type="stmt"/>
        <line num="162" count="0" type="stmt"/>
        <line num="163" count="0" type="stmt"/>
        <line num="164" count="0" type="cond" truecount="0" falsecount="4"/>
        <line num="165" count="0" type="stmt"/>
        <line num="166" count="0" type="cond" truecount="0" falsecount="2"/>
        <line num="167" count="0" type="stmt"/>
        <line num="168" count="0" type="stmt"/>
        <line num="169" count="0" type="cond" truecount="0" falsecount="4"/>
        <line num="170" count="0" type="stmt"/>
        <line num="171" count="0" type="cond" truecount="0" falsecount="2"/>
        <line num="174" count="0" type="stmt"/>
        <line num="175" count="0" type="stmt"/>
        <line num="177" count="0" type="stmt"/>
        <line num="178" count="0" type="cond" truecount="0" falsecount="2"/>
        <line num="179" count="0" type="cond" truecount="0" falsecount="2"/>
        <line num="180" count="0" type="stmt"/>
        <line num="181" count="0" type="stmt"/>
        <line num="183" count="0" type="cond" truecount="0" falsecount="2"/>
        <line num="184" count="0" type="stmt"/>
        <line num="186" count="0" type="cond" truecount="0" falsecount="2"/>
        <line num="187" count="0" type="stmt"/>
        <line num="190" count="0" type="stmt"/>
        <line num="194" count="0" type="stmt"/>
        <line num="195" count="0" type="cond" truecount="0" falsecount="2"/>
        <line num="196" count="0" type="stmt"/>
        <line num="198" count="0" type="cond" truecount="0" falsecount="2"/>
        <line num="199" count="0" type="stmt"/>
        <line num="200" count="0" type="stmt"/>
        <line num="204" count="0" type="cond" truecount="0" falsecount="4"/>
        <line num="206" count="0" type="stmt"/>
        <line num="207" count="0" type="stmt"/>
        <line num="208" count="0" type="cond" truecount="0" falsecount="2"/>
        <line num="209" count="0" type="stmt"/>
        <line num="210" count="0" type="cond" truecount="0" falsecount="2"/>
        <line num="211" count="0" type="stmt"/>
        <line num="212" count="0" type="stmt"/>
        <line num="214" count="0" type="stmt"/>
        <line num="215" count="0" type="stmt"/>
        <line num="217" count="0" type="cond" truecount="0" falsecount="2"/>
        <line num="218" count="0" type="stmt"/>
        <line num="220" count="0" type="stmt"/>
        <line num="224" count="0" type="stmt"/>
        <line num="225" count="0" type="cond" truecount="0" falsecount="2"/>
        <line num="226" count="0" type="cond" truecount="0" falsecount="2"/>
        <line num="227" count="0" type="stmt"/>
        <line num="228" count="0" type="stmt"/>
        <line num="230" count="0" type="cond" truecount="0" falsecount="2"/>
        <line num="232" count="0" type="stmt"/>
        <line num="233" count="0" type="cond" truecount="0" falsecount="4"/>
        <line num="234" count="0" type="stmt"/>
        <line num="235" count="0" type="stmt"/>
        <line num="237" count="0" type="stmt"/>
        <line num="238" count="0" type="stmt"/>
        <line num="239" count="0" type="stmt"/>
        <line num="240" count="0" type="stmt"/>
        <line num="243" count="0" type="stmt"/>
        <line num="244" count="0" type="stmt"/>
        <line num="247" count="0" type="cond" truecount="0" falsecount="4"/>
        <line num="248" count="0" type="stmt"/>
        <line num="252" count="0" type="stmt"/>
        <line num="254" count="0" type="stmt"/>
        <line num="256" count="0" type="stmt"/>
        <line num="259" count="0" type="stmt"/>
        <line num="262" count="0" type="stmt"/>
        <line num="263" count="0" type="stmt"/>
        <line num="264" count="0" type="cond" truecount="0" falsecount="2"/>
        <line num="267" count="0" type="stmt"/>
        <line num="269" count="0" type="stmt"/>
        <line num="273" count="0" type="cond" truecount="0" falsecount="2"/>
        <line num="275" count="0" type="stmt"/>
        <line num="276" count="0" type="cond" truecount="0" falsecount="3"/>
        <line num="278" count="0" type="stmt"/>
        <line num="284" count="0" type="stmt"/>
        <line num="288" count="0" type="stmt"/>
        <line num="292" count="0" type="stmt"/>
        <line num="299" count="0" type="stmt"/>
        <line num="303" count="0" type="stmt"/>
        <line num="304" count="0" type="stmt"/>
        <line num="308" count="0" type="cond" truecount="0" falsecount="2"/>
        <line num="318" count="0" type="stmt"/>
        <line num="326" count="0" type="stmt"/>
        <line num="327" count="0" type="cond" truecount="0" falsecount="2"/>
        <line num="329" count="0" type="stmt"/>
        <line num="337" count="0" type="cond" truecount="0" falsecount="4"/>
        <line num="347" count="0" type="stmt"/>
        <line num="365" count="0" type="stmt"/>
      </file>
      <file name="PhoneNumberField.tsx" path="C:\Moje\Programming\Apps\DailyFlow\src\components\PhoneNumberField.tsx">
        <metrics statements="7" coveredstatements="0" conditionals="5" coveredconditionals="0" methods="3" coveredmethods="0"/>
        <line num="18" count="0" type="stmt"/>
        <line num="28" count="0" type="stmt"/>
        <line num="29" count="0" type="cond" truecount="0" falsecount="2"/>
        <line num="30" count="0" type="cond" truecount="0" falsecount="2"/>
        <line num="31" count="0" type="stmt"/>
        <line num="42" count="0" type="stmt"/>
        <line num="61" count="0" type="stmt"/>
      </file>
      <file name="PhonePasswordResetModal.tsx" path="C:\Moje\Programming\Apps\DailyFlow\src\components\PhonePasswordResetModal.tsx">
        <metrics statements="146" coveredstatements="0" conditionals="95" coveredconditionals="0" methods="23" coveredmethods="0"/>
        <line num="24" count="0" type="stmt"/>
        <line num="25" count="0" type="stmt"/>
        <line num="26" count="0" type="stmt"/>
        <line num="27" count="0" type="stmt"/>
        <line num="28" count="0" type="stmt"/>
        <line num="30" count="0" type="stmt"/>
        <line num="39" count="0" type="stmt"/>
        <line num="40" count="0" type="stmt"/>
        <line num="41" count="0" type="stmt"/>
        <line num="42" count="0" type="stmt"/>
        <line num="43" count="0" type="stmt"/>
        <line num="44" count="0" type="stmt"/>
        <line num="45" count="0" type="stmt"/>
        <line num="46" count="0" type="stmt"/>
        <line num="47" count="0" type="stmt"/>
        <line num="48" count="0" type="stmt"/>
        <line num="50" count="0" type="stmt"/>
        <line num="52" count="0" type="stmt"/>
        <line num="53" count="0" type="stmt"/>
        <line num="54" count="0" type="stmt"/>
        <line num="55" count="0" type="stmt"/>
        <line num="56" count="0" type="stmt"/>
        <line num="57" count="0" type="stmt"/>
        <line num="58" count="0" type="stmt"/>
        <line num="59" count="0" type="stmt"/>
        <line num="60" count="0" type="stmt"/>
        <line num="61" count="0" type="stmt"/>
        <line num="64" count="0" type="stmt"/>
        <line num="65" count="0" type="stmt"/>
        <line num="66" count="0" type="stmt"/>
        <line num="68" count="0" type="stmt"/>
        <line num="71" count="0" type="stmt"/>
        <line num="72" count="0" type="stmt"/>
        <line num="73" count="0" type="stmt"/>
        <line num="74" count="0" type="stmt"/>
        <line num="77" count="0" type="stmt"/>
        <line num="78" count="0" type="cond" truecount="0" falsecount="4"/>
        <line num="79" count="0" type="stmt"/>
        <line num="80" count="0" type="stmt"/>
        <line num="82" count="0" type="stmt"/>
        <line num="83" count="0" type="stmt"/>
        <line num="86" count="0" type="cond" truecount="0" falsecount="2"/>
        <line num="87" count="0" type="stmt"/>
        <line num="88" count="0" type="cond" truecount="0" falsecount="4"/>
        <line num="89" count="0" type="stmt"/>
        <line num="90" count="0" type="stmt"/>
        <line num="94" count="0" type="cond" truecount="0" falsecount="1"/>
        <line num="95" count="0" type="cond" truecount="0" falsecount="4"/>
        <line num="96" count="0" type="stmt"/>
        <line num="98" count="0" type="cond" truecount="0" falsecount="2"/>
        <line num="99" count="0" type="stmt"/>
        <line num="100" count="0" type="stmt"/>
        <line num="103" count="0" type="cond" truecount="0" falsecount="2"/>
        <line num="104" count="0" type="stmt"/>
        <line num="106" count="0" type="stmt"/>
        <line num="107" count="0" type="stmt"/>
        <line num="109" count="0" type="stmt"/>
        <line num="110" count="0" type="cond" truecount="0" falsecount="2"/>
        <line num="111" count="0" type="stmt"/>
        <line num="112" count="0" type="stmt"/>
        <line num="113" count="0" type="stmt"/>
        <line num="116" count="0" type="stmt"/>
        <line num="119" count="0" type="stmt"/>
        <line num="121" count="0" type="stmt"/>
        <line num="123" count="0" type="stmt"/>
        <line num="124" count="0" type="cond" truecount="0" falsecount="2"/>
        <line num="127" count="0" type="stmt"/>
        <line num="128" count="0" type="stmt"/>
        <line num="129" count="0" type="stmt"/>
        <line num="131" count="0" type="cond" truecount="0" falsecount="2"/>
        <line num="132" count="0" type="stmt"/>
        <line num="134" count="0" type="cond" truecount="0" falsecount="2"/>
        <line num="135" count="0" type="stmt"/>
        <line num="138" count="0" type="cond" truecount="0" falsecount="2"/>
        <line num="142" count="0" type="stmt"/>
        <line num="143" count="0" type="cond" truecount="0" falsecount="4"/>
        <line num="144" count="0" type="stmt"/>
        <line num="145" count="0" type="stmt"/>
        <line num="146" count="0" type="stmt"/>
        <line num="147" count="0" type="stmt"/>
        <line num="148" count="0" type="stmt"/>
        <line num="149" count="0" type="stmt"/>
        <line num="151" count="0" type="stmt"/>
        <line num="153" count="0" type="stmt"/>
        <line num="154" count="0" type="cond" truecount="0" falsecount="2"/>
        <line num="157" count="0" type="stmt"/>
        <line num="158" count="0" type="stmt"/>
        <line num="160" count="0" type="cond" truecount="0" falsecount="2"/>
        <line num="161" count="0" type="stmt"/>
        <line num="163" count="0" type="cond" truecount="0" falsecount="2"/>
        <line num="164" count="0" type="stmt"/>
        <line num="167" count="0" type="stmt"/>
        <line num="171" count="0" type="stmt"/>
        <line num="172" count="0" type="cond" truecount="0" falsecount="2"/>
        <line num="173" count="0" type="stmt"/>
        <line num="175" count="0" type="cond" truecount="0" falsecount="2"/>
        <line num="176" count="0" type="stmt"/>
        <line num="177" count="0" type="stmt"/>
        <line num="180" count="0" type="cond" truecount="0" falsecount="4"/>
        <line num="182" count="0" type="stmt"/>
        <line num="183" count="0" type="stmt"/>
        <line num="184" count="0" type="cond" truecount="0" falsecount="2"/>
        <line num="185" count="0" type="stmt"/>
        <line num="186" count="0" type="cond" truecount="0" falsecount="2"/>
        <line num="187" count="0" type="stmt"/>
        <line num="188" count="0" type="stmt"/>
        <line num="190" count="0" type="stmt"/>
        <line num="191" count="0" type="stmt"/>
        <line num="193" count="0" type="cond" truecount="0" falsecount="2"/>
        <line num="194" count="0" type="stmt"/>
        <line num="196" count="0" type="stmt"/>
        <line num="200" count="0" type="stmt"/>
        <line num="201" count="0" type="cond" truecount="0" falsecount="2"/>
        <line num="202" count="0" type="cond" truecount="0" falsecount="2"/>
        <line num="203" count="0" type="cond" truecount="0" falsecount="2"/>
        <line num="204" count="0" type="stmt"/>
        <line num="205" count="0" type="stmt"/>
        <line num="208" count="0" type="stmt"/>
        <line num="209" count="0" type="stmt"/>
        <line num="210" count="0" type="stmt"/>
        <line num="211" count="0" type="cond" truecount="0" falsecount="2"/>
        <line num="212" count="0" type="stmt"/>
        <line num="213" count="0" type="stmt"/>
        <line num="216" count="0" type="stmt"/>
        <line num="217" count="0" type="stmt"/>
        <line num="219" count="0" type="stmt"/>
        <line num="221" count="0" type="cond" truecount="0" falsecount="2"/>
        <line num="222" count="0" type="stmt"/>
        <line num="225" count="0" type="stmt"/>
        <line num="227" count="0" type="stmt"/>
        <line num="229" count="0" type="stmt"/>
        <line num="230" count="0" type="stmt"/>
        <line num="234" count="0" type="stmt"/>
        <line num="236" count="0" type="stmt"/>
        <line num="237" count="0" type="cond" truecount="0" falsecount="3"/>
        <line num="239" count="0" type="stmt"/>
        <line num="245" count="0" type="stmt"/>
        <line num="249" count="0" type="stmt"/>
        <line num="253" count="0" type="stmt"/>
        <line num="260" count="0" type="stmt"/>
        <line num="290" count="0" type="stmt"/>
        <line num="297" count="0" type="stmt"/>
        <line num="298" count="0" type="cond" truecount="0" falsecount="2"/>
        <line num="300" count="0" type="stmt"/>
        <line num="318" count="0" type="stmt"/>
        <line num="336" count="0" type="stmt"/>
      </file>
      <file name="PriorityIndicator.tsx" path="C:\Moje\Programming\Apps\DailyFlow\src\components\PriorityIndicator.tsx">
        <metrics statements="8" coveredstatements="2" conditionals="4" coveredconditionals="0" methods="2" coveredmethods="0"/>
        <line num="10" count="1" type="stmt"/>
        <line num="11" count="0" type="stmt"/>
        <line num="12" count="0" type="stmt"/>
        <line num="14" count="0" type="stmt"/>
        <line num="16" count="0" type="stmt"/>
        <line num="17" count="0" type="stmt"/>
        <line num="20" count="0" type="stmt"/>
        <line num="33" count="1" type="stmt"/>
      </file>
      <file name="PrioritySelector.tsx" path="C:\Moje\Programming\Apps\DailyFlow\src\components\PrioritySelector.tsx">
        <metrics statements="8" coveredstatements="2" conditionals="2" coveredconditionals="0" methods="3" coveredmethods="0"/>
        <line num="12" count="2" type="stmt"/>
        <line num="13" count="0" type="stmt"/>
        <line num="14" count="0" type="stmt"/>
        <line num="15" count="0" type="stmt"/>
        <line num="17" count="0" type="stmt"/>
        <line num="20" count="0" type="stmt"/>
        <line num="21" count="0" type="stmt"/>
        <line num="38" count="2" type="stmt"/>
      </file>
      <file name="SearchBar.tsx" path="C:\Moje\Programming\Apps\DailyFlow\src\components\SearchBar.tsx">
        <metrics statements="8" coveredstatements="7" conditionals="5" coveredconditionals="2" methods="3" coveredmethods="2"/>
        <line num="18" count="1" type="cond" truecount="0" falsecount="1"/>
        <line num="19" count="26" type="stmt"/>
        <line num="20" count="26" type="stmt"/>
        <line num="21" count="26" type="stmt"/>
        <line num="22" count="26" type="stmt"/>
        <line num="23" count="26" type="stmt"/>
        <line num="39" count="0" type="stmt"/>
        <line num="47" count="1" type="stmt"/>
      </file>
      <file name="TaskForm.tsx" path="C:\Moje\Programming\Apps\DailyFlow\src\components\TaskForm.tsx">
        <metrics statements="12" coveredstatements="3" conditionals="12" coveredconditionals="0" methods="8" coveredmethods="1"/>
        <line num="31" count="2" type="stmt"/>
        <line num="32" count="16" type="stmt"/>
        <line num="33" count="0" type="stmt"/>
        <line num="35" count="0" type="stmt"/>
        <line num="40" count="0" type="stmt"/>
        <line num="47" count="0" type="stmt"/>
        <line num="56" count="0" type="stmt"/>
        <line num="63" count="0" type="stmt"/>
        <line num="84" count="0" type="stmt"/>
        <line num="93" count="0" type="stmt"/>
        <line num="101" count="0" type="stmt"/>
        <line num="111" count="2" type="stmt"/>
      </file>
    </package>
    <package name="constants">
      <metrics statements="1" coveredstatements="0" conditionals="0" coveredconditionals="0" methods="0" coveredmethods="0"/>
      <file name="categories.ts" path="C:\Moje\Programming\Apps\DailyFlow\src\constants\categories.ts">
        <metrics statements="1" coveredstatements="0" conditionals="0" coveredconditionals="0" methods="0" coveredmethods="0"/>
        <line num="4" count="0" type="stmt"/>
      </file>
    </package>
    <package name="contexts">
      <metrics statements="181" coveredstatements="81" conditionals="81" coveredconditionals="24" methods="48" coveredmethods="14"/>
      <file name="CategoryContext.tsx" path="C:\Moje\Programming\Apps\DailyFlow\src\contexts\CategoryContext.tsx">
        <metrics statements="33" coveredstatements="12" conditionals="8" coveredconditionals="2" methods="8" coveredmethods="2"/>
        <line num="12" count="2" type="stmt"/>
        <line num="14" count="2" type="stmt"/>
        <line num="15" count="42" type="stmt"/>
        <line num="16" count="42" type="cond" truecount="2" falsecount="0"/>
        <line num="17" count="16" type="stmt"/>
        <line num="19" count="26" type="stmt"/>
        <line num="26" count="2" type="stmt"/>
        <line num="27" count="26" type="stmt"/>
        <line num="28" count="26" type="stmt"/>
        <line num="31" count="26" type="stmt"/>
        <line num="33" count="26" type="stmt"/>
        <line num="34" count="0" type="stmt"/>
        <line num="35" count="0" type="stmt"/>
        <line num="37" count="0" type="cond" truecount="0" falsecount="2"/>
        <line num="38" count="0" type="stmt"/>
        <line num="39" count="0" type="stmt"/>
        <line num="42" count="0" type="cond" truecount="0" falsecount="2"/>
        <line num="43" count="0" type="stmt"/>
        <line num="44" count="0" type="stmt"/>
        <line num="45" count="0" type="stmt"/>
        <line num="48" count="0" type="stmt"/>
        <line num="49" count="0" type="stmt"/>
        <line num="50" count="0" type="stmt"/>
        <line num="53" count="0" type="stmt"/>
        <line num="54" count="0" type="stmt"/>
        <line num="58" count="0" type="stmt"/>
        <line num="59" count="0" type="stmt"/>
        <line num="63" count="0" type="stmt"/>
        <line num="64" count="0" type="stmt"/>
        <line num="65" count="0" type="cond" truecount="0" falsecount="2"/>
        <line num="66" count="0" type="stmt"/>
        <line num="67" count="0" type="stmt"/>
        <line num="72" count="26" type="stmt"/>
      </file>
      <file name="ThemeContext.tsx" path="C:\Moje\Programming\Apps\DailyFlow\src\contexts\ThemeContext.tsx">
        <metrics statements="43" coveredstatements="34" conditionals="27" coveredconditionals="17" methods="11" coveredmethods="7"/>
        <line num="36" count="4" type="stmt"/>
        <line num="37" count="4" type="stmt"/>
        <line num="39" count="4" type="stmt"/>
        <line num="57" count="4" type="stmt"/>
        <line num="75" count="4" type="stmt"/>
        <line num="77" count="4" type="stmt"/>
        <line num="79" count="4" type="stmt"/>
        <line num="80" count="32" type="stmt"/>
        <line num="81" count="32" type="cond" truecount="2" falsecount="0"/>
        <line num="82" count="32" type="stmt"/>
        <line num="84" count="32" type="stmt"/>
        <line num="85" count="6" type="stmt"/>
        <line num="86" count="6" type="stmt"/>
        <line num="87" count="6" type="stmt"/>
        <line num="88" count="6" type="cond" truecount="4" falsecount="1"/>
        <line num="89" count="0" type="stmt"/>
        <line num="91" count="6" type="stmt"/>
        <line num="92" count="6" type="cond" truecount="5" falsecount="1"/>
        <line num="93" count="0" type="stmt"/>
        <line num="97" count="6" type="cond" truecount="0" falsecount="2"/>
        <line num="98" count="6" type="stmt"/>
        <line num="100" count="6" type="stmt"/>
        <line num="101" count="6" type="stmt"/>
        <line num="104" count="0" type="stmt"/>
        <line num="105" count="0" type="stmt"/>
        <line num="109" count="32" type="stmt"/>
        <line num="110" count="0" type="stmt"/>
        <line num="111" count="0" type="stmt"/>
        <line num="114" count="32" type="stmt"/>
        <line num="115" count="0" type="stmt"/>
        <line num="116" count="0" type="stmt"/>
        <line num="119" count="32" type="stmt"/>
        <line num="120" count="32" type="cond" truecount="1" falsecount="1"/>
        <line num="121" count="0" type="cond" truecount="0" falsecount="2"/>
        <line num="124" count="32" type="cond" truecount="1" falsecount="1"/>
        <line num="125" count="32" type="stmt"/>
        <line num="131" count="32" type="stmt"/>
        <line num="133" count="32" type="stmt"/>
        <line num="135" count="32" type="stmt"/>
        <line num="138" count="4" type="stmt"/>
        <line num="139" count="177" type="stmt"/>
        <line num="140" count="176" type="cond" truecount="2" falsecount="0"/>
        <line num="141" count="162" type="stmt"/>
      </file>
      <file name="ToastContext.tsx" path="C:\Moje\Programming\Apps\DailyFlow\src\contexts\ToastContext.tsx">
        <metrics statements="53" coveredstatements="20" conditionals="24" coveredconditionals="4" methods="17" coveredmethods="2"/>
        <line num="22" count="1" type="stmt"/>
        <line num="24" count="1" type="stmt"/>
        <line num="25" count="26" type="stmt"/>
        <line num="26" count="26" type="cond" truecount="1" falsecount="1"/>
        <line num="27" count="0" type="stmt"/>
        <line num="29" count="26" type="stmt"/>
        <line num="36" count="1" type="stmt"/>
        <line num="37" count="26" type="stmt"/>
        <line num="38" count="26" type="stmt"/>
        <line num="39" count="26" type="stmt"/>
        <line num="40" count="26" type="stmt"/>
        <line num="42" count="26" type="stmt"/>
        <line num="44" count="0" type="stmt"/>
        <line num="47" count="0" type="cond" truecount="0" falsecount="2"/>
        <line num="48" count="0" type="stmt"/>
        <line num="49" count="0" type="stmt"/>
        <line num="53" count="0" type="stmt"/>
        <line num="60" count="0" type="stmt"/>
        <line num="61" count="0" type="stmt"/>
        <line num="65" count="0" type="stmt"/>
        <line num="67" count="0" type="cond" truecount="0" falsecount="2"/>
        <line num="71" count="26" type="stmt"/>
        <line num="72" count="0" type="stmt"/>
        <line num="73" count="0" type="cond" truecount="0" falsecount="2"/>
        <line num="74" count="0" type="stmt"/>
        <line num="80" count="26" type="stmt"/>
        <line num="82" count="26" type="cond" truecount="1" falsecount="1"/>
        <line num="84" count="26" type="stmt"/>
        <line num="85" count="26" type="stmt"/>
        <line num="87" count="26" type="stmt"/>
        <line num="95" count="1" type="stmt"/>
        <line num="96" count="0" type="stmt"/>
        <line num="97" count="0" type="cond" truecount="0" falsecount="2"/>
        <line num="98" count="0" type="stmt"/>
        <line num="99" count="0" type="stmt"/>
        <line num="100" count="0" type="stmt"/>
        <line num="102" count="0" type="cond" truecount="0" falsecount="2"/>
        <line num="104" count="0" type="stmt"/>
        <line num="106" count="0" type="stmt"/>
        <line num="123" count="1" type="stmt"/>
        <line num="124" count="0" type="stmt"/>
        <line num="125" count="0" type="cond" truecount="0" falsecount="2"/>
        <line num="126" count="0" type="stmt"/>
        <line num="127" count="0" type="stmt"/>
        <line num="128" count="0" type="stmt"/>
        <line num="129" count="0" type="stmt"/>
        <line num="131" count="0" type="stmt"/>
        <line num="134" count="1" type="stmt"/>
        <line num="166" count="0" type="cond" truecount="0" falsecount="4"/>
        <line num="168" count="0" type="stmt"/>
        <line num="170" count="0" type="stmt"/>
        <line num="172" count="0" type="stmt"/>
        <line num="174" count="0" type="stmt"/>
      </file>
      <file name="UIContext.tsx" path="C:\Moje\Programming\Apps\DailyFlow\src\contexts\UIContext.tsx">
        <metrics statements="52" coveredstatements="15" conditionals="22" coveredconditionals="1" methods="12" coveredmethods="3"/>
        <line num="14" count="1" type="stmt"/>
        <line num="16" count="1" type="stmt"/>
        <line num="18" count="1" type="stmt"/>
        <line num="19" count="26" type="stmt"/>
        <line num="20" count="26" type="stmt"/>
        <line num="21" count="26" type="stmt"/>
        <line num="23" count="26" type="stmt"/>
        <line num="24" count="0" type="stmt"/>
        <line num="25" count="0" type="stmt"/>
        <line num="26" count="0" type="stmt"/>
        <line num="27" count="0" type="cond" truecount="0" falsecount="4"/>
        <line num="31" count="0" type="stmt"/>
        <line num="32" count="0" type="stmt"/>
        <line num="33" count="0" type="stmt"/>
        <line num="34" count="0" type="stmt"/>
        <line num="35" count="0" type="cond" truecount="0" falsecount="2"/>
        <line num="36" count="0" type="stmt"/>
        <line num="37" count="0" type="stmt"/>
        <line num="41" count="0" type="stmt"/>
        <line num="42" count="0" type="stmt"/>
        <line num="43" count="0" type="stmt"/>
        <line num="44" count="0" type="cond" truecount="0" falsecount="2"/>
        <line num="45" count="0" type="stmt"/>
        <line num="46" count="0" type="cond" truecount="0" falsecount="4"/>
        <line num="47" count="0" type="stmt"/>
        <line num="48" count="0" type="stmt"/>
        <line num="49" count="0" type="stmt"/>
        <line num="50" count="0" type="cond" truecount="0" falsecount="2"/>
        <line num="51" count="0" type="stmt"/>
        <line num="55" count="0" type="stmt"/>
        <line num="58" count="26" type="stmt"/>
        <line num="59" count="0" type="stmt"/>
        <line num="60" count="0" type="stmt"/>
        <line num="63" count="26" type="stmt"/>
        <line num="65" count="0" type="stmt"/>
        <line num="66" count="0" type="stmt"/>
        <line num="67" count="0" type="stmt"/>
        <line num="68" count="0" type="cond" truecount="0" falsecount="2"/>
        <line num="69" count="0" type="stmt"/>
        <line num="70" count="0" type="stmt"/>
        <line num="71" count="0" type="cond" truecount="0" falsecount="2"/>
        <line num="72" count="0" type="cond" truecount="0" falsecount="2"/>
        <line num="73" count="0" type="stmt"/>
        <line num="75" count="0" type="stmt"/>
        <line num="76" count="0" type="stmt"/>
        <line num="77" count="0" type="stmt"/>
        <line num="80" count="26" type="stmt"/>
        <line num="81" count="26" type="stmt"/>
        <line num="84" count="1" type="stmt"/>
        <line num="85" count="52" type="stmt"/>
        <line num="86" count="52" type="cond" truecount="1" falsecount="1"/>
        <line num="87" count="52" type="stmt"/>
      </file>
    </package>
    <package name="hooks">
      <metrics statements="43" coveredstatements="4" conditionals="18" coveredconditionals="0" methods="12" coveredmethods="1"/>
      <file name="useDebounce.ts" path="C:\Moje\Programming\Apps\DailyFlow\src\hooks\useDebounce.ts">
        <metrics statements="7" coveredstatements="4" conditionals="4" coveredconditionals="0" methods="4" coveredmethods="1"/>
        <line num="4" count="26" type="stmt"/>
        <line num="5" count="26" type="stmt"/>
        <line num="7" count="26" type="stmt"/>
        <line num="8" count="0" type="cond" truecount="0" falsecount="2"/>
        <line num="9" count="0" type="stmt"/>
        <line num="10" count="0" type="cond" truecount="0" falsecount="2"/>
        <line num="13" count="26" type="stmt"/>
      </file>
      <file name="useDensity.ts" path="C:\Moje\Programming\Apps\DailyFlow\src\hooks\useDensity.ts">
        <metrics statements="5" coveredstatements="0" conditionals="2" coveredconditionals="0" methods="1" coveredmethods="0"/>
        <line num="3" count="0" type="stmt"/>
        <line num="4" count="0" type="stmt"/>
        <line num="5" count="0" type="stmt"/>
        <line num="6" count="0" type="cond" truecount="0" falsecount="2"/>
        <line num="7" count="0" type="stmt"/>
      </file>
      <file name="useResendTimer.ts" path="C:\Moje\Programming\Apps\DailyFlow\src\hooks\useResendTimer.ts">
        <metrics statements="31" coveredstatements="0" conditionals="12" coveredconditionals="0" methods="7" coveredmethods="0"/>
        <line num="5" count="0" type="stmt"/>
        <line num="6" count="0" type="stmt"/>
        <line num="7" count="0" type="stmt"/>
        <line num="8" count="0" type="stmt"/>
        <line num="10" count="0" type="stmt"/>
        <line num="11" count="0" type="cond" truecount="0" falsecount="2"/>
        <line num="13" count="0" type="stmt"/>
        <line num="14" count="0" type="stmt"/>
        <line num="15" count="0" type="cond" truecount="0" falsecount="2"/>
        <line num="16" count="0" type="stmt"/>
        <line num="17" count="0" type="stmt"/>
        <line num="18" count="0" type="cond" truecount="0" falsecount="2"/>
        <line num="21" count="0" type="stmt"/>
        <line num="22" count="0" type="stmt"/>
        <line num="24" count="0" type="stmt"/>
        <line num="25" count="0" type="stmt"/>
        <line num="26" count="0" type="stmt"/>
        <line num="28" count="0" type="stmt"/>
        <line num="29" count="0" type="stmt"/>
        <line num="31" count="0" type="stmt"/>
        <line num="34" count="0" type="stmt"/>
        <line num="35" count="0" type="cond" truecount="0" falsecount="2"/>
        <line num="37" count="0" type="stmt"/>
        <line num="39" count="0" type="stmt"/>
        <line num="40" count="0" type="cond" truecount="0" falsecount="2"/>
        <line num="41" count="0" type="cond" truecount="0" falsecount="2"/>
        <line num="42" count="0" type="stmt"/>
        <line num="46" count="0" type="stmt"/>
        <line num="47" count="0" type="stmt"/>
        <line num="48" count="0" type="stmt"/>
        <line num="51" count="0" type="stmt"/>
      </file>
    </package>
    <package name="navigation">
      <metrics statements="57" coveredstatements="0" conditionals="31" coveredconditionals="0" methods="23" coveredmethods="0"/>
      <file name="AppNavigator.tsx" path="C:\Moje\Programming\Apps\DailyFlow\src\navigation\AppNavigator.tsx">
        <metrics statements="57" coveredstatements="0" conditionals="31" coveredconditionals="0" methods="23" coveredmethods="0"/>
        <line num="41" count="0" type="stmt"/>
        <line num="42" count="0" type="stmt"/>
        <line num="43" count="0" type="stmt"/>
        <line num="44" count="0" type="stmt"/>
        <line num="47" count="0" type="stmt"/>
        <line num="67" count="0" type="stmt"/>
        <line num="76" count="0" type="stmt"/>
        <line num="77" count="0" type="stmt"/>
        <line num="79" count="0" type="stmt"/>
        <line num="80" count="0" type="stmt"/>
        <line num="86" count="0" type="stmt"/>
        <line num="90" count="0" type="stmt"/>
        <line num="96" count="0" type="stmt"/>
        <line num="97" count="0" type="stmt"/>
        <line num="98" count="0" type="stmt"/>
        <line num="99" count="0" type="stmt"/>
        <line num="100" count="0" type="stmt"/>
        <line num="101" count="0" type="stmt"/>
        <line num="103" count="0" type="stmt"/>
        <line num="105" count="0" type="stmt"/>
        <line num="106" count="0" type="stmt"/>
        <line num="107" count="0" type="stmt"/>
        <line num="111" count="0" type="stmt"/>
        <line num="112" count="0" type="stmt"/>
        <line num="113" count="0" type="cond" truecount="0" falsecount="2"/>
        <line num="114" count="0" type="stmt"/>
        <line num="116" count="0" type="stmt"/>
        <line num="119" count="0" type="stmt"/>
        <line num="120" count="0" type="stmt"/>
        <line num="121" count="0" type="cond" truecount="0" falsecount="2"/>
        <line num="122" count="0" type="stmt"/>
        <line num="123" count="0" type="stmt"/>
        <line num="124" count="0" type="stmt"/>
        <line num="126" count="0" type="stmt"/>
        <line num="127" count="0" type="stmt"/>
        <line num="130" count="0" type="stmt"/>
        <line num="132" count="0" type="cond" truecount="0" falsecount="2"/>
        <line num="133" count="0" type="stmt"/>
        <line num="136" count="0" type="stmt"/>
        <line num="137" count="0" type="stmt"/>
        <line num="138" count="0" type="cond" truecount="0" falsecount="2"/>
        <line num="139" count="0" type="stmt"/>
        <line num="142" count="0" type="cond" truecount="0" falsecount="2"/>
        <line num="143" count="0" type="stmt"/>
        <line num="147" count="0" type="cond" truecount="0" falsecount="2"/>
        <line num="148" count="0" type="stmt"/>
        <line num="149" count="0" type="cond" truecount="0" falsecount="4"/>
        <line num="150" count="0" type="cond" truecount="0" falsecount="2"/>
        <line num="151" count="0" type="stmt"/>
        <line num="152" count="0" type="cond" truecount="0" falsecount="3"/>
        <line num="154" count="0" type="cond" truecount="0" falsecount="2"/>
        <line num="179" count="0" type="stmt"/>
        <line num="180" count="0" type="stmt"/>
        <line num="181" count="0" type="stmt"/>
        <line num="182" count="0" type="stmt"/>
        <line num="185" count="0" type="stmt"/>
        <line num="192" count="0" type="stmt"/>
      </file>
    </package>
    <package name="screens">
      <metrics statements="2090" coveredstatements="60" conditionals="1545" coveredconditionals="27" methods="484" coveredmethods="3"/>
      <file name="AccountSettingsScreen.tsx" path="C:\Moje\Programming\Apps\DailyFlow\src\screens\AccountSettingsScreen.tsx">
        <metrics statements="341" coveredstatements="0" conditionals="252" coveredconditionals="0" methods="61" coveredmethods="0"/>
        <line num="20" count="0" type="stmt"/>
        <line num="21" count="0" type="stmt"/>
        <line num="22" count="0" type="stmt"/>
        <line num="23" count="0" type="stmt"/>
        <line num="24" count="0" type="stmt"/>
        <line num="25" count="0" type="stmt"/>
        <line num="26" count="0" type="stmt"/>
        <line num="27" count="0" type="stmt"/>
        <line num="28" count="0" type="stmt"/>
        <line num="29" count="0" type="stmt"/>
        <line num="30" count="0" type="stmt"/>
        <line num="31" count="0" type="stmt"/>
        <line num="32" count="0" type="stmt"/>
        <line num="33" count="0" type="stmt"/>
        <line num="34" count="0" type="stmt"/>
        <line num="35" count="0" type="stmt"/>
        <line num="36" count="0" type="stmt"/>
        <line num="37" count="0" type="stmt"/>
        <line num="38" count="0" type="stmt"/>
        <line num="39" count="0" type="stmt"/>
        <line num="40" count="0" type="stmt"/>
        <line num="41" count="0" type="stmt"/>
        <line num="42" count="0" type="stmt"/>
        <line num="43" count="0" type="stmt"/>
        <line num="44" count="0" type="stmt"/>
        <line num="45" count="0" type="stmt"/>
        <line num="47" count="0" type="stmt"/>
        <line num="48" count="0" type="stmt"/>
        <line num="49" count="0" type="stmt"/>
        <line num="50" count="0" type="cond" truecount="0" falsecount="2"/>
        <line num="51" count="0" type="stmt"/>
        <line num="52" count="0" type="stmt"/>
        <line num="53" count="0" type="stmt"/>
        <line num="54" count="0" type="stmt"/>
        <line num="55" count="0" type="cond" truecount="0" falsecount="2"/>
        <line num="56" count="0" type="cond" truecount="0" falsecount="2"/>
        <line num="60" count="0" type="cond" truecount="0" falsecount="2"/>
        <line num="63" count="0" type="stmt"/>
        <line num="65" count="0" type="stmt"/>
        <line num="66" count="0" type="stmt"/>
        <line num="67" count="0" type="cond" truecount="0" falsecount="2"/>
        <line num="68" count="0" type="stmt"/>
        <line num="69" count="0" type="stmt"/>
        <line num="70" count="0" type="stmt"/>
        <line num="71" count="0" type="cond" truecount="0" falsecount="2"/>
        <line num="72" count="0" type="cond" truecount="0" falsecount="2"/>
        <line num="73" count="0" type="cond" truecount="0" falsecount="2"/>
        <line num="74" count="0" type="cond" truecount="0" falsecount="2"/>
        <line num="75" count="0" type="stmt"/>
        <line num="79" count="0" type="cond" truecount="0" falsecount="2"/>
        <line num="80" count="0" type="stmt"/>
        <line num="82" count="0" type="cond" truecount="0" falsecount="5"/>
        <line num="83" count="0" type="stmt"/>
        <line num="84" count="0" type="stmt"/>
        <line num="90" count="0" type="stmt"/>
        <line num="93" count="0" type="stmt"/>
        <line num="94" count="0" type="cond" truecount="0" falsecount="2"/>
        <line num="95" count="0" type="stmt"/>
        <line num="99" count="0" type="cond" truecount="0" falsecount="2"/>
        <line num="100" count="0" type="cond" truecount="0" falsecount="2"/>
        <line num="101" count="0" type="stmt"/>
        <line num="102" count="0" type="cond" truecount="0" falsecount="6"/>
        <line num="104" count="0" type="stmt"/>
        <line num="106" count="0" type="stmt"/>
        <line num="107" count="0" type="cond" truecount="0" falsecount="4"/>
        <line num="108" count="0" type="stmt"/>
        <line num="109" count="0" type="stmt"/>
        <line num="112" count="0" type="stmt"/>
        <line num="113" count="0" type="cond" truecount="0" falsecount="2"/>
        <line num="114" count="0" type="stmt"/>
        <line num="115" count="0" type="stmt"/>
        <line num="117" count="0" type="stmt"/>
        <line num="118" count="0" type="cond" truecount="0" falsecount="2"/>
        <line num="119" count="0" type="cond" truecount="0" falsecount="2"/>
        <line num="120" count="0" type="stmt"/>
        <line num="121" count="0" type="cond" truecount="0" falsecount="2"/>
        <line num="123" count="0" type="cond" truecount="0" falsecount="2"/>
        <line num="124" count="0" type="stmt"/>
        <line num="125" count="0" type="stmt"/>
        <line num="128" count="0" type="stmt"/>
        <line num="129" count="0" type="cond" truecount="0" falsecount="2"/>
        <line num="130" count="0" type="stmt"/>
        <line num="131" count="0" type="stmt"/>
        <line num="132" count="0" type="stmt"/>
        <line num="133" count="0" type="stmt"/>
        <line num="134" count="0" type="stmt"/>
        <line num="135" count="0" type="stmt"/>
        <line num="136" count="0" type="cond" truecount="0" falsecount="2"/>
        <line num="137" count="0" type="stmt"/>
        <line num="138" count="0" type="stmt"/>
        <line num="139" count="0" type="stmt"/>
        <line num="140" count="0" type="stmt"/>
        <line num="141" count="0" type="stmt"/>
        <line num="142" count="0" type="cond" truecount="0" falsecount="2"/>
        <line num="144" count="0" type="cond" truecount="0" falsecount="2"/>
        <line num="145" count="0" type="cond" truecount="0" falsecount="2"/>
        <line num="146" count="0" type="stmt"/>
        <line num="147" count="0" type="cond" truecount="0" falsecount="4"/>
        <line num="148" count="0" type="stmt"/>
        <line num="149" count="0" type="cond" truecount="0" falsecount="6"/>
        <line num="150" count="0" type="stmt"/>
        <line num="152" count="0" type="stmt"/>
        <line num="153" count="0" type="stmt"/>
        <line num="156" count="0" type="stmt"/>
        <line num="160" count="0" type="stmt"/>
        <line num="161" count="0" type="cond" truecount="0" falsecount="2"/>
        <line num="162" count="0" type="cond" truecount="0" falsecount="2"/>
        <line num="163" count="0" type="stmt"/>
        <line num="164" count="0" type="stmt"/>
        <line num="166" count="0" type="stmt"/>
        <line num="167" count="0" type="stmt"/>
        <line num="168" count="0" type="stmt"/>
        <line num="169" count="0" type="stmt"/>
        <line num="170" count="0" type="stmt"/>
        <line num="171" count="0" type="stmt"/>
        <line num="172" count="0" type="cond" truecount="0" falsecount="2"/>
        <line num="174" count="0" type="cond" truecount="0" falsecount="2"/>
        <line num="175" count="0" type="stmt"/>
        <line num="177" count="0" type="stmt"/>
        <line num="181" count="0" type="stmt"/>
        <line num="182" count="0" type="cond" truecount="0" falsecount="4"/>
        <line num="183" count="0" type="stmt"/>
        <line num="184" count="0" type="stmt"/>
        <line num="185" count="0" type="stmt"/>
        <line num="186" count="0" type="cond" truecount="0" falsecount="2"/>
        <line num="187" count="0" type="stmt"/>
        <line num="189" count="0" type="stmt"/>
        <line num="190" count="0" type="stmt"/>
        <line num="192" count="0" type="stmt"/>
        <line num="194" count="0" type="cond" truecount="0" falsecount="2"/>
        <line num="195" count="0" type="stmt"/>
        <line num="196" count="0" type="cond" truecount="0" falsecount="2"/>
        <line num="197" count="0" type="cond" truecount="0" falsecount="2"/>
        <line num="198" count="0" type="stmt"/>
        <line num="199" count="0" type="stmt"/>
        <line num="200" count="0" type="cond" truecount="0" falsecount="2"/>
        <line num="201" count="0" type="stmt"/>
        <line num="203" count="0" type="stmt"/>
        <line num="204" count="0" type="stmt"/>
        <line num="206" count="0" type="stmt"/>
        <line num="208" count="0" type="stmt"/>
        <line num="211" count="0" type="stmt"/>
        <line num="214" count="0" type="stmt"/>
        <line num="217" count="0" type="stmt"/>
        <line num="221" count="0" type="stmt"/>
        <line num="222" count="0" type="cond" truecount="0" falsecount="4"/>
        <line num="223" count="0" type="stmt"/>
        <line num="224" count="0" type="stmt"/>
        <line num="225" count="0" type="stmt"/>
        <line num="226" count="0" type="cond" truecount="0" falsecount="2"/>
        <line num="227" count="0" type="cond" truecount="0" falsecount="4"/>
        <line num="228" count="0" type="stmt"/>
        <line num="229" count="0" type="stmt"/>
        <line num="230" count="0" type="stmt"/>
        <line num="231" count="0" type="stmt"/>
        <line num="233" count="0" type="stmt"/>
        <line num="236" count="0" type="stmt"/>
        <line num="240" count="0" type="stmt"/>
        <line num="241" count="0" type="cond" truecount="0" falsecount="4"/>
        <line num="242" count="0" type="stmt"/>
        <line num="243" count="0" type="stmt"/>
        <line num="244" count="0" type="stmt"/>
        <line num="245" count="0" type="stmt"/>
        <line num="247" count="0" type="stmt"/>
        <line num="251" count="0" type="stmt"/>
        <line num="252" count="0" type="cond" truecount="0" falsecount="2"/>
        <line num="253" count="0" type="stmt"/>
        <line num="254" count="0" type="stmt"/>
        <line num="256" count="0" type="stmt"/>
        <line num="257" count="0" type="stmt"/>
        <line num="258" count="0" type="stmt"/>
        <line num="259" count="0" type="stmt"/>
        <line num="261" count="0" type="stmt"/>
        <line num="263" count="0" type="stmt"/>
        <line num="267" count="0" type="stmt"/>
        <line num="269" count="0" type="stmt"/>
        <line num="270" count="0" type="stmt"/>
        <line num="271" count="0" type="stmt"/>
        <line num="273" count="0" type="stmt"/>
        <line num="274" count="0" type="stmt"/>
        <line num="276" count="0" type="stmt"/>
        <line num="277" count="0" type="stmt"/>
        <line num="280" count="0" type="stmt"/>
        <line num="281" count="0" type="stmt"/>
        <line num="283" count="0" type="stmt"/>
        <line num="286" count="0" type="stmt"/>
        <line num="287" count="0" type="cond" truecount="0" falsecount="2"/>
        <line num="288" count="0" type="stmt"/>
        <line num="289" count="0" type="stmt"/>
        <line num="290" count="0" type="stmt"/>
        <line num="292" count="0" type="stmt"/>
        <line num="293" count="0" type="stmt"/>
        <line num="294" count="0" type="cond" truecount="0" falsecount="2"/>
        <line num="295" count="0" type="stmt"/>
        <line num="296" count="0" type="stmt"/>
        <line num="300" count="0" type="stmt"/>
        <line num="302" count="0" type="stmt"/>
        <line num="303" count="0" type="stmt"/>
        <line num="304" count="0" type="stmt"/>
        <line num="306" count="0" type="cond" truecount="0" falsecount="2"/>
        <line num="307" count="0" type="stmt"/>
        <line num="309" count="0" type="stmt"/>
        <line num="312" count="0" type="stmt"/>
        <line num="316" count="0" type="cond" truecount="0" falsecount="2"/>
        <line num="317" count="0" type="stmt"/>
        <line num="320" count="0" type="stmt"/>
        <line num="327" count="0" type="stmt"/>
        <line num="329" count="0" type="cond" truecount="0" falsecount="2"/>
        <line num="330" count="0" type="cond" truecount="0" falsecount="2"/>
        <line num="331" count="0" type="stmt"/>
        <line num="332" count="0" type="stmt"/>
        <line num="333" count="0" type="cond" truecount="0" falsecount="4"/>
        <line num="334" count="0" type="stmt"/>
        <line num="335" count="0" type="stmt"/>
        <line num="336" count="0" type="stmt"/>
        <line num="337" count="0" type="stmt"/>
        <line num="338" count="0" type="stmt"/>
        <line num="339" count="0" type="stmt"/>
        <line num="341" count="0" type="cond" truecount="0" falsecount="2"/>
        <line num="342" count="0" type="stmt"/>
        <line num="344" count="0" type="stmt"/>
        <line num="349" count="0" type="stmt"/>
        <line num="358" count="0" type="cond" truecount="0" falsecount="5"/>
        <line num="359" count="0" type="stmt"/>
        <line num="360" count="0" type="stmt"/>
        <line num="361" count="0" type="stmt"/>
        <line num="362" count="0" type="stmt"/>
        <line num="364" count="0" type="stmt"/>
        <line num="366" count="0" type="stmt"/>
        <line num="379" count="0" type="stmt"/>
        <line num="382" count="0" type="cond" truecount="0" falsecount="2"/>
        <line num="392" count="0" type="cond" truecount="0" falsecount="2"/>
        <line num="393" count="0" type="cond" truecount="0" falsecount="2"/>
        <line num="394" count="0" type="cond" truecount="0" falsecount="2"/>
        <line num="395" count="0" type="stmt"/>
        <line num="396" count="0" type="stmt"/>
        <line num="399" count="0" type="cond" truecount="0" falsecount="2"/>
        <line num="400" count="0" type="cond" truecount="0" falsecount="2"/>
        <line num="401" count="0" type="stmt"/>
        <line num="402" count="0" type="stmt"/>
        <line num="404" count="0" type="cond" truecount="0" falsecount="2"/>
        <line num="405" count="0" type="cond" truecount="0" falsecount="2"/>
        <line num="406" count="0" type="cond" truecount="0" falsecount="2"/>
        <line num="407" count="0" type="stmt"/>
        <line num="408" count="0" type="stmt"/>
        <line num="410" count="0" type="stmt"/>
        <line num="413" count="0" type="stmt"/>
        <line num="417" count="0" type="stmt"/>
        <line num="418" count="0" type="stmt"/>
        <line num="419" count="0" type="stmt"/>
        <line num="421" count="0" type="cond" truecount="0" falsecount="2"/>
        <line num="422" count="0" type="stmt"/>
        <line num="423" count="0" type="stmt"/>
        <line num="425" count="0" type="cond" truecount="0" falsecount="2"/>
        <line num="426" count="0" type="cond" truecount="0" falsecount="2"/>
        <line num="427" count="0" type="cond" truecount="0" falsecount="2"/>
        <line num="428" count="0" type="stmt"/>
        <line num="429" count="0" type="stmt"/>
        <line num="431" count="0" type="stmt"/>
        <line num="434" count="0" type="stmt"/>
        <line num="438" count="0" type="stmt"/>
        <line num="439" count="0" type="stmt"/>
        <line num="440" count="0" type="cond" truecount="0" falsecount="2"/>
        <line num="442" count="0" type="cond" truecount="0" falsecount="2"/>
        <line num="443" count="0" type="stmt"/>
        <line num="445" count="0" type="stmt"/>
        <line num="457" count="0" type="cond" truecount="0" falsecount="2"/>
        <line num="461" count="0" type="stmt"/>
        <line num="470" count="0" type="cond" truecount="0" falsecount="2"/>
        <line num="474" count="0" type="stmt"/>
        <line num="501" count="0" type="cond" truecount="0" falsecount="2"/>
        <line num="502" count="0" type="cond" truecount="0" falsecount="2"/>
        <line num="503" count="0" type="stmt"/>
        <line num="504" count="0" type="stmt"/>
        <line num="506" count="0" type="cond" truecount="0" falsecount="2"/>
        <line num="507" count="0" type="cond" truecount="0" falsecount="4"/>
        <line num="508" count="0" type="stmt"/>
        <line num="509" count="0" type="stmt"/>
        <line num="510" count="0" type="stmt"/>
        <line num="512" count="0" type="stmt"/>
        <line num="513" count="0" type="stmt"/>
        <line num="514" count="0" type="cond" truecount="0" falsecount="2"/>
        <line num="515" count="0" type="stmt"/>
        <line num="517" count="0" type="stmt"/>
        <line num="518" count="0" type="stmt"/>
        <line num="521" count="0" type="cond" truecount="0" falsecount="2"/>
        <line num="522" count="0" type="cond" truecount="0" falsecount="2"/>
        <line num="523" count="0" type="cond" truecount="0" falsecount="2"/>
        <line num="524" count="0" type="stmt"/>
        <line num="525" count="0" type="stmt"/>
        <line num="526" count="0" type="cond" truecount="0" falsecount="2"/>
        <line num="527" count="0" type="stmt"/>
        <line num="529" count="0" type="stmt"/>
        <line num="530" count="0" type="stmt"/>
        <line num="533" count="0" type="cond" truecount="0" falsecount="2"/>
        <line num="534" count="0" type="stmt"/>
        <line num="535" count="0" type="stmt"/>
        <line num="538" count="0" type="cond" truecount="0" falsecount="2"/>
        <line num="539" count="0" type="stmt"/>
        <line num="540" count="0" type="stmt"/>
        <line num="543" count="0" type="stmt"/>
        <line num="544" count="0" type="stmt"/>
        <line num="546" count="0" type="cond" truecount="0" falsecount="2"/>
        <line num="547" count="0" type="stmt"/>
        <line num="549" count="0" type="cond" truecount="0" falsecount="2"/>
        <line num="550" count="0" type="stmt"/>
        <line num="553" count="0" type="stmt"/>
        <line num="564" count="0" type="stmt"/>
        <line num="566" count="0" type="cond" truecount="0" falsecount="4"/>
        <line num="567" count="0" type="stmt"/>
        <line num="568" count="0" type="stmt"/>
        <line num="569" count="0" type="stmt"/>
        <line num="570" count="0" type="cond" truecount="0" falsecount="2"/>
        <line num="571" count="0" type="stmt"/>
        <line num="573" count="0" type="stmt"/>
        <line num="574" count="0" type="stmt"/>
        <line num="576" count="0" type="stmt"/>
        <line num="577" count="0" type="stmt"/>
        <line num="578" count="0" type="stmt"/>
        <line num="579" count="0" type="stmt"/>
        <line num="581" count="0" type="cond" truecount="0" falsecount="2"/>
        <line num="582" count="0" type="stmt"/>
        <line num="587" count="0" type="stmt"/>
        <line num="597" count="0" type="cond" truecount="0" falsecount="2"/>
        <line num="598" count="0" type="stmt"/>
        <line num="599" count="0" type="stmt"/>
        <line num="600" count="0" type="cond" truecount="0" falsecount="4"/>
[...]
        <line num="28" count="0" type="stmt"/>
        <line num="29" count="0" type="cond" truecount="0" falsecount="2"/>
        <line num="30" count="0" type="cond" truecount="0" falsecount="2"/>
        <line num="31" count="0" type="cond" truecount="0" falsecount="2"/>
        <line num="32" count="0" type="stmt"/>
        <line num="33" count="0" type="stmt"/>
        <line num="35" count="0" type="cond" truecount="0" falsecount="2"/>
        <line num="36" count="0" type="cond" truecount="0" falsecount="2"/>
        <line num="37" count="0" type="stmt"/>
        <line num="40" count="0" type="stmt"/>
        <line num="41" count="0" type="stmt"/>
        <line num="43" count="0" type="stmt"/>
        <line num="44" count="0" type="stmt"/>
        <line num="45" count="0" type="stmt"/>
        <line num="46" count="0" type="stmt"/>
        <line num="47" count="0" type="cond" truecount="0" falsecount="2"/>
        <line num="48" count="0" type="stmt"/>
      </file>
      <file name="firestoreCompat.ts" path="C:\Moje\Programming\Apps\DailyFlow\src\utils\firestoreCompat.ts">
        <metrics statements="42" coveredstatements="3" conditionals="28" coveredconditionals="0" methods="31" coveredmethods="0"/>
        <line num="28" count="2" type="stmt"/>
        <line num="29" count="2" type="stmt"/>
        <line num="30" count="2" type="stmt"/>
        <line num="37" count="0" type="cond" truecount="0" falsecount="4"/>
        <line num="38" count="0" type="stmt"/>
        <line num="40" count="0" type="stmt"/>
        <line num="41" count="0" type="stmt"/>
        <line num="50" count="0" type="cond" truecount="0" falsecount="5"/>
        <line num="51" count="0" type="stmt"/>
        <line num="52" count="0" type="cond" truecount="0" falsecount="2"/>
        <line num="53" count="0" type="cond" truecount="0" falsecount="2"/>
        <line num="55" count="0" type="cond" truecount="0" falsecount="4"/>
        <line num="56" count="0" type="stmt"/>
        <line num="58" count="0" type="stmt"/>
        <line num="59" count="0" type="stmt"/>
        <line num="63" count="0" type="stmt"/>
        <line num="67" count="0" type="stmt"/>
        <line num="71" count="0" type="stmt"/>
        <line num="75" count="0" type="cond" truecount="0" falsecount="2"/>
        <line num="76" count="0" type="stmt"/>
        <line num="78" count="0" type="stmt"/>
        <line num="82" count="0" type="stmt"/>
        <line num="83" count="0" type="stmt"/>
        <line num="85" count="0" type="cond" truecount="0" falsecount="2"/>
        <line num="88" count="0" type="stmt"/>
        <line num="91" count="0" type="stmt"/>
        <line num="94" count="0" type="stmt"/>
        <line num="104" count="0" type="stmt"/>
        <line num="108" count="0" type="cond" truecount="0" falsecount="2"/>
        <line num="112" count="0" type="stmt"/>
        <line num="116" count="0" type="stmt"/>
        <line num="121" count="0" type="stmt"/>
        <line num="122" count="0" type="stmt"/>
        <line num="128" count="0" type="stmt"/>
        <line num="129" count="0" type="stmt"/>
        <line num="130" count="0" type="stmt"/>
        <line num="140" count="0" type="cond" truecount="0" falsecount="3"/>
        <line num="141" count="0" type="cond" truecount="0" falsecount="2"/>
        <line num="142" count="0" type="stmt"/>
        <line num="144" count="0" type="stmt"/>
        <line num="145" count="0" type="stmt"/>
        <line num="146" count="0" type="stmt"/>
      </file>
      <file name="logger.ts" path="C:\Moje\Programming\Apps\DailyFlow\src\utils\logger.ts">
        <metrics statements="30" coveredstatements="5" conditionals="24" coveredconditionals="2" methods="10" coveredmethods="0"/>
        <line num="14" count="1" type="stmt"/>
        <line num="21" count="1" type="cond" truecount="1" falsecount="1"/>
        <line num="22" count="1" type="cond" truecount="1" falsecount="1"/>
        <line num="23" count="1" type="stmt"/>
        <line num="26" count="0" type="stmt"/>
        <line num="30" count="0" type="stmt"/>
        <line num="34" count="0" type="stmt"/>
        <line num="39" count="0" type="cond" truecount="0" falsecount="2"/>
        <line num="40" count="0" type="stmt"/>
        <line num="41" count="0" type="stmt"/>
        <line num="42" count="0" type="cond" truecount="0" falsecount="2"/>
        <line num="43" count="0" type="stmt"/>
        <line num="45" count="0" type="cond" truecount="0" falsecount="2"/>
        <line num="47" count="0" type="cond" truecount="0" falsecount="2"/>
        <line num="49" count="0" type="stmt"/>
        <line num="51" count="0" type="stmt"/>
        <line num="56" count="1" type="stmt"/>
        <line num="58" count="0" type="cond" truecount="0" falsecount="2"/>
        <line num="60" count="0" type="stmt"/>
        <line num="63" count="0" type="cond" truecount="0" falsecount="2"/>
        <line num="65" count="0" type="stmt"/>
        <line num="68" count="0" type="cond" truecount="0" falsecount="2"/>
        <line num="70" count="0" type="stmt"/>
        <line num="73" count="0" type="cond" truecount="0" falsecount="2"/>
        <line num="75" count="0" type="stmt"/>
        <line num="78" count="0" type="stmt"/>
        <line num="79" count="0" type="cond" truecount="0" falsecount="2"/>
        <line num="80" count="0" type="stmt"/>
        <line num="81" count="0" type="stmt"/>
        <line num="86" count="0" type="cond" truecount="0" falsecount="2"/>
      </file>
      <file name="notifications.ts" path="C:\Moje\Programming\Apps\DailyFlow\src\utils\notifications.ts">
        <metrics statements="79" coveredstatements="3" conditionals="46" coveredconditionals="0" methods="10" coveredmethods="0"/>
        <line num="2" count="1" type="stmt"/>
        <line num="4" count="0" type="cond" truecount="0" falsecount="2"/>
        <line num="5" count="0" type="stmt"/>
        <line num="6" count="0" type="stmt"/>
        <line num="7" count="0" type="stmt"/>
        <line num="8" count="0" type="stmt"/>
        <line num="10" count="0" type="stmt"/>
        <line num="20" count="1" type="stmt"/>
        <line num="21" count="1" type="stmt"/>
        <line num="24" count="0" type="stmt"/>
        <line num="25" count="0" type="cond" truecount="0" falsecount="2"/>
        <line num="27" count="0" type="stmt"/>
        <line num="28" count="0" type="stmt"/>
        <line num="33" count="0" type="stmt"/>
        <line num="37" count="0" type="stmt"/>
        <line num="38" count="0" type="stmt"/>
        <line num="43" count="0" type="stmt"/>
        <line num="49" count="0" type="stmt"/>
        <line num="50" count="0" type="cond" truecount="0" falsecount="2"/>
        <line num="51" count="0" type="stmt"/>
        <line num="52" count="0" type="stmt"/>
        <line num="53" count="0" type="stmt"/>
        <line num="54" count="0" type="stmt"/>
        <line num="55" count="0" type="stmt"/>
        <line num="56" count="0" type="cond" truecount="0" falsecount="2"/>
        <line num="57" count="0" type="cond" truecount="0" falsecount="2"/>
        <line num="59" count="0" type="stmt"/>
        <line num="60" count="0" type="stmt"/>
        <line num="61" count="0" type="stmt"/>
        <line num="62" count="0" type="cond" truecount="0" falsecount="2"/>
        <line num="63" count="0" type="stmt"/>
        <line num="64" count="0" type="stmt"/>
        <line num="65" count="0" type="cond" truecount="0" falsecount="2"/>
        <line num="68" count="0" type="stmt"/>
        <line num="73" count="0" type="cond" truecount="0" falsecount="2"/>
        <line num="74" count="0" type="stmt"/>
        <line num="75" count="0" type="stmt"/>
        <line num="81" count="0" type="cond" truecount="0" falsecount="2"/>
        <line num="82" count="0" type="stmt"/>
        <line num="83" count="0" type="stmt"/>
        <line num="93" count="0" type="stmt"/>
        <line num="98" count="0" type="stmt"/>
        <line num="99" count="0" type="cond" truecount="0" falsecount="2"/>
        <line num="100" count="0" type="stmt"/>
        <line num="101" count="0" type="cond" truecount="0" falsecount="2"/>
        <line num="102" count="0" type="stmt"/>
        <line num="103" count="0" type="stmt"/>
        <line num="104" count="0" type="cond" truecount="0" falsecount="2"/>
        <line num="105" count="0" type="stmt"/>
        <line num="106" count="0" type="stmt"/>
        <line num="107" count="0" type="stmt"/>
        <line num="108" count="0" type="cond" truecount="0" falsecount="2"/>
        <line num="109" count="0" type="stmt"/>
        <line num="110" count="0" type="stmt"/>
        <line num="117" count="0" type="stmt"/>
        <line num="122" count="0" type="stmt"/>
        <line num="123" count="0" type="cond" truecount="0" falsecount="2"/>
        <line num="124" count="0" type="stmt"/>
        <line num="125" count="0" type="cond" truecount="0" falsecount="2"/>
        <line num="126" count="0" type="stmt"/>
        <line num="127" count="0" type="stmt"/>
        <line num="128" count="0" type="stmt"/>
        <line num="129" count="0" type="cond" truecount="0" falsecount="2"/>
        <line num="132" count="0" type="stmt"/>
        <line num="133" count="0" type="stmt"/>
        <line num="134" count="0" type="cond" truecount="0" falsecount="2"/>
        <line num="135" count="0" type="stmt"/>
        <line num="136" count="0" type="stmt"/>
        <line num="139" count="0" type="cond" truecount="0" falsecount="4"/>
        <line num="140" count="0" type="stmt"/>
        <line num="141" count="0" type="stmt"/>
        <line num="143" count="0" type="stmt"/>
        <line num="145" count="0" type="cond" truecount="0" falsecount="2"/>
        <line num="147" count="0" type="stmt"/>
        <line num="148" count="0" type="cond" truecount="0" falsecount="2"/>
        <line num="149" count="0" type="stmt"/>
        <line num="150" count="0" type="stmt"/>
        <line num="159" count="0" type="stmt"/>
        <line num="162" count="0" type="stmt"/>
      </file>
      <file name="offlineQueue.ts" path="C:\Moje\Programming\Apps\DailyFlow\src\utils\offlineQueue.ts">
        <metrics statements="107" coveredstatements="3" conditionals="71" coveredconditionals="0" methods="15" coveredmethods="0"/>
        <line num="35" count="1" type="stmt"/>
        <line num="36" count="1" type="stmt"/>
        <line num="37" count="1" type="stmt"/>
        <line num="40" count="0" type="cond" truecount="0" falsecount="2"/>
        <line num="44" count="0" type="stmt"/>
        <line num="45" count="0" type="stmt"/>
        <line num="46" count="0" type="stmt"/>
        <line num="47" count="0" type="stmt"/>
        <line num="48" count="0" type="stmt"/>
        <line num="49" count="0" type="stmt"/>
        <line num="53" count="0" type="stmt"/>
        <line num="56" count="0" type="cond" truecount="0" falsecount="2"/>
        <line num="57" count="0" type="stmt"/>
        <line num="58" count="0" type="stmt"/>
        <line num="59" count="0" type="cond" truecount="0" falsecount="2"/>
        <line num="60" count="0" type="stmt"/>
        <line num="61" count="0" type="stmt"/>
        <line num="65" count="0" type="cond" truecount="0" falsecount="2"/>
        <line num="66" count="0" type="stmt"/>
        <line num="67" count="0" type="stmt"/>
        <line num="68" count="0" type="cond" truecount="0" falsecount="2"/>
        <line num="69" count="0" type="stmt"/>
        <line num="70" count="0" type="stmt"/>
        <line num="74" count="0" type="cond" truecount="0" falsecount="2"/>
        <line num="75" count="0" type="stmt"/>
        <line num="76" count="0" type="stmt"/>
        <line num="77" count="0" type="cond" truecount="0" falsecount="2"/>
        <line num="78" count="0" type="stmt"/>
        <line num="79" count="0" type="stmt"/>
        <line num="84" count="0" type="stmt"/>
        <line num="85" count="0" type="cond" truecount="0" falsecount="2"/>
        <line num="86" count="0" type="cond" truecount="0" falsecount="2"/>
        <line num="87" count="0" type="stmt"/>
        <line num="88" count="0" type="stmt"/>
        <line num="89" count="0" type="stmt"/>
        <line num="90" count="0" type="cond" truecount="0" falsecount="2"/>
        <line num="91" count="0" type="stmt"/>
        <line num="92" count="0" type="stmt"/>
        <line num="94" count="0" type="stmt"/>
        <line num="95" count="0" type="cond" truecount="0" falsecount="4"/>
        <line num="96" count="0" type="stmt"/>
        <line num="99" count="0" type="stmt"/>
        <line num="100" count="0" type="stmt"/>
        <line num="101" count="0" type="stmt"/>
        <line num="102" count="0" type="cond" truecount="0" falsecount="2"/>
        <line num="103" count="0" type="stmt"/>
        <line num="104" count="0" type="cond" truecount="0" falsecount="2"/>
        <line num="105" count="0" type="stmt"/>
        <line num="106" count="0" type="cond" truecount="0" falsecount="5"/>
        <line num="107" count="0" type="stmt"/>
        <line num="108" count="0" type="cond" truecount="0" falsecount="2"/>
        <line num="109" count="0" type="stmt"/>
        <line num="110" count="0" type="stmt"/>
        <line num="113" count="0" type="cond" truecount="0" falsecount="2"/>
        <line num="114" count="0" type="stmt"/>
        <line num="116" count="0" type="stmt"/>
        <line num="118" count="0" type="stmt"/>
        <line num="120" count="0" type="cond" truecount="0" falsecount="2"/>
        <line num="121" count="0" type="stmt"/>
        <line num="126" count="0" type="cond" truecount="0" falsecount="2"/>
        <line num="127" count="0" type="stmt"/>
        <line num="128" count="0" type="stmt"/>
        <line num="129" count="0" type="stmt"/>
        <line num="130" count="0" type="stmt"/>
        <line num="131" count="0" type="stmt"/>
        <line num="136" count="0" type="cond" truecount="0" falsecount="2"/>
        <line num="137" count="0" type="stmt"/>
        <line num="139" count="0" type="stmt"/>
        <line num="141" count="0" type="stmt"/>
        <line num="147" count="0" type="cond" truecount="0" falsecount="2"/>
        <line num="148" count="0" type="stmt"/>
        <line num="152" count="0" type="cond" truecount="0" falsecount="2"/>
        <line num="153" count="0" type="stmt"/>
        <line num="157" count="0" type="cond" truecount="0" falsecount="2"/>
        <line num="158" count="0" type="stmt"/>
        <line num="159" count="0" type="stmt"/>
        <line num="160" count="0" type="stmt"/>
        <line num="164" count="0" type="cond" truecount="0" falsecount="2"/>
        <line num="165" count="0" type="stmt"/>
        <line num="166" count="0" type="stmt"/>
        <line num="167" count="0" type="cond" truecount="0" falsecount="2"/>
        <line num="168" count="0" type="stmt"/>
        <line num="169" count="0" type="stmt"/>
        <line num="170" count="0" type="cond" truecount="0" falsecount="2"/>
        <line num="171" count="0" type="stmt"/>
        <line num="172" count="0" type="cond" truecount="0" falsecount="2"/>
        <line num="173" count="0" type="stmt"/>
        <line num="174" count="0" type="cond" truecount="0" falsecount="5"/>
        <line num="175" count="0" type="stmt"/>
        <line num="176" count="0" type="cond" truecount="0" falsecount="2"/>
        <line num="177" count="0" type="stmt"/>
        <line num="178" count="0" type="stmt"/>
        <line num="181" count="0" type="cond" truecount="0" falsecount="2"/>
        <line num="182" count="0" type="stmt"/>
        <line num="184" count="0" type="stmt"/>
        <line num="186" count="0" type="stmt"/>
        <line num="188" count="0" type="cond" truecount="0" falsecount="2"/>
        <line num="189" count="0" type="stmt"/>
        <line num="191" count="0" type="stmt"/>
        <line num="192" count="0" type="stmt"/>
        <line num="193" count="0" type="stmt"/>
        <line num="196" count="0" type="cond" truecount="0" falsecount="2"/>
        <line num="197" count="0" type="stmt"/>
        <line num="198" count="0" type="stmt"/>
        <line num="199" count="0" type="stmt"/>
        <line num="200" count="0" type="stmt"/>
        <line num="201" count="0" type="stmt"/>
      </file>
      <file name="phone.ts" path="C:\Moje\Programming\Apps\DailyFlow\src\utils\phone.ts">
        <metrics statements="10" coveredstatements="0" conditionals="6" coveredconditionals="0" methods="3" coveredmethods="0"/>
        <line num="1" count="0" type="stmt"/>
        <line num="4" count="0" type="stmt"/>
        <line num="5" count="0" type="stmt"/>
        <line num="6" count="0" type="stmt"/>
        <line num="7" count="0" type="cond" truecount="0" falsecount="2"/>
        <line num="8" count="0" type="cond" truecount="0" falsecount="2"/>
        <line num="9" count="0" type="cond" truecount="0" falsecount="2"/>
        <line num="10" count="0" type="stmt"/>
        <line num="14" count="0" type="stmt"/>
        <line num="15" count="0" type="stmt"/>
      </file>
      <file name="recurrence.ts" path="C:\Moje\Programming\Apps\DailyFlow\src\utils\recurrence.ts">
        <metrics statements="38" coveredstatements="0" conditionals="36" coveredconditionals="0" methods="4" coveredmethods="0"/>
        <line num="6" count="0" type="stmt"/>
        <line num="10" count="0" type="stmt"/>
        <line num="11" count="0" type="cond" truecount="0" falsecount="2"/>
        <line num="12" count="0" type="stmt"/>
        <line num="13" count="0" type="stmt"/>
        <line num="14" count="0" type="cond" truecount="0" falsecount="2"/>
        <line num="16" count="0" type="cond" truecount="0" falsecount="2"/>
        <line num="18" count="0" type="stmt"/>
        <line num="21" count="0" type="stmt"/>
        <line num="22" count="0" type="cond" truecount="0" falsecount="4"/>
        <line num="23" count="0" type="cond" truecount="0" falsecount="2"/>
        <line num="24" count="0" type="cond" truecount="0" falsecount="2"/>
        <line num="25" count="0" type="stmt"/>
        <line num="26" count="0" type="cond" truecount="0" falsecount="2"/>
        <line num="27" count="0" type="cond" truecount="0" falsecount="2"/>
        <line num="29" count="0" type="stmt"/>
        <line num="30" count="0" type="cond" truecount="0" falsecount="2"/>
        <line num="31" count="0" type="stmt"/>
        <line num="33" count="0" type="cond" truecount="0" falsecount="2"/>
        <line num="34" count="0" type="stmt"/>
        <line num="36" count="0" type="cond" truecount="0" falsecount="2"/>
        <line num="37" count="0" type="cond" truecount="0" falsecount="2"/>
        <line num="38" count="0" type="stmt"/>
        <line num="39" count="0" type="stmt"/>
        <line num="40" count="0" type="stmt"/>
        <line num="41" count="0" type="stmt"/>
        <line num="42" count="0" type="cond" truecount="0" falsecount="2"/>
        <line num="43" count="0" type="stmt"/>
        <line num="44" count="0" type="stmt"/>
        <line num="46" count="0" type="stmt"/>
        <line num="49" count="0" type="stmt"/>
        <line num="54" count="0" type="stmt"/>
        <line num="55" count="0" type="cond" truecount="0" falsecount="4"/>
        <line num="57" count="0" type="stmt"/>
        <line num="58" count="0" type="stmt"/>
        <line num="63" count="0" type="cond" truecount="0" falsecount="2"/>
        <line num="65" count="0" type="stmt"/>
        <line num="82" count="0" type="stmt"/>
      </file>
      <file name="validation.ts" path="C:\Moje\Programming\Apps\DailyFlow\src\utils\validation.ts">
        <metrics statements="2" coveredstatements="2" conditionals="0" coveredconditionals="0" methods="2" coveredmethods="0"/>
        <line num="1" count="1" type="stmt"/>
        <line num="4" count="1" type="stmt"/>
      </file>
    </package>
  </project>
</coverage>
