{"C:\\Moje\\Programming\\Apps\\DailyFlow\\src\\components\\ActionButton.tsx": {"path":"C:\\Moje\\Programming\\Apps\\DailyFlow\\src\\components\\ActionButton.tsx","statementMap":{"0":{"start":{"line":22,"column":21},"end":{"line":70,"column":1}},"1":{"start":{"line":23,"column":16},"end":{"line":23,"column":26}},"2":{"start":{"line":24,"column":23},"end":{"line":24,"column":40}},"3":{"start":{"line":25,"column":25},"end":{"line":25,"column":46}},"4":{"start":{"line":26,"column":16},"end":{"line":26,"column":33}},"5":{"start":{"line":27,"column":24},"end":{"line":27,"column":124}},"6":{"start":{"line":27,"column":48},"end":{"line":27,"column":122}},"7":{"start":{"line":28,"column":20},"end":{"line":28,"column":91}},"8":{"start":{"line":28,"column":34},"end":{"line":28,"column":61}},"9":{"start":{"line":30,"column":2},"end":{"line":69,"column":4}},"10":{"start":{"line":32,"column":25},"end":{"line":32,"column":94}},"11":{"start":{"line":32,"column":46},"end":{"line":32,"column":94}},"12":{"start":{"line":33,"column":26},"end":{"line":33,"column":71}},"13":{"start":{"line":35,"column":8},"end":{"line":35,"column":35}},"14":{"start":{"line":35,"column":28},"end":{"line":35,"column":35}},"15":{"start":{"line":36,"column":20},"end":{"line":36,"column":30}},"16":{"start":{"line":37,"column":8},"end":{"line":37,"column":53}},"17":{"start":{"line":37,"column":46},"end":{"line":37,"column":53}},"18":{"start":{"line":38,"column":8},"end":{"line":38,"column":35}},"19":{"start":{"line":39,"column":8},"end":{"line":44,"column":18}},"20":{"start":{"line":40,"column":22},"end":{"line":40,"column":50}},"21":{"start":{"line":41,"column":10},"end":{"line":43,"column":92}},"22":{"start":{"line":41,"column":34},"end":{"line":41,"column":87}},"23":{"start":{"line":42,"column":15},"end":{"line":43,"column":92}},"24":{"start":{"line":42,"column":40},"end":{"line":42,"column":94}},"25":{"start":{"line":43,"column":15},"end":{"line":43,"column":92}},"26":{"start":{"line":43,"column":39},"end":{"line":43,"column":92}},"27":{"start":{"line":45,"column":8},"end":{"line":45,"column":18}},"28":{"start":{"line":51,"column":31},"end":{"line":56,"column":7}}},"fnMap":{"0":{"name":"(anonymous_0)","decl":{"start":{"line":22,"column":21},"end":{"line":22,"column":22}},"loc":{"start":{"line":22,"column":201},"end":{"line":70,"column":1}},"line":22},"1":{"name":"(anonymous_1)","decl":{"start":{"line":27,"column":41},"end":{"line":27,"column":42}},"loc":{"start":{"line":27,"column":48},"end":{"line":27,"column":122}},"line":27},"2":{"name":"(anonymous_2)","decl":{"start":{"line":28,"column":28},"end":{"line":28,"column":29}},"loc":{"start":{"line":28,"column":34},"end":{"line":28,"column":61}},"line":28},"3":{"name":"(anonymous_3)","decl":{"start":{"line":32,"column":17},"end":{"line":32,"column":18}},"loc":{"start":{"line":32,"column":23},"end":{"line":32,"column":96}},"line":32},"4":{"name":"(anonymous_4)","decl":{"start":{"line":33,"column":18},"end":{"line":33,"column":19}},"loc":{"start":{"line":33,"column":24},"end":{"line":33,"column":73}},"line":33},"5":{"name":"(anonymous_5)","decl":{"start":{"line":34,"column":15},"end":{"line":34,"column":16}},"loc":{"start":{"line":34,"column":27},"end":{"line":46,"column":7}},"line":34},"6":{"name":"(anonymous_6)","decl":{"start":{"line":51,"column":13},"end":{"line":51,"column":14}},"loc":{"start":{"line":51,"column":31},"end":{"line":56,"column":7}},"line":51}},"branchMap":{"0":{"loc":{"start":{"line":22,"column":40},"end":{"line":22,"column":57}},"type":"default-arg","locations":[{"start":{"line":22,"column":52},"end":{"line":22,"column":57}}],"line":22},"1":{"loc":{"start":{"line":22,"column":77},"end":{"line":22,"column":93}},"type":"default-arg","locations":[{"start":{"line":22,"column":88},"end":{"line":22,"column":93}}],"line":22},"2":{"loc":{"start":{"line":22,"column":95},"end":{"line":22,"column":111}},"type":"default-arg","locations":[{"start":{"line":22,"column":104},"end":{"line":22,"column":111}}],"line":22},"3":{"loc":{"start":{"line":22,"column":138},"end":{"line":22,"column":155}},"type":"default-arg","locations":[{"start":{"line":22,"column":153},"end":{"line":22,"column":155}}],"line":22},"4":{"loc":{"start":{"line":25,"column":25},"end":{"line":25,"column":46}},"type":"binary-expr","locations":[{"start":{"line":25,"column":25},"end":{"line":25,"column":34}},{"start":{"line":25,"column":38},"end":{"line":25,"column":46}}],"line":25},"5":{"loc":{"start":{"line":27,"column":96},"end":{"line":27,"column":120}},"type":"cond-expr","locations":[{"start":{"line":27,"column":113},"end":{"line":27,"column":116}},{"start":{"line":27,"column":119},"end":{"line":27,"column":120}}],"line":27},"6":{"loc":{"start":{"line":28,"column":34},"end":{"line":28,"column":61}},"type":"binary-expr","locations":[{"start":{"line":28,"column":34},"end":{"line":28,"column":52}},{"start":{"line":28,"column":56},"end":{"line":28,"column":61}}],"line":28},"7":{"loc":{"start":{"line":32,"column":25},"end":{"line":32,"column":94}},"type":"if","locations":[{"start":{"line":32,"column":25},"end":{"line":32,"column":94}},{"start":{},"end":{}}],"line":32},"8":{"loc":{"start":{"line":35,"column":8},"end":{"line":35,"column":35}},"type":"if","locations":[{"start":{"line":35,"column":8},"end":{"line":35,"column":35}},{"start":{},"end":{}}],"line":35},"9":{"loc":{"start":{"line":37,"column":8},"end":{"line":37,"column":53}},"type":"if","locations":[{"start":{"line":37,"column":8},"end":{"line":37,"column":53}},{"start":{},"end":{}}],"line":37},"10":{"loc":{"start":{"line":41,"column":10},"end":{"line":43,"column":92}},"type":"if","locations":[{"start":{"line":41,"column":10},"end":{"line":43,"column":92}},{"start":{"line":42,"column":15},"end":{"line":43,"column":92}}],"line":41},"11":{"loc":{"start":{"line":42,"column":15},"end":{"line":43,"column":92}},"type":"if","locations":[{"start":{"line":42,"column":15},"end":{"line":43,"column":92}},{"start":{"line":43,"column":15},"end":{"line":43,"column":92}}],"line":42},"12":{"loc":{"start":{"line":43,"column":15},"end":{"line":43,"column":92}},"type":"if","locations":[{"start":{"line":43,"column":15},"end":{"line":43,"column":92}},{"start":{},"end":{}}],"line":43},"13":{"loc":{"start":{"line":53,"column":58},"end":{"line":53,"column":94}},"type":"cond-expr","locations":[{"start":{"line":53,"column":87},"end":{"line":53,"column":90}},{"start":{"line":53,"column":93},"end":{"line":53,"column":94}}],"line":53},"14":{"loc":{"start":{"line":53,"column":58},"end":{"line":53,"column":84}},"type":"binary-expr","locations":[{"start":{"line":53,"column":58},"end":{"line":53,"column":65}},{"start":{"line":53,"column":69},"end":{"line":53,"column":84}}],"line":53},"15":{"loc":{"start":{"line":55,"column":8},"end":{"line":55,"column":102}},"type":"binary-expr","locations":[{"start":{"line":55,"column":8},"end":{"line":55,"column":22}},{"start":{"line":55,"column":26},"end":{"line":55,"column":102}}],"line":55},"16":{"loc":{"start":{"line":59,"column":9},"end":{"line":66,"column":9}},"type":"cond-expr","locations":[{"start":{"line":60,"column":10},"end":{"line":60,"column":45}},{"start":{"line":62,"column":10},"end":{"line":65,"column":13}}],"line":59},"17":{"loc":{"start":{"line":63,"column":13},"end":{"line":63,"column":111}},"type":"cond-expr","locations":[{"start":{"line":63,"column":24},"end":{"line":63,"column":104}},{"start":{"line":63,"column":107},"end":{"line":63,"column":111}}],"line":63},"18":{"loc":{"start":{"line":63,"column":76},"end":{"line":63,"column":100}},"type":"binary-expr","locations":[{"start":{"line":63,"column":76},"end":{"line":63,"column":89}},{"start":{"line":63,"column":93},"end":{"line":63,"column":100}}],"line":63},"19":{"loc":{"start":{"line":64,"column":65},"end":{"line":64,"column":81}},"type":"cond-expr","locations":[{"start":{"line":64,"column":76},"end":{"line":64,"column":77}},{"start":{"line":64,"column":80},"end":{"line":64,"column":81}}],"line":64}},"s":{"0":2,"1":14,"2":0,"3":0,"4":0,"5":0,"6":0,"7":0,"8":0,"9":0,"10":0,"11":0,"12":0,"13":0,"14":0,"15":0,"16":0,"17":0,"18":0,"19":0,"20":0,"21":0,"22":0,"23":0,"24":0,"25":0,"26":0,"27":0,"28":0},"f":{"0":14,"1":0,"2":0,"3":0,"4":0,"5":0,"6":0},"b":{"0":[14],"1":[0],"2":[14],"3":[14],"4":[0,0],"5":[0,0],"6":[0,0],"7":[0,0],"8":[0,0],"9":[0,0],"10":[0,0],"11":[0,0],"12":[0,0],"13":[0,0],"14":[0,0],"15":[0,0],"16":[0,0],"17":[0,0],"18":[0,0],"19":[0,0]},"_coverageSchema":"1a1c01bbd47fc00a2c39e90264f33305004495a9","hash":"dc7172e27656547689c92cd12f34187e9bb45acb"}
,"C:\\Moje\\Programming\\Apps\\DailyFlow\\src\\components\\ActionModal.tsx": {"path":"C:\\Moje\\Programming\\Apps\\DailyFlow\\src\\components\\ActionModal.tsx","statementMap":{"0":{"start":{"line":23,"column":20},"end":{"line":60,"column":1}},"1":{"start":{"line":24,"column":16},"end":{"line":24,"column":26}},"2":{"start":{"line":25,"column":2},"end":{"line":59,"column":4}},"3":{"start":{"line":41,"column":14},"end":{"line":53,"column":33}},"4":{"start":{"line":62,"column":15},"end":{"line":112,"column":2}}},"fnMap":{"0":{"name":"(anonymous_0)","decl":{"start":{"line":23,"column":20},"end":{"line":23,"column":21}},"loc":{"start":{"line":23,"column":128},"end":{"line":60,"column":1}},"line":23},"1":{"name":"(anonymous_1)","decl":{"start":{"line":40,"column":25},"end":{"line":40,"column":26}},"loc":{"start":{"line":41,"column":14},"end":{"line":53,"column":33}},"line":41}},"branchMap":{"0":{"loc":{"start":{"line":23,"column":83},"end":{"line":23,"column":103}},"type":"default-arg","locations":[{"start":{"line":23,"column":95},"end":{"line":23,"column":103}}],"line":23},"1":{"loc":{"start":{"line":32,"column":12},"end":{"line":32,"column":55}},"type":"binary-expr","locations":[{"start":{"line":32,"column":12},"end":{"line":32,"column":34}},{"start":{"line":32,"column":38},"end":{"line":32,"column":55}}],"line":32},"2":{"loc":{"start":{"line":37,"column":11},"end":{"line":37,"column":114}},"type":"cond-expr","locations":[{"start":{"line":37,"column":21},"end":{"line":37,"column":107}},{"start":{"line":37,"column":110},"end":{"line":37,"column":114}}],"line":37},"3":{"loc":{"start":{"line":39,"column":49},"end":{"line":39,"column":105}},"type":"binary-expr","locations":[{"start":{"line":39,"column":49},"end":{"line":39,"column":71}},{"start":{"line":39,"column":75},"end":{"line":39,"column":105}}],"line":39},"4":{"loc":{"start":{"line":46,"column":18},"end":{"line":46,"column":89}},"type":"binary-expr","locations":[{"start":{"line":46,"column":18},"end":{"line":46,"column":48}},{"start":{"line":46,"column":52},"end":{"line":46,"column":89}}],"line":46},"5":{"loc":{"start":{"line":47,"column":18},"end":{"line":47,"column":83}},"type":"binary-expr","locations":[{"start":{"line":47,"column":18},"end":{"line":47,"column":45}},{"start":{"line":47,"column":49},"end":{"line":47,"column":83}}],"line":47},"6":{"loc":{"start":{"line":48,"column":18},"end":{"line":48,"column":112}},"type":"binary-expr","locations":[{"start":{"line":48,"column":19},"end":{"line":48,"column":34}},{"start":{"line":48,"column":38},"end":{"line":48,"column":66}},{"start":{"line":48,"column":71},"end":{"line":48,"column":112}}],"line":48}},"s":{"0":1,"1":26,"2":26,"3":52,"4":1},"f":{"0":26,"1":52},"b":{"0":[26],"1":[26,0],"2":[0,26],"3":[26,0],"4":[52,26],"5":[52,0],"6":[52,52,26]},"_coverageSchema":"1a1c01bbd47fc00a2c39e90264f33305004495a9","hash":"b15cb849a703b3544b9d716e8e63401e73231ec4"}
,"C:\\Moje\\Programming\\Apps\\DailyFlow\\src\\components\\AnimatedCollapsible.tsx": {"path":"C:\\Moje\\Programming\\Apps\\DailyFlow\\src\\components\\AnimatedCollapsible.tsx","statementMap":{"0":{"start":{"line":14,"column":64},"end":{"line":41,"column":1}},"1":{"start":{"line":15,"column":16},"end":{"line":15,"column":26}},"2":{"start":{"line":16,"column":34},"end":{"line":16,"column":59}},"3":{"start":{"line":17,"column":19},"end":{"line":17,"column":58}},"4":{"start":{"line":19,"column":17},"end":{"line":23,"column":3}},"5":{"start":{"line":20,"column":17},"end":{"line":20,"column":26}},"6":{"start":{"line":21,"column":4},"end":{"line":21,"column":22}},"7":{"start":{"line":22,"column":4},"end":{"line":22,"column":65}},"8":{"start":{"line":25,"column":24},"end":{"line":28,"column":5}},"9":{"start":{"line":25,"column":48},"end":{"line":28,"column":3}},"10":{"start":{"line":30,"column":2},"end":{"line":40,"column":4}},"11":{"start":{"line":43,"column":15},"end":{"line":64,"column":2}}},"fnMap":{"0":{"name":"(anonymous_0)","decl":{"start":{"line":14,"column":64},"end":{"line":14,"column":65}},"loc":{"start":{"line":14,"column":114},"end":{"line":41,"column":1}},"line":14},"1":{"name":"(anonymous_1)","decl":{"start":{"line":19,"column":17},"end":{"line":19,"column":18}},"loc":{"start":{"line":19,"column":23},"end":{"line":23,"column":3}},"line":19},"2":{"name":"(anonymous_2)","decl":{"start":{"line":25,"column":41},"end":{"line":25,"column":42}},"loc":{"start":{"line":25,"column":48},"end":{"line":28,"column":3}},"line":25}},"branchMap":{"0":{"loc":{"start":{"line":14,"column":84},"end":{"line":14,"column":107}},"type":"default-arg","locations":[{"start":{"line":14,"column":102},"end":{"line":14,"column":107}}],"line":14},"1":{"loc":{"start":{"line":17,"column":34},"end":{"line":17,"column":57}},"type":"cond-expr","locations":[{"start":{"line":17,"column":52},"end":{"line":17,"column":53}},{"start":{"line":17,"column":56},"end":{"line":17,"column":57}}],"line":17},"2":{"loc":{"start":{"line":22,"column":32},"end":{"line":22,"column":44}},"type":"cond-expr","locations":[{"start":{"line":22,"column":39},"end":{"line":22,"column":40}},{"start":{"line":22,"column":43},"end":{"line":22,"column":44}}],"line":22},"3":{"loc":{"start":{"line":26,"column":12},"end":{"line":26,"column":60}},"type":"cond-expr","locations":[{"start":{"line":26,"column":35},"end":{"line":26,"column":44}},{"start":{"line":26,"column":47},"end":{"line":26,"column":60}}],"line":26},"4":{"loc":{"start":{"line":34,"column":23},"end":{"line":34,"column":63}},"type":"cond-expr","locations":[{"start":{"line":34,"column":34},"end":{"line":34,"column":46}},{"start":{"line":34,"column":49},"end":{"line":34,"column":63}}],"line":34},"5":{"loc":{"start":{"line":37,"column":9},"end":{"line":37,"column":35}},"type":"cond-expr","locations":[{"start":{"line":37,"column":20},"end":{"line":37,"column":28}},{"start":{"line":37,"column":31},"end":{"line":37,"column":35}}],"line":37}},"s":{"0":0,"1":0,"2":0,"3":0,"4":0,"5":0,"6":0,"7":0,"8":0,"9":0,"10":0,"11":0},"f":{"0":0,"1":0,"2":0},"b":{"0":[0],"1":[0,0],"2":[0,0],"3":[0,0],"4":[0,0],"5":[0,0]}}
,"C:\\Moje\\Programming\\Apps\\DailyFlow\\src\\components\\AnimatedIconButton.tsx": {"path":"C:\\Moje\\Programming\\Apps\\DailyFlow\\src\\components\\AnimatedIconButton.tsx","statementMap":{"0":{"start":{"line":19,"column":62},"end":{"line":48,"column":1}},"1":{"start":{"line":20,"column":16},"end":{"line":20,"column":26}},"2":{"start":{"line":21,"column":16},"end":{"line":21,"column":33}},"3":{"start":{"line":22,"column":24},"end":{"line":22,"column":118}},"4":{"start":{"line":22,"column":48},"end":{"line":22,"column":116}},"5":{"start":{"line":23,"column":32},"end":{"line":23,"column":47}},"6":{"start":{"line":24,"column":2},"end":{"line":47,"column":4}},"7":{"start":{"line":36,"column":29},"end":{"line":36,"column":92}},"8":{"start":{"line":36,"column":44},"end":{"line":36,"column":92}},"9":{"start":{"line":37,"column":30},"end":{"line":37,"column":75}},"10":{"start":{"line":37,"column":76},"end":{"line":37,"column":94}},"11":{"start":{"line":38,"column":37},"end":{"line":38,"column":58}},"12":{"start":{"line":38,"column":51},"end":{"line":38,"column":58}},"13":{"start":{"line":38,"column":59},"end":{"line":38,"column":76}},"14":{"start":{"line":38,"column":77},"end":{"line":38,"column":125}},"15":{"start":{"line":38,"column":83},"end":{"line":38,"column":114}},"16":{"start":{"line":40,"column":33},"end":{"line":40,"column":54}},"17":{"start":{"line":40,"column":47},"end":{"line":40,"column":54}},"18":{"start":{"line":40,"column":55},"end":{"line":40,"column":103}},"19":{"start":{"line":40,"column":61},"end":{"line":40,"column":92}},"20":{"start":{"line":40,"column":105},"end":{"line":40,"column":115}}},"fnMap":{"0":{"name":"(anonymous_0)","decl":{"start":{"line":19,"column":62},"end":{"line":19,"column":63}},"loc":{"start":{"line":19,"column":157},"end":{"line":48,"column":1}},"line":19},"1":{"name":"(anonymous_1)","decl":{"start":{"line":22,"column":41},"end":{"line":22,"column":42}},"loc":{"start":{"line":22,"column":48},"end":{"line":22,"column":116}},"line":22},"2":{"name":"(anonymous_2)","decl":{"start":{"line":36,"column":21},"end":{"line":36,"column":22}},"loc":{"start":{"line":36,"column":27},"end":{"line":36,"column":94}},"line":36},"3":{"name":"(anonymous_3)","decl":{"start":{"line":37,"column":22},"end":{"line":37,"column":23}},"loc":{"start":{"line":37,"column":28},"end":{"line":37,"column":96}},"line":37},"4":{"name":"(anonymous_4)","decl":{"start":{"line":38,"column":23},"end":{"line":38,"column":24}},"loc":{"start":{"line":38,"column":35},"end":{"line":38,"column":127}},"line":38},"5":{"name":"(anonymous_5)","decl":{"start":{"line":40,"column":19},"end":{"line":40,"column":20}},"loc":{"start":{"line":40,"column":31},"end":{"line":40,"column":117}},"line":40}},"branchMap":{"0":{"loc":{"start":{"line":19,"column":71},"end":{"line":19,"column":80}},"type":"default-arg","locations":[{"start":{"line":19,"column":78},"end":{"line":19,"column":80}}],"line":19},"1":{"loc":{"start":{"line":19,"column":118},"end":{"line":19,"column":134}},"type":"default-arg","locations":[{"start":{"line":19,"column":129},"end":{"line":19,"column":134}}],"line":19},"2":{"loc":{"start":{"line":22,"column":96},"end":{"line":22,"column":114}},"type":"cond-expr","locations":[{"start":{"line":22,"column":107},"end":{"line":22,"column":110}},{"start":{"line":22,"column":113},"end":{"line":22,"column":114}}],"line":22},"3":{"loc":{"start":{"line":27,"column":9},"end":{"line":31,"column":9}},"type":"binary-expr","locations":[{"start":{"line":27,"column":9},"end":{"line":27,"column":16}},{"start":{"line":27,"column":20},"end":{"line":27,"column":29}},{"start":{"line":28,"column":10},"end":{"line":30,"column":17}}],"line":27},"4":{"loc":{"start":{"line":34,"column":30},"end":{"line":34,"column":59}},"type":"binary-expr","locations":[{"start":{"line":34,"column":30},"end":{"line":34,"column":48}},{"start":{"line":34,"column":52},"end":{"line":34,"column":59}}],"line":34},"5":{"loc":{"start":{"line":36,"column":29},"end":{"line":36,"column":92}},"type":"if","locations":[{"start":{"line":36,"column":29},"end":{"line":36,"column":92}},{"start":{},"end":{}}],"line":36},"6":{"loc":{"start":{"line":38,"column":37},"end":{"line":38,"column":58}},"type":"if","locations":[{"start":{"line":38,"column":37},"end":{"line":38,"column":58}},{"start":{},"end":{}}],"line":38},"7":{"loc":{"start":{"line":40,"column":33},"end":{"line":40,"column":54}},"type":"if","locations":[{"start":{"line":40,"column":33},"end":{"line":40,"column":54}},{"start":{},"end":{}}],"line":40},"8":{"loc":{"start":{"line":43,"column":50},"end":{"line":43,"column":83}},"type":"binary-expr","locations":[{"start":{"line":43,"column":50},"end":{"line":43,"column":55}},{"start":{"line":43,"column":59},"end":{"line":43,"column":83}}],"line":43}},"s":{"0":1,"1":0,"2":0,"3":0,"4":0,"5":0,"6":0,"7":0,"8":0,"9":0,"10":0,"11":0,"12":0,"13":0,"14":0,"15":0,"16":0,"17":0,"18":0,"19":0,"20":0},"f":{"0":0,"1":0,"2":0,"3":0,"4":0,"5":0},"b":{"0":[0],"1":[0],"2":[0,0],"3":[0,0,0],"4":[0,0],"5":[0,0],"6":[0,0],"7":[0,0],"8":[0,0]},"_coverageSchema":"1a1c01bbd47fc00a2c39e90264f33305004495a9","hash":"b01afb2f75e05f07a8fe2708de8c1f01fd72a90a"}
,"C:\\Moje\\Programming\\Apps\\DailyFlow\\src\\components\\AppHeader.tsx": {"path":"C:\\Moje\\Programming\\Apps\\DailyFlow\\src\\components\\AppHeader.tsx","statementMap":{"0":{"start":{"line":18,"column":44},"end":{"line":83,"column":1}},"1":{"start":{"line":19,"column":16},"end":{"line":19,"column":26}},"2":{"start":{"line":20,"column":41},"end":{"line":20,"column":48}},"3":{"start":{"line":21,"column":66},"end":{"line":26,"column":3}},"4":{"start":{"line":27,"column":65},"end":{"line":32,"column":3}},"5":{"start":{"line":33,"column":25},"end":{"line":33,"column":116}},"6":{"start":{"line":35,"column":18},"end":{"line":41,"column":3}},"7":{"start":{"line":36,"column":14},"end":{"line":36,"column":31}},"8":{"start":{"line":37,"column":18},"end":{"line":37,"column":79}},"9":{"start":{"line":37,"column":42},"end":{"line":37,"column":77}},"10":{"start":{"line":38,"column":22},"end":{"line":38,"column":76}},"11":{"start":{"line":38,"column":30},"end":{"line":38,"column":74}},"12":{"start":{"line":39,"column":23},"end":{"line":39,"column":74}},"13":{"start":{"line":39,"column":31},"end":{"line":39,"column":72}},"14":{"start":{"line":40,"column":4},"end":{"line":40,"column":44}},"15":{"start":{"line":43,"column":19},"end":{"line":43,"column":28}},"16":{"start":{"line":44,"column":21},"end":{"line":44,"column":30}},"17":{"start":{"line":46,"column":2},"end":{"line":82,"column":4}},"18":{"start":{"line":68,"column":12},"end":{"line":68,"column":206}},"19":{"start":{"line":86,"column":22},"end":{"line":96,"column":1}},"20":{"start":{"line":87,"column":12},"end":{"line":87,"column":29}},"21":{"start":{"line":88,"column":24},"end":{"line":88,"column":85}},"22":{"start":{"line":88,"column":48},"end":{"line":88,"column":83}},"23":{"start":{"line":89,"column":2},"end":{"line":95,"column":4}},"24":{"start":{"line":91,"column":43},"end":{"line":91,"column":87}},"25":{"start":{"line":91,"column":111},"end":{"line":91,"column":152}},"26":{"start":{"line":98,"column":15},"end":{"line":128,"column":2}}},"fnMap":{"0":{"name":"(anonymous_0)","decl":{"start":{"line":18,"column":44},"end":{"line":18,"column":45}},"loc":{"start":{"line":18,"column":116},"end":{"line":83,"column":1}},"line":18},"1":{"name":"(anonymous_1)","decl":{"start":{"line":35,"column":18},"end":{"line":35,"column":19}},"loc":{"start":{"line":35,"column":24},"end":{"line":41,"column":3}},"line":35},"2":{"name":"(anonymous_2)","decl":{"start":{"line":37,"column":35},"end":{"line":37,"column":36}},"loc":{"start":{"line":37,"column":42},"end":{"line":37,"column":77}},"line":37},"3":{"name":"(anonymous_3)","decl":{"start":{"line":38,"column":22},"end":{"line":38,"column":23}},"loc":{"start":{"line":38,"column":28},"end":{"line":38,"column":76}},"line":38},"4":{"name":"(anonymous_4)","decl":{"start":{"line":39,"column":23},"end":{"line":39,"column":24}},"loc":{"start":{"line":39,"column":29},"end":{"line":39,"column":74}},"line":39},"5":{"name":"(anonymous_5)","decl":{"start":{"line":67,"column":28},"end":{"line":67,"column":29}},"loc":{"start":{"line":68,"column":12},"end":{"line":68,"column":206}},"line":68},"6":{"name":"(anonymous_6)","decl":{"start":{"line":86,"column":22},"end":{"line":86,"column":23}},"loc":{"start":{"line":86,"column":199},"end":{"line":96,"column":1}},"line":86},"7":{"name":"(anonymous_7)","decl":{"start":{"line":88,"column":41},"end":{"line":88,"column":42}},"loc":{"start":{"line":88,"column":48},"end":{"line":88,"column":83}},"line":88},"8":{"name":"(anonymous_8)","decl":{"start":{"line":91,"column":35},"end":{"line":91,"column":36}},"loc":{"start":{"line":91,"column":41},"end":{"line":91,"column":89}},"line":91},"9":{"name":"(anonymous_9)","decl":{"start":{"line":91,"column":103},"end":{"line":91,"column":104}},"loc":{"start":{"line":91,"column":109},"end":{"line":91,"column":154}},"line":91}},"branchMap":{"0":{"loc":{"start":{"line":18,"column":54},"end":{"line":18,"column":71}},"type":"default-arg","locations":[{"start":{"line":18,"column":69},"end":{"line":18,"column":71}}],"line":18},"1":{"loc":{"start":{"line":33,"column":26},"end":{"line":33,"column":101}},"type":"cond-expr","locations":[{"start":{"line":33,"column":57},"end":{"line":33,"column":77}},{"start":{"line":33,"column":80},"end":{"line":33,"column":101}}],"line":33},"2":{"loc":{"start":{"line":52,"column":11},"end":{"line":58,"column":18}},"type":"cond-expr","locations":[{"start":{"line":53,"column":12},"end":{"line":57,"column":28}},{"start":{"line":58,"column":14},"end":{"line":58,"column":18}}],"line":52},"3":{"loc":{"start":{"line":62,"column":11},"end":{"line":66,"column":11}},"type":"binary-expr","locations":[{"start":{"line":62,"column":11},"end":{"line":62,"column":20}},{"start":{"line":63,"column":12},"end":{"line":65,"column":19}}],"line":62},"4":{"loc":{"start":{"line":64,"column":88},"end":{"line":64,"column":132}},"type":"cond-expr","locations":[{"start":{"line":64,"column":106},"end":{"line":64,"column":129}},{"start":{"line":64,"column":130},"end":{"line":64,"column":132}}],"line":64},"5":{"loc":{"start":{"line":72,"column":15},"end":{"line":76,"column":15}},"type":"cond-expr","locations":[{"start":{"line":73,"column":16},"end":{"line":73,"column":75}},{"start":{"line":75,"column":16},"end":{"line":75,"column":57}}],"line":72},"6":{"loc":{"start":{"line":92,"column":46},"end":{"line":92,"column":64}},"type":"binary-expr","locations":[{"start":{"line":92,"column":46},"end":{"line":92,"column":51}},{"start":{"line":92,"column":55},"end":{"line":92,"column":64}}],"line":92}},"s":{"0":1,"1":26,"2":26,"3":26,"4":26,"5":26,"6":26,"7":52,"8":52,"9":52,"10":52,"11":0,"12":52,"13":0,"14":52,"15":26,"16":26,"17":26,"18":130,"19":1,"20":130,"21":130,"22":130,"23":130,"24":0,"25":0,"26":1},"f":{"0":26,"1":52,"2":52,"3":0,"4":0,"5":130,"6":130,"7":130,"8":0,"9":0},"b":{"0":[0],"1":[0,26],"2":[0,26],"3":[26,0],"4":[0,0],"5":[0,26],"6":[130,0]},"_coverageSchema":"1a1c01bbd47fc00a2c39e90264f33305004495a9","hash":"0cbf8bdee66ff10348ac9e65f75f155283df5d87"}
,"C:\\Moje\\Programming\\Apps\\DailyFlow\\src\\components\\BottomQuickAdd.tsx": {"path":"C:\\Moje\\Programming\\Apps\\DailyFlow\\src\\components\\BottomQuickAdd.tsx","statementMap":{"0":{"start":{"line":17,"column":54},"end":{"line":47,"column":1}},"1":{"start":{"line":18,"column":16},"end":{"line":18,"column":26}},"2":{"start":{"line":19,"column":16},"end":{"line":19,"column":33}},"3":{"start":{"line":20,"column":24},"end":{"line":20,"column":89}},"4":{"start":{"line":20,"column":48},"end":{"line":20,"column":87}},"5":{"start":{"line":21,"column":17},"end":{"line":21,"column":36}},"6":{"start":{"line":22,"column":2},"end":{"line":46,"column":4}},"7":{"start":{"line":41,"column":71},"end":{"line":41,"column":134}},"8":{"start":{"line":41,"column":86},"end":{"line":41,"column":134}},"9":{"start":{"line":41,"column":158},"end":{"line":41,"column":203}},"10":{"start":{"line":49,"column":15},"end":{"line":77,"column":2}}},"fnMap":{"0":{"name":"(anonymous_0)","decl":{"start":{"line":17,"column":54},"end":{"line":17,"column":55}},"loc":{"start":{"line":17,"column":116},"end":{"line":47,"column":1}},"line":17},"1":{"name":"(anonymous_1)","decl":{"start":{"line":20,"column":41},"end":{"line":20,"column":42}},"loc":{"start":{"line":20,"column":48},"end":{"line":20,"column":87}},"line":20},"2":{"name":"(anonymous_2)","decl":{"start":{"line":41,"column":63},"end":{"line":41,"column":64}},"loc":{"start":{"line":41,"column":69},"end":{"line":41,"column":136}},"line":41},"3":{"name":"(anonymous_3)","decl":{"start":{"line":41,"column":150},"end":{"line":41,"column":151}},"loc":{"start":{"line":41,"column":156},"end":{"line":41,"column":205}},"line":41}},"branchMap":{"0":{"loc":{"start":{"line":41,"column":71},"end":{"line":41,"column":134}},"type":"if","locations":[{"start":{"line":41,"column":71},"end":{"line":41,"column":134}},{"start":{},"end":{}}],"line":41},"1":{"loc":{"start":{"line":41,"column":291},"end":{"line":41,"column":349}},"type":"cond-expr","locations":[{"start":{"line":41,"column":302},"end":{"line":41,"column":326}},{"start":{"line":41,"column":329},"end":{"line":41,"column":349}}],"line":41}},"s":{"0":1,"1":26,"2":26,"3":26,"4":26,"5":26,"6":0,"7":0,"8":0,"9":0,"10":1},"f":{"0":26,"1":26,"2":0,"3":0},"b":{"0":[0,0],"1":[0,0]},"_coverageSchema":"1a1c01bbd47fc00a2c39e90264f33305004495a9","hash":"e39b1cc015cdab4390e557f4f2a5886286809f91"}
,"C:\\Moje\\Programming\\Apps\\DailyFlow\\src\\components\\Card.tsx": {"path":"C:\\Moje\\Programming\\Apps\\DailyFlow\\src\\components\\Card.tsx","statementMap":{"0":{"start":{"line":11,"column":34},"end":{"line":28,"column":1}},"1":{"start":{"line":12,"column":16},"end":{"line":12,"column":26}},"2":{"start":{"line":13,"column":17},"end":{"line":13,"column":45}},"3":{"start":{"line":14,"column":26},"end":{"line":14,"column":47}},"4":{"start":{"line":15,"column":2},"end":{"line":27,"column":4}},"5":{"start":{"line":30,"column":15},"end":{"line":43,"column":2}}},"fnMap":{"0":{"name":"(anonymous_0)","decl":{"start":{"line":11,"column":34},"end":{"line":11,"column":35}},"loc":{"start":{"line":11,"column":59},"end":{"line":28,"column":1}},"line":11}},"branchMap":{"0":{"loc":{"start":{"line":19,"column":8},"end":{"line":21,"column":84}},"type":"cond-expr","locations":[{"start":{"line":20,"column":12},"end":{"line":20,"column":82}},{"start":{"line":21,"column":12},"end":{"line":21,"column":84}}],"line":19}},"s":{"0":0,"1":0,"2":0,"3":0,"4":0,"5":0},"f":{"0":0},"b":{"0":[0,0]}}
,"C:\\Moje\\Programming\\Apps\\DailyFlow\\src\\components\\CategoryFilter.tsx": {"path":"C:\\Moje\\Programming\\Apps\\DailyFlow\\src\\components\\CategoryFilter.tsx","statementMap":{"0":{"start":{"line":15,"column":23},"end":{"line":57,"column":1}},"1":{"start":{"line":16,"column":36},"end":{"line":16,"column":51}},"2":{"start":{"line":17,"column":18},"end":{"line":17,"column":28}},"3":{"start":{"line":19,"column":4},"end":{"line":25,"column":5}},"4":{"start":{"line":20,"column":8},"end":{"line":24,"column":10}},"5":{"start":{"line":27,"column":4},"end":{"line":56,"column":6}},"6":{"start":{"line":35,"column":31},"end":{"line":35,"column":54}},"7":{"start":{"line":44,"column":16},"end":{"line":53,"column":18}},"8":{"start":{"line":46,"column":35},"end":{"line":46,"column":59}},"9":{"start":{"line":59,"column":13},"end":{"line":84,"column":1}},"10":{"start":{"line":60,"column":18},"end":{"line":60,"column":35}},"11":{"start":{"line":61,"column":26},"end":{"line":61,"column":91}},"12":{"start":{"line":61,"column":50},"end":{"line":61,"column":89}},"13":{"start":{"line":62,"column":4},"end":{"line":83,"column":6}},"14":{"start":{"line":64,"column":31},"end":{"line":64,"column":79}},"15":{"start":{"line":65,"column":32},"end":{"line":65,"column":77}},"16":{"start":{"line":67,"column":16},"end":{"line":67,"column":102}},"17":{"start":{"line":67,"column":34},"end":{"line":67,"column":62}},"18":{"start":{"line":67,"column":64},"end":{"line":67,"column":91}},"19":{"start":{"line":68,"column":16},"end":{"line":68,"column":26}},"20":{"start":{"line":72,"column":37},"end":{"line":75,"column":13}},"21":{"start":{"line":86,"column":15},"end":{"line":131,"column":2}}},"fnMap":{"0":{"name":"(anonymous_0)","decl":{"start":{"line":15,"column":23},"end":{"line":15,"column":24}},"loc":{"start":{"line":15,"column":86},"end":{"line":57,"column":1}},"line":15},"1":{"name":"(anonymous_1)","decl":{"start":{"line":35,"column":25},"end":{"line":35,"column":26}},"loc":{"start":{"line":35,"column":31},"end":{"line":35,"column":54}},"line":35},"2":{"name":"(anonymous_2)","decl":{"start":{"line":43,"column":28},"end":{"line":43,"column":29}},"loc":{"start":{"line":44,"column":16},"end":{"line":53,"column":18}},"line":44},"3":{"name":"(anonymous_3)","decl":{"start":{"line":46,"column":29},"end":{"line":46,"column":30}},"loc":{"start":{"line":46,"column":35},"end":{"line":46,"column":59}},"line":46},"4":{"name":"(anonymous_4)","decl":{"start":{"line":59,"column":13},"end":{"line":59,"column":14}},"loc":{"start":{"line":59,"column":263},"end":{"line":84,"column":1}},"line":59},"5":{"name":"(anonymous_5)","decl":{"start":{"line":61,"column":43},"end":{"line":61,"column":44}},"loc":{"start":{"line":61,"column":50},"end":{"line":61,"column":89}},"line":61},"6":{"name":"(anonymous_6)","decl":{"start":{"line":64,"column":23},"end":{"line":64,"column":24}},"loc":{"start":{"line":64,"column":29},"end":{"line":64,"column":81}},"line":64},"7":{"name":"(anonymous_7)","decl":{"start":{"line":65,"column":24},"end":{"line":65,"column":25}},"loc":{"start":{"line":65,"column":30},"end":{"line":65,"column":79}},"line":65},"8":{"name":"(anonymous_8)","decl":{"start":{"line":66,"column":21},"end":{"line":66,"column":22}},"loc":{"start":{"line":66,"column":33},"end":{"line":69,"column":13}},"line":66},"9":{"name":"(anonymous_9)","decl":{"start":{"line":72,"column":19},"end":{"line":72,"column":20}},"loc":{"start":{"line":72,"column":37},"end":{"line":75,"column":13}},"line":72}},"branchMap":{"0":{"loc":{"start":{"line":19,"column":4},"end":{"line":25,"column":5}},"type":"if","locations":[{"start":{"line":19,"column":4},"end":{"line":25,"column":5}},{"start":{},"end":{}}],"line":19},"1":{"loc":{"start":{"line":50,"column":37},"end":{"line":50,"column":91}},"type":"cond-expr","locations":[{"start":{"line":50,"column":63},"end":{"line":50,"column":81}},{"start":{"line":50,"column":84},"end":{"line":50,"column":91}}],"line":50},"2":{"loc":{"start":{"line":71,"column":50},"end":{"line":71,"column":76}},"type":"cond-expr","locations":[{"start":{"line":71,"column":59},"end":{"line":71,"column":71}},{"start":{"line":71,"column":74},"end":{"line":71,"column":76}}],"line":71},"3":{"loc":{"start":{"line":74,"column":35},"end":{"line":74,"column":71}},"type":"cond-expr","locations":[{"start":{"line":74,"column":44},"end":{"line":74,"column":55}},{"start":{"line":74,"column":58},"end":{"line":74,"column":71}}],"line":74},"4":{"loc":{"start":{"line":74,"column":82},"end":{"line":74,"column":100}},"type":"cond-expr","locations":[{"start":{"line":74,"column":92},"end":{"line":74,"column":96}},{"start":{"line":74,"column":99},"end":{"line":74,"column":100}}],"line":74},"5":{"loc":{"start":{"line":79,"column":25},"end":{"line":79,"column":69}},"type":"cond-expr","locations":[{"start":{"line":79,"column":34},"end":{"line":79,"column":49}},{"start":{"line":79,"column":52},"end":{"line":79,"column":69}}],"line":79}},"s":{"0":1,"1":0,"2":0,"3":0,"4":0,"5":0,"6":0,"7":0,"8":0,"9":1,"10":0,"11":0,"12":0,"13":0,"14":0,"15":0,"16":0,"17":0,"18":0,"19":0,"20":0,"21":1},"f":{"0":0,"1":0,"2":0,"3":0,"4":0,"5":0,"6":0,"7":0,"8":0,"9":0},"b":{"0":[0,0],"1":[0,0],"2":[0,0],"3":[0,0],"4":[0,0],"5":[0,0]},"_coverageSchema":"1a1c01bbd47fc00a2c39e90264f33305004495a9","hash":"e6e7e3fbb108ea2dea68cc26ba5f7b3f4e285d36"}
,"C:\\Moje\\Programming\\Apps\\DailyFlow\\src\\components\\DateRangeFilter.tsx": {"path":"C:\\Moje\\Programming\\Apps\\DailyFlow\\src\\components\\DateRangeFilter.tsx","statementMap":{"0":{"start":{"line":20,"column":24},"end":{"line":220,"column":1}},"1":{"start":{"line":28,"column":40},"end":{"line":28,"column":55}},"2":{"start":{"line":29,"column":54},"end":{"line":29,"column":84}},"3":{"start":{"line":30,"column":26},"end":{"line":30,"column":36}},"4":{"start":{"line":31,"column":18},"end":{"line":31,"column":28}},"5":{"start":{"line":33,"column":34},"end":{"line":84,"column":5}},"6":{"start":{"line":34,"column":20},"end":{"line":34,"column":30}},"7":{"start":{"line":35,"column":39},"end":{"line":35,"column":43}},"8":{"start":{"line":36,"column":37},"end":{"line":36,"column":50}},"9":{"start":{"line":37,"column":8},"end":{"line":37,"column":44}},"10":{"start":{"line":39,"column":8},"end":{"line":81,"column":9}},"11":{"start":{"line":41,"column":16},"end":{"line":41,"column":89}},"12":{"start":{"line":42,"column":16},"end":{"line":42,"column":49}},"13":{"start":{"line":43,"column":16},"end":{"line":43,"column":22}},"14":{"start":{"line":45,"column":16},"end":{"line":45,"column":44}},"15":{"start":{"line":46,"column":16},"end":{"line":46,"column":55}},"16":{"start":{"line":47,"column":16},"end":{"line":47,"column":49}},"17":{"start":{"line":48,"column":16},"end":{"line":48,"column":22}},"18":{"start":{"line":50,"column":16},"end":{"line":50,"column":44}},"19":{"start":{"line":51,"column":16},"end":{"line":51,"column":56}},"20":{"start":{"line":52,"column":16},"end":{"line":52,"column":49}},"21":{"start":{"line":53,"column":16},"end":{"line":53,"column":22}},"22":{"start":{"line":56,"column":16},"end":{"line":56,"column":44}},"23":{"start":{"line":57,"column":16},"end":{"line":57,"column":57}},"24":{"start":{"line":58,"column":16},"end":{"line":58,"column":49}},"25":{"start":{"line":59,"column":16},"end":{"line":59,"column":22}},"26":{"start":{"line":61,"column":16},"end":{"line":61,"column":44}},"27":{"start":{"line":62,"column":16},"end":{"line":62,"column":57}},"28":{"start":{"line":63,"column":16},"end":{"line":63,"column":49}},"29":{"start":{"line":64,"column":16},"end":{"line":64,"column":22}},"30":{"start":{"line":66,"column":16},"end":{"line":66,"column":44}},"31":{"start":{"line":67,"column":16},"end":{"line":67,"column":57}},"32":{"start":{"line":68,"column":16},"end":{"line":68,"column":49}},"33":{"start":{"line":69,"column":16},"end":{"line":69,"column":22}},"34":{"start":{"line":71,"column":16},"end":{"line":71,"column":44}},"35":{"start":{"line":72,"column":16},"end":{"line":72,"column":63}},"36":{"start":{"line":73,"column":16},"end":{"line":73,"column":49}},"37":{"start":{"line":74,"column":16},"end":{"line":74,"column":22}},"38":{"start":{"line":76,"column":16},"end":{"line":76,"column":35}},"39":{"start":{"line":77,"column":16},"end":{"line":77,"column":33}},"40":{"start":{"line":78,"column":16},"end":{"line":78,"column":22}},"41":{"start":{"line":80,"column":16},"end":{"line":80,"column":22}},"42":{"start":{"line":82,"column":8},"end":{"line":82,"column":38}},"43":{"start":{"line":83,"column":8},"end":{"line":83,"column":34}},"44":{"start":{"line":86,"column":29},"end":{"line":125,"column":5}},"45":{"start":{"line":88,"column":8},"end":{"line":98,"column":9}},"46":{"start":{"line":89,"column":12},"end":{"line":92,"column":13}},"47":{"start":{"line":90,"column":16},"end":{"line":90,"column":43}},"48":{"start":{"line":91,"column":16},"end":{"line":91,"column":23}},"49":{"start":{"line":93,"column":15},"end":{"line":98,"column":9}},"50":{"start":{"line":94,"column":12},"end":{"line":97,"column":13}},"51":{"start":{"line":95,"column":16},"end":{"line":95,"column":43}},"52":{"start":{"line":96,"column":16},"end":{"line":96,"column":23}},"53":{"start":{"line":100,"column":32},"end":{"line":100,"column":44}},"54":{"start":{"line":102,"column":8},"end":{"line":104,"column":9}},"55":{"start":{"line":103,"column":12},"end":{"line":103,"column":70}},"56":{"start":{"line":106,"column":8},"end":{"line":106,"column":35}},"57":{"start":{"line":108,"column":8},"end":{"line":124,"column":9}},"58":{"start":{"line":109,"column":12},"end":{"line":123,"column":13}},"59":{"start":{"line":110,"column":16},"end":{"line":110,"column":55}},"60":{"start":{"line":111,"column":16},"end":{"line":114,"column":17}},"61":{"start":{"line":112,"column":20},"end":{"line":112,"column":100}},"62":{"start":{"line":113,"column":20},"end":{"line":113,"column":27}},"63":{"start":{"line":115,"column":16},"end":{"line":115,"column":52}},"64":{"start":{"line":116,"column":19},"end":{"line":123,"column":13}},"65":{"start":{"line":117,"column":16},"end":{"line":117,"column":60}},"66":{"start":{"line":118,"column":16},"end":{"line":121,"column":17}},"67":{"start":{"line":119,"column":20},"end":{"line":119,"column":102}},"68":{"start":{"line":120,"column":20},"end":{"line":120,"column":27}},"69":{"start":{"line":122,"column":16},"end":{"line":122,"column":50}},"70":{"start":{"line":127,"column":27},"end":{"line":127,"column":63}},"71":{"start":{"line":129,"column":35},"end":{"line":157,"column":5}},"72":{"start":{"line":130,"column":8},"end":{"line":130,"column":43}},"73":{"start":{"line":130,"column":31},"end":{"line":130,"column":43}},"74":{"start":{"line":131,"column":23},"end":{"line":140,"column":9}},"75":{"start":{"line":142,"column":8},"end":{"line":156,"column":10}},"76":{"start":{"line":145,"column":20},"end":{"line":153,"column":39}},"77":{"start":{"line":148,"column":39},"end":{"line":148,"column":71}},"78":{"start":{"line":159,"column":4},"end":{"line":219,"column":6}},"79":{"start":{"line":161,"column":45},"end":{"line":161,"column":71}},"80":{"start":{"line":175,"column":58},"end":{"line":175,"column":86}},"81":{"start":{"line":183,"column":61},"end":{"line":183,"column":83}},"82":{"start":{"line":202,"column":58},"end":{"line":202,"column":84}},"83":{"start":{"line":210,"column":61},"end":{"line":210,"column":81}},"84":{"start":{"line":222,"column":15},"end":{"line":294,"column":2}}},"fnMap":{"0":{"name":"(anonymous_0)","decl":{"start":{"line":20,"column":24},"end":{"line":20,"column":25}},"loc":{"start":{"line":27,"column":28},"end":{"line":220,"column":1}},"line":27},"1":{"name":"(anonymous_1)","decl":{"start":{"line":33,"column":34},"end":{"line":33,"column":35}},"loc":{"start":{"line":33,"column":57},"end":{"line":84,"column":5}},"line":33},"2":{"name":"(anonymous_2)","decl":{"start":{"line":86,"column":29},"end":{"line":86,"column":30}},"loc":{"start":{"line":86,"column":82},"end":{"line":125,"column":5}},"line":86},"3":{"name":"(anonymous_3)","decl":{"start":{"line":129,"column":35},"end":{"line":129,"column":36}},"loc":{"start":{"line":129,"column":41},"end":{"line":157,"column":5}},"line":129},"4":{"name":"(anonymous_4)","decl":{"start":{"line":144,"column":28},"end":{"line":144,"column":29}},"loc":{"start":{"line":145,"column":20},"end":{"line":153,"column":39}},"line":145},"5":{"name":"(anonymous_5)","decl":{"start":{"line":148,"column":33},"end":{"line":148,"column":34}},"loc":{"start":{"line":148,"column":39},"end":{"line":148,"column":71}},"line":148},"6":{"name":"(anonymous_6)","decl":{"start":{"line":161,"column":39},"end":{"line":161,"column":40}},"loc":{"start":{"line":161,"column":45},"end":{"line":161,"column":71}},"line":161},"7":{"name":"(anonymous_7)","decl":{"start":{"line":175,"column":52},"end":{"line":175,"column":53}},"loc":{"start":{"line":175,"column":58},"end":{"line":175,"column":86}},"line":175},"8":{"name":"(anonymous_8)","decl":{"start":{"line":183,"column":55},"end":{"line":183,"column":56}},"loc":{"start":{"line":183,"column":61},"end":{"line":183,"column":83}},"line":183},"9":{"name":"(anonymous_9)","decl":{"start":{"line":202,"column":52},"end":{"line":202,"column":53}},"loc":{"start":{"line":202,"column":58},"end":{"line":202,"column":84}},"line":202},"10":{"name":"(anonymous_10)","decl":{"start":{"line":210,"column":55},"end":{"line":210,"column":56}},"loc":{"start":{"line":210,"column":61},"end":{"line":210,"column":81}},"line":210}},"branchMap":{"0":{"loc":{"start":{"line":26,"column":4},"end":{"line":26,"column":27}},"type":"default-arg","locations":[{"start":{"line":26,"column":23},"end":{"line":26,"column":27}}],"line":26},"1":{"loc":{"start":{"line":39,"column":8},"end":{"line":81,"column":9}},"type":"switch","locations":[{"start":{"line":40,"column":12},"end":{"line":43,"column":22}},{"start":{"line":44,"column":12},"end":{"line":48,"column":22}},{"start":{"line":49,"column":12},"end":{"line":53,"column":22}},{"start":{"line":54,"column":12},"end":{"line":54,"column":30}},{"start":{"line":55,"column":12},"end":{"line":59,"column":22}},{"start":{"line":60,"column":12},"end":{"line":64,"column":22}},{"start":{"line":65,"column":12},"end":{"line":69,"column":22}},{"start":{"line":70,"column":12},"end":{"line":74,"column":22}},{"start":{"line":75,"column":12},"end":{"line":78,"column":22}},{"start":{"line":79,"column":12},"end":{"line":80,"column":22}}],"line":39},"2":{"loc":{"start":{"line":88,"column":8},"end":{"line":98,"column":9}},"type":"if","locations":[{"start":{"line":88,"column":8},"end":{"line":98,"column":9}},{"start":{"line":93,"column":15},"end":{"line":98,"column":9}}],"line":88},"3":{"loc":{"start":{"line":89,"column":12},"end":{"line":92,"column":13}},"type":"if","locations":[{"start":{"line":89,"column":12},"end":{"line":92,"column":13}},{"start":{},"end":{}}],"line":89},"4":{"loc":{"start":{"line":89,"column":16},"end":{"line":89,"column":83}},"type":"binary-expr","locations":[{"start":{"line":89,"column":16},"end":{"line":89,"column":42}},{"start":{"line":89,"column":46},"end":{"line":89,"column":83}}],"line":89},"5":{"loc":{"start":{"line":93,"column":15},"end":{"line":98,"column":9}},"type":"if","locations":[{"start":{"line":93,"column":15},"end":{"line":98,"column":9}},{"start":{},"end":{}}],"line":93},"6":{"loc":{"start":{"line":94,"column":12},"end":{"line":97,"column":13}},"type":"if","locations":[{"start":{"line":94,"column":12},"end":{"line":97,"column":13}},{"start":{},"end":{}}],"line":94},"7":{"loc":{"start":{"line":102,"column":8},"end":{"line":104,"column":9}},"type":"if","locations":[{"start":{"line":102,"column":8},"end":{"line":104,"column":9}},{"start":{},"end":{}}],"line":102},"8":{"loc":{"start":{"line":102,"column":12},"end":{"line":102,"column":107}},"type":"binary-expr","locations":[{"start":{"line":102,"column":12},"end":{"line":102,"column":33}},{"start":{"line":102,"column":37},"end":{"line":102,"column":54}},{"start":{"line":102,"column":58},"end":{"line":102,"column":85}},{"start":{"line":102,"column":89},"end":{"line":102,"column":107}}],"line":102},"9":{"loc":{"start":{"line":108,"column":8},"end":{"line":124,"column":9}},"type":"if","locations":[{"start":{"line":108,"column":8},"end":{"line":124,"column":9}},{"start":{},"end":{}}],"line":108},"10":{"loc":{"start":{"line":108,"column":12},"end":{"line":108,"column":53}},"type":"binary-expr","locations":[{"start":{"line":108,"column":12},"end":{"line":108,"column":32}},{"start":{"line":108,"column":36},"end":{"line":108,"column":53}}],"line":108},"11":{"loc":{"start":{"line":109,"column":12},"end":{"line":123,"column":13}},"type":"if","locations":[{"start":{"line":109,"column":12},"end":{"line":123,"column":13}},{"start":{"line":116,"column":19},"end":{"line":123,"column":13}}],"line":109},"12":{"loc":{"start":{"line":111,"column":16},"end":{"line":114,"column":17}},"type":"if","locations":[{"start":{"line":111,"column":16},"end":{"line":114,"column":17}},{"start":{},"end":{}}],"line":111},"13":{"loc":{"start":{"line":111,"column":20},"end":{"line":111,"column":76}},"type":"binary-expr","locations":[{"start":{"line":111,"column":20},"end":{"line":111,"column":26}},{"start":{"line":111,"column":30},"end":{"line":111,"column":76}}],"line":111},"14":{"loc":{"start":{"line":116,"column":19},"end":{"line":123,"column":13}},"type":"if","locations":[{"start":{"line":116,"column":19},"end":{"line":123,"column":13}},{"start":{},"end":{}}],"line":116},"15":{"loc":{"start":{"line":118,"column":16},"end":{"line":121,"column":17}},"type":"if","locations":[{"start":{"line":118,"column":16},"end":{"line":121,"column":17}},{"start":{},"end":{}}],"line":118},"16":{"loc":{"start":{"line":118,"column":20},"end":{"line":118,"column":80}},"type":"binary-expr","locations":[{"start":{"line":118,"column":20},"end":{"line":118,"column":28}},{"start":{"line":118,"column":32},"end":{"line":118,"column":80}}],"line":118},"17":{"loc":{"start":{"line":127,"column":27},"end":{"line":127,"column":63}},"type":"binary-expr","locations":[{"start":{"line":127,"column":27},"end":{"line":127,"column":44}},{"start":{"line":127,"column":48},"end":{"line":127,"column":63}}],"line":127},"18":{"loc":{"start":{"line":130,"column":8},"end":{"line":130,"column":43}},"type":"if","locations":[{"start":{"line":130,"column":8},"end":{"line":130,"column":43}},{"start":{},"end":{}}],"line":130},"19":{"loc":{"start":{"line":162,"column":89},"end":{"line":162,"column":138}},"type":"binary-expr","locations":[{"start":{"line":162,"column":89},"end":{"line":162,"column":103}},{"start":{"line":162,"column":107},"end":{"line":162,"column":138}}],"line":162},"20":{"loc":{"start":{"line":163,"column":31},"end":{"line":163,"column":73}},"type":"cond-expr","locations":[{"start":{"line":163,"column":44},"end":{"line":163,"column":56}},{"start":{"line":163,"column":59},"end":{"line":163,"column":73}}],"line":163},"21":{"loc":{"start":{"line":163,"column":92},"end":{"line":163,"column":158}},"type":"cond-expr","locations":[{"start":{"line":163,"column":109},"end":{"line":163,"column":129}},{"start":{"line":163,"column":132},"end":{"line":163,"column":158}}],"line":163},"22":{"loc":{"start":{"line":166,"column":13},"end":{"line":217,"column":13}},"type":"binary-expr","locations":[{"start":{"line":166,"column":13},"end":{"line":166,"column":23}},{"start":{"line":167,"column":16},"end":{"line":216,"column":32}}],"line":166},"23":{"loc":{"start":{"line":180,"column":104},"end":{"line":180,"column":158}},"type":"cond-expr","locations":[{"start":{"line":180,"column":115},"end":{"line":180,"column":151}},{"start":{"line":180,"column":154},"end":{"line":180,"column":158}}],"line":180},"24":{"loc":{"start":{"line":182,"column":25},"end":{"line":186,"column":25}},"type":"binary-expr","locations":[{"start":{"line":182,"column":25},"end":{"line":182,"column":33}},{"start":{"line":183,"column":28},"end":{"line":185,"column":47}}],"line":182},"25":{"loc":{"start":{"line":188,"column":25},"end":{"line":199,"column":25}},"type":"binary-expr","locations":[{"start":{"line":188,"column":25},"end":{"line":188,"column":51}},{"start":{"line":189,"column":28},"end":{"line":198,"column":30}}],"line":188},"26":{"loc":{"start":{"line":191,"column":36},"end":{"line":193,"column":64}},"type":"cond-expr","locations":[{"start":{"line":192,"column":43},"end":{"line":192,"column":65}},{"start":{"line":193,"column":43},"end":{"line":193,"column":63}}],"line":191},"27":{"loc":{"start":{"line":192,"column":43},"end":{"line":192,"column":65}},"type":"binary-expr","locations":[{"start":{"line":192,"column":43},"end":{"line":192,"column":51}},{"start":{"line":192,"column":55},"end":{"line":192,"column":65}}],"line":192},"28":{"loc":{"start":{"line":193,"column":43},"end":{"line":193,"column":63}},"type":"binary-expr","locations":[{"start":{"line":193,"column":43},"end":{"line":193,"column":49}},{"start":{"line":193,"column":53},"end":{"line":193,"column":63}}],"line":193},"29":{"loc":{"start":{"line":196,"column":41},"end":{"line":196,"column":86}},"type":"cond-expr","locations":[{"start":{"line":196,"column":65},"end":{"line":196,"column":74}},{"start":{"line":196,"column":77},"end":{"line":196,"column":86}}],"line":196},"30":{"loc":{"start":{"line":207,"column":104},"end":{"line":207,"column":154}},"type":"cond-expr","locations":[{"start":{"line":207,"column":113},"end":{"line":207,"column":147}},{"start":{"line":207,"column":150},"end":{"line":207,"column":154}}],"line":207},"31":{"loc":{"start":{"line":209,"column":25},"end":{"line":213,"column":25}},"type":"binary-expr","locations":[{"start":{"line":209,"column":25},"end":{"line":209,"column":31}},{"start":{"line":210,"column":28},"end":{"line":212,"column":47}}],"line":209}},"s":{"0":1,"1":0,"2":0,"3":0,"4":0,"5":0,"6":0,"7":0,"8":0,"9":0,"10":0,"11":0,"12":0,"13":0,"14":0,"15":0,"16":0,"17":0,"18":0,"19":0,"20":0,"21":0,"22":0,"23":0,"24":0,"25":0,"26":0,"27":0,"28":0,"29":0,"30":0,"31":0,"32":0,"33":0,"34":0,"35":0,"36":0,"37":0,"38":0,"39":0,"40":0,"41":0,"42":0,"43":0,"44":0,"45":0,"46":0,"47":0,"48":0,"49":0,"50":0,"51":0,"52":0,"53":0,"54":0,"55":0,"56":0,"57":0,"58":0,"59":0,"60":0,"61":0,"62":0,"63":0,"64":0,"65":0,"66":0,"67":0,"68":0,"69":0,"70":0,"71":0,"72":0,"73":0,"74":0,"75":0,"76":0,"77":0,"78":0,"79":0,"80":0,"81":0,"82":0,"83":0,"84":1},"f":{"0":0,"1":0,"2":0,"3":0,"4":0,"5":0,"6":0,"7":0,"8":0,"9":0,"10":0},"b":{"0":[0],"1":[0,0,0,0,0,0,0,0,0,0],"2":[0,0],"3":[0,0],"4":[0,0],"5":[0,0],"6":[0,0],"7":[0,0],"8":[0,0,0,0],"9":[0,0],"10":[0,0],"11":[0,0],"12":[0,0],"13":[0,0],"14":[0,0],"15":[0,0],"16":[0,0],"17":[0,0],"18":[0,0],"19":[0,0],"20":[0,0],"21":[0,0],"22":[0,0],"23":[0,0],"24":[0,0],"25":[0,0],"26":[0,0],"27":[0,0],"28":[0,0],"29":[0,0],"30":[0,0],"31":[0,0]},"_coverageSchema":"1a1c01bbd47fc00a2c39e90264f33305004495a9","hash":"4c29f711963dc54a8b33eaaedf9896100ec832a1"}
,"C:\\Moje\\Programming\\Apps\\DailyFlow\\src\\components\\EmptyState.tsx": {"path":"C:\\Moje\\Programming\\Apps\\DailyFlow\\src\\components\\EmptyState.tsx","statementMap":{"0":{"start":{"line":24,"column":19},"end":{"line":56,"column":1}},"1":{"start":{"line":25,"column":18},"end":{"line":25,"column":28}},"2":{"start":{"line":26,"column":4},"end":{"line":55,"column":6}},"3":{"start":{"line":45,"column":18},"end":{"line":50,"column":20}},"4":{"start":{"line":58,"column":15},"end":{"line":88,"column":2}}},"fnMap":{"0":{"name":"(anonymous_0)","decl":{"start":{"line":24,"column":19},"end":{"line":24,"column":20}},"loc":{"start":{"line":24,"column":118},"end":{"line":56,"column":1}},"line":24},"1":{"name":"(anonymous_1)","decl":{"start":{"line":44,"column":29},"end":{"line":44,"column":30}},"loc":{"start":{"line":45,"column":18},"end":{"line":50,"column":20}},"line":45}},"branchMap":{"0":{"loc":{"start":{"line":28,"column":13},"end":{"line":32,"column":13}},"type":"cond-expr","locations":[{"start":{"line":29,"column":14},"end":{"line":29,"column":94}},{"start":{"line":31,"column":14},"end":{"line":31,"column":80}}],"line":28},"1":{"loc":{"start":{"line":35,"column":13},"end":{"line":41,"column":13}},"type":"binary-expr","locations":[{"start":{"line":35,"column":13},"end":{"line":35,"column":24}},{"start":{"line":35,"column":28},"end":{"line":35,"column":41}},{"start":{"line":35,"column":45},"end":{"line":35,"column":61}},{"start":{"line":36,"column":16},"end":{"line":40,"column":18}}],"line":35},"2":{"loc":{"start":{"line":42,"column":13},"end":{"line":53,"column":13}},"type":"binary-expr","locations":[{"start":{"line":42,"column":13},"end":{"line":42,"column":20}},{"start":{"line":42,"column":24},"end":{"line":42,"column":42}},{"start":{"line":43,"column":14},"end":{"line":52,"column":21}}],"line":42},"3":{"loc":{"start":{"line":49,"column":66},"end":{"line":49,"column":134}},"type":"cond-expr","locations":[{"start":{"line":49,"column":94},"end":{"line":49,"column":111}},{"start":{"line":49,"column":114},"end":{"line":49,"column":134}}],"line":49}},"s":{"0":1,"1":0,"2":0,"3":0,"4":1},"f":{"0":0,"1":0},"b":{"0":[0,0],"1":[0,0,0,0],"2":[0,0,0],"3":[0,0]},"_coverageSchema":"1a1c01bbd47fc00a2c39e90264f33305004495a9","hash":"72197e740c6fe74f143a3df0d6531fc4f18568b5"}
,"C:\\Moje\\Programming\\Apps\\DailyFlow\\src\\components\\ErrorBoundary.tsx": {"path":"C:\\Moje\\Programming\\Apps\\DailyFlow\\src\\components\\ErrorBoundary.tsx","statementMap":{"0":{"start":{"line":12,"column":4},"end":{"line":12,"column":17}},"1":{"start":{"line":13,"column":4},"end":{"line":13,"column":37}},"2":{"start":{"line":17,"column":4},"end":{"line":17,"column":37}},"3":{"start":{"line":21,"column":4},"end":{"line":21,"column":77}},"4":{"start":{"line":25,"column":4},"end":{"line":29,"column":5}},"5":{"start":{"line":26,"column":6},"end":{"line":26,"column":34}},"6":{"start":{"line":28,"column":6},"end":{"line":28,"column":46}},"7":{"start":{"line":33,"column":4},"end":{"line":33,"column":57}},"8":{"start":{"line":33,"column":30},"end":{"line":33,"column":57}},"9":{"start":{"line":34,"column":18},"end":{"line":34,"column":37}},"10":{"start":{"line":35,"column":20},"end":{"line":35,"column":126}},"11":{"start":{"line":36,"column":4},"end":{"line":49,"column":6}},"12":{"start":{"line":44,"column":125},"end":{"line":44,"column":144}},"13":{"start":{"line":53,"column":0},"end":{"line":53,"column":53}},"14":{"start":{"line":55,"column":15},"end":{"line":64,"column":2}}},"fnMap":{"0":{"name":"(anonymous_0)","decl":{"start":{"line":11,"column":2},"end":{"line":11,"column":3}},"loc":{"start":{"line":11,"column":50},"end":{"line":14,"column":3}},"line":11},"1":{"name":"(anonymous_1)","decl":{"start":{"line":16,"column":2},"end":{"line":16,"column":3}},"loc":{"start":{"line":16,"column":70},"end":{"line":18,"column":3}},"line":16},"2":{"name":"(anonymous_2)","decl":{"start":{"line":20,"column":2},"end":{"line":20,"column":3}},"loc":{"start":{"line":20,"column":59},"end":{"line":22,"column":3}},"line":20},"3":{"name":"(anonymous_3)","decl":{"start":{"line":24,"column":2},"end":{"line":24,"column":3}},"loc":{"start":{"line":24,"column":23},"end":{"line":30,"column":3}},"line":24},"4":{"name":"(anonymous_4)","decl":{"start":{"line":32,"column":2},"end":{"line":32,"column":3}},"loc":{"start":{"line":32,"column":11},"end":{"line":50,"column":3}},"line":32},"5":{"name":"(anonymous_5)","decl":{"start":{"line":44,"column":119},"end":{"line":44,"column":120}},"loc":{"start":{"line":44,"column":125},"end":{"line":44,"column":144}},"line":44}},"branchMap":{"0":{"loc":{"start":{"line":33,"column":4},"end":{"line":33,"column":57}},"type":"if","locations":[{"start":{"line":33,"column":4},"end":{"line":33,"column":57}},{"start":{},"end":{}}],"line":33},"1":{"loc":{"start":{"line":35,"column":20},"end":{"line":35,"column":126}},"type":"cond-expr","locations":[{"start":{"line":35,"column":56},"end":{"line":35,"column":80}},{"start":{"line":35,"column":83},"end":{"line":35,"column":126}}],"line":35},"2":{"loc":{"start":{"line":35,"column":90},"end":{"line":35,"column":125}},"type":"binary-expr","locations":[{"start":{"line":35,"column":90},"end":{"line":35,"column":106}},{"start":{"line":35,"column":110},"end":{"line":35,"column":125}}],"line":35},"3":{"loc":{"start":{"line":37,"column":38},"end":{"line":37,"column":97}},"type":"cond-expr","locations":[{"start":{"line":37,"column":46},"end":{"line":37,"column":90}},{"start":{"line":37,"column":93},"end":{"line":37,"column":97}}],"line":37},"4":{"loc":{"start":{"line":38,"column":35},"end":{"line":38,"column":122}},"type":"cond-expr","locations":[{"start":{"line":38,"column":43},"end":{"line":38,"column":115}},{"start":{"line":38,"column":118},"end":{"line":38,"column":122}}],"line":38},"5":{"loc":{"start":{"line":39,"column":38},"end":{"line":39,"column":88}},"type":"cond-expr","locations":[{"start":{"line":39,"column":46},"end":{"line":39,"column":81}},{"start":{"line":39,"column":84},"end":{"line":39,"column":88}}],"line":39},"6":{"loc":{"start":{"line":40,"column":41},"end":{"line":40,"column":93}},"type":"cond-expr","locations":[{"start":{"line":40,"column":49},"end":{"line":40,"column":86}},{"start":{"line":40,"column":89},"end":{"line":40,"column":93}}],"line":40},"7":{"loc":{"start":{"line":41,"column":47},"end":{"line":41,"column":98}},"type":"cond-expr","locations":[{"start":{"line":41,"column":55},"end":{"line":41,"column":91}},{"start":{"line":41,"column":94},"end":{"line":41,"column":98}}],"line":41},"8":{"loc":{"start":{"line":42,"column":44},"end":{"line":42,"column":96}},"type":"cond-expr","locations":[{"start":{"line":42,"column":52},"end":{"line":42,"column":89}},{"start":{"line":42,"column":92},"end":{"line":42,"column":96}}],"line":42},"9":{"loc":{"start":{"line":44,"column":51},"end":{"line":44,"column":107}},"type":"cond-expr","locations":[{"start":{"line":44,"column":59},"end":{"line":44,"column":100}},{"start":{"line":44,"column":103},"end":{"line":44,"column":107}}],"line":44}},"s":{"0":0,"1":0,"2":0,"3":0,"4":0,"5":0,"6":0,"7":0,"8":0,"9":0,"10":0,"11":0,"12":0,"13":0,"14":0},"f":{"0":0,"1":0,"2":0,"3":0,"4":0,"5":0},"b":{"0":[0,0],"1":[0,0],"2":[0,0],"3":[0,0],"4":[0,0],"5":[0,0],"6":[0,0],"7":[0,0],"8":[0,0],"9":[0,0]}}
,"C:\\Moje\\Programming\\Apps\\DailyFlow\\src\\components\\FilterPresets.tsx": {"path":"C:\\Moje\\Programming\\Apps\\DailyFlow\\src\\components\\FilterPresets.tsx","statementMap":{"0":{"start":{"line":24,"column":2},"end":{"line":24,"column":67}},"1":{"start":{"line":27,"column":22},"end":{"line":117,"column":1}},"2":{"start":{"line":34,"column":16},"end":{"line":34,"column":26}},"3":{"start":{"line":35,"column":32},"end":{"line":35,"column":68}},"4":{"start":{"line":36,"column":46},"end":{"line":36,"column":61}},"5":{"start":{"line":37,"column":38},"end":{"line":37,"column":50}},"6":{"start":{"line":39,"column":14},"end":{"line":39,"column":94}},"7":{"start":{"line":39,"column":29},"end":{"line":39,"column":70}},"8":{"start":{"line":41,"column":2},"end":{"line":49,"column":12}},"9":{"start":{"line":42,"column":4},"end":{"line":42,"column":21}},"10":{"start":{"line":42,"column":14},"end":{"line":42,"column":21}},"11":{"start":{"line":43,"column":4},"end":{"line":48,"column":9}},"12":{"start":{"line":44,"column":6},"end":{"line":47,"column":16}},"13":{"start":{"line":45,"column":20},"end":{"line":45,"column":51}},"14":{"start":{"line":46,"column":8},"end":{"line":46,"column":45}},"15":{"start":{"line":46,"column":17},"end":{"line":46,"column":45}},"16":{"start":{"line":51,"column":18},"end":{"line":55,"column":3}},"17":{"start":{"line":52,"column":4},"end":{"line":52,"column":21}},"18":{"start":{"line":53,"column":4},"end":{"line":53,"column":21}},"19":{"start":{"line":53,"column":14},"end":{"line":53,"column":21}},"20":{"start":{"line":54,"column":4},"end":{"line":54,"column":75}},"21":{"start":{"line":54,"column":10},"end":{"line":54,"column":64}},"22":{"start":{"line":57,"column":27},"end":{"line":65,"column":3}},"23":{"start":{"line":58,"column":17},"end":{"line":58,"column":34}},"24":{"start":{"line":59,"column":4},"end":{"line":59,"column":52}},"25":{"start":{"line":59,"column":17},"end":{"line":59,"column":42}},"26":{"start":{"line":59,"column":43},"end":{"line":59,"column":50}},"27":{"start":{"line":60,"column":17},"end":{"line":60,"column":36}},"28":{"start":{"line":61,"column":41},"end":{"line":61,"column":100}},"29":{"start":{"line":62,"column":4},"end":{"line":62,"column":24}},"30":{"start":{"line":63,"column":4},"end":{"line":63,"column":22}},"31":{"start":{"line":64,"column":4},"end":{"line":64,"column":29}},"32":{"start":{"line":67,"column":22},"end":{"line":69,"column":3}},"33":{"start":{"line":68,"column":4},"end":{"line":68,"column":25}},"34":{"start":{"line":71,"column":23},"end":{"line":74,"column":3}},"35":{"start":{"line":72,"column":17},"end":{"line":72,"column":49}},"36":{"start":{"line":72,"column":37},"end":{"line":72,"column":48}},"37":{"start":{"line":73,"column":4},"end":{"line":73,"column":24}},"38":{"start":{"line":76,"column":2},"end":{"line":116,"column":4}},"39":{"start":{"line":80,"column":41},"end":{"line":80,"column":64}},"40":{"start":{"line":87,"column":10},"end":{"line":94,"column":17}},"41":{"start":{"line":88,"column":45},"end":{"line":88,"column":59}},"42":{"start":{"line":91,"column":45},"end":{"line":91,"column":63}},"43":{"start":{"line":101,"column":30},"end":{"line":101,"column":54}},"44":{"start":{"line":103,"column":43},"end":{"line":103,"column":67}},"45":{"start":{"line":119,"column":15},"end":{"line":201,"column":2}}},"fnMap":{"0":{"name":"generateId","decl":{"start":{"line":23,"column":9},"end":{"line":23,"column":19}},"loc":{"start":{"line":23,"column":22},"end":{"line":25,"column":1}},"line":23},"1":{"name":"(anonymous_1)","decl":{"start":{"line":27,"column":22},"end":{"line":27,"column":23}},"loc":{"start":{"line":33,"column":29},"end":{"line":117,"column":1}},"line":33},"2":{"name":"(anonymous_2)","decl":{"start":{"line":39,"column":22},"end":{"line":39,"column":23}},"loc":{"start":{"line":39,"column":29},"end":{"line":39,"column":70}},"line":39},"3":{"name":"(anonymous_3)","decl":{"start":{"line":41,"column":12},"end":{"line":41,"column":13}},"loc":{"start":{"line":41,"column":18},"end":{"line":49,"column":3}},"line":41},"4":{"name":"(anonymous_4)","decl":{"start":{"line":43,"column":5},"end":{"line":43,"column":6}},"loc":{"start":{"line":43,"column":17},"end":{"line":48,"column":5}},"line":43},"5":{"name":"(anonymous_5)","decl":{"start":{"line":51,"column":18},"end":{"line":51,"column":19}},"loc":{"start":{"line":51,"column":58},"end":{"line":55,"column":3}},"line":51},"6":{"name":"(anonymous_6)","decl":{"start":{"line":57,"column":27},"end":{"line":57,"column":28}},"loc":{"start":{"line":57,"column":39},"end":{"line":65,"column":3}},"line":57},"7":{"name":"(anonymous_7)","decl":{"start":{"line":67,"column":22},"end":{"line":67,"column":23}},"loc":{"start":{"line":67,"column":46},"end":{"line":69,"column":3}},"line":67},"8":{"name":"(anonymous_8)","decl":{"start":{"line":71,"column":23},"end":{"line":71,"column":24}},"loc":{"start":{"line":71,"column":45},"end":{"line":74,"column":3}},"line":71},"9":{"name":"(anonymous_9)","decl":{"start":{"line":72,"column":32},"end":{"line":72,"column":33}},"loc":{"start":{"line":72,"column":37},"end":{"line":72,"column":48}},"line":72},"10":{"name":"(anonymous_10)","decl":{"start":{"line":80,"column":35},"end":{"line":80,"column":36}},"loc":{"start":{"line":80,"column":41},"end":{"line":80,"column":64}},"line":80},"11":{"name":"(anonymous_11)","decl":{"start":{"line":86,"column":21},"end":{"line":86,"column":22}},"loc":{"start":{"line":87,"column":10},"end":{"line":94,"column":17}},"line":87},"12":{"name":"(anonymous_12)","decl":{"start":{"line":88,"column":39},"end":{"line":88,"column":40}},"loc":{"start":{"line":88,"column":45},"end":{"line":88,"column":59}},"line":88},"13":{"name":"(anonymous_13)","decl":{"start":{"line":91,"column":39},"end":{"line":91,"column":40}},"loc":{"start":{"line":91,"column":45},"end":{"line":91,"column":63}},"line":91},"14":{"name":"(anonymous_14)","decl":{"start":{"line":101,"column":24},"end":{"line":101,"column":25}},"loc":{"start":{"line":101,"column":30},"end":{"line":101,"column":54}},"line":101},"15":{"name":"(anonymous_15)","decl":{"start":{"line":103,"column":37},"end":{"line":103,"column":38}},"loc":{"start":{"line":103,"column":43},"end":{"line":103,"column":67}},"line":103}},"branchMap":{"0":{"loc":{"start":{"line":30,"column":2},"end":{"line":30,"column":27}},"type":"default-arg","locations":[{"start":{"line":30,"column":10},"end":{"line":30,"column":27}}],"line":30},"1":{"loc":{"start":{"line":39,"column":29},"end":{"line":39,"column":70}},"type":"cond-expr","locations":[{"start":{"line":39,"column":38},"end":{"line":39,"column":63}},{"start":{"line":39,"column":66},"end":{"line":39,"column":70}}],"line":39},"2":{"loc":{"start":{"line":42,"column":4},"end":{"line":42,"column":21}},"type":"if","locations":[{"start":{"line":42,"column":4},"end":{"line":42,"column":21}},{"start":{},"end":{}}],"line":42},"3":{"loc":{"start":{"line":46,"column":8},"end":{"line":46,"column":45}},"type":"if","locations":[{"start":{"line":46,"column":8},"end":{"line":46,"column":45}},{"start":{},"end":{}}],"line":46},"4":{"loc":{"start":{"line":53,"column":4},"end":{"line":53,"column":21}},"type":"if","locations":[{"start":{"line":53,"column":4},"end":{"line":53,"column":21}},{"start":{},"end":{}}],"line":53},"5":{"loc":{"start":{"line":59,"column":4},"end":{"line":59,"column":52}},"type":"if","locations":[{"start":{"line":59,"column":4},"end":{"line":59,"column":52}},{"start":{},"end":{}}],"line":59}},"s":{"0":0,"1":1,"2":26,"3":26,"4":26,"5":26,"6":26,"7":26,"8":26,"9":0,"10":0,"11":0,"12":0,"13":0,"14":0,"15":0,"16":26,"17":0,"18":0,"19":0,"20":0,"21":0,"22":26,"23":0,"24":0,"25":0,"26":0,"27":0,"28":0,"29":0,"30":0,"31":0,"32":26,"33":0,"34":26,"35":0,"36":0,"37":0,"38":26,"39":0,"40":0,"41":0,"42":0,"43":0,"44":0,"45":1},"f":{"0":0,"1":26,"2":26,"3":0,"4":0,"5":0,"6":0,"7":0,"8":0,"9":0,"10":0,"11":0,"12":0,"13":0,"14":0,"15":0},"b":{"0":[0],"1":[0,26],"2":[0,0],"3":[0,0],"4":[0,0],"5":[0,0]},"_coverageSchema":"1a1c01bbd47fc00a2c39e90264f33305004495a9","hash":"234b85038d835cd8b8a4de8e0f02aff4526735de"}
,"C:\\Moje\\Programming\\Apps\\DailyFlow\\src\\components\\ForgotPasswordModal.tsx": {"path":"C:\\Moje\\Programming\\Apps\\DailyFlow\\src\\components\\ForgotPasswordModal.tsx","statementMap":{"0":{"start":{"line":17,"column":28},"end":{"line":124,"column":1}},"1":{"start":{"line":18,"column":38},"end":{"line":18,"column":50}},"2":{"start":{"line":19,"column":36},"end":{"line":19,"column":51}},"3":{"start":{"line":20,"column":46},"end":{"line":20,"column":61}},"4":{"start":{"line":21,"column":41},"end":{"line":21,"column":51}},"5":{"start":{"line":22,"column":16},"end":{"line":22,"column":26}},"6":{"start":{"line":24,"column":30},"end":{"line":53,"column":3}},"7":{"start":{"line":25,"column":4},"end":{"line":28,"column":5}},"8":{"start":{"line":26,"column":6},"end":{"line":26,"column":72}},"9":{"start":{"line":27,"column":6},"end":{"line":27,"column":13}},"10":{"start":{"line":30,"column":4},"end":{"line":30,"column":23}},"11":{"start":{"line":31,"column":4},"end":{"line":52,"column":5}},"12":{"start":{"line":33,"column":20},"end":{"line":33,"column":70}},"13":{"start":{"line":35,"column":6},"end":{"line":39,"column":7}},"14":{"start":{"line":36,"column":8},"end":{"line":36,"column":64}},"15":{"start":{"line":37,"column":8},"end":{"line":37,"column":28}},"16":{"start":{"line":38,"column":8},"end":{"line":38,"column":15}},"17":{"start":{"line":41,"column":6},"end":{"line":41,"column":53}},"18":{"start":{"line":42,"column":6},"end":{"line":42,"column":138}},"19":{"start":{"line":43,"column":6},"end":{"line":45,"column":15}},"20":{"start":{"line":44,"column":8},"end":{"line":44,"column":18}},"21":{"start":{"line":47,"column":33},"end":{"line":47,"column":89}},"22":{"start":{"line":48,"column":6},"end":{"line":48,"column":38}},"23":{"start":{"line":49,"column":6},"end":{"line":49,"column":71}},"24":{"start":{"line":49,"column":12},"end":{"line":49,"column":60}},"25":{"start":{"line":51,"column":6},"end":{"line":51,"column":26}},"26":{"start":{"line":55,"column":22},"end":{"line":59,"column":3}},"27":{"start":{"line":56,"column":4},"end":{"line":56,"column":22}},"28":{"start":{"line":57,"column":4},"end":{"line":57,"column":29}},"29":{"start":{"line":58,"column":4},"end":{"line":58,"column":14}},"30":{"start":{"line":63,"column":2},"end":{"line":123,"column":4}},"31":{"start":{"line":84,"column":38},"end":{"line":84,"column":145}},"32":{"start":{"line":84,"column":54},"end":{"line":84,"column":82}},"33":{"start":{"line":84,"column":84},"end":{"line":84,"column":134}},"34":{"start":{"line":84,"column":147},"end":{"line":84,"column":169}},"35":{"start":{"line":98,"column":38},"end":{"line":98,"column":120}},"36":{"start":{"line":98,"column":54},"end":{"line":98,"column":82}},"37":{"start":{"line":98,"column":84},"end":{"line":98,"column":109}},"38":{"start":{"line":98,"column":122},"end":{"line":98,"column":146}},"39":{"start":{"line":115,"column":23},"end":{"line":115,"column":47}},"40":{"start":{"line":118,"column":10},"end":{"line":118,"column":35}},"41":{"start":{"line":119,"column":10},"end":{"line":119,"column":20}},"42":{"start":{"line":126,"column":17},"end":{"line":137,"column":2}}},"fnMap":{"0":{"name":"(anonymous_0)","decl":{"start":{"line":17,"column":28},"end":{"line":17,"column":29}},"loc":{"start":{"line":17,"column":80},"end":{"line":124,"column":1}},"line":17},"1":{"name":"(anonymous_1)","decl":{"start":{"line":24,"column":30},"end":{"line":24,"column":31}},"loc":{"start":{"line":24,"column":42},"end":{"line":53,"column":3}},"line":24},"2":{"name":"(anonymous_2)","decl":{"start":{"line":43,"column":17},"end":{"line":43,"column":18}},"loc":{"start":{"line":43,"column":23},"end":{"line":45,"column":7}},"line":43},"3":{"name":"(anonymous_3)","decl":{"start":{"line":55,"column":22},"end":{"line":55,"column":23}},"loc":{"start":{"line":55,"column":28},"end":{"line":59,"column":3}},"line":55},"4":{"name":"(anonymous_4)","decl":{"start":{"line":84,"column":24},"end":{"line":84,"column":25}},"loc":{"start":{"line":84,"column":36},"end":{"line":84,"column":171}},"line":84},"5":{"name":"(anonymous_5)","decl":{"start":{"line":98,"column":24},"end":{"line":98,"column":25}},"loc":{"start":{"line":98,"column":36},"end":{"line":98,"column":148}},"line":98},"6":{"name":"(anonymous_6)","decl":{"start":{"line":115,"column":17},"end":{"line":115,"column":18}},"loc":{"start":{"line":115,"column":23},"end":{"line":115,"column":47}},"line":115},"7":{"name":"(anonymous_7)","decl":{"start":{"line":116,"column":19},"end":{"line":116,"column":20}},"loc":{"start":{"line":116,"column":25},"end":{"line":120,"column":9}},"line":116}},"branchMap":{"0":{"loc":{"start":{"line":25,"column":4},"end":{"line":28,"column":5}},"type":"if","locations":[{"start":{"line":25,"column":4},"end":{"line":28,"column":5}},{"start":{},"end":{}}],"line":25},"1":{"loc":{"start":{"line":35,"column":6},"end":{"line":39,"column":7}},"type":"if","locations":[{"start":{"line":35,"column":6},"end":{"line":39,"column":7}},{"start":{},"end":{}}],"line":35},"2":{"loc":{"start":{"line":47,"column":70},"end":{"line":47,"column":87}},"type":"binary-expr","locations":[{"start":{"line":47,"column":70},"end":{"line":47,"column":81}},{"start":{"line":47,"column":85},"end":{"line":47,"column":87}}],"line":47},"3":{"loc":{"start":{"line":87,"column":16},"end":{"line":87,"column":122}},"type":"cond-expr","locations":[{"start":{"line":87,"column":28},"end":{"line":87,"column":63}},{"start":{"line":87,"column":66},"end":{"line":87,"column":122}}],"line":87}},"s":{"0":0,"1":0,"2":0,"3":0,"4":0,"5":0,"6":0,"7":0,"8":0,"9":0,"10":0,"11":0,"12":0,"13":0,"14":0,"15":0,"16":0,"17":0,"18":0,"19":0,"20":0,"21":0,"22":0,"23":0,"24":0,"25":0,"26":0,"27":0,"28":0,"29":0,"30":0,"31":0,"32":0,"33":0,"34":0,"35":0,"36":0,"37":0,"38":0,"39":0,"40":0,"41":0,"42":0},"f":{"0":0,"1":0,"2":0,"3":0,"4":0,"5":0,"6":0,"7":0},"b":{"0":[0,0],"1":[0,0],"2":[0,0],"3":[0,0]}}
,"C:\\Moje\\Programming\\Apps\\DailyFlow\\src\\components\\FormActionBar.tsx": {"path":"C:\\Moje\\Programming\\Apps\\DailyFlow\\src\\components\\FormActionBar.tsx","statementMap":{"0":{"start":{"line":24,"column":22},"end":{"line":58,"column":1}},"1":{"start":{"line":25,"column":16},"end":{"line":25,"column":26}},"2":{"start":{"line":26,"column":2},"end":{"line":57,"column":4}},"3":{"start":{"line":60,"column":15},"end":{"line":83,"column":2}}},"fnMap":{"0":{"name":"(anonymous_0)","decl":{"start":{"line":24,"column":22},"end":{"line":24,"column":23}},"loc":{"start":{"line":24,"column":94},"end":{"line":58,"column":1}},"line":24}},"branchMap":{"0":{"loc":{"start":{"line":28,"column":7},"end":{"line":41,"column":14}},"type":"cond-expr","locations":[{"start":{"line":29,"column":8},"end":{"line":40,"column":27}},{"start":{"line":41,"column":10},"end":{"line":41,"column":14}}],"line":28},"1":{"loc":{"start":{"line":30,"column":73},"end":{"line":30,"column":120}},"type":"binary-expr","locations":[{"start":{"line":30,"column":73},"end":{"line":30,"column":96}},{"start":{"line":30,"column":100},"end":{"line":30,"column":120}}],"line":30},"2":{"loc":{"start":{"line":32,"column":20},"end":{"line":32,"column":59}},"type":"binary-expr","locations":[{"start":{"line":32,"column":20},"end":{"line":32,"column":38}},{"start":{"line":32,"column":42},"end":{"line":32,"column":59}}],"line":32},"3":{"loc":{"start":{"line":33,"column":30},"end":{"line":33,"column":73}},"type":"binary-expr","locations":[{"start":{"line":33,"column":30},"end":{"line":33,"column":56}},{"start":{"line":33,"column":60},"end":{"line":33,"column":73}}],"line":33},"4":{"loc":{"start":{"line":35,"column":11},"end":{"line":39,"column":11}},"type":"cond-expr","locations":[{"start":{"line":36,"column":12},"end":{"line":36,"column":47}},{"start":{"line":38,"column":12},"end":{"line":38,"column":112}}],"line":35},"5":{"loc":{"start":{"line":42,"column":7},"end":{"line":55,"column":14}},"type":"cond-expr","locations":[{"start":{"line":43,"column":8},"end":{"line":54,"column":27}},{"start":{"line":55,"column":10},"end":{"line":55,"column":14}}],"line":42},"6":{"loc":{"start":{"line":44,"column":73},"end":{"line":44,"column":119}},"type":"binary-expr","locations":[{"start":{"line":44,"column":73},"end":{"line":44,"column":98}},{"start":{"line":44,"column":102},"end":{"line":44,"column":119}}],"line":44},"7":{"loc":{"start":{"line":46,"column":20},"end":{"line":46,"column":63}},"type":"binary-expr","locations":[{"start":{"line":46,"column":20},"end":{"line":46,"column":40}},{"start":{"line":46,"column":44},"end":{"line":46,"column":63}}],"line":46},"8":{"loc":{"start":{"line":47,"column":30},"end":{"line":47,"column":77}},"type":"binary-expr","locations":[{"start":{"line":47,"column":30},"end":{"line":47,"column":58}},{"start":{"line":47,"column":62},"end":{"line":47,"column":77}}],"line":47},"9":{"loc":{"start":{"line":49,"column":11},"end":{"line":53,"column":11}},"type":"cond-expr","locations":[{"start":{"line":50,"column":12},"end":{"line":50,"column":47}},{"start":{"line":52,"column":12},"end":{"line":52,"column":116}}],"line":49}},"s":{"0":0,"1":0,"2":0,"3":0},"f":{"0":0},"b":{"0":[0,0],"1":[0,0],"2":[0,0],"3":[0,0],"4":[0,0],"5":[0,0],"6":[0,0],"7":[0,0],"8":[0,0],"9":[0,0]}}
,"C:\\Moje\\Programming\\Apps\\DailyFlow\\src\\components\\LabeledInput.tsx": {"path":"C:\\Moje\\Programming\\Apps\\DailyFlow\\src\\components\\LabeledInput.tsx","statementMap":{"0":{"start":{"line":15,"column":21},"end":{"line":43,"column":1}},"1":{"start":{"line":26,"column":16},"end":{"line":26,"column":26}},"2":{"start":{"line":27,"column":2},"end":{"line":42,"column":4}},"3":{"start":{"line":45,"column":15},"end":{"line":54,"column":2}}},"fnMap":{"0":{"name":"(anonymous_0)","decl":{"start":{"line":15,"column":21},"end":{"line":15,"column":22}},"loc":{"start":{"line":25,"column":25},"end":{"line":43,"column":1}},"line":25}},"branchMap":{"0":{"loc":{"start":{"line":23,"column":2},"end":{"line":23,"column":17}},"type":"default-arg","locations":[{"start":{"line":23,"column":13},"end":{"line":23,"column":17}}],"line":23},"1":{"loc":{"start":{"line":29,"column":7},"end":{"line":31,"column":14}},"type":"cond-expr","locations":[{"start":{"line":30,"column":8},"end":{"line":30,"column":102}},{"start":{"line":31,"column":10},"end":{"line":31,"column":14}}],"line":29}},"s":{"0":2,"1":0,"2":0,"3":2},"f":{"0":0},"b":{"0":[0],"1":[0,0]},"_coverageSchema":"1a1c01bbd47fc00a2c39e90264f33305004495a9","hash":"b1702448f1bf14210ee189089e33a658598a1c64"}
,"C:\\Moje\\Programming\\Apps\\DailyFlow\\src\\components\\LinkAccountsModal.tsx": {"path":"C:\\Moje\\Programming\\Apps\\DailyFlow\\src\\components\\LinkAccountsModal.tsx","statementMap":{"0":{"start":{"line":13,"column":26},"end":{"line":43,"column":1}},"1":{"start":{"line":14,"column":34},"end":{"line":14,"column":46}},"2":{"start":{"line":15,"column":36},"end":{"line":15,"column":51}},"3":{"start":{"line":17,"column":24},"end":{"line":25,"column":3}},"4":{"start":{"line":18,"column":4},"end":{"line":18,"column":46}},"5":{"start":{"line":18,"column":39},"end":{"line":18,"column":46}},"6":{"start":{"line":19,"column":4},"end":{"line":19,"column":23}},"7":{"start":{"line":20,"column":4},"end":{"line":24,"column":5}},"8":{"start":{"line":21,"column":6},"end":{"line":21,"column":32}},"9":{"start":{"line":23,"column":6},"end":{"line":23,"column":26}},"10":{"start":{"line":27,"column":2},"end":{"line":42,"column":4}},"11":{"start":{"line":45,"column":18},"end":{"line":52,"column":1}},"12":{"start":{"line":46,"column":2},"end":{"line":51,"column":5}},"13":{"start":{"line":54,"column":17},"end":{"line":64,"column":1}},"14":{"start":{"line":55,"column":2},"end":{"line":63,"column":4}}},"fnMap":{"0":{"name":"(anonymous_0)","decl":{"start":{"line":13,"column":26},"end":{"line":13,"column":27}},"loc":{"start":{"line":13,"column":95},"end":{"line":43,"column":1}},"line":13},"1":{"name":"(anonymous_1)","decl":{"start":{"line":17,"column":24},"end":{"line":17,"column":25}},"loc":{"start":{"line":17,"column":36},"end":{"line":25,"column":3}},"line":17},"2":{"name":"(anonymous_2)","decl":{"start":{"line":45,"column":18},"end":{"line":45,"column":19}},"loc":{"start":{"line":46,"column":2},"end":{"line":51,"column":5}},"line":46},"3":{"name":"(anonymous_3)","decl":{"start":{"line":54,"column":17},"end":{"line":54,"column":18}},"loc":{"start":{"line":54,"column":66},"end":{"line":64,"column":1}},"line":54}},"branchMap":{"0":{"loc":{"start":{"line":18,"column":4},"end":{"line":18,"column":46}},"type":"if","locations":[{"start":{"line":18,"column":4},"end":{"line":18,"column":46}},{"start":{},"end":{}}],"line":18},"1":{"l
[...]
umn":55}},"type":"default-arg","locations":[{"start":{"line":82,"column":53},"end":{"line":82,"column":55}}],"line":82},"8":{"loc":{"start":{"line":85,"column":2},"end":{"line":85,"column":19}},"type":"if","locations":[{"start":{"line":85,"column":2},"end":{"line":85,"column":19}},{"start":{},"end":{}}],"line":85},"9":{"loc":{"start":{"line":86,"column":2},"end":{"line":86,"column":25}},"type":"if","locations":[{"start":{"line":86,"column":2},"end":{"line":86,"column":25}},{"start":{},"end":{}}],"line":86},"10":{"loc":{"start":{"line":90,"column":4},"end":{"line":90,"column":33}},"type":"if","locations":[{"start":{"line":90,"column":4},"end":{"line":90,"column":33}},{"start":{},"end":{}}],"line":90},"11":{"loc":{"start":{"line":95,"column":6},"end":{"line":95,"column":92}},"type":"if","locations":[{"start":{"line":95,"column":6},"end":{"line":95,"column":92}},{"start":{"line":95,"column":76},"end":{"line":95,"column":92}}],"line":95},"12":{"loc":{"start":{"line":95,"column":10},"end":{"line":95,"column":52}},"type":"binary-expr","locations":[{"start":{"line":95,"column":10},"end":{"line":95,"column":26}},{"start":{"line":95,"column":30},"end":{"line":95,"column":52}}],"line":95},"13":{"loc":{"start":{"line":102,"column":8},"end":{"line":122,"column":9}},"type":"if","locations":[{"start":{"line":102,"column":8},"end":{"line":122,"column":9}},{"start":{"line":104,"column":15},"end":{"line":122,"column":9}}],"line":102},"14":{"loc":{"start":{"line":104,"column":15},"end":{"line":122,"column":9}},"type":"if","locations":[{"start":{"line":104,"column":15},"end":{"line":122,"column":9}},{"start":{"line":120,"column":15},"end":{"line":122,"column":9}}],"line":104},"15":{"loc":{"start":{"line":106,"column":10},"end":{"line":119,"column":11}},"type":"if","locations":[{"start":{"line":106,"column":10},"end":{"line":119,"column":11}},{"start":{"line":117,"column":17},"end":{"line":119,"column":11}}],"line":106},"16":{"loc":{"start":{"line":106,"column":14},"end":{"line":106,"column":45}},"type":"binary-expr","locations":[{"start":{"line":106,"column":14},"end":{"line":106,"column":17}},{"start":{"line":106,"column":22},"end":{"line":106,"column":31}},{"start":{"line":106,"column":35},"end":{"line":106,"column":44}}],"line":106},"17":{"loc":{"start":{"line":108,"column":12},"end":{"line":112,"column":13}},"type":"if","locations":[{"start":{"line":108,"column":12},"end":{"line":112,"column":13}},{"start":{},"end":{}}],"line":108},"18":{"loc":{"start":{"line":113,"column":12},"end":{"line":115,"column":13}},"type":"if","locations":[{"start":{"line":113,"column":12},"end":{"line":115,"column":13}},{"start":{},"end":{}}],"line":113},"19":{"loc":{"start":{"line":120,"column":15},"end":{"line":122,"column":9}},"type":"if","locations":[{"start":{"line":120,"column":15},"end":{"line":122,"column":9}},{"start":{},"end":{}}],"line":120},"20":{"loc":{"start":{"line":126,"column":23},"end":{"line":126,"column":41}},"type":"binary-expr","locations":[{"start":{"line":126,"column":23},"end":{"line":126,"column":36}},{"start":{"line":126,"column":40},"end":{"line":126,"column":41}}],"line":126},"21":{"loc":{"start":{"line":136,"column":4},"end":{"line":138,"column":5}},"type":"if","locations":[{"start":{"line":136,"column":4},"end":{"line":138,"column":5}},{"start":{},"end":{}}],"line":136},"22":{"loc":{"start":{"line":147,"column":42},"end":{"line":147,"column":62}},"type":"if","locations":[{"start":{"line":147,"column":42},"end":{"line":147,"column":62}},{"start":{},"end":{}}],"line":147},"23":{"loc":{"start":{"line":152,"column":42},"end":{"line":152,"column":59}},"type":"if","locations":[{"start":{"line":152,"column":42},"end":{"line":152,"column":59}},{"start":{},"end":{}}],"line":152},"24":{"loc":{"start":{"line":157,"column":42},"end":{"line":157,"column":59}},"type":"if","locations":[{"start":{"line":157,"column":42},"end":{"line":157,"column":59}},{"start":{},"end":{}}],"line":157},"25":{"loc":{"start":{"line":164,"column":42},"end":{"line":164,"column":65}},"type":"if","locations":[{"start":{"line":164,"column":42},"end":{"line":164,"column":65}},{"start":{},"end":{}}],"line":164},"26":{"loc":{"start":{"line":167,"column":2},"end":{"line":167,"column":31}},"type":"if","locations":[{"start":{"line":167,"column":2},"end":{"line":167,"column":31}},{"start":{},"end":{}}],"line":167},"27":{"loc":{"start":{"line":170,"column":4},"end":{"line":190,"column":5}},"type":"if","locations":[{"start":{"line":170,"column":4},"end":{"line":190,"column":5}},{"start":{"line":172,"column":11},"end":{"line":190,"column":5}}],"line":170},"28":{"loc":{"start":{"line":172,"column":11},"end":{"line":190,"column":5}},"type":"if","locations":[{"start":{"line":172,"column":11},"end":{"line":190,"column":5}},{"start":{"line":188,"column":11},"end":{"line":190,"column":5}}],"line":172},"29":{"loc":{"start":{"line":174,"column":6},"end":{"line":187,"column":7}},"type":"if","locations":[{"start":{"line":174,"column":6},"end":{"line":187,"column":7}},{"start":{"line":185,"column":13},"end":{"line":187,"column":7}}],"line":174},"30":{"loc":{"start":{"line":174,"column":10},"end":{"line":174,"column":41}},"type":"binary-expr","locations":[{"start":{"line":174,"column":10},"end":{"line":174,"column":13}},{"start":{"line":174,"column":18},"end":{"line":174,"column":27}},{"start":{"line":174,"column":31},"end":{"line":174,"column":40}}],"line":174},"31":{"loc":{"start":{"line":176,"column":8},"end":{"line":180,"column":9}},"type":"if","locations":[{"start":{"line":176,"column":8},"end":{"line":180,"column":9}},{"start":{},"end":{}}],"line":176},"32":{"loc":{"start":{"line":181,"column":8},"end":{"line":183,"column":9}},"type":"if","locations":[{"start":{"line":181,"column":8},"end":{"line":183,"column":9}},{"start":{},"end":{}}],"line":181},"33":{"loc":{"start":{"line":188,"column":11},"end":{"line":190,"column":5}},"type":"if","locations":[{"start":{"line":188,"column":11},"end":{"line":190,"column":5}},{"start":{},"end":{}}],"line":188},"34":{"loc":{"start":{"line":196,"column":19},"end":{"line":196,"column":37}},"type":"binary-expr","locations":[{"start":{"line":196,"column":19},"end":{"line":196,"column":32}},{"start":{"line":196,"column":36},"end":{"line":196,"column":37}}],"line":196}},"s":{"0":1,"1":0,"2":1,"3":1,"4":0,"5":0,"6":0,"7":0,"8":0,"9":0,"10":0,"11":0,"12":0,"13":0,"14":0,"15":0,"16":0,"17":0,"18":0,"19":0,"20":0,"21":0,"22":0,"23":0,"24":0,"25":0,"26":0,"27":0,"28":0,"29":0,"30":0,"31":0,"32":0,"33":0,"34":0,"35":0,"36":0,"37":0,"38":0,"39":0,"40":0,"41":0,"42":0,"43":0,"44":0,"45":0,"46":0,"47":0,"48":0,"49":0,"50":0,"51":0,"52":0,"53":0,"54":0,"55":0,"56":0,"57":0,"58":0,"59":0,"60":0,"61":0,"62":0,"63":0,"64":0,"65":0,"66":0,"67":0,"68":0,"69":0,"70":0,"71":0,"72":0,"73":0,"74":0,"75":0,"76":0,"77":0,"78":0,"79":0,"80":0,"81":0,"82":0,"83":0,"84":0,"85":0,"86":0,"87":0,"88":0,"89":0,"90":0,"91":0,"92":0,"93":0,"94":0,"95":0,"96":0,"97":0,"98":0,"99":0,"100":0,"101":0,"102":0,"103":0,"104":0,"105":0,"106":0,"107":0,"108":0,"109":0,"110":0,"111":0,"112":0,"113":0,"114":0,"115":0,"116":0,"117":0,"118":0,"119":0,"120":0,"121":0,"122":0,"123":0,"124":0,"125":0,"126":0,"127":0,"128":0,"129":0,"130":0,"131":0,"132":0,"133":0,"134":0,"135":0,"136":0},"f":{"0":0,"1":0,"2":0,"3":0,"4":0,"5":0,"6":0,"7":0,"8":0,"9":0,"10":0,"11":0,"12":0,"13":0,"14":0},"b":{"0":[0,0],"1":[0,0],"2":[0,0],"3":[0,0],"4":[0,0],"5":[0,0],"6":[0,0],"7":[0],"8":[0,0],"9":[0,0],"10":[0,0],"11":[0,0],"12":[0,0],"13":[0,0],"14":[0,0],"15":[0,0],"16":[0,0,0],"17":[0,0],"18":[0,0],"19":[0,0],"20":[0,0],"21":[0,0],"22":[0,0],"23":[0,0],"24":[0,0],"25":[0,0],"26":[0,0],"27":[0,0],"28":[0,0],"29":[0,0],"30":[0,0,0],"31":[0,0],"32":[0,0],"33":[0,0],"34":[0,0]},"_coverageSchema":"1a1c01bbd47fc00a2c39e90264f33305004495a9","hash":"d05aacc4d75d77467190b9cd5fc395044d8a3895"}
,"C:\\Moje\\Programming\\Apps\\DailyFlow\\src\\utils\\phone.ts": {"path":"C:\\Moje\\Programming\\Apps\\DailyFlow\\src\\utils\\phone.ts","statementMap":{"0":{"start":{"line":1,"column":29},"end":{"line":1,"column":78}},"1":{"start":{"line":1,"column":55},"end":{"line":1,"column":78}},"2":{"start":{"line":4,"column":33},"end":{"line":11,"column":1}},"3":{"start":{"line":5,"column":18},"end":{"line":5,"column":51}},"4":{"start":{"line":6,"column":18},"end":{"line":6,"column":20}},"5":{"start":{"line":7,"column":2},"end":{"line":7,"column":63}},"6":{"start":{"line":7,"column":26},"end":{"line":7,"column":63}},"7":{"start":{"line":8,"column":2},"end":{"line":8,"column":69}},"8":{"start":{"line":8,"column":26},"end":{"line":8,"column":69}},"9":{"start":{"line":9,"column":2},"end":{"line":9,"column":69}},"10":{"start":{"line":9,"column":26},"end":{"line":9,"column":69}},"11":{"start":{"line":10,"column":2},"end":{"line":10,"column":19}},"12":{"start":{"line":14,"column":25},"end":{"line":15,"column":48}},"13":{"start":{"line":15,"column":2},"end":{"line":15,"column":48}}},"fnMap":{"0":{"name":"(anonymous_0)","decl":{"start":{"line":1,"column":29},"end":{"line":1,"column":30}},"loc":{"start":{"line":1,"column":55},"end":{"line":1,"column":78}},"line":1},"1":{"name":"(anonymous_1)","decl":{"start":{"line":4,"column":33},"end":{"line":4,"column":34}},"loc":{"start":{"line":4,"column":61},"end":{"line":11,"column":1}},"line":4},"2":{"name":"(anonymous_2)","decl":{"start":{"line":14,"column":25},"end":{"line":14,"column":26}},"loc":{"start":{"line":15,"column":2},"end":{"line":15,"column":48}},"line":15}},"branchMap":{"0":{"loc":{"start":{"line":7,"column":2},"end":{"line":7,"column":63}},"type":"if","locations":[{"start":{"line":7,"column":2},"end":{"line":7,"column":63}},{"start":{},"end":{}}],"line":7},"1":{"loc":{"start":{"line":8,"column":2},"end":{"line":8,"column":69}},"type":"if","locations":[{"start":{"line":8,"column":2},"end":{"line":8,"column":69}},{"start":{},"end":{}}],"line":8},"2":{"loc":{"start":{"line":9,"column":2},"end":{"line":9,"column":69}},"type":"if","locations":[{"start":{"line":9,"column":2},"end":{"line":9,"column":69}},{"start":{},"end":{}}],"line":9}},"s":{"0":0,"1":0,"2":0,"3":0,"4":0,"5":0,"6":0,"7":0,"8":0,"9":0,"10":0,"11":0,"12":0,"13":0},"f":{"0":0,"1":0,"2":0},"b":{"0":[0,0],"1":[0,0],"2":[0,0]}}
,"C:\\Moje\\Programming\\Apps\\DailyFlow\\src\\utils\\recurrence.ts": {"path":"C:\\Moje\\Programming\\Apps\\DailyFlow\\src\\utils\\recurrence.ts","statementMap":{"0":{"start":{"line":6,"column":2},"end":{"line":6,"column":38}},"1":{"start":{"line":10,"column":16},"end":{"line":10,"column":41}},"2":{"start":{"line":11,"column":14},"end":{"line":11,"column":46}},"3":{"start":{"line":12,"column":12},"end":{"line":12,"column":26}},"4":{"start":{"line":13,"column":2},"end":{"line":13,"column":28}},"5":{"start":{"line":14,"column":2},"end":{"line":14,"column":41}},"6":{"start":{"line":14,"column":19},"end":{"line":14,"column":41}},"7":{"start":{"line":16,"column":19},"end":{"line":16,"column":52}},"8":{"start":{"line":18,"column":20},"end":{"line":18,"column":73}},"9":{"start":{"line":18,"column":33},"end":{"line":18,"column":73}},"10":{"start":{"line":21,"column":2},"end":{"line":48,"column":3}},"11":{"start":{"line":21,"column":15},"end":{"line":21,"column":16}},"12":{"start":{"line":22,"column":4},"end":{"line":22,"column":38}},"13":{"start":{"line":22,"column":26},"end":{"line":22,"column":38}},"14":{"start":{"line":23,"column":4},"end":{"line":47,"column":5}},"15":{"start":{"line":24,"column":6},"end":{"line":24,"column":38}},"16":{"start":{"line":24,"column":27},"end":{"line":24,"column":38}},"17":{"start":{"line":25,"column":6},"end":{"line":25,"column":44}},"18":{"start":{"line":26,"column":11},"end":{"line":47,"column":5}},"19":{"start":{"line":27,"column":6},"end":{"line":35,"column":7}},"20":{"start":{"line":29,"column":8},"end":{"line":29,"column":81}},"21":{"start":{"line":29,"column":50},"end":{"line":29,"column":81}},"22":{"start":{"line":30,"column":8},"end":{"line":30,"column":40}},"23":{"start":{"line":30,"column":29},"end":{"line":30,"column":40}},"24":{"start":{"line":31,"column":8},"end":{"line":31,"column":50}},"25":{"start":{"line":33,"column":8},"end":{"line":33,"column":40}},"26":{"start":{"line":33,"column":29},"end":{"line":33,"column":40}},"27":{"start":{"line":34,"column":8},"end":{"line":34,"column":50}},"28":{"start":{"line":36,"column":11},"end":{"line":47,"column":5}},"29":{"start":{"line":37,"column":17},"end":{"line":37,"column":53}},"30":{"start":{"line":38,"column":24},"end":{"line":38,"column":37}},"31":{"start":{"line":39,"column":6},"end":{"line":39,"column":27}},"32":{"start":{"line":40,"column":6},"end":{"line":40,"column":47}},"33":{"start":{"line":41,"column":6},"end":{"line":41,"column":42}},"34":{"start":{"line":42,"column":6},"end":{"line":42,"column":50}},"35":{"start":{"line":42,"column":33},"end":{"line":42,"column":50}},"36":{"start":{"line":43,"column":6},"end":{"line":43,"column":58}},"37":{"start":{"line":44,"column":6},"end":{"line":44,"column":22}},"38":{"start":{"line":46,"column":6},"end":{"line":46,"column":18}},"39":{"start":{"line":49,"column":2},"end":{"line":49,"column":14}},"40":{"start":{"line":54,"column":16},"end":{"line":54,"column":50}},"41":{"start":{"line":55,"column":2},"end":{"line":55,"column":41}},"42":{"start":{"line":55,"column":34},"end":{"line":55,"column":41}},"43":{"start":{"line":57,"column":16},"end":{"line":57,"column":41}},"44":{"start":{"line":58,"column":19},"end":{"line":62,"column":4}},"45":{"start":{"line":63,"column":2},"end":{"line":63,"column":30}},"46":{"start":{"line":63,"column":23},"end":{"line":63,"column":30}},"47":{"start":{"line":65,"column":33},"end":{"line":81,"column":10}},"48":{"start":{"line":82,"column":2},"end":{"line":82,"column":49}}},"fnMap":{"0":{"name":"toDateOnlyIso","decl":{"start":{"line":5,"column":16},"end":{"line":5,"column":29}},"loc":{"start":{"line":5,"column":47},"end":{"line":7,"column":1}},"line":5},"1":{"name":"nextOccurrence","decl":{"start":{"line":9,"column":16},"end":{"line":9,"column":30}},"loc":{"start":{"line":9,"column":81},"end":{"line":50,"column":1}},"line":9},"2":{"name":"(anonymous_2)","decl":{"start":{"line":18,"column":20},"end":{"line":18,"column":21}},"loc":{"start":{"line":18,"column":33},"end":{"line":18,"column":73}},"line":18},"3":{"name":"ensureInstancesForRange","decl":{"start":{"line":52,"column":22},"end":{"line":52,"column":45}},"loc":{"start":{"line":52,"column":105},"end":{"line":83,"column":1}},"line":52}},"branchMap":{"0":{"loc":{"start":{"line":11,"column":14},"end":{"line":11,"column":46}},"type":"binary-expr","locations":[{"start":{"line":11,"column":14},"end":{"line":11,"column":38}},{"start":{"line":11,"column":42},"end":{"line":11,"column":46}}],"line":11},"1":{"loc":{"start":{"line":14,"column":2},"end":{"line":14,"column":41}},"type":"if","locations":[{"start":{"line":14,"column":2},"end":{"line":14,"column":41}},{"start":{},"end":{}}],"line":14},"2":{"loc":{"start":{"line":16,"column":31},"end":{"line":16,"column":51}},"type":"binary-expr","locations":[{"start":{"line":16,"column":31},"end":{"line":16,"column":46}},{"start":{"line":16,"column":50},"end":{"line":16,"column":51}}],"line":16},"3":{"loc":{"start":{"line":22,"column":4},"end":{"line":22,"column":38}},"type":"if","locations":[{"start":{"line":22,"column":4},"end":{"line":22,"column":38}},{"start":{},"end":{}}],"line":22},"4":{"loc":{"start":{"line":22,"column":8},"end":{"line":22,"column":24}},"type":"binary-expr","locations":[{"start":{"line":22,"column":8},"end":{"line":22,"column":11}},{"start":{"line":22,"column":15},"end":{"line":22,"column":24}}],"line":22},"5":{"loc":{"start":{"line":23,"column":4},"end":{"line":47,"column":5}},"type":"if","locations":[{"start":{"line":23,"column":4},"end":{"line":47,"column":5}},{"start":{"line":26,"column":11},"end":{"line":47,"column":5}}],"line":23},"6":{"loc":{"start":{"line":24,"column":6},"end":{"line":24,"column":38}},"type":"if","locations":[{"start":{"line":24,"column":6},"end":{"line":24,"column":38}},{"start":{},"end":{}}],"line":24},"7":{"loc":{"start":{"line":26,"column":11},"end":{"line":47,"column":5}},"type":"if","locations":[{"start":{"line":26,"column":11},"end":{"line":47,"column":5}},{"start":{"line":36,"column":11},"end":{"line":47,"column":5}}],"line":26},"8":{"loc":{"start":{"line":27,"column":6},"end":{"line":35,"column":7}},"type":"if","locations":[{"start":{"line":27,"column":6},"end":{"line":35,"column":7}},{"start":{"line":32,"column":13},"end":{"line":35,"column":7}}],"line":27},"9":{"loc":{"start":{"line":30,"column":8},"end":{"line":30,"column":40}},"type":"if","locations":[{"start":{"line":30,"column":8},"end":{"line":30,"column":40}},{"start":{},"end":{}}],"line":30},"10":{"loc":{"start":{"line":33,"column":8},"end":{"line":33,"column":40}},"type":"if","locations":[{"start":{"line":33,"column":8},"end":{"line":33,"column":40}},{"start":{},"end":{}}],"line":33},"11":{"loc":{"start":{"line":36,"column":11},"end":{"line":47,"column":5}},"type":"if","locations":[{"start":{"line":36,"column":11},"end":{"line":47,"column":5}},{"start":{"line":45,"column":11},"end":{"line":47,"column":5}}],"line":36},"12":{"loc":{"start":{"line":37,"column":17},"end":{"line":37,"column":53}},"type":"binary-expr","locations":[{"start":{"line":37,"column":17},"end":{"line":37,"column":34}},{"start":{"line":37,"column":38},"end":{"line":37,"column":53}}],"line":37},"13":{"loc":{"start":{"line":42,"column":6},"end":{"line":42,"column":50}},"type":"if","locations":[{"start":{"line":42,"column":6},"end":{"line":42,"column":50}},{"start":{},"end":{}}],"line":42},"14":{"loc":{"start":{"line":55,"column":2},"end":{"line":55,"column":41}},"type":"if","locations":[{"start":{"line":55,"column":2},"end":{"line":55,"column":41}},{"start":{},"end":{}}],"line":55},"15":{"loc":{"start":{"line":55,"column":6},"end":{"line":55,"column":32}},"type":"binary-expr","locations":[{"start":{"line":55,"column":6},"end":{"line":55,"column":12}},{"start":{"line":55,"column":16},"end":{"line":55,"column":32}}],"line":55},"16":{"loc":{"start":{"line":63,"column":2},"end":{"line":63,"column":30}},"type":"if","locations":[{"start":{"line":63,"column":2},"end":{"line":63,"column":30}},{"start":{},"end":{}}],"line":63},"17":{"loc":{"start":{"line":67,"column":17},"end":{"line":67,"column":41}},"type":"binary-expr","locations":[{"start":{"line":67,"column":17},"end":{"line":67,"column":35}},{"start":{"line":67,"column":39},"end":{"line":67,"column":41}}],"line":67}},"s":{"0":0,"1":0,"2":0,"3":0,"4":0,"5":0,"6":0,"7":0,"8":0,"9":0,"10":0,"11":0,"12":0,"13":0,"14":0,"15":0,"16":0,"17":0,"18":0,"19":0,"20":0,"21":0,"22":0,"23":0,"24":0,"25":0,"26":0,"27":0,"28":0,"29":0,"30":0,"31":0,"32":0,"33":0,"34":0,"35":0,"36":0,"37":0,"38":0,"39":0,"40":0,"41":0,"42":0,"43":0,"44":0,"45":0,"46":0,"47":0,"48":0},"f":{"0":0,"1":0,"2":0,"3":0},"b":{"0":[0,0],"1":[0,0],"2":[0,0],"3":[0,0],"4":[0,0],"5":[0,0],"6":[0,0],"7":[0,0],"8":[0,0],"9":[0,0],"10":[0,0],"11":[0,0],"12":[0,0],"13":[0,0],"14":[0,0],"15":[0,0],"16":[0,0],"17":[0,0]}}
,"C:\\Moje\\Programming\\Apps\\DailyFlow\\src\\utils\\validation.ts": {"path":"C:\\Moje\\Programming\\Apps\\DailyFlow\\src\\utils\\validation.ts","statementMap":{"0":{"start":{"line":1,"column":39},"end":{"line":1,"column":98}},"1":{"start":{"line":1,"column":68},"end":{"line":1,"column":98}},"2":{"start":{"line":4,"column":32},"end":{"line":4,"column":109}},"3":{"start":{"line":4,"column":63},"end":{"line":4,"column":109}}},"fnMap":{"0":{"name":"(anonymous_0)","decl":{"start":{"line":1,"column":39},"end":{"line":1,"column":40}},"loc":{"start":{"line":1,"column":68},"end":{"line":1,"column":98}},"line":1},"1":{"name":"(anonymous_1)","decl":{"start":{"line":4,"column":32},"end":{"line":4,"column":33}},"loc":{"start":{"line":4,"column":63},"end":{"line":4,"column":109}},"line":4}},"branchMap":{},"s":{"0":1,"1":0,"2":1,"3":0},"f":{"0":0,"1":0},"b":{},"_coverageSchema":"1a1c01bbd47fc00a2c39e90264f33305004495a9","hash":"4c073ff250c9259d3238a18dfeeb8a5d6f3c2b62"}
}
