TN:
SF:src\components\ActionButton.tsx
FN:22,(anonymous_0)
FN:27,(anonymous_1)
FN:28,(anonymous_2)
FN:32,(anonymous_3)
FN:33,(anonymous_4)
FN:34,(anonymous_5)
FN:51,(anonymous_6)
FNF:7
FNH:1
FNDA:14,(anonymous_0)
FNDA:0,(anonymous_1)
FNDA:0,(anonymous_2)
FNDA:0,(anonymous_3)
FNDA:0,(anonymous_4)
FNDA:0,(anonymous_5)
FNDA:0,(anonymous_6)
DA:22,2
DA:23,14
DA:24,0
DA:25,0
DA:26,0
DA:27,0
DA:28,0
DA:30,0
DA:32,0
DA:33,0
DA:35,0
DA:36,0
DA:37,0
DA:38,0
DA:39,0
DA:40,0
DA:41,0
DA:42,0
DA:43,0
DA:45,0
DA:51,0
LF:21
LH:2
BRDA:22,0,0,14
BRDA:22,1,0,0
BRDA:22,2,0,14
BRDA:22,3,0,14
BRDA:25,4,0,0
BRDA:25,4,1,0
BRDA:27,5,0,0
BRDA:27,5,1,0
BRDA:28,6,0,0
BRDA:28,6,1,0
BRDA:32,7,0,0
BRDA:32,7,1,0
BRDA:35,8,0,0
BRDA:35,8,1,0
BRDA:37,9,0,0
BRDA:37,9,1,0
BRDA:41,10,0,0
BRDA:41,10,1,0
BRDA:42,11,0,0
BRDA:42,11,1,0
BRDA:43,12,0,0
BRDA:43,12,1,0
BRDA:53,13,0,0
BRDA:53,13,1,0
BRDA:53,14,0,0
BRDA:53,14,1,0
BRDA:55,15,0,0
BRDA:55,15,1,0
BRDA:59,16,0,0
BRDA:59,16,1,0
BRDA:63,17,0,0
BRDA:63,17,1,0
BRDA:63,18,0,0
BRDA:63,18,1,0
BRDA:64,19,0,0
BRDA:64,19,1,0
BRF:36
BRH:3
end_of_record
TN:
SF:src\components\ActionModal.tsx
FN:23,(anonymous_0)
FN:40,(anonymous_1)
FNF:2
FNH:2
FNDA:26,(anonymous_0)
FNDA:52,(anonymous_1)
DA:23,1
DA:24,26
DA:25,26
DA:41,52
DA:62,1
LF:5
LH:5
BRDA:23,0,0,26
BRDA:32,1,0,26
BRDA:32,1,1,0
BRDA:37,2,0,0
BRDA:37,2,1,26
BRDA:39,3,0,26
BRDA:39,3,1,0
BRDA:46,4,0,52
BRDA:46,4,1,26
BRDA:47,5,0,52
BRDA:47,5,1,0
BRDA:48,6,0,52
BRDA:48,6,1,52
BRDA:48,6,2,26
BRF:14
BRH:10
end_of_record
TN:
SF:src\components\AnimatedCollapsible.tsx
FN:14,(anonymous_0)
FN:19,(anonymous_1)
FN:25,(anonymous_2)
FNF:3
FNH:0
FNDA:0,(anonymous_0)
FNDA:0,(anonymous_1)
FNDA:0,(anonymous_2)
DA:14,0
DA:15,0
DA:16,0
DA:17,0
DA:19,0
DA:20,0
DA:21,0
DA:22,0
DA:25,0
DA:30,0
DA:43,0
LF:11
LH:0
BRDA:14,0,0,0
BRDA:17,1,0,0
BRDA:17,1,1,0
BRDA:22,2,0,0
BRDA:22,2,1,0
BRDA:26,3,0,0
BRDA:26,3,1,0
BRDA:34,4,0,0
BRDA:34,4,1,0
BRDA:37,5,0,0
BRDA:37,5,1,0
BRF:11
BRH:0
end_of_record
TN:
SF:src\components\AnimatedIconButton.tsx
FN:19,(anonymous_0)
FN:22,(anonymous_1)
FN:36,(anonymous_2)
FN:37,(anonymous_3)
FN:38,(anonymous_4)
FN:40,(anonymous_5)
FNF:6
FNH:0
FNDA:0,(anonymous_0)
FNDA:0,(anonymous_1)
FNDA:0,(anonymous_2)
FNDA:0,(anonymous_3)
FNDA:0,(anonymous_4)
FNDA:0,(anonymous_5)
DA:19,1
DA:20,0
DA:21,0
DA:22,0
DA:23,0
DA:24,0
DA:36,0
DA:37,0
DA:38,0
DA:40,0
LF:10
LH:1
BRDA:19,0,0,0
BRDA:19,1,0,0
BRDA:22,2,0,0
BRDA:22,2,1,0
BRDA:27,3,0,0
BRDA:27,3,1,0
BRDA:27,3,2,0
BRDA:34,4,0,0
BRDA:34,4,1,0
BRDA:36,5,0,0
BRDA:36,5,1,0
BRDA:38,6,0,0
BRDA:38,6,1,0
BRDA:40,7,0,0
BRDA:40,7,1,0
BRDA:43,8,0,0
BRDA:43,8,1,0
BRF:17
BRH:0
end_of_record
TN:
SF:src\components\AppHeader.tsx
FN:18,(anonymous_0)
FN:35,(anonymous_1)
FN:37,(anonymous_2)
FN:38,(anonymous_3)
FN:39,(anonymous_4)
FN:67,(anonymous_5)
FN:86,(anonymous_6)
FN:88,(anonymous_7)
FN:91,(anonymous_8)
FN:91,(anonymous_9)
FNF:10
FNH:6
FNDA:26,(anonymous_0)
FNDA:52,(anonymous_1)
FNDA:52,(anonymous_2)
FNDA:0,(anonymous_3)
FNDA:0,(anonymous_4)
FNDA:130,(anonymous_5)
FNDA:130,(anonymous_6)
FNDA:130,(anonymous_7)
FNDA:0,(anonymous_8)
FNDA:0,(anonymous_9)
DA:18,1
DA:19,26
DA:20,26
DA:21,26
DA:27,26
DA:33,26
DA:35,26
DA:36,52
DA:37,52
DA:38,52
DA:39,52
DA:40,52
DA:43,26
DA:44,26
DA:46,26
DA:68,130
DA:86,1
DA:87,130
DA:88,130
DA:89,130
DA:91,0
DA:98,1
LF:22
LH:21
BRDA:18,0,0,0
BRDA:33,1,0,0
BRDA:33,1,1,26
BRDA:52,2,0,0
BRDA:52,2,1,26
BRDA:62,3,0,26
BRDA:62,3,1,0
BRDA:64,4,0,0
BRDA:64,4,1,0
BRDA:72,5,0,0
BRDA:72,5,1,26
BRDA:92,6,0,130
BRDA:92,6,1,0
BRF:13
BRH:5
end_of_record
TN:
SF:src\components\BottomQuickAdd.tsx
FN:17,(anonymous_0)
FN:20,(anonymous_1)
FN:41,(anonymous_2)
FN:41,(anonymous_3)
FNF:4
FNH:2
FNDA:26,(anonymous_0)
FNDA:26,(anonymous_1)
FNDA:0,(anonymous_2)
FNDA:0,(anonymous_3)
DA:17,1
DA:18,26
DA:19,26
DA:20,26
DA:21,26
DA:22,0
DA:41,0
DA:49,1
LF:8
LH:6
BRDA:41,0,0,0
BRDA:41,0,1,0
BRDA:41,1,0,0
BRDA:41,1,1,0
BRF:4
BRH:0
end_of_record
TN:
SF:src\components\Card.tsx
FN:11,(anonymous_0)
FNF:1
FNH:0
FNDA:0,(anonymous_0)
DA:11,0
DA:12,0
DA:13,0
DA:14,0
DA:15,0
DA:30,0
LF:6
LH:0
BRDA:19,0,0,0
BRDA:19,0,1,0
BRF:2
BRH:0
end_of_record
TN:
SF:src\components\CategoryFilter.tsx
FN:15,(anonymous_0)
FN:35,(anonymous_1)
FN:43,(anonymous_2)
FN:46,(anonymous_3)
FN:59,(anonymous_4)
FN:61,(anonymous_5)
FN:64,(anonymous_6)
FN:65,(anonymous_7)
FN:66,(anonymous_8)
FN:72,(anonymous_9)
FNF:10
FNH:0
FNDA:0,(anonymous_0)
FNDA:0,(anonymous_1)
FNDA:0,(anonymous_2)
FNDA:0,(anonymous_3)
FNDA:0,(anonymous_4)
FNDA:0,(anonymous_5)
FNDA:0,(anonymous_6)
FNDA:0,(anonymous_7)
FNDA:0,(anonymous_8)
FNDA:0,(anonymous_9)
DA:15,1
DA:16,0
DA:17,0
DA:19,0
DA:20,0
DA:27,0
DA:35,0
DA:44,0
DA:46,0
DA:59,1
DA:60,0
DA:61,0
DA:62,0
DA:64,0
DA:65,0
DA:67,0
DA:68,0
DA:72,0
DA:86,1
LF:19
LH:3
BRDA:19,0,0,0
BRDA:19,0,1,0
BRDA:50,1,0,0
BRDA:50,1,1,0
BRDA:71,2,0,0
BRDA:71,2,1,0
BRDA:74,3,0,0
BRDA:74,3,1,0
BRDA:74,4,0,0
BRDA:74,4,1,0
BRDA:79,5,0,0
BRDA:79,5,1,0
BRF:12
BRH:0
end_of_record
TN:
SF:src\components\DateRangeFilter.tsx
FN:20,(anonymous_0)
FN:33,(anonymous_1)
FN:86,(anonymous_2)
FN:129,(anonymous_3)
FN:144,(anonymous_4)
FN:148,(anonymous_5)
FN:161,(anonymous_6)
FN:175,(anonymous_7)
FN:183,(anonymous_8)
FN:202,(anonymous_9)
FN:210,(anonymous_10)
FNF:11
FNH:0
FNDA:0,(anonymous_0)
FNDA:0,(anonymous_1)
FNDA:0,(anonymous_2)
FNDA:0,(anonymous_3)
FNDA:0,(anonymous_4)
FNDA:0,(anonymous_5)
FNDA:0,(anonymous_6)
FNDA:0,(anonymous_7)
FNDA:0,(anonymous_8)
FNDA:0,(anonymous_9)
FNDA:0,(anonymous_10)
DA:20,1
DA:28,0
DA:29,0
DA:30,0
DA:31,0
DA:33,0
DA:34,0
DA:35,0
DA:36,0
DA:37,0
DA:39,0
DA:41,0
DA:42,0
DA:43,0
DA:45,0
DA:46,0
DA:47,0
DA:48,0
DA:50,0
DA:51,0
DA:52,0
DA:53,0
DA:56,0
DA:57,0
DA:58,0
DA:59,0
DA:61,0
DA:62,0
DA:63,0
DA:64,0
DA:66,0
DA:67,0
DA:68,0
DA:69,0
DA:71,0
DA:72,0
DA:73,0
DA:74,0
DA:76,0
DA:77,0
DA:78,0
DA:80,0
DA:82,0
DA:83,0
DA:86,0
DA:88,0
DA:89,0
DA:90,0
DA:91,0
DA:93,0
DA:94,0
DA:95,0
DA:96,0
DA:100,0
DA:102,0
DA:103,0
DA:106,0
DA:108,0
DA:109,0
DA:110,0
DA:111,0
DA:112,0
DA:113,0
DA:115,0
DA:116,0
DA:117,0
DA:118,0
DA:119,0
DA:120,0
DA:122,0
DA:127,0
DA:129,0
DA:130,0
DA:131,0
DA:142,0
DA:145,0
DA:148,0
DA:159,0
DA:161,0
DA:175,0
DA:183,0
DA:202,0
DA:210,0
DA:222,1
LF:84
LH:2
BRDA:26,0,0,0
BRDA:39,1,0,0
BRDA:39,1,1,0
BRDA:39,1,2,0
BRDA:39,1,3,0
BRDA:39,1,4,0
BRDA:39,1,5,0
BRDA:39,1,6,0
BRDA:39,1,7,0
BRDA:39,1,8,0
BRDA:39,1,9,0
BRDA:88,2,0,0
BRDA:88,2,1,0
BRDA:89,3,0,0
BRDA:89,3,1,0
BRDA:89,4,0,0
BRDA:89,4,1,0
BRDA:93,5,0,0
BRDA:93,5,1,0
BRDA:94,6,0,0
BRDA:94,6,1,0
BRDA:102,7,0,0
BRDA:102,7,1,0
BRDA:102,8,0,0
BRDA:102,8,1,0
BRDA:102,8,2,0
BRDA:102,8,3,0
BRDA:108,9,0,0
BRDA:108,9,1,0
BRDA:108,10,0,0
BRDA:108,10,1,0
BRDA:109,11,0,0
BRDA:109,11,1,0
BRDA:111,12,0,0
BRDA:111,12,1,0
BRDA:111,13,0,0
BRDA:111,13,1,0
BRDA:116,14,0,0
BRDA:116,14,1,0
BRDA:118,15,0,0
BRDA:118,15,1,0
BRDA:118,16,0,0
BRDA:118,16,1,0
BRDA:127,17,0,0
BRDA:127,17,1,0
BRDA:130,18,0,0
BRDA:130,18,1,0
BRDA:162,19,0,0
BRDA:162,19,1,0
BRDA:163,20,0,0
BRDA:163,20,1,0
BRDA:163,21,0,0
BRDA:163,21,1,0
BRDA:166,22,0,0
BRDA:166,22,1,0
BRDA:180,23,0,0
BRDA:180,23,1,0
BRDA:182,24,0,0
BRDA:182,24,1,0
BRDA:188,25,0,0
BRDA:188,25,1,0
BRDA:191,26,0,0
BRDA:191,26,1,0
BRDA:192,27,0,0
BRDA:192,27,1,0
BRDA:193,28,0,0
BRDA:193,28,1,0
BRDA:196,29,0,0
BRDA:196,29,1,0
BRDA:207,30,0,0
BRDA:207,30,1,0
BRDA:209,31,0,0
BRDA:209,31,1,0
BRF:73
BRH:0
end_of_record
TN:
SF:src\components\EmptyState.tsx
FN:24,(anonymous_0)
FN:44,(anonymous_1)
FNF:2
FNH:0
FNDA:0,(anonymous_0)
FNDA:0,(anonymous_1)
DA:24,1
DA:25,0
DA:26,0
DA:45,0
DA:58,1
LF:5
LH:2
BRDA:28,0,0,0
BRDA:28,0,1,0
BRDA:35,1,0,0
BRDA:35,1,1,0
BRDA:35,1,2,0
BRDA:35,1,3,0
BRDA:42,2,0,0
BRDA:42,2,1,0
BRDA:42,2,2,0
BRDA:49,3,0,0
BRDA:49,3,1,0
BRF:11
BRH:0
end_of_record
TN:
SF:src\components\ErrorBoundary.tsx
FN:11,(anonymous_0)
FN:16,(anonymous_1)
FN:20,(anonymous_2)
FN:24,(anonymous_3)
FN:32,(anonymous_4)
FN:44,(anonymous_5)
FNF:6
FNH:0
FNDA:0,(anonymous_0)
FNDA:0,(anonymous_1)
FNDA:0,(anonymous_2)
FNDA:0,(anonymous_3)
FNDA:0,(anonymous_4)
FNDA:0,(anonymous_5)
DA:12,0
DA:13,0
DA:17,0
DA:21,0
DA:25,0
DA:26,0
DA:28,0
DA:33,0
DA:34,0
DA:35,0
DA:36,0
DA:44,0
DA:53,0
DA:55,0
LF:14
LH:0
BRDA:33,0,0,0
BRDA:33,0,1,0
BRDA:35,1,0,0
BRDA:35,1,1,0
BRDA:35,2,0,0
BRDA:35,2,1,0
BRDA:37,3,0,0
BRDA:37,3,1,0
BRDA:38,4,0,0
BRDA:38,4,1,0
BRDA:39,5,0,0
BRDA:39,5,1,0
BRDA:40,6,0,0
BRDA:40,6,1,0
BRDA:41,7,0,0
BRDA:41,7,1,0
BRDA:42,8,0,0
BRDA:42,8,1,0
BRDA:44,9,0,0
BRDA:44,9,1,0
BRF:20
BRH:0
end_of_record
TN:
SF:src\components\FilterPresets.tsx
FN:23,generateId
FN:27,(anonymous_1)
FN:39,(anonymous_2)
FN:41,(anonymous_3)
FN:43,(anonymous_4)
FN:51,(anonymous_5)
FN:57,(anonymous_6)
FN:67,(anonymous_7)
FN:71,(anonymous_8)
FN:72,(anonymous_9)
FN:80,(anonymous_10)
FN:86,(anonymous_11)
FN:88,(anonymous_12)
FN:91,(anonymous_13)
FN:101,(anonymous_14)
FN:103,(anonymous_15)
FNF:16
FNH:2
FNDA:0,generateId
FNDA:26,(anonymous_1)
FNDA:26,(anonymous_2)
FNDA:0,(anonymous_3)
FNDA:0,(anonymous_4)
FNDA:0,(anonymous_5)
FNDA:0,(anonymous_6)
FNDA:0,(anonymous_7)
FNDA:0,(anonymous_8)
FNDA:0,(anonymous_9)
FNDA:0,(anonymous_10)
FNDA:0,(anonymous_11)
FNDA:0,(anonymous_12)
FNDA:0,(anonymous_13)
FNDA:0,(anonymous_14)
FNDA:0,(anonymous_15)
DA:24,0
DA:27,1
DA:34,26
DA:35,26
DA:36,26
DA:37,26
DA:39,26
DA:41,26
DA:42,0
DA:43,0
DA:44,0
DA:45,0
DA:46,0
DA:51,26
DA:52,0
DA:53,0
DA:54,0
DA:57,26
DA:58,0
DA:59,0
DA:60,0
DA:61,0
DA:62,0
DA:63,0
DA:64,0
DA:67,26
DA:68,0
DA:71,26
DA:72,0
DA:73,0
DA:76,26
DA:80,0
DA:87,0
DA:88,0
DA:91,0
DA:101,0
DA:103,0
DA:119,1
LF:38
LH:13
BRDA:30,0,0,0
BRDA:39,1,0,0
BRDA:39,1,1,26
BRDA:42,2,0,0
BRDA:42,2,1,0
BRDA:46,3,0,0
BRDA:46,3,1,0
BRDA:53,4,0,0
BRDA:53,4,1,0
BRDA:59,5,0,0
BRDA:59,5,1,0
BRF:11
BRH:1
end_of_record
TN:
SF:src\components\ForgotPasswordModal.tsx
FN:17,(anonymous_0)
FN:24,(anonymous_1)
FN:43,(anonymous_2)
FN:55,(anonymous_3)
FN:84,(anonymous_4)
FN:98,(anonymous_5)
FN:115,(anonymous_6)
FN:116,(anonymous_7)
FNF:8
FNH:0
FNDA:0,(anonymous_0)
FNDA:0,(anonymous_1)
FNDA:0,(anonymous_2)
FNDA:0,(anonymous_3)
FNDA:0,(anonymous_4)
FNDA:0,(anonymous_5)
FNDA:0,(anonymous_6)
FNDA:0,(anonymous_7)
DA:17,0
DA:18,0
DA:19,0
DA:20,0
DA:21,0
DA:22,0
DA:24,0
DA:25,0
DA:26,0
DA:27,0
DA:30,0
DA:31,0
DA:33,0
DA:35,0
DA:36,0
DA:37,0
DA:38,0
DA:41,0
DA:42,0
DA:43,0
DA:44,0
DA:47,0
DA:48,0
DA:49,0
DA:51,0
DA:55,0
DA:56,0
DA:57,0
DA:58,0
DA:63,0
DA:84,0
DA:98,0
DA:115,0
DA:118,0
DA:119,0
DA:126,0
LF:36
LH:0
BRDA:25,0,0,0
BRDA:25,0,1,0
BRDA:35,1,0,0
BRDA:35,1,1,0
BRDA:47,2,0,0
BRDA:47,2,1,0
BRDA:87,3,0,0
BRDA:87,3,1,0
BRF:8
BRH:0
end_of_record
TN:
SF:src\components\FormActionBar.tsx
FN:24,(anonymous_0)
FNF:1
FNH:0
FNDA:0,(anonymous_0)
DA:24,0
DA:25,0
DA:26,0
DA:60,0
LF:4
LH:0
BRDA:28,0,0,0
BRDA:28,0,1,0
BRDA:30,1,0,0
BRDA:30,1,1,0
BRDA:32,2,0,0
BRDA:32,2,1,0
BRDA:33,3,0,0
BRDA:33,3,1,0
BRDA:35,4,0,0
BRDA:35,4,1,0
BRDA:42,5,0,0
BRDA:42,5,1,0
BRDA:44,6,0,0
BRDA:44,6,1,0
BRDA:46,7,0,0
BRDA:46,7,1,0
BRDA:47,8,0,0
BRDA:47,8,1,0
BRDA:49,9,0,0
BRDA:49,9,1,0
BRF:20
BRH:0
end_of_record
TN:
SF:src\components\LabeledInput.tsx
FN:15,(anonymous_0)
FNF:1
FNH:0
FNDA:0,(anonymous_0)
DA:15,2
DA:26,0
DA:27,0
DA:45,2
LF:4
LH:2
BRDA:23,0,0,0
BRDA:29,1,0,0
BRDA:29,1,1,0
BRF:3
BRH:0
end_of_record
TN:
SF:src\components\LinkAccountsModal.tsx
FN:13,(anonymous_0)
FN:17,(anonymous_1)
FN:45,(anonymous_2)
FN:54,(anonymous_3)
FNF:4
FNH:0
FNDA:0,(anonymous_0)
FNDA:0,(anonymous_1)
FNDA:0,(anonymous_2)
FNDA:0,(anonymous_3)
DA:13,0
DA:14,0
DA:15,0
DA:17,0
DA:18,0
DA:19,0
DA:20,0
DA:21,0
DA:23,0
DA:27,0
DA:45,0
DA:46,0
DA:54,0
DA:55,0
LF:14
LH:0
BRDA:18,0,0,0
BRDA:18,0,1,0
BRDA:18,1,0,0
BRDA:18,1,1,0
BRF:4
BRH:0
end_of_record
TN:
SF:src\components\NicknameModal.tsx
FN:18,(anonymous_0)
FN:23,(anonymous_1)
FNF:2
FNH:0
FNDA:0,(anonymous_0)
FNDA:0,(anonymous_1)
DA:18,0
DA:19,0
DA:20,0
DA:21,0
DA:23,0
DA:24,0
DA:25,0
DA:26,0
DA:28,0
DA:29,0
DA:30,0
DA:31,0
DA:32,0
DA:34,0
DA:36,0
DA:40,0
DA:54,0
LF:17
LH:0
BRDA:20,0,0,0
BRDA:20,0,1,0
BRDA:24,1,0,0
BRDA:24,1,1,0
BRDA:24,2,0,0
BRDA:24,2,1,0
BRDA:49,3,0,0
BRDA:49,3,1,0
BRF:8
BRH:0
end_of_record
TN:
SF:src\components\PasswordInput.tsx
FN:14,(anonymous_0)
FN:33,(anonymous_1)
FNF:2
FNH:0
FNDA:0,(anonymous_0)
FNDA:0,(anonymous_1)
DA:14,0
DA:15,0
DA:16,0
DA:18,0
DA:33,0
DA:40,0
LF:6
LH:0
BRDA:14,0,0,0
BRDA:34,1,0,0
BRDA:34,1,1,0
BRF:3
BRH:0
end_of_record
TN:
SF:src\components\PhoneAuthModal.tsx
FN:24,(anonymous_0)
FN:54,(anonymous_1)
FN:66,(anonymous_2)
FN:71,(anonymous_3)
FN:77,(anonymous_4)
FN:87,(anonymous_5)
FN:89,(anonymous_6)
FN:90,(anonymous_7)
FN:94,(anonymous_8)
FN:117,(anonymous_9)
FN:120,(anonymous_10)
FN:132,(anonymous_11)
FN:153,(anonymous_12)
FN:159,(anonymous_13)
FN:162,(anonymous_14)
FN:174,(anonymous_15)
FN:194,(anonymous_16)
FN:224,(anonymous_17)
FN:262,(anonymous_18)
FN:275,(anonymous_19)
FN:284,(anonymous_20)
FN:288,(anonymous_21)
FN:292,(anonymous_22)
FN:303,(anonymous_23)
FN:304,(anonymous_24)
FN:308,(anonymous_25)
FN:325,(anonymous_26)
FN:329,(anonymous_27)
FN:337,(anonymous_28)
FNF:29
FNH:0
FNDA:0,(anonymous_0)
FNDA:0,(anonymous_1)
FNDA:0,(anonymous_2)
FNDA:0,(anonymous_3)
FNDA:0,(anonymous_4)
FNDA:0,(anonymous_5)
FNDA:0,(anonymous_6)
FNDA:0,(anonymous_7)
FNDA:0,(anonymous_8)
FNDA:0,(anonymous_9)
FNDA:0,(anonymous_10)
FNDA:0,(anonymous_11)
FNDA:0,(anonymous_12)
FNDA:0,(anonymous_13)
FNDA:0,(anonymous_14)
FNDA:0,(anonymous_15)
FNDA:0,(anonymous_16)
FNDA:0,(anonymous_17)
FNDA:0,(anonymous_18)
FNDA:0,(anonymous_19)
FNDA:0,(anonymous_20)
FNDA:0,(anonymous_21)
FNDA:0,(anonymous_22)
FNDA:0,(anonymous_23)
FNDA:0,(anonymous_24)
FNDA:0,(anonymous_25)
FNDA:0,(anonymous_26)
FNDA:0,(anonymous_27)
FNDA:0,(anonymous_28)
DA:24,0
DA:25,0
DA:26,0
DA:27,0
DA:28,0
DA:30,0
DA:39,0
DA:40,0
DA:41,0
DA:43,0
DA:44,0
DA:45,0
DA:46,0
DA:47,0
DA:48,0
DA:49,0
DA:50,0
DA:54,0
DA:55,0
DA:56,0
DA:57,0
DA:58,0
DA:59,0
DA:60,0
DA:61,0
DA:62,0
DA:63,0
DA:66,0
DA:67,0
DA:68,0
DA:71,0
DA:72,0
DA:73,0
DA:74,0
DA:77,0
DA:78,0
DA:79,0
DA:80,0
DA:82,0
DA:83,0
DA:86,0
DA:87,0
DA:88,0
DA:89,0
DA:90,0
DA:94,0
DA:95,0
DA:96,0
DA:98,0
DA:99,0
DA:100,0
DA:103,0
DA:104,0
DA:106,0
DA:108,0
DA:109,0
DA:110,0
DA:111,0
DA:112,0
DA:117,0
DA:118,0
DA:119,0
DA:120,0
DA:121,0
DA:122,0
DA:123,0
DA:124,0
DA:125,0
DA:126,0
DA:127,0
DA:128,0
DA:129,0
DA:132,0
DA:133,0
DA:135,0
DA:136,0
DA:137,0
DA:138,0
DA:139,0
DA:140,0
DA:142,0
DA:143,0
DA:145,0
DA:146,0
DA:149,0
DA:153,0
DA:154,0
DA:155,0
DA:156,0
DA:157,0
DA:158,0
DA:159,0
DA:160,0
DA:161,0
DA:162,0
DA:163,0
DA:164,0
DA:165,0
DA:166,0
DA:167,0
DA:168,0
DA:169,0
DA:170,0
DA:171,0
DA:174,0
DA:175,0
DA:177,0
DA:178,0
DA:179,0
DA:180,0
DA:181,0
DA:183,0
DA:184,0
DA:186,0
DA:187,0
DA:190,0
DA:194,0
DA:195,0
DA:196,0
DA:198,0
DA:199,0
DA:200,0
DA:204,0
DA:206,0
DA:207,0
DA:208,0
DA:209,0
DA:210,0
DA:211,0
DA:212,0
DA:214,0
DA:215,0
DA:217,0
DA:218,0
DA:220,0
DA:224,0
DA:225,0
DA:226,0
DA:227,0
DA:228,0
DA:230,0
DA:232,0
DA:233,0
DA:234,0
DA:235,0
DA:237,0
DA:238,0
DA:239,0
DA:240,0
DA:243,0
DA:244,0
DA:247,0
DA:248,0
DA:252,0
DA:254,0
DA:256,0
DA:259,0
DA:262,0
DA:263,0
DA:264,0
DA:267,0
DA:269,0
DA:273,0
DA:275,0
DA:276,0
DA:278,0
DA:284,0
DA:288,0
DA:292,0
DA:299,0
DA:303,0
DA:304,0
DA:308,0
DA:318,0
DA:326,0
DA:327,0
DA:329,0
DA:337,0
DA:347,0
DA:365,0
LF:180
LH:0
BRDA:78,0,0,0
BRDA:78,0,1,0
BRDA:78,1,0,0
BRDA:78,1,1,0
BRDA:86,2,0,0
BRDA:86,2,1,0
BRDA:88,3,0,0
BRDA:88,3,1,0
BRDA:88,4,0,0
BRDA:88,4,1,0
BRDA:94,5,0,0
BRDA:95,6,0,0
BRDA:95,6,1,0
BRDA:95,7,0,0
BRDA:95,7,1,0
BRDA:98,8,0,0
BRDA:98,8,1,0
BRDA:103,9,0,0
BRDA:103,9,1,0
BRDA:108,10,0,0
BRDA:108,10,1,0
BRDA:110,11,0,0
BRDA:110,11,1,0
BRDA:122,12,0,0
BRDA:122,12,1,0
BRDA:122,13,0,0
BRDA:122,13,1,0
BRDA:124,14,0,0
BRDA:124,14,1,0
BRDA:127,15,0,0
BRDA:127,15,1,0
BRDA:127,16,0,0
BRDA:127,16,1,0
BRDA:129,17,0,0
BRDA:129,17,1,0
BRDA:136,18,0,0
BRDA:136,18,1,0
BRDA:137,19,0,0
BRDA:137,19,1,0
BRDA:142,20,0,0
BRDA:142,20,1,0
BRDA:145,21,0,0
BRDA:145,21,1,0
BRDA:149,22,0,0
BRDA:149,22,1,0
BRDA:154,23,0,0
BRDA:154,23,1,0
BRDA:154,24,0,0
BRDA:154,24,1,0
BRDA:158,25,0,0
BRDA:158,25,1,0
BRDA:164,26,0,0
BRDA:164,26,1,0
BRDA:164,27,0,0
BRDA:164,27,1,0
BRDA:166,28,0,0
BRDA:166,28,1,0
BRDA:169,29,0,0
BRDA:169,29,1,0
BRDA:169,30,0,0
BRDA:169,30,1,0
BRDA:171,31,0,0
BRDA:171,31,1,0
BRDA:178,32,0,0
BRDA:178,32,1,0
BRDA:179,33,0,0
BRDA:179,33,1,0
BRDA:183,34,0,0
BRDA:183,34,1,0
BRDA:186,35,0,0
BRDA:186,35,1,0
BRDA:195,36,0,0
BRDA:195,36,1,0
BRDA:198,37,0,0
BRDA:198,37,1,0
BRDA:204,38,0,0
BRDA:204,38,1,0
BRDA:204,39,0,0
BRDA:204,39,1,0
BRDA:208,40,0,0
BRDA:208,40,1,0
BRDA:210,41,0,0
BRDA:210,41,1,0
BRDA:217,42,0,0
BRDA:217,42,1,0
BRDA:225,43,0,0
BRDA:225,43,1,0
BRDA:226,44,0,0
BRDA:226,44,1,0
BRDA:230,45,0,0
BRDA:230,45,1,0
BRDA:233,46,0,0
BRDA:233,46,1,0
BRDA:233,47,0,0
BRDA:233,47,1,0
BRDA:247,48,0,0
BRDA:247,48,1,0
BRDA:247,49,0,0
BRDA:247,49,1,0
BRDA:264,50,0,0
BRDA:264,50,1,0
BRDA:273,51,0,0
BRDA:273,51,1,0
BRDA:276,52,0,0
BRDA:276,52,1,0
BRDA:276,52,2,0
BRDA:293,53,0,0
BRDA:293,53,1,0
BRDA:294,54,0,0
BRDA:294,54,1,0
BRDA:305,55,0,0
BRDA:305,55,1,0
BRDA:306,56,0,0
BRDA:306,56,1,0
BRDA:308,57,0,0
BRDA:308,57,1,0
BRDA:309,58,0,0
BRDA:309,58,1,0
BRDA:312,59,0,0
BRDA:312,59,1,0
BRDA:327,60,0,0
BRDA:327,60,1,0
BRDA:330,61,0,0
BRDA:330,61,1,0
BRDA:334,62,0,0
BRDA:334,62,1,0
BRDA:336,63,0,0
BRDA:336,63,1,0
BRDA:336,63,2,0
BRDA:337,64,0,0
BRDA:337,64,1,0
BRDA:337,65,0,0
BRDA:337,65,1,0
BRDA:338,66,0,0
BRDA:338,66,1,0
BRDA:339,67,0,0
BRDA:339,67,1,0
BRDA:340,68,0,0
BRDA:340,68,1,0
BRF:139
BRH:0
end_of_record
TN:
SF:src\components\PhoneNumberField.tsx
FN:18,(anonymous_0)
FN:42,(anonymous_1)
FN:42,(anonymous_2)
FNF:3
FNH:0
FNDA:0,(anonymous_0)
FNDA:0,(anonymous_1)
FNDA:0,(anonymous_2)
DA:18,0
DA:28,0
DA:29,0
DA:30,0
DA:31,0
DA:42,0
DA:61,0
LF:7
LH:0
BRDA:25,0,0,0
BRDA:29,1,0,0
BRDA:29,1,1,0
BRDA:30,2,0,0
BRDA:30,2,1,0
BRF:5
BRH:0
end_of_record
TN:
SF:src\components\PhonePasswordResetModal.tsx
FN:24,(anonymous_0)
FN:52,(anonymous_1)
FN:64,(anonymous_2)
FN:71,(anonymous_3)
FN:77,(anonymous_4)
FN:87,(anonymous_5)
FN:89,(anonymous_6)
FN:90,(anonymous_7)
FN:94,(anonymous_8)
FN:121,(anonymous_9)
FN:121,(anonymous_10)
FN:142,(anonymous_11)
FN:148,(anonymous_12)
FN:151,(anonymous_13)
FN:151,(anonymous_14)
FN:171,(anonymous_15)
FN:200,(anonymous_16)
FN:236,(anonymous_17)
FN:245,(anonymous_18)
FN:249,(anonymous_19)
FN:253,(anonymous_20)
FN:296,(anonymous_21)
FN:300,(anonymous_22)
FNF:23
FNH:0
FNDA:0,(anonymous_0)
FNDA:0,(anonymous_1)
FNDA:0,(anonymous_2)
FNDA:0,(anonymous_3)
FNDA:0,(anonymous_4)
FNDA:0,(anonymous_5)
FNDA:0,(anonymous_6)
FNDA:0,(anonymous_7)
FNDA:0,(anonymous_8)
FNDA:0,(anonymous_9)
FNDA:0,(anonymous_10)
FNDA:0,(anonymous_11)
FNDA:0,(anonymous_12)
FNDA:0,(anonymous_13)
FNDA:0,(anonymous_14)
FNDA:0,(anonymous_15)
FNDA:0,(anonymous_16)
FNDA:0,(anonymous_17)
FNDA:0,(anonymous_18)
FNDA:0,(anonymous_19)
FNDA:0,(anonymous_20)
FNDA:0,(anonymous_21)
FNDA:0,(anonymous_22)
DA:24,0
DA:25,0
DA:26,0
DA:27,0
DA:28,0
DA:30,0
DA:39,0
DA:40,0
DA:41,0
DA:42,0
DA:43,0
DA:44,0
DA:45,0
DA:46,0
DA:47,0
DA:48,0
DA:50,0
DA:52,0
DA:53,0
DA:54,0
DA:55,0
DA:56,0
DA:57,0
DA:58,0
DA:59,0
DA:60,0
DA:61,0
DA:64,0
DA:65,0
DA:66,0
DA:68,0
DA:71,0
DA:72,0
DA:73,0
DA:74,0
DA:77,0
DA:78,0
DA:79,0
DA:80,0
DA:82,0
DA:83,0
DA:86,0
DA:87,0
DA:88,0
DA:89,0
DA:90,0
DA:94,0
DA:95,0
DA:96,0
DA:98,0
DA:99,0
DA:100,0
DA:103,0
DA:104,0
DA:106,0
DA:107,0
DA:109,0
DA:110,0
DA:111,0
DA:112,0
DA:113,0
DA:116,0
DA:119,0
DA:121,0
DA:123,0
DA:124,0
DA:127,0
DA:128,0
DA:129,0
DA:131,0
DA:132,0
DA:134,0
DA:135,0
DA:138,0
DA:142,0
DA:143,0
DA:144,0
DA:145,0
DA:146,0
DA:147,0
DA:148,0
DA:149,0
DA:151,0
DA:153,0
DA:154,0
DA:157,0
DA:158,0
DA:160,0
DA:161,0
DA:163,0
DA:164,0
DA:167,0
DA:171,0
DA:172,0
DA:173,0
DA:175,0
DA:176,0
DA:177,0
DA:180,0
DA:182,0
DA:183,0
DA:184,0
DA:185,0
DA:186,0
DA:187,0
DA:188,0
DA:190,0
DA:191,0
DA:193,0
DA:194,0
DA:196,0
DA:200,0
DA:201,0
DA:202,0
DA:203,0
DA:204,0
DA:205,0
DA:208,0
DA:209,0
DA:210,0
DA:211,0
DA:212,0
DA:213,0
DA:216,0
DA:217,0
DA:219,0
DA:221,0
DA:222,0
DA:225,0
DA:227,0
DA:229,0
DA:230,0
DA:234,0
DA:236,0
DA:237,0
DA:239,0
DA:245,0
DA:249,0
DA:253,0
DA:260,0
DA:290,0
DA:297,0
DA:298,0
DA:300,0
DA:318,0
DA:336,0
LF:146
LH:0
BRDA:78,0,0,0
BRDA:78,0,1,0
BRDA:78,1,0,0
BRDA:78,1,1,0
BRDA:86,2,0,0
BRDA:86,2,1,0
BRDA:88,3,0,0
BRDA:88,3,1,0
BRDA:88,4,0,0
BRDA:88,4,1,0
BRDA:94,5,0,0
BRDA:95,6,0,0
BRDA:95,6,1,0
BRDA:95,7,0,0
BRDA:95,7,1,0
BRDA:98,8,0,0
BRDA:98,8,1,0
BRDA:103,9,0,0
BRDA:103,9,1,0
BRDA:110,10,0,0
BRDA:110,10,1,0
BRDA:124,11,0,0
BRDA:124,11,1,0
BRDA:131,12,0,0
BRDA:131,12,1,0
BRDA:134,13,0,0
BRDA:134,13,1,0
BRDA:138,14,0,0
BRDA:138,14,1,0
BRDA:143,15,0,0
BRDA:143,15,1,0
BRDA:143,16,0,0
BRDA:143,16,1,0
BRDA:154,17,0,0
BRDA:154,17,1,0
BRDA:160,18,0,0
BRDA:160,18,1,0
BRDA:163,19,0,0
BRDA:163,19,1,0
BRDA:172,20,0,0
BRDA:172,20,1,0
BRDA:175,21,0,0
BRDA:175,21,1,0
BRDA:180,22,0,0
BRDA:180,22,1,0
BRDA:180,23,0,0
BRDA:180,23,1,0
BRDA:184,24,0,0
BRDA:184,24,1,0
BRDA:186,25,0,0
BRDA:186,25,1,0
BRDA:193,26,0,0
BRDA:193,26,1,0
BRDA:201,27,0,0
BRDA:201,27,1,0
BRDA:202,28,0,0
BRDA:202,28,1,0
BRDA:203,29,0,0
BRDA:203,29,1,0
BRDA:211,30,0,0
BRDA:211,30,1,0
BRDA:221,31,0,0
BRDA:221,31,1,0
BRDA:237,32,0,0
BRDA:237,32,1,0
BRDA:237,32,2,0
BRDA:254,33,0,0
BRDA:254,33,1,0
BRDA:255,34,0,0
BRDA:255,34,1,0
BRDA:277,35,0,0
BRDA:277,35,1,0
BRDA:278,36,0,0
BRDA:278,36,1,0
BRDA:280,37,0,0
BRDA:280,37,1,0
BRDA:281,38,0,0
BRDA:281,38,1,0
BRDA:284,39,0,0
BRDA:284,39,1,0
BRDA:298,40,0,0
BRDA:298,40,1,0
BRDA:301,41,0,0
BRDA:301,41,1,0
BRDA:304,42,0,0
BRDA:304,42,1,0
BRDA:306,43,0,0
BRDA:306,43,1,0
BRDA:306,43,2,0
BRDA:308,44,0,0
BRDA:308,44,1,0
BRDA:310,45,0,0
BRDA:310,45,1,0
BRDA:311,46,0,0
BRDA:311,46,1,0
BRF:95
BRH:0
end_of_record
TN:
SF:src\components\PriorityIndicator.tsx
FN:10,(anonymous_0)
FN:19,(anonymous_1)
FNF:2
FNH:0
FNDA:0,(anonymous_0)
FNDA:0,(anonymous_1)
DA:10,1
DA:11,0
DA:12,0
DA:14,0
DA:16,0
DA:17,0
DA:20,0
DA:33,1
LF:8
LH:2
BRDA:24,0,0,0
BRDA:24,0,1,0
BRDA:25,1,0,0
BRDA:25,1,1,0
BRF:4
BRH:0
end_of_record
TN:
SF:src\components\PrioritySelector.tsx
FN:12,(anonymous_0)
FN:19,(anonymous_1)
FN:21,(anonymous_2)
FNF:3
FNH:0
FNDA:0,(anonymous_0)
FNDA:0,(anonymous_1)
FNDA:0,(anonymous_2)
DA:12,2
DA:13,0
DA:14,0
DA:15,0
DA:17,0
DA:20,0
DA:21,0
DA:38,2
LF:8
LH:2
BRDA:26,0,0,0
BRDA:26,0,1,0
BRF:2
BRH:0
end_of_record
TN:
SF:src\components\SearchBar.tsx
FN:18,(anonymous_0)
FN:22,(anonymous_1)
FN:39,(anonymous_2)
FNF:3
FNH:2
FNDA:26,(anonymous_0)
FNDA:26,(anonymous_1)
FNDA:0,(anonymous_2)
DA:18,1
DA:19,26
DA:20,26
DA:21,26
DA:22,26
DA:23,26
DA:39,0
DA:47,1
LF:8
LH:7
BRDA:18,0,0,0
BRDA:29,1,0,26
BRDA:29,1,1,0
BRDA:38,2,0,26
BRDA:38,2,1,0
BRF:5
BRH:2
end_of_record
TN:
SF:src\components\TaskForm.tsx
FN:31,(anonymous_0)
FN:40,(anonymous_1)
FN:47,(anonymous_2)
FN:55,(anonymous_3)
FN:63,(anonymous_4)
FN:84,(anonymous_5)
FN:93,(anonymous_6)
FN:101,(anonymous_7)
FNF:8
FNH:1
FNDA:16,(anonymous_0)
FNDA:0,(anonymous_1)
FNDA:0,(anonymous_2)
FNDA:0,(anonymous_3)
FNDA:0,(anonymous_4)
FNDA:0,(anonymous_5)
FNDA:0,(anonymous_6)
FNDA:0,(anonymous_7)
DA:31,2
DA:32,16
DA:33,0
DA:35,0
DA:40,0
DA:47,0
DA:56,0
DA:63,0
DA:84,0
DA:93,0
DA:101,0
DA:111,2
LF:12
LH:3
BRDA:61,0,0,0
BRDA:61,0,1,0
BRDA:68,1,0,0
BRDA:68,1,1,0
BRDA:98,2,0,0
BRDA:98,2,1,0
BRDA:100,3,0,0
BRDA:100,3,1,0
BRDA:105,4,0,0
BRDA:105,4,1,0
BRDA:105,5,0,0
BRDA:105,5,1,0
BRF:12
BRH:0
end_of_record
TN:
SF:src\constants\categories.ts
FNF:0
FNH:0
DA:4,0
LF:1
LH:0
BRF:0
BRH:0
end_of_record
TN:
SF:src\contexts\CategoryContext.tsx
FN:14,(anonymous_0)
FN:26,(anonymous_1)
FN:33,(anonymous_2)
FN:35,(anonymous_3)
FN:47,(anonymous_4)
FN:48,(anonymous_5)
FN:52,(anonymous_6)
FN:63,(anonymous_7)
FNF:8
FNH:2
FNDA:42,(anonymous_0)
FNDA:26,(anonymous_1)
FNDA:0,(anonymous_2)
FNDA:0,(anonymous_3)
FNDA:0,(anonymous_4)
FNDA:0,(anonymous_5)
FNDA:0,(anonymous_6)
FNDA:0,(anonymous_7)
DA:12,2
DA:14,2
DA:15,42
DA:16,42
DA:17,16
DA:19,26
DA:26,2
DA:27,26
DA:28,26
DA:31,26
DA:33,26
DA:34,0
DA:35,0
DA:37,0
DA:38,0
DA:39,0
DA:42,0
DA:43,0
DA:44,0
DA:45,0
DA:48,0
DA:49,0
DA:50,0
DA:53,0
DA:54,0
DA:58,0
DA:59,0
DA:63,0
DA:64,0
DA:65,0
DA:66,0
DA:67,0
DA:72,26
LF:33
LH:12
BRDA:16,0,0,16
BRDA:16,0,1,26
BRDA:37,1,0,0
BRDA:37,1,1,0
BRDA:42,2,0,0
BRDA:42,2,1,0
BRDA:65,3,0,0
BRDA:65,3,1,0
BRF:8
BRH:2
end_of_record
TN:
SF:src\contexts\ThemeContext.tsx
FN:79,(anonymous_0)
FN:84,(anonymous_1)
FN:85,(anonymous_2)
FN:97,(anonymous_3)
FN:101,(anonymous_4)
FN:105,(anonymous_5)
FN:109,(anonymous_6)
FN:114,(anonymous_7)
FN:119,(anonymous_8)
FN:133,(anonymous_9)
FN:138,(anonymous_10)
FNF:11
FNH:7
FNDA:32,(anonymous_0)
FNDA:6,(anonymous_1)
FNDA:6,(anonymous_2)
FNDA:0,(anonymous_3)
FNDA:6,(anonymous_4)
FNDA:0,(anonymous_5)
FNDA:0,(anonymous_6)
FNDA:0,(anonymous_7)
FNDA:32,(anonymous_8)
FNDA:32,(anonymous_9)
FNDA:177,(anonymous_10)
DA:36,4
DA:37,4
DA:39,4
DA:57,4
DA:75,4
DA:77,4
DA:79,4
DA:80,32
DA:81,32
DA:82,32
DA:84,32
DA:85,6
DA:86,6
DA:87,6
DA:88,6
DA:89,0
DA:91,6
DA:92,6
DA:93,0
DA:97,6
DA:98,6
DA:100,6
DA:101,6
DA:104,0
DA:105,0
DA:109,32
DA:110,0
DA:111,0
DA:114,32
DA:115,0
DA:116,0
DA:119,32
DA:120,32
DA:121,0
DA:124,32
DA:125,32
DA:131,32
DA:133,32
DA:135,32
DA:138,4
DA:139,177
DA:140,176
DA:141,162
LF:43
LH:34
BRDA:81,0,0,32
BRDA:81,0,1,32
BRDA:88,1,0,0
BRDA:88,1,1,6
BRDA:88,2,0,6
BRDA:88,2,1,6
BRDA:88,2,2,6
BRDA:92,3,0,0
BRDA:92,3,1,6
BRDA:92,4,0,6
BRDA:92,4,1,6
BRDA:92,4,2,6
BRDA:92,4,3,6
BRDA:97,5,0,0
BRDA:97,5,1,0
BRDA:120,6,0,32
BRDA:120,6,1,0
BRDA:121,7,0,0
BRDA:121,7,1,0
BRDA:124,8,0,0
BRDA:124,8,1,32
BRDA:128,9,0,0
BRDA:128,9,1,32
BRDA:129,10,0,0
BRDA:129,10,1,32
BRDA:140,11,0,14
BRDA:140,11,1,162
BRF:27
BRH:17
end_of_record
TN:
SF:src\contexts\ToastContext.tsx
FN:24,(anonymous_0)
FN:36,(anonymous_1)
FN:42,(anonymous_2)
FN:60,(anonymous_3)
FN:65,(anonymous_4)
FN:71,(anonymous_5)
FN:72,(anonymous_6)
FN:80,(anonymous_7)
FN:84,(anonymous_8)
FN:84,(anonymous_9)
FN:85,(anonymous_10)
FN:85,(anonymous_11)
FN:95,(anonymous_12)
FN:123,(anonymous_13)
FN:127,(anonymous_14)
FN:129,(anonymous_15)
FN:165,resolveToastStyle
FNF:17
FNH:2
FNDA:26,(anonymous_0)
FNDA:26,(anonymous_1)
FNDA:0,(anonymous_2)
FNDA:0,(anonymous_3)
FNDA:0,(anonymous_4)
FNDA:0,(anonymous_5)
FNDA:0,(anonymous_6)
FNDA:0,(anonymous_7)
FNDA:0,(anonymous_8)
FNDA:0,(anonymous_9)
FNDA:0,(anonymous_10)
FNDA:0,(anonymous_11)
FNDA:0,(anonymous_12)
FNDA:0,(anonymous_13)
FNDA:0,(anonymous_14)
FNDA:0,(anonymous_15)
FNDA:0,resolveToastStyle
DA:22,1
DA:24,1
DA:25,26
DA:26,26
DA:27,0
DA:29,26
DA:36,1
DA:37,26
DA:38,26
DA:39,26
DA:40,26
DA:42,26
DA:44,0
DA:47,0
DA:48,0
DA:49,0
DA:53,0
DA:60,0
DA:61,0
DA:65,0
DA:67,0
DA:71,26
DA:72,0
DA:73,0
DA:74,0
DA:80,26
DA:82,26
DA:84,26
DA:85,26
DA:87,26
DA:95,1
DA:96,0
DA:97,0
DA:98,0
DA:99,0
DA:100,0
DA:102,0
DA:104,0
DA:106,0
DA:123,1
DA:124,0
DA:125,0
DA:126,0
DA:127,0
DA:128,0
DA:129,0
DA:131,0
DA:134,1
DA:166,0
DA:168,0
DA:170,0
DA:172,0
DA:174,0
LF:53
LH:20
BRDA:26,0,0,0
BRDA:26,0,1,26
BRDA:47,1,0,0
BRDA:47,1,1,0
BRDA:67,2,0,0
BRDA:67,2,1,0
BRDA:73,3,0,0
BRDA:73,3,1,0
BRDA:82,4,0,0
BRDA:82,4,1,26
BRDA:90,5,0,26
BRDA:90,5,1,26
BRDA:97,6,0,0
BRDA:97,6,1,0
BRDA:102,7,0,0
BRDA:102,7,1,0
BRDA:112,8,0,0
BRDA:112,8,1,0
BRDA:125,9,0,0
BRDA:125,9,1,0
BRDA:166,10,0,0
BRDA:166,10,1,0
BRDA:166,10,2,0
BRDA:166,10,3,0
BRF:24
BRH:4
end_of_record
TN:
SF:src\contexts\UIContext.tsx
FN:18,(anonymous_0)
FN:23,(anonymous_1)
FN:24,(anonymous_2)
FN:32,(anonymous_3)
FN:41,(anonymous_4)
FN:55,(anonymous_5)
FN:58,(anonymous_6)
FN:63,(anonymous_7)
FN:65,(anonymous_8)
FN:77,(anonymous_9)
FN:80,(anonymous_10)
FN:84,(anonymous_11)
FNF:12
FNH:3
FNDA:26,(anonymous_0)
FNDA:0,(anonymous_1)
FNDA:0,(anonymous_2)
FNDA:0,(anonymous_3)
FNDA:0,(anonymous_4)
FNDA:0,(anonymous_5)
FNDA:0,(anonymous_6)
FNDA:0,(anonymous_7)
FNDA:0,(anonymous_8)
FNDA:0,(anonymous_9)
FNDA:26,(anonymous_10)
FNDA:52,(anonymous_11)
DA:14,1
DA:16,1
DA:18,1
DA:19,26
DA:20,26
DA:21,26
DA:23,26
DA:24,0
DA:25,0
DA:26,0
DA:27,0
DA:31,0
DA:32,0
DA:33,0
DA:34,0
DA:35,0
DA:36,0
DA:37,0
DA:41,0
DA:42,0
DA:43,0
DA:44,0
DA:45,0
DA:46,0
DA:47,0
DA:48,0
DA:49,0
DA:50,0
DA:51,0
DA:55,0
DA:58,26
DA:59,0
DA:60,0
DA:63,26
DA:65,0
DA:66,0
DA:67,0
DA:68,0
DA:69,0
DA:70,0
DA:71,0
DA:72,0
DA:73,0
DA:75,0
DA:76,0
DA:77,0
DA:80,26
DA:81,26
DA:84,1
DA:85,52
DA:86,52
DA:87,52
LF:52
LH:15
BRDA:27,0,0,0
BRDA:27,0,1,0
BRDA:27,1,0,0
BRDA:27,1,1,0
BRDA:35,2,0,0
BRDA:35,2,1,0
BRDA:44,3,0,0
BRDA:44,3,1,0
BRDA:46,4,0,0
BRDA:46,4,1,0
BRDA:46,5,0,0
BRDA:46,5,1,0
BRDA:50,6,0,0
BRDA:50,6,1,0
BRDA:68,7,0,0
BRDA:68,7,1,0
BRDA:71,8,0,0
BRDA:71,8,1,0
BRDA:72,9,0,0
BRDA:72,9,1,0
BRDA:86,10,0,0
BRDA:86,10,1,52
BRF:22
BRH:1
end_of_record
TN:
SF:src\hooks\useDebounce.ts
FN:3,useDebounce
FN:7,(anonymous_1)
FN:9,(anonymous_2)
FN:10,(anonymous_3)
FNF:4
FNH:1
FNDA:26,useDebounce
FNDA:0,(anonymous_1)
FNDA:0,(anonymous_2)
FNDA:0,(anonymous_3)
DA:4,26
DA:5,26
DA:7,26
DA:8,0
DA:9,0
DA:10,0
DA:13,26
LF:7
LH:4
BRDA:8,0,0,0
BRDA:8,0,1,0
BRDA:10,1,0,0
BRDA:10,1,1,0
BRF:4
BRH:0
end_of_record
TN:
SF:src\hooks\useDensity.ts
FN:3,(anonymous_0)
FNF:1
FNH:0
FNDA:0,(anonymous_0)
DA:3,0
DA:4,0
DA:5,0
DA:6,0
DA:7,0
LF:5
LH:0
BRDA:6,0,0,0
BRDA:6,0,1,0
BRF:2
BRH:0
end_of_record
TN:
SF:src\hooks\useResendTimer.ts
FN:5,(anonymous_0)
FN:10,(anonymous_1)
FN:13,(anonymous_2)
FN:24,(anonymous_3)
FN:34,(anonymous_4)
FN:39,(anonymous_5)
FN:46,(anonymous_6)
FNF:7
FNH:0
FNDA:0,(anonymous_0)
FNDA:0,(anonymous_1)
FNDA:0,(anonymous_2)
FNDA:0,(anonymous_3)
FNDA:0,(anonymous_4)
FNDA:0,(anonymous_5)
FNDA:0,(anonymous_6)
DA:5,0
DA:6,0
DA:7,0
DA:8,0
DA:10,0
DA:11,0
DA:13,0
DA:14,0
DA:15,0
DA:16,0
DA:17,0
DA:18,0
DA:21,0
DA:22,0
DA:24,0
DA:25,0
DA:26,0
DA:28,0
DA:29,0
DA:31,0
DA:34,0
DA:35,0
DA:37,0
DA:39,0
DA:40,0
DA:41,0
DA:42,0
DA:46,0
DA:47,0
DA:48,0
DA:51,0
LF:31
LH:0
BRDA:11,0,0,0
BRDA:11,0,1,0
BRDA:15,1,0,0
BRDA:15,1,1,0
BRDA:18,2,0,0
BRDA:18,2,1,0
BRDA:35,3,0,0
BRDA:35,3,1,0
BRDA:40,4,0,0
BRDA:40,4,1,0
BRDA:41,5,0,0
BRDA:41,5,1,0
BRF:12
BRH:0
end_of_record
TN:
SF:src\navigation\AppNavigator.tsx
FN:46,TaskStack
FN:66,BudgetStack
FN:75,AppTabs
FN:79,(anonymous_3)
FN:80,(anonymous_4)
FN:85,AuthScreens
FN:90,(anonymous_6)
FN:96,(anonymous_7)
FN:103,(anonymous_8)
FN:105,(anonymous_9)
FN:111,(anonymous_10)
FN:119,(anonymous_11)
FN:136,(anonymous_12)
FN:137,(anonymous_13)
FN:137,(anonymous_14)
FN:138,(anonymous_15)
FN:138,(anonymous_16)
FN:139,(anonymous_17)
FN:148,(anonymous_18)
FN:179,(anonymous_19)
FN:181,(anonymous_20)
FN:182,(anonymous_21)
FN:192,(anonymous_22)
FNF:23
FNH:0
FNDA:0,TaskStack
FNDA:0,BudgetStack
FNDA:0,AppTabs
FNDA:0,(anonymous_3)
FNDA:0,(anonymous_4)
FNDA:0,AuthScreens
FNDA:0,(anonymous_6)
FNDA:0,(anonymous_7)
FNDA:0,(anonymous_8)
FNDA:0,(anonymous_9)
FNDA:0,(anonymous_10)
FNDA:0,(anonymous_11)
FNDA:0,(anonymous_12)
FNDA:0,(anonymous_13)
FNDA:0,(anonymous_14)
FNDA:0,(anonymous_15)
FNDA:0,(anonymous_16)
FNDA:0,(anonymous_17)
FNDA:0,(anonymous_18)
FNDA:0,(anonymous_19)
FNDA:0,(anonymous_20)
FNDA:0,(anonymous_21)
FNDA:0,(anonymous_22)
DA:41,0
DA:42,0
DA:43,0
DA:44,0
DA:47,0
DA:67,0
DA:76,0
DA:77,0
DA:79,0
DA:80,0
DA:86,0
DA:90,0
DA:96,0
DA:97,0
DA:98,0
DA:99,0
DA:100,0
DA:101,0
DA:103,0
DA:105,0
DA:106,0
DA:107,0
DA:111,0
DA:112,0
DA:113,0
DA:114,0
DA:116,0
DA:119,0
DA:120,0
DA:121,0
DA:122,0
DA:123,0
DA:124,0
DA:126,0
DA:127,0
DA:130,0
DA:132,0
DA:133,0
DA:136,0
DA:137,0
DA:138,0
DA:139,0
DA:142,0
DA:143,0
DA:147,0
DA:148,0
DA:149,0
DA:150,0
DA:151,0
DA:152,0
DA:154,0
DA:179,0
DA:180,0
DA:181,0
DA:182,0
DA:185,0
DA:192,0
LF:57
LH:0
BRDA:113,0,0,0
BRDA:113,0,1,0
BRDA:121,1,0,0
BRDA:121,1,1,0
BRDA:132,2,0,0
BRDA:132,2,1,0
BRDA:138,3,0,0
BRDA:138,3,1,0
BRDA:142,4,0,0
BRDA:142,4,1,0
BRDA:147,5,0,0
BRDA:147,5,1,0
BRDA:149,6,0,0
BRDA:149,6,1,0
BRDA:149,6,2,0
BRDA:149,6,3,0
BRDA:150,7,0,0
BRDA:150,7,1,0
BRDA:152,8,0,0
BRDA:152,8,1,0
BRDA:152,8,2,0
BRDA:154,9,0,0
BRDA:154,9,1,0
BRDA:189,10,0,0
BRDA:189,10,1,0
BRDA:189,11,0,0
BRDA:189,11,1,0
BRDA:189,11,2,0
BRDA:189,11,3,0
BRDA:195,12,0,0
BRDA:195,12,1,0
BRF:31
BRH:0
end_of_record
TN:
SF:src\screens\AccountSettingsScreen.tsx
FN:20,(anonymous_0)
FN:47,(anonymous_1)
FN:49,(anonymous_2)
FN:55,(anonymous_3)
FN:65,(anonymous_4)
FN:90,(anonymous_5)
FN:93,(anonymous_6)
FN:104,(anonymous_7)
FN:106,(anonymous_8)
FN:112,(anonymous_9)
FN:128,(anonymous_10)
FN:142,(anonymous_11)
FN:160,(anonymous_12)
FN:172,(anonymous_13)
FN:181,(anonymous_14)
FN:196,(anonymous_15)
FN:221,(anonymous_16)
FN:240,(anonymous_17)
FN:251,(anonymous_18)
FN:267,(anonymous_19)
FN:274,(anonymous_20)
FN:277,(anonymous_21)
FN:281,(anonymous_22)
FN:286,(anonymous_23)
FN:327,(anonymous_24)
FN:328,(anonymous_25)
FN:349,(anonymous_26)
FN:357,(anonymous_27)
FN:379,(anonymous_28)
FN:382,(anonymous_29)
FN:391,(anonymous_30)
FN:399,(anonymous_31)
FN:405,(anonymous_32)
FN:426,(anonymous_33)
FN:440,(anonymous_34)
FN:457,(anonymous_35)
FN:461,(anonymous_36)
FN:470,(anonymous_37)
FN:474,(anonymous_38)
FN:500,(anonymous_39)
FN:506,(anonymous_40)
FN:522,(anonymous_41)
FN:564,(anonymous_42)
FN:565,(anonymous_43)
FN:587,(anonymous_44)
FN:596,(anonymous_45)
FN:597,(anonymous_46)
FN:598,(anonymous_47)
FN:608,(anonymous_48)
FN:609,(anonymous_49)
FN:610,(anonymous_50)
FN:624,(anonymous_51)
FN:627,(anonymous_52)
FN:627,(anonymous_53)
FN:630,(anonymous_54)
FN:637,(anonymous_55)
FN:647,(anonymous_56)
FN:650,(anonymous_57)
FN:658,(anonymous_58)
FN:659,(anonymous_59)
FN:661,(anonymous_60)
FNF:61
FNH:0
FNDA:0,(anonymous_0)
FNDA:0,(anonymous_1)
FNDA:0,(anonymous_2)
FNDA:0,(anonymous_3)
FNDA:0,(anonymous_4)
FNDA:0,(anonymous_5)
FNDA:0,(anonymous_6)
FNDA:0,(anonymous_7)
FNDA:0,(anonymous_8)
FNDA:0,(anonymous_9)
FNDA:0,(anonymous_10)
FNDA:0,(anonymous_11)
FNDA:0,(anonymous_12)
FNDA:0,(anonymous_13)
FNDA:0,(anonymous_14)
FNDA:0,(anonymous_15)
FNDA:0,(anonymous_16)
FNDA:0,(anonymous_17)
FNDA:0,(anonymous_18)
FNDA:0,(anonymous_19)
FNDA:0,(anonymous_20)
FNDA:0,(anonymous_21)
FNDA:0,(anonymous_22)
FNDA:0,(anonymous_23)
FNDA:0,(anonymous_24)
FNDA:0,(anonymous_25)
FNDA:0,(anonymous_26)
FNDA:0,(anonymous_27)
FNDA:0,(anonymous_28)
FNDA:0,(anonymous_29)
FNDA:0,(anonymous_30)
FNDA:0,(anonymous_31)
FNDA:0,(anonymous_32)
FNDA:0,(anonymous_33)
FNDA:0,(anonymous_34)
FNDA:0,(anonymous_35)
FNDA:0,(anonymous_36)
FNDA:0,(anonymous_37)
FNDA:0,(anonymous_38)
FNDA:0,(anonymous_39)
FNDA:0,(anonymous_40)
FNDA:0,(anonymous_41)
FNDA:0,(anonymous_42)
FNDA:0,(anonymous_43)
FNDA:0,(anonymous_44)
FNDA:0,(anonymous_45)
FNDA:0,(anonymous_46)
FNDA:0,(anonymous_47)
FNDA:0,(anonymous_48)
FNDA:0,(anonymous_49)
FNDA:0,(anonymous_50)
FNDA:0,(anonymous_51)
FNDA:0,(anonymous_52)
FNDA:0,(anonymous_53)
FNDA:0,(anonymous_54)
FNDA:0,(anonymous_55)
FNDA:0,(anonymous_56)
FNDA:0,(anonymous_57)
FNDA:0,(anonymous_58)
FNDA:0,(anonymous_59)
FNDA:0,(anonymous_60)
DA:20,0
DA:21,0
DA:22,0
DA:23,0
DA:24,0
DA:25,0
DA:26,0
DA:27,0
DA:28,0
DA:29,0
DA:30,0
DA:31,0
DA:32,0
DA:33,0
DA:34,0
DA:35,0
DA:36,0
DA:37,0
DA:38,0
DA:39,0
DA:40,0
DA:41,0
DA:42,0
DA:43,0
DA:44,0
DA:45,0
DA:47,0
DA:48,0
DA:49,0
DA:50,0
DA:51,0
DA:52,0
DA:53,0
DA:54,0
DA:55,0
DA:56,0
DA:60,0
DA:63,0
DA:65,0
DA:66,0
DA:67,0
DA:68,0
DA:69,0
DA:70,0
DA:71,0
DA:72,0
DA:73,0
DA:74,0
DA:75,0
DA:79,0
DA:80,0
DA:82,0
DA:83,0
DA:84,0
DA:90,0
DA:93,0
DA:94,0
DA:95,0
DA:99,0
DA:100,0
DA:101,0
DA:102,0
DA:104,0
DA:106,0
DA:107,0
DA:108,0
DA:109,0
DA:112,0
DA:113,0
DA:114,0
DA:115,0
DA:117,0
DA:118,0
DA:119,0
DA:120,0
DA:121,0
DA:123,0
DA:124,0
DA:125,0
DA:128,0
DA:129,0
DA:130,0
DA:131,0
DA:132,0
DA:133,0
DA:134,0
DA:135,0
DA:136,0
DA:137,0
DA:138,0
DA:139,0
DA:140,0
DA:141,0
DA:142,0
DA:144,0
DA:145,0
DA:146,0
DA:147,0
DA:148,0
DA:149,0
DA:150,0
DA:152,0
DA:153,0
DA:156,0
DA:160,0
DA:161,0
DA:162,0
DA:163,0
DA:164,0
DA:166,0
DA:167,0
DA:168,0
DA:169,0
DA:170,0
DA:171,0
DA:172,0
DA:174,0
DA:175,0
DA:177,0
DA:181,0
DA:182,0
DA:183,0
DA:184,0
DA:185,0
DA:186,0
DA:187,0
DA:189,0
DA:190,0
DA:192,0
DA:194,0
DA:195,0
DA:196,0
DA:197,0
DA:198,0
DA:199,0
DA:200,0
DA:201,0
DA:203,0
DA:204,0
DA:206,0
DA:208,0
DA:211,0
DA:214,0
DA:217,0
DA:221,0
DA:222,0
DA:223,0
DA:224,0
DA:225,0
DA:226,0
DA:227,0
DA:228,0
DA:229,0
DA:230,0
DA:231,0
DA:233,0
DA:236,0
DA:240,0
DA:241,0
DA:242,0
DA:243,0
DA:244,0
DA:245,0
DA:247,0
DA:251,0
DA:252,0
DA:253,0
DA:254,0
DA:256,0
DA:257,0
DA:258,0
DA:259,0
DA:261,0
DA:263,0
DA:267,0
DA:269,0
DA:270,0
DA:271,0
DA:273,0
DA:274,0
DA:276,0
DA:277,0
DA:280,0
DA:281,0
DA:283,0
DA:286,0
DA:287,0
DA:288,0
DA:289,0
DA:290,0
DA:292,0
DA:293,0
DA:294,0
DA:295,0
DA:296,0
DA:300,0
DA:302,0
DA:303,0
DA:304,0
DA:306,0
DA:307,0
DA:309,0
DA:312,0
DA:316,0
DA:317,0
DA:320,0
DA:327,0
DA:329,0
DA:330,0
DA:331,0
DA:332,0
DA:333,0
DA:334,0
DA:335,0
DA:336,0
DA:337,0
DA:338,0
DA:339,0
DA:341,0
DA:342,0
DA:344,0
DA:349,0
DA:358,0
DA:359,0
DA:360,0
DA:361,0
DA:362,0
DA:364,0
DA:366,0
DA:379,0
DA:382,0
DA:392,0
DA:393,0
DA:394,0
DA:395,0
DA:396,0
DA:399,0
DA:400,0
DA:401,0
DA:402,0
DA:404,0
DA:405,0
DA:406,0
DA:407,0
DA:408,0
DA:410,0
DA:413,0
DA:417,0
DA:418,0
DA:419,0
DA:421,0
DA:422,0
DA:423,0
DA:425,0
DA:426,0
DA:427,0
DA:428,0
DA:429,0
DA:431,0
DA:434,0
DA:438,0
DA:439,0
DA:440,0
DA:442,0
DA:443,0
DA:445,0
DA:457,0
DA:461,0
DA:470,0
DA:474,0
DA:501,0
DA:502,0
DA:503,0
DA:504,0
DA:506,0
DA:507,0
DA:508,0
DA:509,0
DA:510,0
DA:512,0
DA:513,0
DA:514,0
DA:515,0
DA:517,0
DA:518,0
DA:521,0
DA:522,0
DA:523,0
DA:524,0
DA:525,0
DA:526,0
DA:527,0
DA:529,0
DA:530,0
DA:533,0
DA:534,0
DA:535,0
DA:538,0
DA:539,0
DA:540,0
DA:543,0
DA:544,0
DA:546,0
DA:547,0
DA:549,0
DA:550,0
DA:553,0
DA:564,0
DA:566,0
DA:567,0
DA:568,0
DA:569,0
DA:570,0
DA:571,0
DA:573,0
DA:574,0
DA:576,0
DA:577,0
DA:578,0
DA:579,0
DA:581,0
DA:582,0
DA:587,0
DA:597,0
DA:598,0
DA:599,0
DA:600,0
DA:609,0
DA:610,0
DA:611,0
DA:612,0
DA:624,0
DA:627,0
DA:630,0
DA:637,0
DA:647,0
DA:650,0
DA:658,0
DA:659,0
DA:661,0
DA:667,0
LF:341
LH:0
BRDA:50,0,0,0
BRDA:50,0,1,0
BRDA:55,1,0,0
BRDA:55,1,1,0
BRDA:56,2,0,0
BRDA:56,2,1,0
BRDA:60,3,0,0
BRDA:60,3,1,0
BRDA:67,4,0,0
BRDA:67,4,1,0
BRDA:71,5,0,0
BRDA:71,5,1,0
BRDA:72,6,0,0
BRDA:72,6,1,0
BRDA:73,7,0,0
BRDA:73,7,1,0
BRDA:74,8,0,0
BRDA:74,8,1,0
BRDA:76,9,0,0
BRDA:76,9,1,0
BRDA:77,10,0,0
BRDA:77,10,1,0
BRDA:79,11,0,0
BRDA:79,11,1,0
BRDA:82,12,0,0
BRDA:82,12,1,0
BRDA:82,13,0,0
BRDA:82,13,1,0
BRDA:82,13,2,0
BRDA:94,14,0,0
BRDA:94,14,1,0
BRDA:99,15,0,0
BRDA:99,15,1,0
BRDA:100,16,0,0
BRDA:100,16,1,0
BRDA:102,17,0,0
BRDA:102,17,1,0
BRDA:102,18,0,0
BRDA:102,18,1,0
BRDA:102,19,0,0
BRDA:102,19,1,0
BRDA:107,20,0,0
BRDA:107,20,1,0
BRDA:107,21,0,0
BRDA:107,21,1,0
BRDA:113,22,0,0
BRDA:113,22,1,0
BRDA:118,23,0,0
BRDA:118,23,1,0
BRDA:119,24,0,0
BRDA:119,24,1,0
BRDA:121,25,0,0
BRDA:121,25,1,0
BRDA:123,26,0,0
BRDA:123,26,1,0
BRDA:129,27,0,0
BRDA:129,27,1,0
BRDA:136,28,0,0
BRDA:136,28,1,0
BRDA:142,29,0,0
BRDA:142,29,1,0
BRDA:144,30,0,0
BRDA:144,30,1,0
BRDA:145,31,0,0
BRDA:145,31,1,0
BRDA:147,32,0,0
BRDA:147,32,1,0
BRDA:147,33,0,0
BRDA:147,33,1,0
BRDA:149,34,0,0
BRDA:149,34,1,0
BRDA:149,35,0,0
BRDA:149,35,1,0
BRDA:149,35,2,0
BRDA:149,35,3,0
BRDA:161,36,0,0
BRDA:161,36,1,0
BRDA:162,37,0,0
BRDA:162,37,1,0
BRDA:172,38,0,0
BRDA:172,38,1,0
BRDA:174,39,0,0
BRDA:174,39,1,0
BRDA:182,40,0,0
BRDA:182,40,1,0
BRDA:182,41,0,0
BRDA:182,41,1,0
BRDA:186,42,0,0
BRDA:186,42,1,0
BRDA:194,43,0,0
BRDA:194,43,1,0
BRDA:196,44,0,0
BRDA:196,44,1,0
BRDA:197,45,0,0
BRDA:197,45,1,0
BRDA:200,46,0,0
BRDA:200,46,1,0
BRDA:222,47,0,0
BRDA:222,47,1,0
BRDA:222,48,0,0
BRDA:222,48,1,0
BRDA:226,49,0,0
BRDA:226,49,1,0
BRDA:227,50,0,0
BRDA:227,50,1,0
BRDA:227,51,0,0
BRDA:227,51,1,0
BRDA:241,52,0,0
BRDA:241,52,1,0
BRDA:241,53,0,0
BRDA:241,53,1,0
BRDA:252,54,0,0
BRDA:252,54,1,0
BRDA:287,55,0,0
BRDA:287,55,1,0
BRDA:294,56,0,0
BRDA:294,56,1,0
BRDA:306,57,0,0
BRDA:306,57,1,0
BRDA:316,58,0,0
BRDA:316,58,1,0
BRDA:329,59,0,0
BRDA:329,59,1,0
BRDA:330,60,0,0
BRDA:330,60,1,0
BRDA:333,61,0,0
BRDA:333,61,1,0
BRDA:333,62,0,0
BRDA:333,62,1,0
BRDA:341,63,0,0
BRDA:341,63,1,0
BRDA:358,64,0,0
BRDA:358,64,1,0
BRDA:358,65,0,0
BRDA:358,65,1,0
BRDA:358,65,2,0
BRDA:369,66,0,0
BRDA:369,66,1,0
BRDA:377,67,0,0
BRDA:377,67,1,0
BRDA:382,68,0,0
BRDA:382,68,1,0
BRDA:392,69,0,0
BRDA:392,69,1,0
BRDA:393,70,0,0
BRDA:393,70,1,0
BRDA:394,71,0,0
BRDA:394,71,1,0
BRDA:399,72,0,0
BRDA:399,72,1,0
BRDA:400,73,0,0
BRDA:400,73,1,0
BRDA:404,74,0,0
BRDA:404,74,1,0
BRDA:405,75,0,0
BRDA:405,75,1,0
BRDA:406,76,0,0
BRDA:406,76,1,0
BRDA:421,77,0,0
BRDA:421,77,1,0
BRDA:425,78,0,0
BRDA:425,78,1,0
BRDA:426,79,0,0
BRDA:426,79,1,0
BRDA:427,80,0,0
BRDA:427,80,1,0
BRDA:440,81,0,0
BRDA:440,81,1,0
BRDA:442,82,0,0
BRDA:442,82,1,0
BRDA:448,83,0,0
BRDA:448,83,1,0
BRDA:456,84,0,0
BRDA:456,84,1,0
BRDA:457,85,0,0
BRDA:457,85,1,0
BRDA:469,86,0,0
BRDA:469,86,1,0
BRDA:470,87,0,0
BRDA:470,87,1,0
BRDA:484,88,0,0
BRDA:484,88,1,0
BRDA:484,89,0,0
BRDA:484,89,1,0
BRDA:488,90,0,0
BRDA:488,90,1,0
BRDA:489,91,0,0
BRDA:489,91,1,0
BRDA:501,92,0,0
BRDA:501,92,1,0
BRDA:502,93,0,0
BRDA:502,93,1,0
BRDA:506,94,0,0
BRDA:506,94,1,0
BRDA:507,95,0,0
BRDA:507,95,1,0
BRDA:507,96,0,0
BRDA:507,96,1,0
BRDA:514,97,0,0
BRDA:514,97,1,0
BRDA:521,98,0,0
BRDA:521,98,1,0
BRDA:522,99,0,0
BRDA:522,99,1,0
BRDA:523,100,0,0
BRDA:523,100,1,0
BRDA:526,101,0,0
BRDA:526,101,1,0
BRDA:533,102,0,0
BRDA:533,102,1,0
BRDA:538,103,0,0
BRDA:538,103,1,0
BRDA:546,104,0,0
BRDA:546,104,1,0
BRDA:549,105,0,0
BRDA:549,105,1,0
BRDA:556,106,0,0
BRDA:556,106,1,0
BRDA:566,107,0,0
BRDA:566,107,1,0
BRDA:566,108,0,0
BRDA:566,108,1,0
BRDA:570,109,0,0
BRDA:570,109,1,0
BRDA:581,110,0,0
BRDA:581,110,1,0
BRDA:597,111,0,0
BRDA:597,111,1,0
BRDA:600,112,0,0
BRDA:600,112,1,0
BRDA:600,113,0,0
BRDA:600,113,1,0
BRDA:602,114,0,0
BRDA:602,114,1,0
BRDA:602,115,0,0
BRDA:602,115,1,0
BRDA:609,116,0,0
BRDA:609,116,1,0
BRDA:612,117,0,0
BRDA:612,117,1,0
BRDA:612,118,0,0
BRDA:612,118,1,0
BRDA:614,119,0,0
BRDA:614,119,1,0
BRDA:622,120,0,0
BRDA:622,120,1,0
BRDA:627,121,0,0
BRDA:627,121,1,0
BRDA:627,122,0,0
BRDA:627,122,1,0
BRDA:659,123,0,0
BRDA:659,123,1,0
BRF:252
BRH:0
end_of_record
TN:
SF:src\screens\AddTaskModal.tsx
FN:19,(anonymous_0)
FN:35,(anonymous_1)
FN:36,(anonymous_2)
FN:37,(anonymous_3)
FN:39,(anonymous_4)
FN:43,(anonymous_5)
FN:54,(anonymous_6)
FN:64,(anonymous_7)
FN:65,(anonymous_8)
FN:68,(anonymous_9)
FN:79,(anonymous_10)
FN:81,(anonymous_11)
FN:90,(anonymous_12)
FNF:13
FNH:0
FNDA:0,(anonymous_0)
FNDA:0,(anonymous_1)
FNDA:0,(anonymous_2)
FNDA:0,(anonymous_3)
FNDA:0,(anonymous_4)
FNDA:0,(anonymous_5)
FNDA:0,(anonymous_6)
FNDA:0,(anonymous_7)
FNDA:0,(anonymous_8)
FNDA:0,(anonymous_9)
FNDA:0,(anonymous_10)
FNDA:0,(anonymous_11)
FNDA:0,(anonymous_12)
DA:19,1
DA:20,0
DA:21,0
DA:22,0
DA:24,0
DA:33,0
DA:35,0
DA:36,0
DA:37,0
DA:38,0
DA:39,0
DA:43,0
DA:44,0
DA:54,0
DA:55,0
DA:56,0
DA:57,0
DA:59,0
DA:60,0
DA:61,0
DA:64,0
DA:65,0
DA:68,0
DA:69,0
DA:70,0
DA:71,0
DA:75,0
DA:79,0
DA:81,0
DA:90,0
DA:98,1
LF:31
LH:2
BRDA:36,0,0,0
BRDA:36,0,1,0
BRDA:38,1,0,0
BRDA:38,1,1,0
BRDA:55,2,0,0
BRDA:55,2,1,0
BRDA:70,3,0,0
BRDA:70,3,1,0
BRDA:70,4,0,0
BRDA:70,4,1,0
BRF:10
BRH:0
end_of_record
TN:
SF:src\screens\ArchiveScreen.tsx
FN:32,(anonymous_0)
FN:57,(anonymous_1)
FN:63,(anonymous_2)
FN:93,(anonymous_3)
FN:95,(anonymous_4)
FN:96,(anonymous_5)
FN:109,(anonymous_6)
FN:110,(anonymous_7)
FN:112,(anonymous_8)
FN:117,(anonymous_9)
FN:128,(anonymous_10)
FN:129,(anonymous_11)
FN:131,(anonymous_12)
FN:144,(anonymous_13)
FN:152,(anonymous_14)
FN:153,(anonymous_15)
FN:174,(anonymous_16)
FN:175,(anonymous_17)
FN:191,(anonymous_18)
FN:195,(anonymous_19)
FN:196,(anonymous_20)
FN:238,(anonymous_21)
FN:250,(anonymous_22)
FN:259,(anonymous_23)
FN:265,(anonymous_24)
FN:267,(anonymous_25)
FN:268,(anonymous_26)
FN:283,(anonymous_27)
FN:309,(anonymous_28)
FN:310,(anonymous_29)
FN:327,(anonymous_30)
FN:333,(anonymous_31)
FN:337,(anonymous_32)
FN:364,(anonymous_33)
FN:378,(anonymous_34)
FN:410,(anonymous_35)
FN:416,(anonymous_36)
FN:422,(anonymous_37)
FN:435,(anonymous_38)
FN:444,(anonymous_39)
FN:445,(anonymous_40)
FN:466,(anonymous_41)
FN:474,(anonymous_42)
FN:500,(anonymous_43)
FN:503,(anonymous_44)
FN:514,(anonymous_45)
FN:523,(anonymous_46)
FN:525,(anonymous_47)
FN:526,(anonymous_48)
FNF:49
FNH:0
FNDA:0,(anonymous_0)
FNDA:0,(anonymous_1)
FNDA:0,(anonymous_2)
FNDA:0,(anonymous_3)
FNDA:0,(anonymous_4)
FNDA:0,(anonymous_5)
FNDA:0,(anonymous_6)
FNDA:0,(anonymous_7)
FNDA:0,(anonymous_8)
FNDA:0,(anonymous_9)
FNDA:0,(anonymous_10)
FNDA:0,(anonymous_11)
FNDA:0,(anonymous_12)
FNDA:0,(anonymous_13)
FNDA:0,(anonymous_14)
FNDA:0,(anonymous_15)
FNDA:0,(anonymous_16)
FNDA:0,(anonymous_17)
FNDA:0,(anonymous_18)
FNDA:0,(anonymous_19)
FNDA:0,(anonymous_20)
FNDA:0,(anonymous_21)
FNDA:0,(anonymous_22)
FNDA:0,(anonymous_23)
FNDA:0,(anonymous_24)
FNDA:0,(anonymous_25)
FNDA:0,(anonymous_26)
FNDA:0,(anonymous_27)
FNDA:0,(anonymous_28)
FNDA:0,(anonymous_29)
FNDA:0,(anonymous_30)
FNDA:0,(anonymous_31)
FNDA:0,(anonymous_32)
FNDA:0,(anonymous_33)
FNDA:0,(anonymous_34)
FNDA:0,(anonymous_35)
FNDA:0,(anonymous_36)
FNDA:0,(anonymous_37)
FNDA:0,(anonymous_38)
FNDA:0,(anonymous_39)
FNDA:0,(anonymous_40)
FNDA:0,(anonymous_41)
FNDA:0,(anonymous_42)
FNDA:0,(anonymous_43)
FNDA:0,(anonymous_44)
FNDA:0,(anonymous_45)
FNDA:0,(anonymous_46)
FNDA:0,(anonymous_47)
FNDA:0,(anonymous_48)
DA:32,0
DA:33,0
DA:34,0
DA:35,0
DA:36,0
DA:37,0
DA:38,0
DA:39,0
DA:41,0
DA:42,0
DA:44,0
DA:45,0
DA:47,0
DA:48,0
DA:49,0
DA:51,0
DA:52,0
DA:53,0
DA:54,0
DA:55,0
DA:57,0
DA:58,0
DA:59,0
DA:60,0
DA:63,0
DA:64,0
DA:65,0
DA:67,0
DA:68,0
DA:69,0
DA:70,0
DA:71,0
DA:72,0
DA:73,0
DA:74,0
DA:75,0
DA:76,0
DA:79,0
DA:81,0
DA:84,0
DA:88,0
DA:93,0
DA:94,0
DA:95,0
DA:96,0
DA:97,0
DA:98,0
DA:101,0
DA:102,0
DA:104,0
DA:110,0
DA:111,0
DA:113,0
DA:114,0
DA:117,0
DA:118,0
DA:119,0
DA:122,0
DA:123,0
DA:129,0
DA:130,0
DA:132,0
DA:133,0
DA:136,0
DA:137,0
DA:141,0
DA:144,0
DA:145,0
DA:146,0
DA:147,0
DA:152,0
DA:153,0
DA:154,0
DA:155,0
DA:156,0
DA:157,0
DA:158,0
DA:159,0
DA:160,0
DA:161,0
DA:162,0
DA:163,0
DA:164,0
DA:165,0
DA:168,0
DA:170,0
DA:174,0
DA:175,0
DA:176,0
DA:177,0
DA:178,0
DA:179,0
DA:187,0
DA:190,0
DA:191,0
DA:195,0
DA:196,0
DA:197,0
DA:198,0
DA:199,0
DA:200,0
DA:203,0
DA:204,0
DA:205,0
DA:207,0
DA:210,0
DA:211,0
DA:212,0
DA:213,0
DA:214,0
DA:215,0
DA:216,0
DA:219,0
DA:220,0
DA:221,0
DA:222,0
DA:223,0
DA:228,0
DA:229,0
DA:232,0
DA:233,0
DA:234,0
DA:235,0
DA:238,0
DA:239,0
DA:240,0
DA:241,0
DA:247,0
DA:250,0
DA:251,0
DA:252,0
DA:253,0
DA:255,0
DA:259,0
DA:260,0
DA:261,0
DA:262,0
DA:265,0
DA:267,0
DA:268,0
DA:269,0
DA:270,0
DA:272,0
DA:273,0
DA:274,0
DA:275,0
DA:277,0
DA:278,0
DA:282,0
DA:283,0
DA:284,0
DA:309,0
DA:310,0
DA:316,0
DA:328,0
DA:329,0
DA:331,0
DA:333,0
DA:337,0
DA:345,0
DA:346,0
DA:347,0
DA:348,0
DA:350,0
DA:351,0
DA:353,0
DA:354,0
DA:365,0
DA:366,0
DA:367,0
DA:368,0
DA:369,0
DA:370,0
DA:371,0
DA:373,0
DA:374,0
DA:375,0
DA:376,0
DA:377,0
DA:378,0
DA:379,0
DA:395,0
DA:396,0
DA:398,0
DA:400,0
DA:401,0
DA:410,0
DA:416,0
DA:422,0
DA:435,0
DA:444,0
DA:446,0
DA:466,0
DA:475,0
DA:476,0
DA:477,0
DA:478,0
DA:479,0
DA:480,0
DA:501,0
DA:503,0
DA:514,0
DA:523,0
DA:525,0
DA:526,0
DA:533,0
LF:206
LH:0
BRDA:58,0,0,0
BRDA:58,0,1,0
BRDA:67,1,0,0
BRDA:67,1,1,0
BRDA:69,2,0,0
BRDA:69,2,1,0
BRDA:71,3,0,0
BRDA:71,3,1,0
BRDA:75,4,0,0
BRDA:75,4,1,0
BRDA:75,5,0,0
BRDA:75,5,1,0
BRDA:118,6,0,0
BRDA:118,6,1,0
BRDA:122,7,0,0
BRDA:122,7,1,0
BRDA:146,8,0,0
BRDA:146,8,1,0
BRDA:147,9,0,0
BRDA:147,9,1,0
BRDA:154,10,0,0
BRDA:154,10,1,0
BRDA:158,11,0,0
BRDA:158,11,1,0
BRDA:160,12,0,0
BRDA:160,12,1,0
BRDA:161,13,0,0
BRDA:161,13,1,0
BRDA:162,14,0,0
BRDA:162,14,1,0
BRDA:163,15,0,0
BRDA:163,15,1,0
BRDA:164,16,0,0
BRDA:164,16,1,0
BRDA:165,17,0,0
BRDA:165,17,1,0
BRDA:176,18,0,0
BRDA:176,18,1,0
BRDA:176,19,0,0
BRDA:176,19,1,0
BRDA:184,20,0,0
BRDA:184,20,1,0
BRDA:185,21,0,0
BRDA:185,21,1,0
BRDA:197,22,0,0
BRDA:197,22,1,0
BRDA:199,23,0,0
BRDA:199,23,1,0
BRDA:199,24,0,0
BRDA:199,24,1,0
BRDA:200,25,0,0
BRDA:200,25,1,0
BRDA:200,26,0,0
BRDA:200,26,1,0
BRDA:203,27,0,0
BRDA:203,27,1,0
BRDA:205,28,0,0
BRDA:205,28,1,0
BRDA:205,28,2,0
BRDA:207,29,0,0
BRDA:207,29,1,0
BRDA:211,30,0,0
BRDA:211,30,1,0
BRDA:212,31,0,0
BRDA:212,31,1,0
BRDA:215,32,0,0
BRDA:215,32,1,0
BRDA:219,33,0,0
BRDA:219,33,1,0
BRDA:222,34,0,0
BRDA:222,34,1,0
BRDA:228,35,0,0
BRDA:228,35,1,0
BRDA:229,36,0,0
BRDA:229,36,1,0
BRDA:232,37,0,0
BRDA:232,37,1,0
BRDA:232,38,0,0
BRDA:232,38,1,0
BRDA:233,39,0,0
BRDA:233,39,1,0
BRDA:234,40,0,0
BRDA:234,40,1,0
BRDA:234,41,0,0
BRDA:234,41,1,0
BRDA:239,42,0,0
BRDA:239,42,1,0
BRDA:240,43,0,0
BRDA:240,43,1,0
BRDA:240,44,0,0
BRDA:240,44,1,0
BRDA:251,45,0,0
BRDA:251,45,1,0
BRDA:252,46,0,0
BRDA:252,46,1,0
BRDA:273,47,0,0
BRDA:273,47,1,0
BRDA:273,48,0,0
BRDA:273,48,1,0
BRDA:274,49,0,0
BRDA:274,49,1,0
BRDA:274,50,0,0
BRDA:274,50,1,0
BRDA:277,51,0,0
BRDA:277,51,1,0
BRDA:277,52,0,0
BRDA:277,52,1,0
BRDA:287,53,0,0
BRDA:287,53,1,0
BRDA:293,54,0,0
BRDA:293,54,1,0
BRDA:294,55,0,0
BRDA:294,55,1,0
BRDA:297,56,0,0
BRDA:297,56,1,0
BRDA:298,57,0,0
BRDA:298,57,1,0
BRDA:300,58,0,0
BRDA:300,58,1,0
BRDA:302,59,0,0
BRDA:302,59,1,0
BRDA:302,59,2,0
BRDA:336,60,0,0
BRDA:336,60,1,0
BRDA:337,61,0,0
BRDA:337,61,1,0
BRDA:338,62,0,0
BRDA:338,62,1,0
BRDA:340,63,0,0
BRDA:340,63,1,0
BRDA:341,64,0,0
BRDA:341,64,1,0
BRDA:342,65,0,0
BRDA:342,65,1,0
BRDA:343,66,0,0
BRDA:343,66,1,0
BRDA:346,67,0,0
BRDA:346,67,1,0
BRDA:346,67,2,0
BRDA:368,68,0,0
BRDA:368,68,1,0
BRDA:368,69,0,0
BRDA:368,69,1,0
BRDA:375,70,0,0
BRDA:375,70,1,0
BRDA:375,70,2,0
BRDA:376,71,0,0
BRDA:376,71,1,0
BRDA:377,72,0,0
BRDA:377,72,1,0
BRDA:378,73,0,0
BRDA:378,73,1,0
BRDA:378,74,0,0
BRDA:378,74,1,0
BRDA:378,75,0,0
BRDA:378,75,1,0
BRDA:381,76,0,0
BRDA:381,76,1,0
BRDA:383,77,0,0
BRDA:383,77,1,0
BRDA:384,78,0,0
BRDA:384,78,1,0
BRDA:385,79,0,0
BRDA:385,79,1,0
BRDA:389,80,0,0
BRDA:389,80,1,0
BRDA:411,81,0,0
BRDA:411,81,1,0
BRDA:412,82,0,0
BRDA:412,82,1,0
BRDA:417,83,0,0
BRDA:417,83,1,0
BRDA:418,84,0,0
BRDA:418,84,1,0
BRDA:423,85,0,0
BRDA:423,85,1,0
BRDA:424,86,0,0
BRDA:424,86,1,0
BRDA:429,87,0,0
BRDA:429,87,1,0
BRDA:429,87,2,0
BRDA:429,87,3,0
BRDA:441,88,0,0
BRDA:441,88,1,0
BRDA:441,89,0,0
BRDA:441,89,1,0
BRDA:471,90,0,0
BRDA:471,90,1,0
BRDA:472,91,0,0
BRDA:472,91,1,0
BRDA:475,92,0,0
BRDA:475,92,1,0
BRDA:476,93,0,0
BRDA:476,93,1,0
BRDA:477,94,0,0
BRDA:477,94,1,0
BRDA:478,95,0,0
BRDA:478,95,1,0
BRDA:479,96,0,0
BRDA:479,96,1,0
BRDA:480,97,0,0
BRDA:480,97,1,0
BRDA:511,98,0,0
BRDA:511,98,1,0
BRDA:511,99,0,0
BRDA:511,99,1,0
BRDA:511,99,2,0
BRDA:511,99,3,0
BRDA:511,99,4,0
BRDA:511,99,5,0
BRDA:512,100,0,0
BRDA:512,100,1,0
BRDA:512,101,0,0
BRDA:512,101,1,0
BRDA:512,101,2,0
BRDA:512,101,3,0
BRDA:512,101,4,0
BRDA:512,101,5,0
BRDA:513,102,0,0
BRDA:513,102,1,0
BRDA:526,103,0,0
BRDA:526,103,1,0
BRF:222
BRH:0
end_of_record
TN:
SF:src\screens\BudgetDetailScreen.tsx
FN:18,(anonymous_0)
FN:34,(anonymous_1)
FN:35,(anonymous_2)
FN:43,(anonymous_3)
FN:51,(anonymous_4)
FN:52,(anonymous_5)
FN:57,(anonymous_6)
FN:63,(anonymous_7)
FN:69,(anonymous_8)
FN:116,(anonymous_9)
FN:122,(anonymous_10)
FN:157,(anonymous_11)
FN:163,(anonymous_12)
FN:170,(anonymous_13)
FN:172,(anonymous_14)
FNF:15
FNH:0
FNDA:0,(anonymous_0)
FNDA:0,(anonymous_1)
FNDA:0,(anonymous_2)
FNDA:0,(anonymous_3)
FNDA:0,(anonymous_4)
FNDA:0,(anonymous_5)
FNDA:0,(anonymous_6)
FNDA:0,(anonymous_7)
FNDA:0,(anonymous_8)
FNDA:0,(anonymous_9)
FNDA:0,(anonymous_10)
FNDA:0,(anonymous_11)
FNDA:0,(anonymous_12)
FNDA:0,(anonymous_13)
FNDA:0,(anonymous_14)
DA:18,0
DA:19,0
DA:20,0
DA:22,0
DA:23,0
DA:24,0
DA:25,0
DA:26,0
DA:27,0
DA:28,0
DA:30,0
DA:31,0
DA:32,0
DA:34,0
DA:35,0
DA:36,0
DA:37,0
DA:39,0
DA:44,0
DA:45,0
DA:48,0
DA:49,0
DA:51,0
DA:52,0
DA:53,0
DA:55,0
DA:56,0
DA:58,0
DA:59,0
DA:60,0
DA:63,0
DA:64,0
DA:65,0
DA:69,0
DA:70,0
DA:71,0
DA:72,0
DA:74,0
DA:75,0
DA:76,0
DA:77,0
DA:80,0
DA:81,0
DA:82,0
DA:83,0
DA:84,0
DA:87,0
DA:95,0
DA:96,0
DA:97,0
DA:98,0
DA:100,0
DA:101,0
DA:104,0
DA:105,0
DA:106,0
DA:107,0
DA:109,0
DA:110,0
DA:112,0
DA:116,0
DA:117,0
DA:118,0
DA:119,0
DA:122,0
DA:123,0
DA:132,0
DA:133,0
DA:140,0
DA:141,0
DA:143,0
DA:157,0
DA:163,0
DA:170,0
DA:172,0
DA:184,0
LF:76
LH:0
BRDA:36,0,0,0
BRDA:36,0,1,0
BRDA:70,1,0,0
BRDA:70,1,1,0
BRDA:70,2,0,0
BRDA:70,2,1,0
BRDA:70,2,2,0
BRDA:75,3,0,0
BRDA:75,3,1,0
BRDA:75,4,0,0
BRDA:75,4,1,0
BRDA:84,5,0,0
BRDA:84,5,1,0
BRDA:117,6,0,0
BRDA:117,6,1,0
BRDA:118,7,0,0
BRDA:118,7,1,0
BRDA:132,8,0,0
BRDA:132,8,1,0
BRDA:132,9,0,0
BRDA:132,9,1,0
BRDA:140,10,0,0
BRDA:140,10,1,0
BRDA:173,11,0,0
BRDA:173,11,1,0
BRDA:178,12,0,0
BRDA:178,12,1,0
BRF:27
BRH:0
end_of_record
TN:
SF:src\screens\BudgetsScreen.tsx
FN:34,(anonymous_0)
FN:51,(anonymous_1)
FN:58,(anonymous_2)
FN:60,(anonymous_3)
FN:68,(anonymous_4)
FN:69,(anonymous_5)
FN:72,(anonymous_6)
FN:78,(anonymous_7)
FN:84,(anonymous_8)
FN:107,(anonymous_9)
FN:139,(anonymous_10)
FN:145,(anonymous_11)
FN:149,(anonymous_12)
FN:153,(anonymous_13)
FN:154,(anonymous_14)
FN:155,(anonymous_15)
FN:191,(anonymous_16)
FN:196,(anonymous_17)
FN:201,(anonymous_18)
FN:212,(anonymous_19)
FN:220,(anonymous_20)
FN:222,(anonymous_21)
FNF:22
FNH:0
FNDA:0,(anonymous_0)
FNDA:0,(anonymous_1)
FNDA:0,(anonymous_2)
FNDA:0,(anonymous_3)
FNDA:0,(anonymous_4)
FNDA:0,(anonymous_5)
FNDA:0,(anonymous_6)
FNDA:0,(anonymous_7)
FNDA:0,(anonymous_8)
FNDA:0,(anonymous_9)
FNDA:0,(anonymous_10)
FNDA:0,(anonymous_11)
FNDA:0,(anonymous_12)
FNDA:0,(anonymous_13)
FNDA:0,(anonymous_14)
FNDA:0,(anonymous_15)
FNDA:0,(anonymous_16)
FNDA:0,(anonymous_17)
FNDA:0,(anonymous_18)
FNDA:0,(anonymous_19)
FNDA:0,(anonymous_20)
FNDA:0,(anonymous_21)
DA:34,0
DA:35,0
DA:36,0
DA:37,0
DA:38,0
DA:39,0
DA:40,0
DA:41,0
DA:42,0
DA:43,0
DA:44,0
DA:45,0
DA:46,0
DA:48,0
DA:49,0
DA:51,0
DA:52,0
DA:53,0
DA:54,0
DA:57,0
DA:58,0
DA:59,0
DA:61,0
DA:62,0
DA:65,0
DA:66,0
DA:68,0
DA:69,0
DA:70,0
DA:71,0
DA:73,0
DA:74,0
DA:75,0
DA:78,0
DA:79,0
DA:80,0
DA:84,0
DA:85,0
DA:86,0
DA:87,0
DA:88,0
DA:90,0
DA:91,0
DA:92,0
DA:95,0
DA:96,0
DA:97,0
DA:98,0
DA:101,0
DA:102,0
DA:103,0
DA:104,0
DA:105,0
DA:106,0
DA:107,0
DA:108,0
DA:109,0
DA:114,0
DA:123,0
DA:124,0
DA:126,0
DA:127,0
DA:128,0
DA:129,0
DA:130,0
DA:132,0
DA:133,0
DA:135,0
DA:139,0
DA:140,0
DA:141,0
DA:142,0
DA:145,0
DA:146,0
DA:147,0
DA:148,0
DA:149,0
DA:151,0
DA:153,0
DA:154,0
DA:155,0
DA:179,0
DA:180,0
DA:187,0
DA:191,0
DA:197,0
DA:201,0
DA:212,0
DA:220,0
DA:222,0
DA:253,0
LF:91
LH:0
BRDA:52,0,0,0
BRDA:52,0,1,0
BRDA:59,1,0,0
BRDA:59,1,1,0
BRDA:85,2,0,0
BRDA:85,2,1,0
BRDA:86,3,0,0
BRDA:86,3,1,0
BRDA:86,4,0,0
BRDA:86,4,1,0
BRDA:86,4,2,0
BRDA:90,5,0,0
BRDA:90,5,1,0
BRDA:90,6,0,0
BRDA:90,6,1,0
BRDA:96,7,0,0
BRDA:96,7,1,0
BRDA:96,8,0,0
BRDA:96,8,1,0
BRDA:104,9,0,0
BRDA:104,9,1,0
BRDA:104,10,0,0
BRDA:104,10,1,0
BRDA:106,11,0,0
BRDA:106,11,1,0
BRDA:108,12,0,0
BRDA:108,12,1,0
BRDA:120,13,0,0
BRDA:120,13,1,0
BRDA:140,14,0,0
BRDA:140,14,1,0
BRDA:141,15,0,0
BRDA:141,15,1,0
BRDA:146,16,0,0
BRDA:146,16,1,0
BRDA:161,17,0,0
BRDA:161,17,1,0
BRDA:165,18,0,0
BRDA:165,18,1,0
BRDA:166,19,0,0
BRDA:166,19,1,0
BRDA:170,20,0,0
BRDA:170,20,1,0
BRDA:179,21,0,0
BRDA:179,21,1,0
BRDA:223,22,0,0
BRDA:223,22,1,0
BRDA:231,23,0,0
BRDA:231,23,1,0
BRDA:237,24,0,0
BRDA:237,24,1,0
BRDA:241,25,0,0
BRDA:241,25,1,0
BRDA:244,26,0,0
BRDA:244,26,1,0
BRDA:244,26,2,0
BRDA:247,27,0,0
BRDA:247,27,1,0
BRF:58
BRH:0
end_of_record
TN:
SF:src\screens\CategoriesScreen.tsx
FN:28,(anonymous_0)
FN:41,(anonymous_1)
FN:79,(anonymous_2)
FN:81,(anonymous_3)
FN:87,(anonymous_4)
FN:93,(anonymous_5)
FN:101,(anonymous_6)
FN:102,(anonymous_7)
FN:127,(anonymous_8)
FN:131,(anonymous_9)
FN:150,(anonymous_10)
FN:155,(anonymous_11)
FN:165,(anonymous_12)
FN:167,(anonymous_13)
FN:168,(anonymous_14)
FN:176,(anonymous_15)
FN:186,(anonymous_16)
FN:301,(anonymous_17)
FNF:18
FNH:0
FNDA:0,(anonymous_0)
FNDA:0,(anonymous_1)
FNDA:0,(anonymous_2)
FNDA:0,(anonymous_3)
FNDA:0,(anonymous_4)
FNDA:0,(anonymous_5)
FNDA:0,(anonymous_6)
FNDA:0,(anonymous_7)
FNDA:0,(anonymous_8)
FNDA:0,(anonymous_9)
FNDA:0,(anonymous_10)
FNDA:0,(anonymous_11)
FNDA:0,(anonymous_12)
FNDA:0,(anonymous_13)
FNDA:0,(anonymous_14)
FNDA:0,(anonymous_15)
FNDA:0,(anonymous_16)
FNDA:0,(anonymous_17)
DA:22,0
DA:28,0
DA:29,0
DA:30,0
DA:31,0
DA:32,0
DA:33,0
DA:34,0
DA:35,0
DA:36,0
DA:37,0
DA:38,0
DA:39,0
DA:41,0
DA:42,0
DA:43,0
DA:44,0
DA:47,0
DA:48,0
DA:49,0
DA:50,0
DA:51,0
DA:55,0
DA:56,0
DA:57,0
DA:58,0
DA:60,0
DA:65,0
DA:66,0
DA:67,0
DA:69,0
DA:70,0
DA:72,0
DA:73,0
DA:75,0
DA:79,0
DA:81,0
DA:82,0
DA:83,0
DA:84,0
DA:87,0
DA:88,0
DA:89,0
DA:90,0
DA:93,0
DA:94,0
DA:101,0
DA:102,0
DA:106,0
DA:107,0
DA:113,0
DA:128,0
DA:131,0
DA:151,0
DA:155,0
DA:165,0
DA:167,0
DA:169,0
DA:170,0
DA:171,0
DA:172,0
DA:173,0
DA:174,0
DA:176,0
DA:177,0
DA:178,0
DA:179,0
DA:180,0
DA:182,0
DA:183,0
DA:184,0
DA:185,0
DA:186,0
DA:187,0
DA:188,0
DA:189,0
DA:192,0
DA:193,0
DA:195,0
DA:196,0
DA:207,0
DA:301,0
LF:82
LH:0
BRDA:42,0,0,0
BRDA:42,0,1,0
BRDA:42,1,0,0
BRDA:42,1,1,0
BRDA:49,2,0,0
BRDA:49,2,1,0
BRDA:97,3,0,0
BRDA:97,3,1,0
BRDA:100,4,0,0
BRDA:100,4,1,0
BRDA:106,5,0,0
BRDA:106,5,1,0
BRDA:117,6,0,0
BRDA:117,6,1,0
BRDA:130,7,0,0
BRDA:130,7,1,0
BRDA:133,8,0,0
BRDA:133,8,1,0
BRDA:140,9,0,0
BRDA:140,9,1,0
BRDA:140,10,0,0
BRDA:140,10,1,0
BRDA:142,11,0,0
BRDA:142,11,1,0
BRDA:144,12,0,0
BRDA:144,12,1,0
BRDA:160,13,0,0
BRDA:160,13,1,0
BRDA:164,14,0,0
BRDA:164,14,1,0
BRDA:169,15,0,0
BRDA:169,15,1,0
BRDA:172,16,0,0
BRDA:172,16,1,0
BRDA:178,17,0,0
BRDA:178,17,1,0
BRF:36
BRH:0
end_of_record
TN:
SF:src\screens\ChoreTemplatesScreen.tsx
FN:27,(anonymous_0)
FN:48,(anonymous_1)
FN:52,(anonymous_2)
FN:53,(anonymous_3)
FN:59,(anonymous_4)
FN:64,(anonymous_5)
FN:72,(anonymous_6)
FN:78,(anonymous_7)
FN:82,(anonymous_8)
FN:85,(anonymous_9)
FN:132,(anonymous_10)
FN:134,(anonymous_11)
FN:141,(anonymous_12)
FN:150,(anonymous_13)
FN:151,(anonymous_14)
FN:159,(anonymous_15)
FN:160,(anonymous_16)
FN:181,(anonymous_17)
FN:189,(anonymous_18)
FN:233,(anonymous_19)
FN:238,(anonymous_20)
FN:252,(anonymous_21)
FN:254,(anonymous_22)
FN:255,(anonymous_23)
FNF:24
FNH:0
FNDA:0,(anonymous_0)
FNDA:0,(anonymous_1)
FNDA:0,(anonymous_2)
FNDA:0,(anonymous_3)
FNDA:0,(anonymous_4)
FNDA:0,(anonymous_5)
FNDA:0,(anonymous_6)
FNDA:0,(anonymous_7)
FNDA:0,(anonymous_8)
FNDA:0,(anonymous_9)
FNDA:0,(anonymous_10)
FNDA:0,(anonymous_11)
FNDA:0,(anonymous_12)
FNDA:0,(anonymous_13)
FNDA:0,(anonymous_14)
FNDA:0,(anonymous_15)
FNDA:0,(anonymous_16)
FNDA:0,(anonymous_17)
FNDA:0,(anonymous_18)
FNDA:0,(anonymous_19)
FNDA:0,(anonymous_20)
FNDA:0,(anonymous_21)
FNDA:0,(anonymous_22)
FNDA:0,(anonymous_23)
DA:27,0
DA:28,0
DA:30,0
DA:31,0
DA:33,0
DA:34,0
DA:35,0
DA:37,0
DA:38,0
DA:39,0
DA:40,0
DA:41,0
DA:42,0
DA:43,0
DA:44,0
DA:45,0
DA:48,0
DA:49,0
DA:50,0
DA:51,0
DA:52,0
DA:53,0
DA:54,0
DA:55,0
DA:57,0
DA:58,0
DA:59,0
DA:60,0
DA:61,0
DA:65,0
DA:66,0
DA:67,0
DA:69,0
DA:72,0
DA:73,0
DA:74,0
DA:78,0
DA:79,0
DA:80,0
DA:82,0
DA:85,0
DA:86,0
DA:87,0
DA:88,0
DA:90,0
DA:91,0
DA:92,0
DA:95,0
DA:96,0
DA:97,0
DA:98,0
DA:99,0
DA:104,0
DA:105,0
DA:106,0
DA:107,0
DA:109,0
DA:115,0
DA:116,0
DA:117,0
DA:119,0
DA:120,0
DA:121,0
DA:122,0
DA:125,0
DA:127,0
DA:131,0
DA:132,0
DA:134,0
DA:135,0
DA:136,0
DA:137,0
DA:138,0
DA:141,0
DA:142,0
DA:143,0
DA:144,0
DA:145,0
DA:146,0
DA:150,0
DA:151,0
DA:152,0
DA:159,0
DA:160,0
DA:165,0
DA:166,0
DA:173,0
DA:182,0
DA:189,0
DA:234,0
DA:238,0
DA:252,0
DA:254,0
DA:255,0
DA:262,0
LF:95
LH:0
BRDA:49,0,0,0
BRDA:49,0,1,0
BRDA:58,1,0,0
BRDA:58,1,1,0
BRDA:60,2,0,0
BRDA:60,2,1,0
BRDA:73,3,0,0
BRDA:73,3,1,0
BRDA:73,4,0,0
BRDA:73,4,1,0
BRDA:73,4,2,0
BRDA:79,5,0,0
BRDA:79,5,1,0
BRDA:86,6,0,0
BRDA:86,6,1,0
BRDA:86,7,0,0
BRDA:86,7,1,0
BRDA:90,8,0,0
BRDA:90,8,1,0
BRDA:97,9,0,0
BRDA:97,9,1,0
BRDA:121,10,0,0
BRDA:121,10,1,0
BRDA:145,11,0,0
BRDA:145,11,1,0
BRDA:153,12,0,0
BRDA:153,12,1,0
BRDA:155,13,0,0
BRDA:155,13,1,0
BRDA:156,14,0,0
BRDA:156,14,1,0
BRDA:158,15,0,0
BRDA:158,15,1,0
BRDA:165,16,0,0
BRDA:165,16,1,0
BRDA:165,17,0,0
BRDA:165,17,1,0
BRDA:177,18,0,0
BRDA:177,18,1,0
BRDA:187,19,0,0
BRDA:187,19,1,0
BRDA:192,20,0,0
BRDA:192,20,1,0
BRDA:197,21,0,0
BRDA:197,21,1,0
BRDA:218,22,0,0
BRDA:218,22,1,0
BRDA:218,23,0,0
BRDA:218,23,1,0
BRDA:220,24,0,0
BRDA:220,24,1,0
BRDA:222,25,0,0
BRDA:222,25,1,0
BRDA:230,26,0,0
BRDA:230,26,1,0
BRDA:251,27,0,0
BRDA:251,27,1,0
BRDA:255,28,0,0
BRDA:255,28,1,0
BRF:59
BRH:0
end_of_record
TN:
SF:src\screens\DisplaySettingsScreen.tsx
FN:8,(anonymous_0)
FN:20,(anonymous_1)
FN:21,(anonymous_2)
FN:30,(anonymous_3)
FN:31,(anonymous_4)
FN:41,(anonymous_5)
FN:42,(anonymous_6)
FN:49,(anonymous_7)
FN:50,(anonymous_8)
FNF:9
FNH:0
FNDA:0,(anonymous_0)
FNDA:0,(anonymous_1)
FNDA:0,(anonymous_2)
FNDA:0,(anonymous_3)
FNDA:0,(anonymous_4)
FNDA:0,(anonymous_5)
FNDA:0,(anonymous_6)
FNDA:0,(anonymous_7)
FNDA:0,(anonymous_8)
DA:8,0
DA:9,0
DA:10,0
DA:11,0
DA:13,0
DA:21,0
DA:31,0
DA:42,0
DA:50,0
DA:80,0
LF:10
LH:0
BRDA:21,0,0,0
BRDA:21,0,1,0
BRDA:22,1,0,0
BRDA:22,1,1,0
BRDA:23,2,0,0
BRDA:23,2,1,0
BRDA:23,3,0,0
BRDA:23,3,1,0
BRDA:31,4,0,0
BRDA:31,4,1,0
BRDA:32,5,0,0
BRDA:32,5,1,0
BRDA:33,6,0,0
BRDA:33,6,1,0
BRDA:33,7,0,0
BRDA:33,7,1,0
BRDA:33,8,0,0
BRDA:33,8,1,0
BRDA:43,9,0,0
BRDA:43,9,1,0
BRDA:50,10,0,0
BRDA:50,10,1,0
BRDA:51,11,0,0
BRDA:51,11,1,0
BRDA:52,12,0,0
BRDA:52,12,1,0
BRF:26
BRH:0
end_of_record
TN:
SF:src\screens\HomeScreen.tsx
FN:43,(anonymous_0)
FN:66,(anonymous_1)
FN:67,(anonymous_2)
FN:72,(anonymous_3)
FN:88,(anonymous_4)
FN:89,(anonymous_5)
FN:108,(anonymous_6)
FN:109,(anonymous_7)
FN:125,(anonymous_8)
FN:128,(anonymous_9)
FN:131,(anonymous_10)
FN:142,(anonymous_11)
FN:150,(anonymous_12)
FN:156,(anonymous_13)
FN:159,(anonymous_14)
FN:160,(anonymous_15)
FN:161,(anonymous_16)
FN:167,(anonymous_17)
FN:185,(anonymous_18)
FN:186,(anonymous_19)
FN:189,(anonymous_20)
FN:202,(anonymous_21)
FN:206,(anonymous_22)
FN:209,(anonymous_23)
FN:217,(anonymous_24)
FN:245,(anonymous_25)
FN:261,(anonymous_26)
FN:267,(anonymous_27)
FN:271,(anonymous_28)
FN:276,(anonymous_29)
FN:284,(anonymous_30)
FN:311,(anonymous_31)
FN:317,(anonymous_32)
FN:344,(anonymous_33)
FN:379,(anonymous_34)
FN:411,(anonymous_35)
FN:413,(anonymous_36)
FN:418,(anonymous_37)
FN:425,(anonymous_38)
FN:432,(anonymous_39)
FN:435,(anonymous_40)
FN:438,(anonymous_41)
FN:455,(anonymous_42)
FN:455,(anonymous_43)
FN:468,(anonymous_44)
FN:492,(anonymous_45)
FN:517,(anonymous_46)
FN:524,(anonymous_47)
FN:531,(anonymous_48)
FN:538,(anonymous_49)
FN:555,(anonymous_50)
FN:557,(anonymous_51)
FN:564,(anonymous_52)
FN:565,(anonymous_53)
FN:566,(anonymous_54)
FN:567,(anonymous_55)
FN:568,(anonymous_56)
FN:571,(anonymous_57)
FN:574,(anonymous_58)
FN:577,(anonymous_59)
FN:598,(anonymous_60)
FN:605,(anonymous_61)
FN:617,(anonymous_62)
FN:617,(anonymous_63)
FN:634,(anonymous_64)
FN:635,(anonymous_65)
FN:663,(anonymous_66)
FN:669,(anonymous_67)
FN:678,(anonymous_68)
FN:682,(anonymous_69)
FN:685,(anonymous_70)
FN:685,(anonymous_71)
FN:693,(anonymous_72)
FN:702,(anonymous_73)
FN:713,(anonymous_74)
FN:715,(anonymous_75)
FN:721,(anonymous_76)
FN:722,(anonymous_77)
FN:726,(anonymous_78)
FN:727,(anonymous_79)
FN:728,(anonymous_80)
FN:742,(anonymous_81)
FN:744,(anonymous_82)
FN:745,(anonymous_83)
FN:1026,(anonymous_84)
FN:1029,(anonymous_85)
FN:1029,(anonymous_86)
FN:1051,(anonymous_87)
FN:1052,(anonymous_88)
FN:1060,(anonymous_89)
FN:1069,pluralizeTasks
FNF:91
FNH:3
FNDA:27,(anonymous_0)
FNDA:0,(anonymous_1)
FNDA:0,(anonymous_2)
FNDA:0,(anonymous_3)
FNDA:0,(anonymous_4)
FNDA:0,(anonymous_5)
FNDA:0,(anonymous_6)
FNDA:0,(anonymous_7)
FNDA:0,(anonymous_8)
FNDA:0,(anonymous_9)
FNDA:0,(anonymous_10)
FNDA:0,(anonymous_11)
FNDA:0,(anonymous_12)
FNDA:0,(anonymous_13)
FNDA:0,(anonymous_14)
FNDA:0,(anonymous_15)
FNDA:0,(anonymous_16)
FNDA:0,(anonymous_17)
FNDA:0,(anonymous_18)
FNDA:0,(anonymous_19)
FNDA:0,(anonymous_20)
FNDA:0,(anonymous_21)
FNDA:0,(anonymous_22)
FNDA:26,(anonymous_23)
FNDA:0,(anonymous_24)
FNDA:0,(anonymous_25)
FNDA:0,(anonymous_26)
FNDA:0,(anonymous_27)
FNDA:26,(anonymous_28)
FNDA:0,(anonymous_29)
FNDA:0,(anonymous_30)
FNDA:0,(anonymous_31)
FNDA:0,(anonymous_32)
FNDA:0,(anonymous_33)
FNDA:0,(anonymous_34)
FNDA:0,(anonymous_35)
FNDA:0,(anonymous_36)
FNDA:0,(anonymous_37)
FNDA:0,(anonymous_38)
FNDA:0,(anonymous_39)
FNDA:0,(anonymous_40)
FNDA:0,(anonymous_41)
FNDA:0,(anonymous_42)
FNDA:0,(anonymous_43)
FNDA:0,(anonymous_44)
FNDA:0,(anonymous_45)
FNDA:0,(anonymous_46)
FNDA:0,(anonymous_47)
FNDA:0,(anonymous_48)
FNDA:0,(anonymous_49)
FNDA:0,(anonymous_50)
FNDA:0,(anonymous_51)
FNDA:0,(anonymous_52)
FNDA:0,(anonymous_53)
FNDA:0,(anonymous_54)
FNDA:0,(anonymous_55)
FNDA:0,(anonymous_56)
FNDA:0,(anonymous_57)
FNDA:0,(anonymous_58)
FNDA:0,(anonymous_59)
FNDA:0,(anonymous_60)
FNDA:0,(anonymous_61)
FNDA:0,(anonymous_62)
FNDA:0,(anonymous_63)
FNDA:0,(anonymous_64)
FNDA:0,(anonymous_65)
FNDA:0,(anonymous_66)
FNDA:0,(anonymous_67)
FNDA:0,(anonymous_68)
FNDA:0,(anonymous_69)
FNDA:0,(anonymous_70)
FNDA:0,(anonymous_71)
FNDA:0,(anonymous_72)
FNDA:0,(anonymous_73)
FNDA:0,(anonymous_74)
FNDA:0,(anonymous_75)
FNDA:0,(anonymous_76)
FNDA:0,(anonymous_77)
FNDA:0,(anonymous_78)
FNDA:0,(anonymous_79)
FNDA:0,(anonymous_80)
FNDA:0,(anonymous_81)
FNDA:0,(anonymous_82)
FNDA:0,(anonymous_83)
FNDA:0,(anonymous_84)
FNDA:0,(anonymous_85)
FNDA:0,(anonymous_86)
FNDA:0,(anonymous_87)
FNDA:0,(anonymous_88)
FNDA:0,(anonymous_89)
FNDA:0,pluralizeTasks
DA:34,1
DA:35,1
DA:43,1
DA:44,27
DA:45,27
DA:46,26
DA:47,26
DA:48,26
DA:49,26
DA:50,26
DA:51,26
DA:52,26
DA:53,26
DA:54,26
DA:55,26
DA:56,26
DA:57,26
DA:58,26
DA:59,26
DA:60,26
DA:61,26
DA:62,26
DA:63,26
DA:64,26
DA:66,26
DA:67,0
DA:68,0
DA:69,0
DA:70,0
DA:71,0
DA:72,0
DA:78,0
DA:81,0
DA:84,0
DA:88,26
DA:89,0
DA:90,0
DA:91,0
DA:92,0
DA:93,0
DA:94,0
DA:95,0
DA:96,0
DA:97,0
DA:98,0
DA:99,0
DA:100,0
DA:103,0
DA:105,0
DA:108,26
DA:109,0
DA:110,0
DA:111,0
DA:112,0
DA:113,0
DA:120,0
DA:124,0
DA:125,0
DA:128,26
DA:129,0
DA:130,0
DA:131,0
DA:132,0
DA:133,0
DA:134,0
DA:136,0
DA:137,0
DA:138,0
DA:139,0
DA:140,0
DA:141,0
DA:142,0
DA:143,0
DA:144,0
DA:145,0
DA:149,0
DA:151,0
DA:153,0
DA:156,26
DA:157,0
DA:158,0
DA:159,0
DA:160,0
DA:162,0
DA:164,0
DA:167,26
DA:168,0
DA:169,0
DA:170,0
DA:172,0
DA:173,0
DA:174,0
DA:175,0
DA:177,0
DA:178,0
DA:180,0
DA:181,0
DA:183,0
DA:185,0
DA:186,0
DA:187,0
DA:188,0
DA:189,0
DA:195,0
DA:197,0
DA:200,0
DA:201,0
DA:203,0
DA:204,0
DA:206,0
DA:209,26
DA:210,26
DA:211,26
DA:212,26
DA:217,26
DA:218,0
DA:219,0
DA:220,0
DA:221,0
DA:222,0
DA:223,0
DA:224,0
DA:225,0
DA:226,0
DA:227,0
DA:229,0
DA:230,0
DA:231,0
DA:232,0
DA:235,0
DA:236,0
DA:237,0
DA:239,0
DA:241,0
DA:244,26
DA:246,0
DA:247,0
DA:248,0
DA:249,0
DA:250,0
DA:251,0
DA:252,0
DA:253,0
DA:254,0
DA:255,0
DA:256,0
DA:258,0
DA:259,0
DA:262,0
DA:263,0
DA:264,0
DA:265,0
DA:267,26
DA:268,26
DA:271,26
DA:272,26
DA:273,26
DA:274,26
DA:275,26
DA:276,26
DA:277,0
DA:278,0
DA:279,0
DA:280,0
DA:284,26
DA:285,0
DA:286,0
DA:287,0
DA:288,0
DA:289,0
DA:291,0
DA:302,0
DA:303,0
DA:304,0
DA:306,0
DA:307,0
DA:311,26
DA:312,0
DA:313,0
DA:314,0
DA:315,0
DA:316,0
DA:317,0
DA:319,0
DA:334,0
DA:335,0
DA:336,0
DA:337,0
DA:339,0
DA:340,0
DA:344,26
DA:345,0
DA:346,0
DA:347,0
DA:348,0
DA:349,0
DA:351,0
DA:366,0
DA:367,0
DA:368,0
DA:370,0
DA:371,0
DA:372,0
DA:374,0
DA:378,26
DA:379,26
DA:380,0
DA:381,0
DA:382,0
DA:383,0
DA:384,0
DA:385,0
DA:386,0
DA:387,0
DA:392,0
DA:393,0
DA:394,0
DA:397,0
DA:398,0
DA:400,0
DA:401,0
DA:404,0
DA:406,0
DA:410,26
DA:411,26
DA:413,26
DA:414,0
DA:415,0
DA:416,0
DA:418,0
DA:419,0
DA:425,0
DA:426,0
DA:432,0
DA:433,0
DA:435,0
DA:439,0
DA:440,0
DA:441,0
DA:442,0
DA:443,0
DA:444,0
DA:445,0
DA:446,0
DA:455,0
DA:468,0
DA:493,0
DA:494,0
DA:495,0
DA:496,0
DA:497,0
DA:498,0
DA:499,0
DA:500,0
DA:501,0
DA:502,0
DA:517,0
DA:525,0
DA:526,0
DA:527,0
DA:528,0
DA:529,0
DA:532,0
DA:533,0
DA:534,0
DA:535,0
DA:536,0
DA:539,0
DA:540,0
DA:541,0
DA:542,0
DA:543,0
DA:555,26
DA:557,26
DA:559,26
DA:564,0
DA:565,0
DA:566,0
DA:567,0
DA:568,0
DA:571,0
DA:574,0
DA:577,0
DA:598,0
DA:606,0
DA:607,0
DA:608,0
DA:609,0
DA:610,0
DA:617,0
DA:635,0
DA:664,0
DA:669,0
DA:679,0
DA:680,0
DA:681,0
DA:682,0
DA:685,0
DA:694,0
DA:695,0
DA:703,0
DA:704,0
DA:713,0
DA:715,0
DA:721,0
DA:722,0
DA:726,0
DA:728,0
DA:742,0
DA:744,0
DA:746,0
DA:747,0
DA:748,0
DA:749,0
DA:750,0
DA:751,0
DA:753,0
DA:754,0
DA:755,0
DA:758,0
DA:760,0
DA:769,1
DA:1026,1
DA:1027,0
DA:1028,0
DA:1029,0
DA:1030,0
DA:1031,0
DA:1032,0
DA:1045,0
DA:1051,0
DA:1052,0
DA:1060,1
DA:1061,0
DA:1071,0
DA:1072,0
DA:1073,0
LF:337
LH:58
BRDA:70,0,0,0
BRDA:70,0,1,0
BRDA:74,1,0,0
BRDA:74,1,1,0
BRDA:75,2,0,0
BRDA:75,2,1,0
BRDA:76,3,0,0
BRDA:76,3,1,0
BRDA:90,4,0,0
BRDA:90,4,1,0
BRDA:94,5,0,0
BRDA:94,5,1,0
BRDA:96,6,0,0
BRDA:96,6,1,0
BRDA:97,7,0,0
BRDA:97,7,1,0
BRDA:98,8,0,0
BRDA:98,8,1,0
BRDA:99,9,0,0
BRDA:99,9,1,0
BRDA:100,10,0,0
BRDA:100,10,1,0
BRDA:110,11,0,0
BRDA:110,11,1,0
BRDA:110,12,0,0
BRDA:110,12,1,0
BRDA:117,13,0,0
BRDA:117,13,1,0
BRDA:118,14,0,0
BRDA:118,14,1,0
BRDA:129,15,0,0
BRDA:129,15,1,0
BRDA:132,16,0,0
BRDA:132,16,1,0
BRDA:137,17,0,0
BRDA:137,17,1,0
BRDA:139,18,0,0
BRDA:139,18,1,0
BRDA:141,19,0,0
BRDA:141,19,1,0
BRDA:143,20,0,0
BRDA:143,20,1,0
BRDA:145,21,0,0
BRDA:145,21,1,0
BRDA:157,22,0,0
BRDA:157,22,1,0
BRDA:168,23,0,0
BRDA:168,23,1,0
BRDA:172,24,0,0
BRDA:172,24,1,0
BRDA:172,25,0,0
BRDA:172,25,1,0
BRDA:180,26,0,0
BRDA:180,26,1,0
BRDA:212,27,0,26
BRDA:212,27,1,26
BRDA:219,28,0,0
BRDA:219,28,1,0
BRDA:220,29,0,0
BRDA:220,29,1,0
BRDA:221,30,0,0
BRDA:221,30,1,0
BRDA:223,31,0,0
BRDA:223,31,1,0
BRDA:224,32,0,0
BRDA:224,32,1,0
BRDA:227,33,0,0
BRDA:227,33,1,0
BRDA:229,34,0,0
BRDA:229,34,1,0
BRDA:232,35,0,0
BRDA:232,35,1,0
BRDA:235,36,0,0
BRDA:235,36,1,0
BRDA:237,37,0,0
BRDA:237,37,1,0
BRDA:237,37,2,0
BRDA:239,38,0,0
BRDA:239,38,1,0
BRDA:247,39,0,0
BRDA:247,39,1,0
BRDA:249,40,0,0
BRDA:249,40,1,0
BRDA:250,41,0,0
BRDA:250,41,1,0
BRDA:251,42,0,0
BRDA:251,42,1,0
BRDA:252,43,0,0
BRDA:252,43,1,0
BRDA:253,44,0,0
BRDA:253,44,1,0
BRDA:254,45,0,0
BRDA:254,45,1,0
BRDA:258,46,0,0
BRDA:258,46,1,0
BRDA:262,47,0,0
BRDA:262,47,1,0
BRDA:262,48,0,0
BRDA:262,48,1,0
BRDA:263,49,0,0
BRDA:263,49,1,0
BRDA:264,50,0,0
BRDA:264,50,1,0
BRDA:264,51,0,0
BRDA:264,51,1,0
BRDA:267,52,0,0
BRDA:267,52,1,26
BRDA:267,53,0,0
BRDA:267,53,1,0
BRDA:267,54,0,0
BRDA:267,54,1,0
BRDA:277,55,0,0
BRDA:277,55,1,0
BRDA:278,56,0,0
BRDA:278,56,1,0
BRDA:285,57,0,0
BRDA:285,57,1,0
BRDA:287,58,0,0
BRDA:287,58,1,0
BRDA:287,59,0,0
BRDA:287,59,1,0
BRDA:296,60,0,0
BRDA:296,60,1,0
BRDA:296,60,2,0
BRDA:298,61,0,0
BRDA:298,61,1,0
BRDA:298,62,0,0
BRDA:298,62,1,0
BRDA:312,63,0,0
BRDA:312,63,1,0
BRDA:313,64,0,0
BRDA:313,64,1,0
BRDA:314,65,0,0
BRDA:314,65,1,0
BRDA:314,66,0,0
BRDA:314,66,1,0
BRDA:316,67,0,0
BRDA:316,67,1,0
BRDA:317,68,0,0
BRDA:317,68,1,0
BRDA:329,69,0,0
BRDA:329,69,1,0
BRDA:329,69,2,0
BRDA:331,70,0,0
BRDA:331,70,1,0
BRDA:331,71,0,0
BRDA:331,71,1,0
BRDA:345,72,0,0
BRDA:345,72,1,0
BRDA:347,73,0,0
BRDA:347,73,1,0
BRDA:347,74,0,0
BRDA:347,74,1,0
BRDA:361,75,0,0
BRDA:361,75,1,0
BRDA:361,75,2,0
BRDA:363,76,0,0
BRDA:363,76,1,0
BRDA:363,77,0,0
BRDA:363,77,1,0
BRDA:372,78,0,0
BRDA:372,78,1,0
BRDA:380,79,0,0
BRDA:380,79,1,0
BRDA:380,80,0,0
BRDA:380,80,1,0
BRDA:381,81,0,0
BRDA:381,81,1,0
BRDA:389,82,0,0
BRDA:389,82,1,0
BRDA:390,83,0,0
BRDA:390,83,1,0
BRDA:394,84,0,0
BRDA:394,84,1,0
BRDA:397,85,0,0
BRDA:397,85,1,0
BRDA:397,86,0,0
BRDA:397,86,1,0
BRDA:401,87,0,0
BRDA:401,87,1,0
BRDA:415,88,0,0
BRDA:415,88,1,0
BRDA:416,89,0,0
BRDA:416,89,1,0
BRDA:426,90,0,0
BRDA:426,90,1,0
BRDA:427,91,0,0
BRDA:427,91,1,0
BRDA:428,92,0,0
BRDA:428,92,1,0
BRDA:439,93,0,0
BRDA:439,93,1,0
BRDA:443,94,0,0
BRDA:443,94,1,0
BRDA:462,95,0,0
BRDA:462,95,1,0
BRDA:463,96,0,0
BRDA:463,96,1,0
BRDA:464,97,0,0
BRDA:464,97,1,0
BRDA:465,98,0,0
BRDA:465,98,1,0
BRDA:469,99,0,0
BRDA:469,99,1,0
BRDA:470,100,0,0
BRDA:470,100,1,0
BRDA:474,101,0,0
BRDA:474,101,1,0
BRDA:475,102,0,0
BRDA:475,102,1,0
BRDA:475,103,0,0
BRDA:475,103,1,0
BRDA:477,104,0,0
BRDA:477,104,1,0
BRDA:478,105,0,0
BRDA:478,105,1,0
BRDA:480,106,0,0
BRDA:480,106,1,0
BRDA:480,107,0,0
BRDA:480,107,1,0
BRDA:485,108,0,0
BRDA:485,108,1,0
BRDA:489,109,0,0
BRDA:489,109,1,0
BRDA:489,109,2,0
BRDA:490,110,0,0
BRDA:490,110,1,0
BRDA:490,110,2,0
BRDA:497,111,0,0
BRDA:497,111,1,0
BRDA:501,112,0,0
BRDA:501,112,1,0
BRDA:501,113,0,0
BRDA:501,113,1,0
BRDA:501,114,0,0
BRDA:501,114,1,0
BRDA:514,115,0,0
BRDA:514,115,1,0
BRDA:516,116,0,0
BRDA:516,116,1,0
BRDA:518,117,0,0
BRDA:518,117,1,0
BRDA:522,118,0,0
BRDA:522,118,1,0
BRDA:540,119,0,0
BRDA:540,119,1,0
BRDA:557,120,0,0
BRDA:557,120,1,0
BRDA:570,121,0,26
BRDA:570,121,1,26
BRDA:574,122,0,26
BRDA:574,122,1,26
BRDA:575,123,0,26
BRDA:575,123,1,26
BRDA:577,124,0,26
BRDA:577,124,1,0
BRDA:578,125,0,26
BRDA:578,125,1,0
BRDA:581,126,0,0
BRDA:581,126,1,26
BRDA:581,127,0,26
BRDA:581,127,1,0
BRDA:602,128,0,0
BRDA:602,128,1,0
BRDA:603,129,0,0
BRDA:603,129,1,0
BRDA:606,130,0,0
BRDA:606,130,1,0
BRDA:607,131,0,0
BRDA:607,131,1,0
BRDA:608,132,0,0
BRDA:608,132,1,0
BRDA:609,133,0,0
BRDA:609,133,1,0
BRDA:610,134,0,0
BRDA:610,134,1,0
BRDA:616,135,0,26
BRDA:616,135,1,0
BRDA:621,136,0,0
BRDA:621,136,1,26
BRDA:622,137,0,0
BRDA:622,137,1,26
BRDA:626,138,0,26
BRDA:626,138,1,0
BRDA:628,139,0,0
BRDA:628,139,1,0
BRDA:630,140,0,0
BRDA:630,140,1,0
BRDA:644,141,0,0
BRDA:644,141,1,26
BRDA:644,142,0,26
BRDA:644,142,1,0
BRDA:646,143,0,26
BRDA:646,143,1,0
BRDA:646,143,2,0
BRDA:660,144,0,26
BRDA:660,144,1,0
BRDA:694,145,0,0
BRDA:694,145,1,0
BRDA:694,146,0,0
BRDA:694,146,1,0
BRDA:703,147,0,0
BRDA:703,147,1,0
BRDA:703,148,0,0
BRDA:703,148,1,0
BRDA:715,149,0,26
BRDA:715,149,1,0
BRDA:715,150,0,26
BRDA:715,150,1,26
BRDA:739,151,0,0
BRDA:739,151,1,26
BRDA:740,152,0,0
BRDA:740,152,1,26
BRDA:745,153,0,0
BRDA:745,153,1,26
BRDA:748,154,0,0
BRDA:748,154,1,0
BRDA:1030,155,0,0
BRDA:1030,155,1,0
BRDA:1031,156,0,0
BRDA:1031,156,1,0
BRDA:1071,157,0,0
BRDA:1071,157,1,0
BRDA:1072,158,0,0
BRDA:1072,158,1,0
BRDA:1072,159,0,0
BRDA:1072,159,1,0
BRDA:1072,159,2,0
BRDA:1072,159,3,0
BRF:329
BRH:27
end_of_record
TN:
SF:src\screens\LoginScreen.tsx
FN:32,(anonymous_0)
FN:42,(anonymous_1)
FN:45,(anonymous_2)
FN:62,(anonymous_3)
FN:65,(anonymous_4)
FN:71,(anonymous_5)
FN:75,(anonymous_6)
FN:83,(anonymous_7)
FN:86,(anonymous_8)
FN:93,(anonymous_9)
FN:110,(anonymous_10)
FN:123,(anonymous_11)
FN:160,(anonymous_12)
FN:161,(anonymous_13)
FN:163,(anonymous_14)
FN:164,(anonymous_15)
FN:176,(anonymous_16)
FN:184,(anonymous_17)
FN:192,(anonymous_18)
FN:227,(anonymous_19)
FN:231,(anonymous_20)
FN:237,(anonymous_21)
FN:238,(anonymous_22)
FN:250,(anonymous_23)
FN:261,(anonymous_24)
FN:299,(anonymous_25)
FN:358,(anonymous_26)
FN:359,(anonymous_27)
FN:363,(anonymous_28)
FN:364,(anonymous_29)
FN:365,(anonymous_30)
FN:372,(anonymous_31)
FN:376,(anonymous_32)
FN:383,(anonymous_33)
FN:384,(anonymous_34)
FN:391,(anonymous_35)
FN:392,(anonymous_36)
FN:402,(anonymous_37)
FN:420,(anonymous_38)
FN:423,(anonymous_39)
FN:427,(anonymous_40)
FN:433,(anonymous_41)
FN:465,(anonymous_42)
FN:468,(anonymous_43)
FN:485,(anonymous_44)
FN:485,(anonymous_45)
FN:486,(anonymous_46)
FN:493,(anonymous_47)
FN:494,(anonymous_48)
FN:496,(anonymous_49)
FN:504,(anonymous_50)
FN:505,(anonymous_51)
FN:507,(anonymous_52)
FN:513,(anonymous_53)
FN:514,(anonymous_54)
FN:539,(anonymous_55)
FN:540,(anonymous_56)
FN:541,(anonymous_57)
FN:542,(anonymous_58)
FN:544,(anonymous_59)
FNF:60
FNH:0
FNDA:0,(anonymous_0)
FNDA:0,(anonymous_1)
FNDA:0,(anonymous_2)
FNDA:0,(anonymous_3)
FNDA:0,(anonymous_4)
FNDA:0,(anonymous_5)
FNDA:0,(anonymous_6)
FNDA:0,(anonymous_7)
FNDA:0,(anonymous_8)
FNDA:0,(anonymous_9)
FNDA:0,(anonymous_10)
FNDA:0,(anonymous_11)
FNDA:0,(anonymous_12)
FNDA:0,(anonymous_13)
FNDA:0,(anonymous_14)
FNDA:0,(anonymous_15)
FNDA:0,(anonymous_16)
FNDA:0,(anonymous_17)
FNDA:0,(anonymous_18)
FNDA:0,(anonymous_19)
FNDA:0,(anonymous_20)
FNDA:0,(anonymous_21)
FNDA:0,(anonymous_22)
FNDA:0,(anonymous_23)
FNDA:0,(anonymous_24)
FNDA:0,(anonymous_25)
FNDA:0,(anonymous_26)
FNDA:0,(anonymous_27)
FNDA:0,(anonymous_28)
FNDA:0,(anonymous_29)
FNDA:0,(anonymous_30)
FNDA:0,(anonymous_31)
FNDA:0,(anonymous_32)
FNDA:0,(anonymous_33)
FNDA:0,(anonymous_34)
FNDA:0,(anonymous_35)
FNDA:0,(anonymous_36)
FNDA:0,(anonymous_37)
FNDA:0,(anonymous_38)
FNDA:0,(anonymous_39)
FNDA:0,(anonymous_40)
FNDA:0,(anonymous_41)
FNDA:0,(anonymous_42)
FNDA:0,(anonymous_43)
FNDA:0,(anonymous_44)
FNDA:0,(anonymous_45)
FNDA:0,(anonymous_46)
FNDA:0,(anonymous_47)
FNDA:0,(anonymous_48)
FNDA:0,(anonymous_49)
FNDA:0,(anonymous_50)
FNDA:0,(anonymous_51)
FNDA:0,(anonymous_52)
FNDA:0,(anonymous_53)
FNDA:0,(anonymous_54)
FNDA:0,(anonymous_55)
FNDA:0,(anonymous_56)
FNDA:0,(anonymous_57)
FNDA:0,(anonymous_58)
FNDA:0,(anonymous_59)
DA:27,0
DA:28,0
DA:29,0
DA:32,0
DA:33,0
DA:42,0
DA:45,0
DA:62,0
DA:63,0
DA:65,0
DA:71,0
DA:75,0
DA:83,0
DA:86,0
DA:93,0
DA:110,0
DA:123,0
DA:124,0
DA:125,0
DA:127,0
DA:128,0
DA:129,0
DA:130,0
DA:131,0
DA:132,0
DA:133,0
DA:135,0
DA:136,0
DA:137,0
DA:138,0
DA:139,0
DA:140,0
DA:141,0
DA:142,0
DA:143,0
DA:144,0
DA:145,0
DA:146,0
DA:147,0
DA:148,0
DA:150,0
DA:151,0
DA:152,0
DA:153,0
DA:154,0
DA:156,0
DA:157,0
DA:158,0
DA:160,0
DA:161,0
DA:163,0
DA:164,0
DA:165,0
DA:166,0
DA:167,0
DA:170,0
DA:171,0
DA:172,0
DA:176,0
DA:177,0
DA:178,0
DA:179,0
DA:181,0
DA:182,0
DA:184,0
DA:185,0
DA:186,0
DA:187,0
DA:189,0
DA:190,0
DA:192,0
DA:193,0
DA:194,0
DA:195,0
DA:196,0
DA:197,0
DA:199,0
DA:200,0
DA:201,0
DA:202,0
DA:206,0
DA:207,0
DA:208,0
DA:209,0
DA:210,0
DA:211,0
DA:212,0
DA:214,0
DA:215,0
DA:216,0
DA:217,0
DA:218,0
DA:221,0
DA:222,0
DA:223,0
DA:224,0
DA:227,0
DA:228,0
DA:229,0
DA:230,0
DA:231,0
DA:232,0
DA:234,0
DA:235,0
DA:237,0
DA:238,0
DA:239,0
DA:240,0
DA:241,0
DA:242,0
DA:244,0
DA:245,0
DA:246,0
DA:247,0
DA:248,0
DA:249,0
DA:250,0
DA:251,0
DA:252,0
DA:253,0
DA:256,0
DA:258,0
DA:261,0
DA:262,0
DA:263,0
DA:264,0
DA:265,0
DA:266,0
DA:267,0
DA:268,0
DA:270,0
DA:271,0
DA:272,0
DA:273,0
DA:274,0
DA:275,0
DA:278,0
DA:279,0
DA:280,0
DA:281,0
DA:282,0
DA:283,0
DA:285,0
DA:286,0
DA:287,0
DA:288,0
DA:289,0
DA:290,0
DA:291,0
DA:294,0
DA:296,0
DA:299,0
DA:300,0
DA:301,0
DA:302,0
DA:304,0
DA:305,0
DA:306,0
DA:307,0
DA:309,0
DA:310,0
DA:312,0
DA:313,0
DA:314,0
DA:315,0
DA:316,0
DA:317,0
DA:318,0
DA:320,0
DA:321,0
DA:322,0
DA:323,0
DA:328,0
DA:329,0
DA:330,0
DA:331,0
DA:332,0
DA:333,0
DA:336,0
DA:337,0
DA:338,0
DA:339,0
DA:340,0
DA:341,0
DA:342,0
DA:343,0
DA:344,0
DA:345,0
DA:346,0
DA:347,0
DA:348,0
DA:350,0
DA:353,0
DA:356,0
DA:358,0
DA:359,0
DA:360,0
DA:361,0
DA:363,0
DA:364,0
DA:365,0
DA:366,0
DA:367,0
DA:372,0
DA:376,0
DA:382,0
DA:383,0
DA:385,0
DA:390,0
DA:391,0
DA:393,0
DA:394,0
DA:399,0
DA:404,0
DA:405,0
DA:407,0
DA:408,0
DA:410,0
DA:411,0
DA:413,0
DA:415,0
DA:416,0
DA:420,0
DA:423,0
DA:427,0
DA:433,0
DA:439,0
DA:445,0
DA:465,0
DA:468,0
DA:485,0
DA:486,0
DA:493,0
DA:494,0
DA:496,0
DA:504,0
DA:505,0
DA:507,0
DA:513,0
DA:515,0
DA:516,0
DA:517,0
DA:518,0
DA:520,0
DA:521,0
DA:522,0
DA:523,0
DA:524,0
DA:527,0
DA:528,0
DA:530,0
DA:539,0
DA:540,0
DA:541,0
DA:542,0
DA:544,0
DA:550,0
LF:257
LH:0
BRDA:46,0,0,0
BRDA:46,0,1,0
BRDA:51,1,0,0
BRDA:51,1,1,0
BRDA:52,2,0,0
BRDA:52,2,1,0
BRDA:76,3,0,0
BRDA:76,3,1,0
BRDA:78,4,0,0
BRDA:78,4,1,0
BRDA:85,5,0,0
BRDA:85,5,1,0
BRDA:89,6,0,0
BRDA:89,6,1,0
BRDA:92,7,0,0
BRDA:92,7,1,0
BRDA:92,7,2,0
BRDA:93,8,0,0
BRDA:93,8,1,0
BRDA:93,9,0,0
BRDA:93,9,1,0
BRDA:94,10,0,0
BRDA:94,10,1,0
BRDA:96,11,0,0
BRDA:96,11,1,0
BRDA:102,12,0,0
BRDA:102,12,1,0
BRDA:103,13,0,0
BRDA:103,13,1,0
BRDA:110,14,0,0
BRDA:110,14,1,0
BRDA:111,15,0,0
BRDA:111,15,1,0
BRDA:165,16,0,0
BRDA:165,16,1,0
BRDA:166,17,0,0
BRDA:166,17,1,0
BRDA:170,18,0,0
BRDA:170,18,1,0
BRDA:171,19,0,0
BRDA:171,19,1,0
BRDA:177,20,0,0
BRDA:177,20,1,0
BRDA:177,21,0,0
BRDA:177,21,1,0
BRDA:185,22,0,0
BRDA:185,22,1,0
BRDA:185,23,0,0
BRDA:185,23,1,0
BRDA:193,24,0,0
BRDA:193,24,1,0
BRDA:195,25,0,0
BRDA:195,25,1,0
BRDA:196,26,0,0
BRDA:196,26,1,0
BRDA:201,27,0,0
BRDA:201,27,1,0
BRDA:201,28,0,0
BRDA:201,28,1,0
BRDA:211,29,0,0
BRDA:211,29,1,0
BRDA:211,30,0,0
BRDA:211,30,1,0
BRDA:216,31,0,0
BRDA:216,31,1,0
BRDA:217,32,0,0
BRDA:217,32,1,0
BRDA:218,33,0,0
BRDA:218,33,1,0
BRDA:228,34,0,0
BRDA:228,34,1,0
BRDA:229,35,0,0
BRDA:229,35,1,0
BRDA:230,36,0,0
BRDA:230,36,1,0
BRDA:239,37,0,0
BRDA:239,37,1,0
BRDA:240,38,0,0
BRDA:240,38,1,0
BRDA:240,39,0,0
BRDA:240,39,1,0
BRDA:247,40,0,0
BRDA:247,40,1,0
BRDA:251,41,0,0
BRDA:251,41,1,0
BRDA:251,42,0,0
BRDA:251,42,1,0
BRDA:251,42,2,0
BRDA:251,42,3,0
BRDA:251,42,4,0
BRDA:251,43,0,0
BRDA:251,43,1,0
BRDA:253,44,0,0
BRDA:253,44,1,0
BRDA:263,45,0,0
BRDA:263,45,1,0
BRDA:266,46,0,0
BRDA:266,46,1,0
BRDA:266,47,0,0
BRDA:266,47,1,0
BRDA:272,48,0,0
BRDA:272,48,1,0
BRDA:272,49,0,0
BRDA:272,49,1,0
BRDA:285,50,0,0
BRDA:285,50,1,0
BRDA:286,51,0,0
BRDA:286,51,1,0
BRDA:289,52,0,0
BRDA:289,52,1,0
BRDA:305,53,0,0
BRDA:305,53,1,0
BRDA:307,54,0,0
BRDA:307,54,1,0
BRDA:309,55,0,0
BRDA:309,55,1,0
BRDA:314,56,0,0
BRDA:314,56,1,0
BRDA:318,57,0,0
BRDA:318,57,1,0
BRDA:332,58,0,0
BRDA:332,58,1,0
BRDA:336,59,0,0
BRDA:336,59,1,0
BRDA:337,60,0,0
BRDA:337,60,1,0
BRDA:337,61,0,0
BRDA:337,61,1,0
BRDA:339,62,0,0
BRDA:339,62,1,0
BRDA:340,63,0,0
BRDA:340,63,1,0
BRDA:341,64,0,0
BRDA:341,64,1,0
BRDA:343,65,0,0
BRDA:343,65,1,0
BRDA:343,66,0,0
BRDA:343,66,1,0
BRDA:343,66,2,0
BRDA:345,67,0,0
BRDA:345,67,1,0
BRDA:347,68,0,0
BRDA:347,68,1,0
BRDA:356,69,0,0
BRDA:356,69,1,0
[...]
BRDA:79,15,0,0
BRDA:79,15,1,0
BRDA:82,16,0,0
BRDA:82,16,1,0
BRDA:85,17,0,0
BRDA:85,17,1,0
BRDA:90,18,0,0
BRDA:90,18,1,0
BRDA:93,19,0,0
BRDA:93,19,1,0
BRDA:96,20,0,0
BRDA:96,20,1,0
BRDA:101,21,0,0
BRDA:101,21,1,0
BRDA:104,22,0,0
BRDA:104,22,1,0
BRDA:107,23,0,0
BRDA:107,23,1,0
BRDA:112,24,0,0
BRDA:112,24,1,0
BRDA:115,25,0,0
BRDA:115,25,1,0
BRDA:118,26,0,0
BRDA:118,26,1,0
BRDA:126,27,0,0
BRDA:126,27,1,0
BRDA:127,28,0,0
BRDA:127,28,1,0
BRDA:128,29,0,0
BRDA:128,29,1,0
BRDA:129,30,0,0
BRDA:129,30,1,0
BRDA:134,31,0,0
BRDA:134,31,1,0
BRDA:134,32,0,0
BRDA:134,32,1,0
BRDA:207,33,0,0
BRDA:207,33,1,0
BRDA:208,34,0,0
BRDA:208,34,1,0
BRF:74
BRH:0
end_of_record
TN:
SF:src\screens\TaskDetailScreen.tsx
FN:23,(anonymous_0)
FN:45,(anonymous_1)
FN:46,(anonymous_2)
FN:62,(anonymous_3)
FN:68,(anonymous_4)
FN:82,(anonymous_5)
FN:83,(anonymous_6)
FN:85,(anonymous_7)
FN:88,(anonymous_8)
FN:94,(anonymous_9)
FN:115,(anonymous_10)
FN:134,(anonymous_11)
FN:163,(anonymous_12)
FN:164,(anonymous_13)
FN:167,(anonymous_14)
FN:184,(anonymous_15)
FN:198,(anonymous_16)
FN:208,(anonymous_17)
FN:218,(anonymous_18)
FN:240,(anonymous_19)
FN:241,(anonymous_20)
FNF:21
FNH:0
FNDA:0,(anonymous_0)
FNDA:0,(anonymous_1)
FNDA:0,(anonymous_2)
FNDA:0,(anonymous_3)
FNDA:0,(anonymous_4)
FNDA:0,(anonymous_5)
FNDA:0,(anonymous_6)
FNDA:0,(anonymous_7)
FNDA:0,(anonymous_8)
FNDA:0,(anonymous_9)
FNDA:0,(anonymous_10)
FNDA:0,(anonymous_11)
FNDA:0,(anonymous_12)
FNDA:0,(anonymous_13)
FNDA:0,(anonymous_14)
FNDA:0,(anonymous_15)
FNDA:0,(anonymous_16)
FNDA:0,(anonymous_17)
FNDA:0,(anonymous_18)
FNDA:0,(anonymous_19)
FNDA:0,(anonymous_20)
DA:23,0
DA:24,0
DA:25,0
DA:26,0
DA:28,0
DA:29,0
DA:30,0
DA:31,0
DA:33,0
DA:34,0
DA:35,0
DA:36,0
DA:37,0
DA:38,0
DA:39,0
DA:40,0
DA:41,0
DA:43,0
DA:45,0
DA:46,0
DA:47,0
DA:48,0
DA:49,0
DA:58,0
DA:59,0
DA:61,0
DA:63,0
DA:64,0
DA:65,0
DA:68,0
DA:69,0
DA:70,0
DA:71,0
DA:72,0
DA:77,0
DA:79,0
DA:80,0
DA:82,0
DA:83,0
DA:84,0
DA:85,0
DA:88,0
DA:89,0
DA:90,0
DA:94,0
DA:95,0
DA:97,0
DA:98,0
DA:99,0
DA:105,0
DA:106,0
DA:108,0
DA:109,0
DA:111,0
DA:115,0
DA:116,0
DA:117,0
DA:118,0
DA:119,0
DA:120,0
DA:122,0
DA:124,0
DA:125,0
DA:127,0
DA:128,0
DA:130,0
DA:134,0
DA:135,0
DA:136,0
DA:137,0
DA:138,0
DA:139,0
DA:140,0
DA:141,0
DA:142,0
DA:143,0
DA:144,0
DA:147,0
DA:153,0
DA:154,0
DA:156,0
DA:157,0
DA:159,0
DA:163,0
DA:164,0
DA:167,0
DA:168,0
DA:169,0
DA:170,0
DA:171,0
DA:172,0
DA:173,0
DA:175,0
DA:176,0
DA:180,0
DA:181,0
DA:184,0
DA:185,0
DA:194,0
DA:196,0
DA:198,0
DA:208,0
DA:218,0
DA:240,0
DA:241,0
DA:247,0
LF:106
LH:0
BRDA:47,0,0,0
BRDA:47,0,1,0
BRDA:50,1,0,0
BRDA:50,1,1,0
BRDA:51,2,0,0
BRDA:51,2,1,0
BRDA:52,3,0,0
BRDA:52,3,1,0
BRDA:53,4,0,0
BRDA:53,4,1,0
BRDA:54,5,0,0
BRDA:54,5,1,0
BRDA:55,6,0,0
BRDA:55,6,1,0
BRDA:61,7,0,0
BRDA:61,7,1,0
BRDA:69,8,0,0
BRDA:69,8,1,0
BRDA:71,9,0,0
BRDA:71,9,1,0
BRDA:95,10,0,0
BRDA:95,10,1,0
BRDA:95,11,0,0
BRDA:95,11,1,0
BRDA:95,11,2,0
BRDA:102,12,0,0
BRDA:102,12,1,0
BRDA:116,13,0,0
BRDA:116,13,1,0
BRDA:135,14,0,0
BRDA:135,14,1,0
BRDA:135,15,0,0
BRDA:135,15,1,0
BRDA:141,16,0,0
BRDA:141,16,1,0
BRDA:164,17,0,0
BRDA:164,17,1,0
BRDA:169,18,0,0
BRDA:169,18,1,0
BRDA:169,19,0,0
BRDA:169,19,1,0
BRDA:175,20,0,0
BRDA:175,20,1,0
BRDA:180,21,0,0
BRDA:180,21,1,0
BRDA:180,22,0,0
BRDA:180,22,1,0
BRDA:231,23,0,0
BRDA:231,23,1,0
BRDA:232,24,0,0
BRDA:232,24,1,0
BRF:51
BRH:0
end_of_record
TN:
SF:src\screens\WeekPlanScreen.tsx
FN:22,(anonymous_0)
FN:31,(anonymous_1)
FN:33,(anonymous_2)
FN:38,(anonymous_3)
FN:39,(anonymous_4)
FN:41,(anonymous_5)
FN:44,(anonymous_6)
FN:47,(anonymous_7)
FN:51,(anonymous_8)
FN:54,(anonymous_9)
FN:57,(anonymous_10)
FN:58,(anonymous_11)
FN:66,(anonymous_12)
FN:71,(anonymous_13)
FN:87,(anonymous_14)
FN:100,(anonymous_15)
FN:103,(anonymous_16)
FN:121,(anonymous_17)
FN:122,(anonymous_18)
FN:133,(anonymous_19)
FN:138,(anonymous_20)
FN:139,(anonymous_21)
FN:151,(anonymous_22)
FN:157,(anonymous_23)
FN:158,(anonymous_24)
FN:159,(anonymous_25)
FN:185,(anonymous_26)
FNF:27
FNH:0
FNDA:0,(anonymous_0)
FNDA:0,(anonymous_1)
FNDA:0,(anonymous_2)
FNDA:0,(anonymous_3)
FNDA:0,(anonymous_4)
FNDA:0,(anonymous_5)
FNDA:0,(anonymous_6)
FNDA:0,(anonymous_7)
FNDA:0,(anonymous_8)
FNDA:0,(anonymous_9)
FNDA:0,(anonymous_10)
FNDA:0,(anonymous_11)
FNDA:0,(anonymous_12)
FNDA:0,(anonymous_13)
FNDA:0,(anonymous_14)
FNDA:0,(anonymous_15)
FNDA:0,(anonymous_16)
FNDA:0,(anonymous_17)
FNDA:0,(anonymous_18)
FNDA:0,(anonymous_19)
FNDA:0,(anonymous_20)
FNDA:0,(anonymous_21)
FNDA:0,(anonymous_22)
FNDA:0,(anonymous_23)
FNDA:0,(anonymous_24)
FNDA:0,(anonymous_25)
FNDA:0,(anonymous_26)
DA:19,0
DA:20,0
DA:22,0
DA:23,0
DA:24,0
DA:25,0
DA:26,0
DA:27,0
DA:28,0
DA:29,0
DA:31,0
DA:32,0
DA:33,0
DA:34,0
DA:36,0
DA:37,0
DA:38,0
DA:39,0
DA:40,0
DA:41,0
DA:44,0
DA:45,0
DA:46,0
DA:47,0
DA:48,0
DA:49,0
DA:50,0
DA:51,0
DA:54,0
DA:57,0
DA:58,0
DA:59,0
DA:60,0
DA:61,0
DA:62,0
DA:63,0
DA:64,0
DA:66,0
DA:67,0
DA:68,0
DA:69,0
DA:71,0
DA:72,0
DA:73,0
DA:74,0
DA:77,0
DA:78,0
DA:79,0
DA:80,0
DA:81,0
DA:82,0
DA:86,0
DA:87,0
DA:88,0
DA:89,0
DA:90,0
DA:91,0
DA:92,0
DA:93,0
DA:96,0
DA:100,0
DA:101,0
DA:102,0
DA:103,0
DA:105,0
DA:108,0
DA:109,0
DA:116,0
DA:121,0
DA:123,0
DA:124,0
DA:134,0
DA:138,0
DA:139,0
DA:151,0
DA:152,0
DA:153,0
DA:154,0
DA:156,0
DA:157,0
DA:158,0
DA:161,0
DA:162,0
DA:163,0
DA:164,0
DA:165,0
DA:166,0
DA:167,0
DA:168,0
DA:169,0
DA:170,0
DA:171,0
DA:172,0
DA:173,0
DA:174,0
DA:175,0
DA:176,0
DA:177,0
DA:178,0
DA:181,0
DA:182,0
DA:185,0
DA:190,0
DA:203,0
LF:104
LH:0
BRDA:32,0,0,0
BRDA:32,0,1,0
BRDA:34,1,0,0
BRDA:34,1,1,0
BRDA:67,2,0,0
BRDA:67,2,1,0
BRDA:72,3,0,0
BRDA:72,3,1,0
BRDA:74,4,0,0
BRDA:74,4,1,0
BRDA:79,5,0,0
BRDA:79,5,1,0
BRDA:80,6,0,0
BRDA:80,6,1,0
BRDA:88,7,0,0
BRDA:88,7,1,0
BRDA:88,7,2,0
BRDA:89,8,0,0
BRDA:89,8,1,0
BRDA:89,8,2,0
BRDA:90,9,0,0
BRDA:90,9,1,0
BRDA:91,10,0,0
BRDA:91,10,1,0
BRDA:92,11,0,0
BRDA:92,11,1,0
BRDA:103,12,0,0
BRDA:103,12,1,0
BRDA:108,13,0,0
BRDA:108,13,1,0
BRDA:130,14,0,0
BRDA:130,14,1,0
BRDA:163,15,0,0
BRDA:163,15,1,0
BRDA:163,16,0,0
BRDA:163,16,1,0
BRDA:167,17,0,0
BRDA:167,17,1,0
BRDA:168,18,0,0
BRDA:168,18,1,0
BRDA:177,19,0,0
BRDA:177,19,1,0
BRDA:187,20,0,0
BRDA:187,20,1,0
BRDA:195,21,0,0
BRDA:195,21,1,0
BRF:46
BRH:0
end_of_record
TN:
SF:src\styles\AppStyles.ts
FN:36,(anonymous_0)
FN:123,(anonymous_1)
FNF:2
FNH:0
FNDA:0,(anonymous_0)
FNDA:0,(anonymous_1)
DA:3,3
DA:26,3
DA:36,3
DA:38,3
DA:47,3
DA:123,3
DA:125,0
DA:126,0
DA:128,0
DA:129,0
DA:130,0
DA:133,0
DA:134,0
LF:13
LH:6
BRDA:36,0,0,0
BRDA:36,0,1,0
BRDA:125,1,0,0
BRDA:125,1,1,0
BRDA:126,2,0,0
BRDA:126,2,1,0
BRF:6
BRH:0
end_of_record
TN:
SF:src\utils\authUtils.ts
FN:7,mapFirebaseAuthErrorToMessage
FN:34,(anonymous_1)
FN:56,(anonymous_2)
FN:83,(anonymous_3)
FN:84,(anonymous_4)
FN:94,(anonymous_5)
FN:102,(anonymous_6)
FN:106,(anonymous_7)
FN:127,(anonymous_8)
FN:190,(anonymous_9)
FN:245,(anonymous_10)
FN:253,(anonymous_11)
FN:257,(anonymous_12)
FN:262,(anonymous_13)
FN:266,(anonymous_14)
FN:269,(anonymous_15)
FN:279,(anonymous_16)
FN:282,(anonymous_17)
FNF:18
FNH:0
FNDA:0,mapFirebaseAuthErrorToMessage
FNDA:0,(anonymous_1)
FNDA:0,(anonymous_2)
FNDA:0,(anonymous_3)
FNDA:0,(anonymous_4)
FNDA:0,(anonymous_5)
FNDA:0,(anonymous_6)
FNDA:0,(anonymous_7)
FNDA:0,(anonymous_8)
FNDA:0,(anonymous_9)
FNDA:0,(anonymous_10)
FNDA:0,(anonymous_11)
FNDA:0,(anonymous_12)
FNDA:0,(anonymous_13)
FNDA:0,(anonymous_14)
FNDA:0,(anonymous_15)
FNDA:0,(anonymous_16)
FNDA:0,(anonymous_17)
DA:8,0
DA:9,0
DA:12,0
DA:14,0
DA:16,0
DA:18,0
DA:20,0
DA:22,0
DA:24,0
DA:26,0
DA:28,0
DA:30,0
DA:34,0
DA:35,0
DA:36,0
DA:39,0
DA:41,0
DA:43,0
DA:44,0
DA:46,0
DA:47,0
DA:50,0
DA:51,0
DA:52,0
DA:55,0
DA:56,0
DA:57,0
DA:65,0
DA:66,0
DA:68,0
DA:72,0
DA:74,0
DA:83,0
DA:84,0
DA:94,0
DA:95,0
DA:96,0
DA:99,0
DA:102,0
DA:103,0
DA:104,0
DA:105,0
DA:106,0
DA:107,0
DA:114,0
DA:115,0
DA:116,0
DA:119,0
DA:120,0
DA:122,0
DA:123,0
DA:127,0
DA:128,0
DA:129,0
DA:132,0
DA:135,0
DA:140,0
DA:142,0
DA:143,0
DA:147,0
DA:154,0
DA:156,0
DA:160,0
DA:163,0
DA:164,0
DA:165,0
DA:167,0
DA:168,0
DA:170,0
DA:171,0
DA:172,0
DA:173,0
DA:177,0
DA:178,0
DA:179,0
DA:181,0
DA:182,0
DA:183,0
DA:186,0
DA:190,0
DA:191,0
DA:192,0
DA:195,0
DA:197,0
DA:198,0
DA:202,0
DA:207,0
DA:208,0
DA:209,0
DA:212,0
DA:213,0
DA:214,0
DA:218,0
DA:221,0
DA:222,0
DA:227,0
DA:232,0
DA:233,0
DA:234,0
DA:236,0
DA:237,0
DA:241,0
DA:245,0
DA:251,0
DA:253,0
DA:254,0
DA:255,0
DA:257,0
DA:258,0
DA:262,0
DA:265,0
DA:266,0
DA:267,0
DA:269,0
DA:270,0
DA:271,0
DA:272,0
DA:273,0
DA:274,0
DA:278,0
DA:279,0
DA:280,0
DA:282,0
DA:283,0
LF:124
LH:0
BRDA:8,0,0,0
BRDA:8,0,1,0
BRDA:9,1,0,0
BRDA:9,1,1,0
BRDA:9,1,2,0
BRDA:9,1,3,0
BRDA:9,1,4,0
BRDA:9,1,5,0
BRDA:9,1,6,0
BRDA:9,1,7,0
BRDA:9,1,8,0
BRDA:9,1,9,0
BRDA:9,1,10,0
BRDA:35,2,0,0
BRDA:35,2,1,0
BRDA:35,2,2,0
BRDA:41,3,0,0
BRDA:41,3,1,0
BRDA:46,4,0,0
BRDA:46,4,1,0
BRDA:50,5,0,0
BRDA:50,5,1,0
BRDA:50,6,0,0
BRDA:50,6,1,0
BRDA:56,7,0,0
BRDA:56,7,1,0
BRDA:65,8,0,0
BRDA:65,8,1,0
BRDA:76,9,0,0
BRDA:76,9,1,0
BRDA:76,10,0,0
BRDA:76,10,1,0
BRDA:78,11,0,0
BRDA:78,11,1,0
BRDA:83,12,0,0
BRDA:83,12,1,0
BRDA:84,13,0,0
BRDA:84,13,1,0
BRDA:106,14,0,0
BRDA:106,14,1,0
BRDA:114,15,0,0
BRDA:114,15,1,0
BRDA:122,16,0,0
BRDA:122,16,1,0
BRDA:132,17,0,0
BRDA:132,17,1,0
BRDA:142,18,0,0
BRDA:142,18,1,0
BRDA:154,19,0,0
BRDA:154,19,1,0
BRDA:154,20,0,0
BRDA:154,20,1,0
BRDA:167,21,0,0
BRDA:167,21,1,0
BRDA:170,22,0,0
BRDA:170,22,1,0
BRDA:171,23,0,0
BRDA:171,23,1,0
BRDA:172,24,0,0
BRDA:172,24,1,0
BRDA:177,25,0,0
BRDA:177,25,1,0
BRDA:181,26,0,0
BRDA:181,26,1,0
BRDA:197,27,0,0
BRDA:197,27,1,0
BRDA:207,28,0,0
BRDA:207,28,1,0
BRDA:212,29,0,0
BRDA:212,29,1,0
BRDA:212,30,0,0
BRDA:212,30,1,0
BRDA:221,31,0,0
BRDA:221,31,1,0
BRDA:236,32,0,0
BRDA:236,32,1,0
BRDA:255,33,0,0
BRDA:255,33,1,0
BRF:78
BRH:0
end_of_record
TN:
SF:src\utils\csv.ts
FN:1,escapeCsvValue
FN:10,toCsv
FN:14,(anonymous_2)
FN:14,(anonymous_3)
FN:19,fromCsv
FN:21,(anonymous_5)
FN:23,(anonymous_6)
FN:44,(anonymous_7)
FN:47,(anonymous_8)
FNF:9
FNH:0
FNDA:0,escapeCsvValue
FNDA:0,toCsv
FNDA:0,(anonymous_2)
FNDA:0,(anonymous_3)
FNDA:0,fromCsv
FNDA:0,(anonymous_5)
FNDA:0,(anonymous_6)
FNDA:0,(anonymous_7)
FNDA:0,(anonymous_8)
DA:2,0
DA:3,0
DA:5,0
DA:6,0
DA:7,0
DA:11,0
DA:12,0
DA:13,0
DA:14,0
DA:15,0
DA:20,0
DA:21,0
DA:22,0
DA:23,0
DA:24,0
DA:25,0
DA:26,0
DA:27,0
DA:28,0
DA:29,0
DA:30,0
DA:31,0
DA:32,0
DA:33,0
DA:35,0
DA:36,0
DA:37,0
DA:40,0
DA:41,0
DA:43,0
DA:44,0
DA:45,0
DA:46,0
DA:47,0
DA:48,0
LF:35
LH:0
BRDA:2,0,0,0
BRDA:2,0,1,0
BRDA:2,1,0,0
BRDA:2,1,1,0
BRDA:7,2,0,0
BRDA:7,2,1,0
BRDA:11,3,0,0
BRDA:11,3,1,0
BRDA:11,4,0,0
BRDA:11,4,1,0
BRDA:20,5,0,0
BRDA:20,5,1,0
BRDA:22,6,0,0
BRDA:22,6,1,0
BRDA:29,7,0,0
BRDA:29,7,1,0
BRDA:30,8,0,0
BRDA:30,8,1,0
BRDA:31,9,0,0
BRDA:31,9,1,0
BRDA:35,10,0,0
BRDA:35,10,1,0
BRDA:36,11,0,0
BRDA:36,11,1,0
BRDA:47,12,0,0
BRDA:47,12,1,0
BRF:26
BRH:0
end_of_record
TN:
SF:src\utils\firestoreCompat.ts
FN:36,collection
FN:44,doc
FN:62,addDoc
FN:66,updateDoc
FN:70,deleteDoc
FN:74,setDoc
FN:81,writeBatch
FN:84,(anonymous_7)
FN:87,(anonymous_8)
FN:90,(anonymous_9)
FN:93,(anonymous_10)
FN:103,where
FN:107,orderBy
FN:111,limit
FN:115,query
FN:120,getDoc
FN:122,(anonymous_16)
FN:122,(anonymous_17)
FN:127,getDocs
FN:129,(anonymous_19)
FN:129,(anonymous_20)
FN:130,(anonymous_21)
FN:135,onSnapshot
FN:140,(anonymous_23)
FN:142,(anonymous_24)
FN:142,(anonymous_25)
FN:142,(anonymous_26)
FN:144,(anonymous_27)
FN:145,(anonymous_28)
FN:145,(anonymous_29)
FN:146,(anonymous_30)
FNF:31
FNH:0
FNDA:0,collection
FNDA:0,doc
FNDA:0,addDoc
FNDA:0,updateDoc
FNDA:0,deleteDoc
FNDA:0,setDoc
FNDA:0,writeBatch
FNDA:0,(anonymous_7)
FNDA:0,(anonymous_8)
FNDA:0,(anonymous_9)
FNDA:0,(anonymous_10)
FNDA:0,where
FNDA:0,orderBy
FNDA:0,limit
FNDA:0,query
FNDA:0,getDoc
FNDA:0,(anonymous_16)
FNDA:0,(anonymous_17)
FNDA:0,getDocs
FNDA:0,(anonymous_19)
FNDA:0,(anonymous_20)
FNDA:0,(anonymous_21)
FNDA:0,onSnapshot
FNDA:0,(anonymous_23)
FNDA:0,(anonymous_24)
FNDA:0,(anonymous_25)
FNDA:0,(anonymous_26)
FNDA:0,(anonymous_27)
FNDA:0,(anonymous_28)
FNDA:0,(anonymous_29)
FNDA:0,(anonymous_30)
DA:28,2
DA:29,2
DA:30,2
DA:37,0
DA:38,0
DA:40,0
DA:41,0
DA:50,0
DA:51,0
DA:52,0
DA:53,0
DA:55,0
DA:56,0
DA:58,0
DA:59,0
DA:63,0
DA:67,0
DA:71,0
DA:75,0
DA:76,0
DA:78,0
DA:82,0
DA:83,0
DA:85,0
DA:88,0
DA:91,0
DA:94,0
DA:104,0
DA:108,0
DA:112,0
DA:116,0
DA:121,0
DA:122,0
DA:128,0
DA:129,0
DA:130,0
DA:140,0
DA:141,0
DA:142,0
DA:144,0
DA:145,0
DA:146,0
LF:42
LH:3
BRDA:37,0,0,0
BRDA:37,0,1,0
BRDA:37,1,0,0
BRDA:37,1,1,0
BRDA:50,2,0,0
BRDA:50,2,1,0
BRDA:50,3,0,0
BRDA:50,3,1,0
BRDA:50,3,2,0
BRDA:52,4,0,0
BRDA:52,4,1,0
BRDA:53,5,0,0
BRDA:53,5,1,0
BRDA:55,6,0,0
BRDA:55,6,1,0
BRDA:55,7,0,0
BRDA:55,7,1,0
BRDA:75,8,0,0
BRDA:75,8,1,0
BRDA:85,9,0,0
BRDA:85,9,1,0
BRDA:108,10,0,0
BRDA:108,10,1,0
BRDA:140,11,0,0
BRDA:140,11,1,0
BRDA:140,11,2,0
BRDA:141,12,0,0
BRDA:141,12,1,0
BRF:28
BRH:0
end_of_record
TN:
SF:src\utils\logger.ts
FN:25,setLogLevel
FN:29,setExceptionHandler
FN:33,shouldLog
FN:37,serializeArgs
FN:40,(anonymous_4)
FN:57,(anonymous_5)
FN:62,(anonymous_6)
FN:67,(anonymous_7)
FN:72,(anonymous_8)
FN:77,(anonymous_9)
FNF:10
FNH:0
FNDA:0,setLogLevel
FNDA:0,setExceptionHandler
FNDA:0,shouldLog
FNDA:0,serializeArgs
FNDA:0,(anonymous_4)
FNDA:0,(anonymous_5)
FNDA:0,(anonymous_6)
FNDA:0,(anonymous_7)
FNDA:0,(anonymous_8)
FNDA:0,(anonymous_9)
DA:14,1
DA:21,1
DA:22,1
DA:23,1
DA:26,0
DA:30,0
DA:34,0
DA:39,0
DA:40,0
DA:41,0
DA:42,0
DA:43,0
DA:45,0
DA:47,0
DA:49,0
DA:51,0
DA:56,1
DA:58,0
DA:60,0
DA:63,0
DA:65,0
DA:68,0
DA:70,0
DA:73,0
DA:75,0
DA:78,0
DA:79,0
DA:80,0
DA:81,0
DA:86,0
LF:30
LH:5
BRDA:21,0,0,1
BRDA:21,0,1,0
BRDA:22,1,0,1
BRDA:22,1,1,0
BRDA:39,2,0,0
BRDA:39,2,1,0
BRDA:42,3,0,0
BRDA:42,3,1,0
BRDA:45,4,0,0
BRDA:45,4,1,0
BRDA:47,5,0,0
BRDA:47,5,1,0
BRDA:58,6,0,0
BRDA:58,6,1,0
BRDA:63,7,0,0
BRDA:63,7,1,0
BRDA:68,8,0,0
BRDA:68,8,1,0
BRDA:73,9,0,0
BRDA:73,9,1,0
BRDA:79,10,0,0
BRDA:79,10,1,0
BRDA:86,11,0,0
BRDA:86,11,1,0
BRF:24
BRH:2
end_of_record
TN:
SF:src\utils\notifications.ts
FN:3,getNotifications
FN:20,(anonymous_1)
FN:21,(anonymous_2)
FN:23,initNotifications
FN:48,registerNotificationResponseListener
FN:50,(anonymous_5)
FN:51,(anonymous_6)
FN:97,ensureDailyMorningReminderScheduled
FN:121,scheduleTaskNotifications
FN:134,(anonymous_9)
FNF:10
FNH:0
FNDA:0,getNotifications
FNDA:0,(anonymous_1)
FNDA:0,(anonymous_2)
FNDA:0,initNotifications
FNDA:0,registerNotificationResponseListener
FNDA:0,(anonymous_5)
FNDA:0,(anonymous_6)
FNDA:0,ensureDailyMorningReminderScheduled
FNDA:0,scheduleTaskNotifications
FNDA:0,(anonymous_9)
DA:2,1
DA:4,0
DA:5,0
DA:6,0
DA:7,0
DA:8,0
DA:10,0
DA:20,1
DA:21,1
DA:24,0
DA:25,0
DA:27,0
DA:28,0
DA:33,0
DA:37,0
DA:38,0
DA:43,0
DA:49,0
DA:50,0
DA:51,0
DA:52,0
DA:53,0
DA:54,0
DA:55,0
DA:56,0
DA:57,0
DA:59,0
DA:60,0
DA:61,0
DA:62,0
DA:63,0
DA:64,0
DA:65,0
DA:68,0
DA:73,0
DA:74,0
DA:75,0
DA:81,0
DA:82,0
DA:83,0
DA:93,0
DA:98,0
DA:99,0
DA:100,0
DA:101,0
DA:102,0
DA:103,0
DA:104,0
DA:105,0
DA:106,0
DA:107,0
DA:108,0
DA:109,0
DA:110,0
DA:117,0
DA:122,0
DA:123,0
DA:124,0
DA:125,0
DA:126,0
DA:127,0
DA:128,0
DA:129,0
DA:132,0
DA:133,0
DA:134,0
DA:135,0
DA:136,0
DA:139,0
DA:140,0
DA:141,0
DA:143,0
DA:145,0
DA:147,0
DA:148,0
DA:149,0
DA:150,0
DA:159,0
DA:162,0
LF:79
LH:3
BRDA:4,0,0,0
BRDA:4,0,1,0
BRDA:25,1,0,0
BRDA:25,1,1,0
BRDA:50,2,0,0
BRDA:50,2,1,0
BRDA:56,3,0,0
BRDA:56,3,1,0
BRDA:57,4,0,0
BRDA:57,4,1,0
BRDA:62,5,0,0
BRDA:62,5,1,0
BRDA:65,6,0,0
BRDA:65,6,1,0
BRDA:71,7,0,0
BRDA:71,7,1,0
BRDA:73,8,0,0
BRDA:73,8,1,0
BRDA:81,9,0,0
BRDA:81,9,1,0
BRDA:86,10,0,0
BRDA:86,10,1,0
BRDA:99,11,0,0
BRDA:99,11,1,0
BRDA:101,12,0,0
BRDA:101,12,1,0
BRDA:104,13,0,0
BRDA:104,13,1,0
BRDA:108,14,0,0
BRDA:108,14,1,0
BRDA:123,15,0,0
BRDA:123,15,1,0
BRDA:125,16,0,0
BRDA:125,16,1,0
BRDA:129,17,0,0
BRDA:129,17,1,0
BRDA:134,18,0,0
BRDA:134,18,1,0
BRDA:139,19,0,0
BRDA:139,19,1,0
BRDA:139,20,0,0
BRDA:139,20,1,0
BRDA:145,21,0,0
BRDA:145,21,1,0
BRDA:148,22,0,0
BRDA:148,22,1,0
BRF:46
BRH:0
end_of_record
TN:
SF:src\utils\offlineQueue.ts
FN:35,(anonymous_0)
FN:39,readQueue
FN:43,writeQueue
FN:53,genId
FN:55,enqueueAdd
FN:64,enqueueUpdate
FN:73,enqueueDelete
FN:82,processOutbox
FN:94,(anonymous_8)
FN:146,listOutbox
FN:151,clearOutbox
FN:156,removeOpFromOutbox
FN:159,(anonymous_12)
FN:163,processOpNow
FN:166,(anonymous_14)
FNF:15
FNH:0
FNDA:0,(anonymous_0)
FNDA:0,readQueue
FNDA:0,writeQueue
FNDA:0,genId
FNDA:0,enqueueAdd
FNDA:0,enqueueUpdate
FNDA:0,enqueueDelete
FNDA:0,processOutbox
FNDA:0,(anonymous_8)
FNDA:0,listOutbox
FNDA:0,clearOutbox
FNDA:0,removeOpFromOutbox
FNDA:0,(anonymous_12)
FNDA:0,processOpNow
FNDA:0,(anonymous_14)
DA:35,1
DA:36,1
DA:37,1
DA:40,0
DA:44,0
DA:45,0
DA:46,0
DA:47,0
DA:48,0
DA:49,0
DA:53,0
DA:56,0
DA:57,0
DA:58,0
DA:59,0
DA:60,0
DA:61,0
DA:65,0
DA:66,0
DA:67,0
DA:68,0
DA:69,0
DA:70,0
DA:74,0
DA:75,0
DA:76,0
DA:77,0
DA:78,0
DA:79,0
DA:84,0
DA:85,0
DA:86,0
DA:87,0
DA:88,0
DA:89,0
DA:90,0
DA:91,0
DA:92,0
DA:94,0
DA:95,0
DA:96,0
DA:99,0
DA:100,0
DA:101,0
DA:102,0
DA:103,0
DA:104,0
DA:105,0
DA:106,0
DA:107,0
DA:108,0
DA:109,0
DA:110,0
DA:113,0
DA:114,0
DA:116,0
DA:118,0
DA:120,0
DA:121,0
DA:126,0
DA:127,0
DA:128,0
DA:129,0
DA:130,0
DA:131,0
DA:136,0
DA:137,0
DA:139,0
DA:141,0
DA:147,0
DA:148,0
DA:152,0
DA:153,0
DA:157,0
DA:158,0
DA:159,0
DA:160,0
DA:164,0
DA:165,0
DA:166,0
DA:167,0
DA:168,0
DA:169,0
DA:170,0
DA:171,0
DA:172,0
DA:173,0
DA:174,0
DA:175,0
DA:176,0
DA:177,0
DA:178,0
DA:181,0
DA:182,0
DA:184,0
DA:186,0
DA:188,0
DA:189,0
DA:191,0
DA:192,0
DA:193,0
DA:196,0
DA:197,0
DA:198,0
DA:199,0
DA:200,0
DA:201,0
LF:107
LH:3
BRDA:40,0,0,0
BRDA:40,0,1,0
BRDA:56,1,0,0
BRDA:56,1,1,0
BRDA:59,2,0,0
BRDA:59,2,1,0
BRDA:65,3,0,0
BRDA:65,3,1,0
BRDA:68,4,0,0
BRDA:68,4,1,0
BRDA:74,5,0,0
BRDA:74,5,1,0
BRDA:77,6,0,0
BRDA:77,6,1,0
BRDA:82,7,0,0
BRDA:85,8,0,0
BRDA:85,8,1,0
BRDA:86,9,0,0
BRDA:86,9,1,0
BRDA:90,10,0,0
BRDA:90,10,1,0
BRDA:95,11,0,0
BRDA:95,11,1,0
BRDA:95,12,0,0
BRDA:95,12,1,0
BRDA:102,13,0,0
BRDA:102,13,1,0
BRDA:104,14,0,0
BRDA:104,14,1,0
BRDA:106,15,0,0
BRDA:106,15,1,0
BRDA:106,16,0,0
BRDA:106,16,1,0
BRDA:106,16,2,0
BRDA:108,17,0,0
BRDA:108,17,1,0
BRDA:113,18,0,0
BRDA:113,18,1,0
BRDA:120,19,0,0
BRDA:120,19,1,0
BRDA:126,20,0,0
BRDA:126,20,1,0
BRDA:136,21,0,0
BRDA:136,21,1,0
BRDA:147,22,0,0
BRDA:147,22,1,0
BRDA:152,23,0,0
BRDA:152,23,1,0
BRDA:157,24,0,0
BRDA:157,24,1,0
BRDA:164,25,0,0
BRDA:164,25,1,0
BRDA:167,26,0,0
BRDA:167,26,1,0
BRDA:170,27,0,0
BRDA:170,27,1,0
BRDA:172,28,0,0
BRDA:172,28,1,0
BRDA:174,29,0,0
BRDA:174,29,1,0
BRDA:174,30,0,0
BRDA:174,30,1,0
BRDA:174,30,2,0
BRDA:176,31,0,0
BRDA:176,31,1,0
BRDA:181,32,0,0
BRDA:181,32,1,0
BRDA:188,33,0,0
BRDA:188,33,1,0
BRDA:196,34,0,0
BRDA:196,34,1,0
BRF:71
BRH:0
end_of_record
TN:
SF:src\utils\phone.ts
FN:1,(anonymous_0)
FN:4,(anonymous_1)
FN:14,(anonymous_2)
FNF:3
FNH:0
FNDA:0,(anonymous_0)
FNDA:0,(anonymous_1)
FNDA:0,(anonymous_2)
DA:1,0
DA:4,0
DA:5,0
DA:6,0
DA:7,0
DA:8,0
DA:9,0
DA:10,0
DA:14,0
DA:15,0
LF:10
LH:0
BRDA:7,0,0,0
BRDA:7,0,1,0
BRDA:8,1,0,0
BRDA:8,1,1,0
BRDA:9,2,0,0
BRDA:9,2,1,0
BRF:6
BRH:0
end_of_record
TN:
SF:src\utils\recurrence.ts
FN:5,toDateOnlyIso
FN:9,nextOccurrence
FN:18,(anonymous_2)
FN:52,ensureInstancesForRange
FNF:4
FNH:0
FNDA:0,toDateOnlyIso
FNDA:0,nextOccurrence
FNDA:0,(anonymous_2)
FNDA:0,ensureInstancesForRange
DA:6,0
DA:10,0
DA:11,0
DA:12,0
DA:13,0
DA:14,0
DA:16,0
DA:18,0
DA:21,0
DA:22,0
DA:23,0
DA:24,0
DA:25,0
DA:26,0
DA:27,0
DA:29,0
DA:30,0
DA:31,0
DA:33,0
DA:34,0
DA:36,0
DA:37,0
DA:38,0
DA:39,0
DA:40,0
DA:41,0
DA:42,0
DA:43,0
DA:44,0
DA:46,0
DA:49,0
DA:54,0
DA:55,0
DA:57,0
DA:58,0
DA:63,0
DA:65,0
DA:82,0
LF:38
LH:0
BRDA:11,0,0,0
BRDA:11,0,1,0
BRDA:14,1,0,0
BRDA:14,1,1,0
BRDA:16,2,0,0
BRDA:16,2,1,0
BRDA:22,3,0,0
BRDA:22,3,1,0
BRDA:22,4,0,0
BRDA:22,4,1,0
BRDA:23,5,0,0
BRDA:23,5,1,0
BRDA:24,6,0,0
BRDA:24,6,1,0
BRDA:26,7,0,0
BRDA:26,7,1,0
BRDA:27,8,0,0
BRDA:27,8,1,0
BRDA:30,9,0,0
BRDA:30,9,1,0
BRDA:33,10,0,0
BRDA:33,10,1,0
BRDA:36,11,0,0
BRDA:36,11,1,0
BRDA:37,12,0,0
BRDA:37,12,1,0
BRDA:42,13,0,0
BRDA:42,13,1,0
BRDA:55,14,0,0
BRDA:55,14,1,0
BRDA:55,15,0,0
BRDA:55,15,1,0
BRDA:63,16,0,0
BRDA:63,16,1,0
BRDA:67,17,0,0
BRDA:67,17,1,0
BRF:36
BRH:0
end_of_record
TN:
SF:src\utils\validation.ts
FN:1,(anonymous_0)
FN:4,(anonymous_1)
FNF:2
FNH:0
FNDA:0,(anonymous_0)
FNDA:0,(anonymous_1)
DA:1,1
DA:4,1
LF:2
LH:2
BRF:0
BRH:0
end_of_record
